[0.514s] Invoking command in '/home/spacecal/SpaceCAL/src/JNode_KeyboardInput': PYTHONPATH=/home/spacecal/SpaceCAL/install/JNode_KeyboardInput/lib/python3.8/site-packages:${PYTHONPATH} /usr/bin/python3 setup.py egg_info --egg-base ../../build/JNode_KeyboardInput build --build-base /home/spacecal/SpaceCAL/build/JNode_KeyboardInput/build install --prefix /home/spacecal/SpaceCAL/install/JNode_KeyboardInput --record /home/spacecal/SpaceCAL/build/JNode_KeyboardInput/install.log --single-version-externally-managed
[0.731s] running egg_info
[0.732s] writing ../../build/JNode_KeyboardInput/JNode_KeyboardInput.egg-info/PKG-INFO
[0.732s] writing dependency_links to ../../build/JNode_KeyboardInput/JNode_KeyboardInput.egg-info/dependency_links.txt
[0.732s] writing entry points to ../../build/JNode_KeyboardInput/JNode_KeyboardInput.egg-info/entry_points.txt
[0.732s] writing requirements to ../../build/JNode_KeyboardInput/JNode_KeyboardInput.egg-info/requires.txt
[0.733s] writing top-level names to ../../build/JNode_KeyboardInput/JNode_KeyboardInput.egg-info/top_level.txt
[0.775s] reading manifest file '../../build/JNode_KeyboardInput/JNode_KeyboardInput.egg-info/SOURCES.txt'
[0.776s] writing manifest file '../../build/JNode_KeyboardInput/JNode_KeyboardInput.egg-info/SOURCES.txt'
[0.776s] running build
[0.776s] running build_py
[0.776s] running install
[0.777s] running install_lib
[0.779s] running install_data
[0.779s] running install_egg_info
[0.782s] removing '/home/spacecal/SpaceCAL/install/JNode_KeyboardInput/lib/python3.8/site-packages/JNode_KeyboardInput-0.0.0-py3.8.egg-info' (and everything under it)
[0.782s] Copying ../../build/JNode_KeyboardInput/JNode_KeyboardInput.egg-info to /home/spacecal/SpaceCAL/install/JNode_KeyboardInput/lib/python3.8/site-packages/JNode_KeyboardInput-0.0.0-py3.8.egg-info
[0.783s] running install_scripts
[0.802s] Installing JNodeInput script to /home/spacecal/SpaceCAL/install/JNode_KeyboardInput/lib/JNode_KeyboardInput
[0.803s] writing list of installed files to '/home/spacecal/SpaceCAL/build/JNode_KeyboardInput/install.log'
[0.833s] Invoked command in '/home/spacecal/SpaceCAL/src/JNode_KeyboardInput' returned '0': PYTHONPATH=/home/spacecal/SpaceCAL/install/JNode_KeyboardInput/lib/python3.8/site-packages:${PYTHONPATH} /usr/bin/python3 setup.py egg_info --egg-base ../../build/JNode_KeyboardInput build --build-base /home/spacecal/SpaceCAL/build/JNode_KeyboardInput/build install --prefix /home/spacecal/SpaceCAL/install/JNode_KeyboardInput --record /home/spacecal/SpaceCAL/build/JNode_KeyboardInput/install.log --single-version-externally-managed
