[5.648s] Invoking command in '/home/spacecal/SpaceCal/src/my_package': PYTHONPATH=/home/spacecal/SpaceCal/install/my_package/lib/python3.8/site-packages:${PYTHONPATH} /usr/bin/python3 setup.py egg_info --egg-base ../../build/my_package build --build-base /home/spacecal/SpaceCal/build/my_package/build install --prefix /home/spacecal/SpaceCal/install/my_package --record /home/spacecal/SpaceCal/build/my_package/install.log --single-version-externally-managed
[8.344s] running egg_info
[8.350s] writing ../../build/my_package/my_package.egg-info/PKG-INFO
[8.359s] writing dependency_links to ../../build/my_package/my_package.egg-info/dependency_links.txt
[8.365s] writing entry points to ../../build/my_package/my_package.egg-info/entry_points.txt
[8.375s] writing requirements to ../../build/my_package/my_package.egg-info/requires.txt
[8.384s] writing top-level names to ../../build/my_package/my_package.egg-info/top_level.txt
[8.764s] reading manifest file '../../build/my_package/my_package.egg-info/SOURCES.txt'
[8.783s] writing manifest file '../../build/my_package/my_package.egg-info/SOURCES.txt'
[8.791s] running build
[8.794s] running build_py
[8.807s] running install
[8.816s] running install_lib
[8.849s] running install_data
[8.855s] running install_egg_info
[8.887s] removing '/home/spacecal/SpaceCal/install/my_package/lib/python3.8/site-packages/my_package-0.0.0-py3.8.egg-info' (and everything under it)
[8.891s] Copying ../../build/my_package/my_package.egg-info to /home/spacecal/SpaceCal/install/my_package/lib/python3.8/site-packages/my_package-0.0.0-py3.8.egg-info
[8.912s] running install_scripts
[9.187s] Installing my_node script to /home/spacecal/SpaceCal/install/my_package/lib/my_package
[9.200s] writing list of installed files to '/home/spacecal/SpaceCal/build/my_package/install.log'
[10.058s] Invoked command in '/home/spacecal/SpaceCal/src/my_package' returned '0': PYTHONPATH=/home/spacecal/SpaceCal/install/my_package/lib/python3.8/site-packages:${PYTHONPATH} /usr/bin/python3 setup.py egg_info --egg-base ../../build/my_package build --build-base /home/spacecal/SpaceCal/build/my_package/build install --prefix /home/spacecal/SpaceCal/install/my_package --record /home/spacecal/SpaceCal/build/my_package/install.log --single-version-externally-managed
