[3.681s] Invoking command in '/home/spacecal/SpaceCal/src/JNode_KeyboardInput': PYTHONPATH=/home/spacecal/SpaceCal/install/JNode_KeyboardInput/lib/python3.8/site-packages:${PYTHONPATH} /usr/bin/python3 setup.py egg_info --egg-base ../../build/JNode_KeyboardInput build --build-base /home/spacecal/SpaceCal/build/JNode_KeyboardInput/build install --prefix /home/spacecal/SpaceCal/install/JNode_KeyboardInput --record /home/spacecal/SpaceCal/build/JNode_KeyboardInput/install.log --single-version-externally-managed
[5.484s] running egg_info
[5.489s] writing ../../build/JNode_KeyboardInput/JNode_KeyboardInput.egg-info/PKG-INFO
[5.493s] writing dependency_links to ../../build/JNode_KeyboardInput/JNode_KeyboardInput.egg-info/dependency_links.txt
[5.495s] writing entry points to ../../build/JNode_KeyboardInput/JNode_KeyboardInput.egg-info/entry_points.txt
[5.497s] writing requirements to ../../build/JNode_KeyboardInput/JNode_KeyboardInput.egg-info/requires.txt
[5.499s] writing top-level names to ../../build/JNode_KeyboardInput/JNode_KeyboardInput.egg-info/top_level.txt
[5.807s] reading manifest file '../../build/JNode_KeyboardInput/JNode_KeyboardInput.egg-info/SOURCES.txt'
[5.816s] writing manifest file '../../build/JNode_KeyboardInput/JNode_KeyboardInput.egg-info/SOURCES.txt'
[5.820s] running build
[5.825s] running build_py
[5.826s] running install
[5.833s] running install_lib
[5.852s] running install_data
[5.858s] running install_egg_info
[5.886s] removing '/home/spacecal/SpaceCal/install/JNode_KeyboardInput/lib/python3.8/site-packages/JNode_KeyboardInput-0.0.0-py3.8.egg-info' (and everything under it)
[5.890s] Copying ../../build/JNode_KeyboardInput/JNode_KeyboardInput.egg-info to /home/spacecal/SpaceCal/install/JNode_KeyboardInput/lib/python3.8/site-packages/JNode_KeyboardInput-0.0.0-py3.8.egg-info
[5.899s] running install_scripts
[6.105s] Installing JNodeInput script to /home/spacecal/SpaceCal/install/JNode_KeyboardInput/lib/JNode_KeyboardInput
[6.108s] writing list of installed files to '/home/spacecal/SpaceCal/build/JNode_KeyboardInput/install.log'
[6.534s] Invoked command in '/home/spacecal/SpaceCal/src/JNode_KeyboardInput' returned '0': PYTHONPATH=/home/spacecal/SpaceCal/install/JNode_KeyboardInput/lib/python3.8/site-packages:${PYTHONPATH} /usr/bin/python3 setup.py egg_info --egg-base ../../build/JNode_KeyboardInput build --build-base /home/spacecal/SpaceCal/build/JNode_KeyboardInput/build install --prefix /home/spacecal/SpaceCal/install/JNode_KeyboardInput --record /home/spacecal/SpaceCal/build/JNode_KeyboardInput/install.log --single-version-externally-managed
