[4.217s] Invoking command in '/home/spacecal/SpaceCal/src/JNode_KeyboardInput': PYTHONPATH=/home/spacecal/SpaceCal/install/JNode_KeyboardInput/lib/python3.8/site-packages:${PYTHONPATH} /usr/bin/python3 setup.py egg_info --egg-base ../../build/JNode_KeyboardInput build --build-base /home/spacecal/SpaceCal/build/JNode_KeyboardInput/build install --prefix /home/spacecal/SpaceCal/install/JNode_KeyboardInput --record /home/spacecal/SpaceCal/build/JNode_KeyboardInput/install.log --single-version-externally-managed
[6.739s] running egg_info
[6.746s] writing ../../build/JNode_KeyboardInput/JNode_KeyboardInput.egg-info/PKG-INFO
[6.750s] writing dependency_links to ../../build/JNode_KeyboardInput/JNode_KeyboardInput.egg-info/dependency_links.txt
[6.752s] writing entry points to ../../build/JNode_KeyboardInput/JNode_KeyboardInput.egg-info/entry_points.txt
[6.754s] writing requirements to ../../build/JNode_KeyboardInput/JNode_KeyboardInput.egg-info/requires.txt
[6.756s] writing top-level names to ../../build/JNode_KeyboardInput/JNode_KeyboardInput.egg-info/top_level.txt
[7.122s] reading manifest file '../../build/JNode_KeyboardInput/JNode_KeyboardInput.egg-info/SOURCES.txt'
[7.137s] writing manifest file '../../build/JNode_KeyboardInput/JNode_KeyboardInput.egg-info/SOURCES.txt'
[7.142s] running build
[7.145s] running build_py
[7.153s] running install
[7.164s] running install_lib
[7.187s] running install_data
[7.196s] running install_egg_info
[7.233s] removing '/home/spacecal/SpaceCal/install/JNode_KeyboardInput/lib/python3.8/site-packages/JNode_KeyboardInput-0.0.0-py3.8.egg-info' (and everything under it)
[7.239s] Copying ../../build/JNode_KeyboardInput/JNode_KeyboardInput.egg-info to /home/spacecal/SpaceCal/install/JNode_KeyboardInput/lib/python3.8/site-packages/JNode_KeyboardInput-0.0.0-py3.8.egg-info
[7.253s] running install_scripts
[7.490s] Installing JNodeInput script to /home/spacecal/SpaceCal/install/JNode_KeyboardInput/lib/JNode_KeyboardInput
[7.497s] writing list of installed files to '/home/spacecal/SpaceCal/build/JNode_KeyboardInput/install.log'
[7.984s] Invoked command in '/home/spacecal/SpaceCal/src/JNode_KeyboardInput' returned '0': PYTHONPATH=/home/spacecal/SpaceCal/install/JNode_KeyboardInput/lib/python3.8/site-packages:${PYTHONPATH} /usr/bin/python3 setup.py egg_info --egg-base ../../build/JNode_KeyboardInput build --build-base /home/spacecal/SpaceCal/build/JNode_KeyboardInput/build install --prefix /home/spacecal/SpaceCal/install/JNode_KeyboardInput --record /home/spacecal/SpaceCal/build/JNode_KeyboardInput/install.log --single-version-externally-managed
