[5.575s] Invoking command in '/home/spacecal/SpaceCal/src/my_package': PYTHONPATH=/home/spacecal/SpaceCal/install/my_package/lib/python3.8/site-packages:${PYTHONPATH} /usr/bin/python3 setup.py egg_info --egg-base ../../build/my_package build --build-base /home/spacecal/SpaceCal/build/my_package/build install --prefix /home/spacecal/SpaceCal/install/my_package --record /home/spacecal/SpaceCal/build/my_package/install.log --single-version-externally-managed
[8.692s] running egg_info
[8.721s] writing ../../build/my_package/my_package.egg-info/PKG-INFO
[8.755s] writing dependency_links to ../../build/my_package/my_package.egg-info/dependency_links.txt
[8.761s] writing entry points to ../../build/my_package/my_package.egg-info/entry_points.txt
[8.763s] writing requirements to ../../build/my_package/my_package.egg-info/requires.txt
[8.764s] writing top-level names to ../../build/my_package/my_package.egg-info/top_level.txt
[9.292s] reading manifest file '../../build/my_package/my_package.egg-info/SOURCES.txt'
[9.309s] writing manifest file '../../build/my_package/my_package.egg-info/SOURCES.txt'
[9.310s] running build
[9.312s] running build_py
[9.313s] running install
[9.334s] running install_lib
[9.366s] running install_data
[9.367s] running install_egg_info
[9.386s] removing '/home/spacecal/SpaceCal/install/my_package/lib/python3.8/site-packages/my_package-0.0.0-py3.8.egg-info' (and everything under it)
[9.389s] Copying ../../build/my_package/my_package.egg-info to /home/spacecal/SpaceCal/install/my_package/lib/python3.8/site-packages/my_package-0.0.0-py3.8.egg-info
[9.414s] running install_scripts
[9.711s] Installing my_node script to /home/spacecal/SpaceCal/install/my_package/lib/my_package
[9.727s] writing list of installed files to '/home/spacecal/SpaceCal/build/my_package/install.log'
[10.283s] Invoked command in '/home/spacecal/SpaceCal/src/my_package' returned '0': PYTHONPATH=/home/spacecal/SpaceCal/install/my_package/lib/python3.8/site-packages:${PYTHONPATH} /usr/bin/python3 setup.py egg_info --egg-base ../../build/my_package build --build-base /home/spacecal/SpaceCal/build/my_package/build install --prefix /home/spacecal/SpaceCal/install/my_package --record /home/spacecal/SpaceCal/build/my_package/install.log --single-version-externally-managed
