[1.758s] DEBUG:colcon:Command line arguments: ['/usr/bin/colcon', 'build']
[1.759s] DEBUG:colcon:Parsed command line arguments: Namespace(ament_cmake_args=None, base_paths=['.'], build_base='build', catkin_cmake_args=None, catkin_skip_building_tests=False, cmake_args=None, cmake_clean_cache=False, cmake_clean_first=False, cmake_force_configure=False, cmake_target=None, cmake_target_skip_unavailable=False, continue_on_error=False, event_handlers=None, executor='parallel', ignore_user_meta=False, install_base='install', log_base=None, log_level=None, main=<bound method BuildVerb.main of <colcon_core.verb.build.BuildVerb object at 0x7f976ac340>>, merge_install=False, metas=['./colcon.meta'], packages_above=None, packages_above_and_dependencies=None, packages_above_depth=None, packages_end=None, packages_ignore=None, packages_ignore_regex=None, packages_select=None, packages_select_build_failed=False, packages_select_by_dep=None, packages_select_regex=None, packages_select_test_failures=False, packages_skip=None, packages_skip_build_finished=False, packages_skip_by_dep=None, packages_skip_regex=None, packages_skip_test_passed=False, packages_skip_up_to=None, packages_start=None, packages_up_to=None, packages_up_to_regex=None, parallel_workers=4, paths=None, symlink_install=False, test_result_base=None, verb_extension=<colcon_core.verb.build.BuildVerb object at 0x7f976ac340>, verb_name='build', verb_parser=<colcon_defaults.argument_parser.defaults.DefaultArgumentsDecorator object at 0x7f976ac880>)
[1.792s] Level 1:colcon.colcon_core.package_discovery:discover_packages(colcon_meta) check parameters
[1.793s] Level 1:colcon.colcon_core.package_discovery:discover_packages(recursive) check parameters
[1.793s] Level 1:colcon.colcon_core.package_discovery:discover_packages(ignore) check parameters
[1.794s] Level 1:colcon.colcon_core.package_discovery:discover_packages(path) check parameters
[1.794s] Level 1:colcon.colcon_core.package_discovery:discover_packages(colcon_meta) discover
[1.794s] Level 1:colcon.colcon_core.package_discovery:discover_packages(recursive) discover
[1.795s] INFO:colcon.colcon_core.package_discovery:Crawling recursively for packages in '/home/spacecal/SpaceCal'
[1.796s] Level 1:colcon.colcon_core.package_identification:_identify(.) by extensions ['ignore', 'ignore_ament_install']
[1.797s] Level 1:colcon.colcon_core.package_identification:_identify(.) by extension 'ignore'
[1.797s] Level 1:colcon.colcon_core.package_identification:_identify(.) by extension 'ignore_ament_install'
[1.798s] Level 1:colcon.colcon_core.package_identification:_identify(.) by extensions ['colcon_pkg']
[1.798s] Level 1:colcon.colcon_core.package_identification:_identify(.) by extension 'colcon_pkg'
[1.798s] Level 1:colcon.colcon_core.package_identification:_identify(.) by extensions ['colcon_meta']
[1.798s] Level 1:colcon.colcon_core.package_identification:_identify(.) by extension 'colcon_meta'
[1.799s] Level 1:colcon.colcon_core.package_identification:_identify(.) by extensions ['ros']
[1.799s] Level 1:colcon.colcon_core.package_identification:_identify(.) by extension 'ros'
[1.885s] Level 1:colcon.colcon_core.package_identification:_identify(.) by extensions ['cmake', 'python']
[1.886s] Level 1:colcon.colcon_core.package_identification:_identify(.) by extension 'cmake'
[1.886s] Level 1:colcon.colcon_core.package_identification:_identify(.) by extension 'python'
[1.886s] Level 1:colcon.colcon_core.package_identification:_identify(.) by extensions ['python_setup_py']
[1.887s] Level 1:colcon.colcon_core.package_identification:_identify(.) by extension 'python_setup_py'
[1.887s] Level 1:colcon.colcon_core.package_identification:_identify(build) by extensions ['ignore', 'ignore_ament_install']
[1.888s] Level 1:colcon.colcon_core.package_identification:_identify(build) by extension 'ignore'
[1.888s] Level 1:colcon.colcon_core.package_identification:_identify(build) ignored
[1.889s] Level 1:colcon.colcon_core.package_identification:_identify(install) by extensions ['ignore', 'ignore_ament_install']
[1.890s] Level 1:colcon.colcon_core.package_identification:_identify(install) by extension 'ignore'
[1.890s] Level 1:colcon.colcon_core.package_identification:_identify(install) ignored
[1.891s] Level 1:colcon.colcon_core.package_identification:_identify(launch) by extensions ['ignore', 'ignore_ament_install']
[1.891s] Level 1:colcon.colcon_core.package_identification:_identify(launch) by extension 'ignore'
[1.891s] Level 1:colcon.colcon_core.package_identification:_identify(launch) by extension 'ignore_ament_install'
[1.892s] Level 1:colcon.colcon_core.package_identification:_identify(launch) by extensions ['colcon_pkg']
[1.892s] Level 1:colcon.colcon_core.package_identification:_identify(launch) by extension 'colcon_pkg'
[1.892s] Level 1:colcon.colcon_core.package_identification:_identify(launch) by extensions ['colcon_meta']
[1.892s] Level 1:colcon.colcon_core.package_identification:_identify(launch) by extension 'colcon_meta'
[1.892s] Level 1:colcon.colcon_core.package_identification:_identify(launch) by extensions ['ros']
[1.892s] Level 1:colcon.colcon_core.package_identification:_identify(launch) by extension 'ros'
[1.893s] Level 1:colcon.colcon_core.package_identification:_identify(launch) by extensions ['cmake', 'python']
[1.893s] Level 1:colcon.colcon_core.package_identification:_identify(launch) by extension 'cmake'
[1.893s] Level 1:colcon.colcon_core.package_identification:_identify(launch) by extension 'python'
[1.893s] Level 1:colcon.colcon_core.package_identification:_identify(launch) by extensions ['python_setup_py']
[1.894s] Level 1:colcon.colcon_core.package_identification:_identify(launch) by extension 'python_setup_py'
[1.894s] Level 1:colcon.colcon_core.package_identification:_identify(launch/__pycache__) by extensions ['ignore', 'ignore_ament_install']
[1.894s] Level 1:colcon.colcon_core.package_identification:_identify(launch/__pycache__) by extension 'ignore'
[1.895s] Level 1:colcon.colcon_core.package_identification:_identify(launch/__pycache__) by extension 'ignore_ament_install'
[1.895s] Level 1:colcon.colcon_core.package_identification:_identify(launch/__pycache__) by extensions ['colcon_pkg']
[1.895s] Level 1:colcon.colcon_core.package_identification:_identify(launch/__pycache__) by extension 'colcon_pkg'
[1.895s] Level 1:colcon.colcon_core.package_identification:_identify(launch/__pycache__) by extensions ['colcon_meta']
[1.895s] Level 1:colcon.colcon_core.package_identification:_identify(launch/__pycache__) by extension 'colcon_meta'
[1.895s] Level 1:colcon.colcon_core.package_identification:_identify(launch/__pycache__) by extensions ['ros']
[1.896s] Level 1:colcon.colcon_core.package_identification:_identify(launch/__pycache__) by extension 'ros'
[1.896s] Level 1:colcon.colcon_core.package_identification:_identify(launch/__pycache__) by extensions ['cmake', 'python']
[1.896s] Level 1:colcon.colcon_core.package_identification:_identify(launch/__pycache__) by extension 'cmake'
[1.896s] Level 1:colcon.colcon_core.package_identification:_identify(launch/__pycache__) by extension 'python'
[1.896s] Level 1:colcon.colcon_core.package_identification:_identify(launch/__pycache__) by extensions ['python_setup_py']
[1.897s] Level 1:colcon.colcon_core.package_identification:_identify(launch/__pycache__) by extension 'python_setup_py'
[1.898s] Level 1:colcon.colcon_core.package_identification:_identify(log) by extensions ['ignore', 'ignore_ament_install']
[1.898s] Level 1:colcon.colcon_core.package_identification:_identify(log) by extension 'ignore'
[1.899s] Level 1:colcon.colcon_core.package_identification:_identify(log) ignored
[1.899s] Level 1:colcon.colcon_core.package_identification:_identify(src) by extensions ['ignore', 'ignore_ament_install']
[1.899s] Level 1:colcon.colcon_core.package_identification:_identify(src) by extension 'ignore'
[1.900s] Level 1:colcon.colcon_core.package_identification:_identify(src) by extension 'ignore_ament_install'
[1.900s] Level 1:colcon.colcon_core.package_identification:_identify(src) by extensions ['colcon_pkg']
[1.900s] Level 1:colcon.colcon_core.package_identification:_identify(src) by extension 'colcon_pkg'
[1.900s] Level 1:colcon.colcon_core.package_identification:_identify(src) by extensions ['colcon_meta']
[1.900s] Level 1:colcon.colcon_core.package_identification:_identify(src) by extension 'colcon_meta'
[1.901s] Level 1:colcon.colcon_core.package_identification:_identify(src) by extensions ['ros']
[1.901s] Level 1:colcon.colcon_core.package_identification:_identify(src) by extension 'ros'
[1.901s] Level 1:colcon.colcon_core.package_identification:_identify(src) by extensions ['cmake', 'python']
[1.901s] Level 1:colcon.colcon_core.package_identification:_identify(src) by extension 'cmake'
[1.902s] Level 1:colcon.colcon_core.package_identification:_identify(src) by extension 'python'
[1.902s] Level 1:colcon.colcon_core.package_identification:_identify(src) by extensions ['python_setup_py']
[1.902s] Level 1:colcon.colcon_core.package_identification:_identify(src) by extension 'python_setup_py'
[1.902s] Level 1:colcon.colcon_core.package_identification:_identify(src/JNode_KeyboardInput) by extensions ['ignore', 'ignore_ament_install']
[1.903s] Level 1:colcon.colcon_core.package_identification:_identify(src/JNode_KeyboardInput) by extension 'ignore'
[1.903s] Level 1:colcon.colcon_core.package_identification:_identify(src/JNode_KeyboardInput) by extension 'ignore_ament_install'
[1.903s] Level 1:colcon.colcon_core.package_identification:_identify(src/JNode_KeyboardInput) by extensions ['colcon_pkg']
[1.903s] Level 1:colcon.colcon_core.package_identification:_identify(src/JNode_KeyboardInput) by extension 'colcon_pkg'
[1.904s] Level 1:colcon.colcon_core.package_identification:_identify(src/JNode_KeyboardInput) by extensions ['colcon_meta']
[1.904s] Level 1:colcon.colcon_core.package_identification:_identify(src/JNode_KeyboardInput) by extension 'colcon_meta'
[1.904s] Level 1:colcon.colcon_core.package_identification:_identify(src/JNode_KeyboardInput) by extensions ['ros']
[1.904s] Level 1:colcon.colcon_core.package_identification:_identify(src/JNode_KeyboardInput) by extension 'ros'
[1.919s] DEBUG:colcon.colcon_core.package_identification:Package 'src/JNode_KeyboardInput' with type 'ros.ament_python' and name 'JNode_KeyboardInput'
[1.921s] Level 1:colcon.colcon_core.package_identification:_identify(src/JNode_MotorController) by extensions ['ignore', 'ignore_ament_install']
[1.921s] Level 1:colcon.colcon_core.package_identification:_identify(src/JNode_MotorController) by extension 'ignore'
[1.922s] Level 1:colcon.colcon_core.package_identification:_identify(src/JNode_MotorController) by extension 'ignore_ament_install'
[1.922s] Level 1:colcon.colcon_core.package_identification:_identify(src/JNode_MotorController) by extensions ['colcon_pkg']
[1.922s] Level 1:colcon.colcon_core.package_identification:_identify(src/JNode_MotorController) by extension 'colcon_pkg'
[1.923s] Level 1:colcon.colcon_core.package_identification:_identify(src/JNode_MotorController) by extensions ['colcon_meta']
[1.923s] Level 1:colcon.colcon_core.package_identification:_identify(src/JNode_MotorController) by extension 'colcon_meta'
[1.923s] Level 1:colcon.colcon_core.package_identification:_identify(src/JNode_MotorController) by extensions ['ros']
[1.923s] Level 1:colcon.colcon_core.package_identification:_identify(src/JNode_MotorController) by extension 'ros'
[1.927s] DEBUG:colcon.colcon_core.package_identification:Package 'src/JNode_MotorController' with type 'ros.ament_python' and name 'JNode_MotorController'
[1.928s] Level 1:colcon.colcon_core.package_identification:_identify(src/ros_tutorials) by extensions ['ignore', 'ignore_ament_install']
[1.928s] Level 1:colcon.colcon_core.package_identification:_identify(src/ros_tutorials) by extension 'ignore'
[1.928s] Level 1:colcon.colcon_core.package_identification:_identify(src/ros_tutorials) by extension 'ignore_ament_install'
[1.929s] Level 1:colcon.colcon_core.package_identification:_identify(src/ros_tutorials) by extensions ['colcon_pkg']
[1.929s] Level 1:colcon.colcon_core.package_identification:_identify(src/ros_tutorials) by extension 'colcon_pkg'
[1.929s] Level 1:colcon.colcon_core.package_identification:_identify(src/ros_tutorials) by extensions ['colcon_meta']
[1.930s] Level 1:colcon.colcon_core.package_identification:_identify(src/ros_tutorials) by extension 'colcon_meta'
[1.930s] Level 1:colcon.colcon_core.package_identification:_identify(src/ros_tutorials) by extensions ['ros']
[1.931s] Level 1:colcon.colcon_core.package_identification:_identify(src/ros_tutorials) by extension 'ros'
[1.931s] Level 1:colcon.colcon_core.package_identification:_identify(src/ros_tutorials) by extensions ['cmake', 'python']
[1.932s] Level 1:colcon.colcon_core.package_identification:_identify(src/ros_tutorials) by extension 'cmake'
[1.932s] Level 1:colcon.colcon_core.package_identification:_identify(src/ros_tutorials) by extension 'python'
[1.933s] Level 1:colcon.colcon_core.package_identification:_identify(src/ros_tutorials) by extensions ['python_setup_py']
[1.933s] Level 1:colcon.colcon_core.package_identification:_identify(src/ros_tutorials) by extension 'python_setup_py'
[1.934s] Level 1:colcon.colcon_core.package_identification:_identify(src/ros_tutorials/ros_tutorials) by extensions ['ignore', 'ignore_ament_install']
[1.935s] Level 1:colcon.colcon_core.package_identification:_identify(src/ros_tutorials/ros_tutorials) by extension 'ignore'
[1.936s] Level 1:colcon.colcon_core.package_identification:_identify(src/ros_tutorials/ros_tutorials) ignored
[1.937s] Level 1:colcon.colcon_core.package_identification:_identify(src/ros_tutorials/roscpp_tutorials) by extensions ['ignore', 'ignore_ament_install']
[1.937s] Level 1:colcon.colcon_core.package_identification:_identify(src/ros_tutorials/roscpp_tutorials) by extension 'ignore'
[1.937s] Level 1:colcon.colcon_core.package_identification:_identify(src/ros_tutorials/roscpp_tutorials) ignored
[1.938s] Level 1:colcon.colcon_core.package_identification:_identify(src/ros_tutorials/rospy_tutorials) by extensions ['ignore', 'ignore_ament_install']
[1.939s] Level 1:colcon.colcon_core.package_identification:_identify(src/ros_tutorials/rospy_tutorials) by extension 'ignore'
[1.939s] Level 1:colcon.colcon_core.package_identification:_identify(src/ros_tutorials/rospy_tutorials) ignored
[1.939s] Level 1:colcon.colcon_core.package_identification:_identify(src/ros_tutorials/turtlesim) by extensions ['ignore', 'ignore_ament_install']
[1.940s] Level 1:colcon.colcon_core.package_identification:_identify(src/ros_tutorials/turtlesim) by extension 'ignore'
[1.940s] Level 1:colcon.colcon_core.package_identification:_identify(src/ros_tutorials/turtlesim) by extension 'ignore_ament_install'
[1.941s] Level 1:colcon.colcon_core.package_identification:_identify(src/ros_tutorials/turtlesim) by extensions ['colcon_pkg']
[1.941s] Level 1:colcon.colcon_core.package_identification:_identify(src/ros_tutorials/turtlesim) by extension 'colcon_pkg'
[1.941s] Level 1:colcon.colcon_core.package_identification:_identify(src/ros_tutorials/turtlesim) by extensions ['colcon_meta']
[1.941s] Level 1:colcon.colcon_core.package_identification:_identify(src/ros_tutorials/turtlesim) by extension 'colcon_meta'
[1.942s] Level 1:colcon.colcon_core.package_identification:_identify(src/ros_tutorials/turtlesim) by extensions ['ros']
[1.942s] Level 1:colcon.colcon_core.package_identification:_identify(src/ros_tutorials/turtlesim) by extension 'ros'
[1.955s] DEBUG:colcon.colcon_core.package_identification:Package 'src/ros_tutorials/turtlesim' with type 'ros.ament_cmake' and name 'turtlesim'
[1.957s] Level 1:colcon.colcon_core.package_discovery:discover_packages(recursive) using defaults
[1.959s] Level 1:colcon.colcon_core.package_discovery:discover_packages(ignore) discover
[1.959s] Level 1:colcon.colcon_core.package_discovery:discover_packages(ignore) using defaults
[1.960s] Level 1:colcon.colcon_core.package_discovery:discover_packages(path) discover
[1.960s] Level 1:colcon.colcon_core.package_discovery:discover_packages(path) using defaults
[2.102s] Level 5:colcon.colcon_core.verb:set package 'JNode_KeyboardInput' build argument 'cmake_args' from command line to 'None'
[2.103s] Level 5:colcon.colcon_core.verb:set package 'JNode_KeyboardInput' build argument 'cmake_target' from command line to 'None'
[2.103s] Level 5:colcon.colcon_core.verb:set package 'JNode_KeyboardInput' build argument 'cmake_target_skip_unavailable' from command line to 'False'
[2.104s] Level 5:colcon.colcon_core.verb:set package 'JNode_KeyboardInput' build argument 'cmake_clean_cache' from command line to 'False'
[2.104s] Level 5:colcon.colcon_core.verb:set package 'JNode_KeyboardInput' build argument 'cmake_clean_first' from command line to 'False'
[2.104s] Level 5:colcon.colcon_core.verb:set package 'JNode_KeyboardInput' build argument 'cmake_force_configure' from command line to 'False'
[2.104s] Level 5:colcon.colcon_core.verb:set package 'JNode_KeyboardInput' build argument 'ament_cmake_args' from command line to 'None'
[2.104s] Level 5:colcon.colcon_core.verb:set package 'JNode_KeyboardInput' build argument 'catkin_cmake_args' from command line to 'None'
[2.104s] Level 5:colcon.colcon_core.verb:set package 'JNode_KeyboardInput' build argument 'catkin_skip_building_tests' from command line to 'False'
[2.105s] DEBUG:colcon.colcon_core.verb:Building package 'JNode_KeyboardInput' with the following arguments: {'ament_cmake_args': None, 'build_base': '/home/spacecal/SpaceCal/build/JNode_KeyboardInput', 'catkin_cmake_args': None, 'catkin_skip_building_tests': False, 'cmake_args': None, 'cmake_clean_cache': False, 'cmake_clean_first': False, 'cmake_force_configure': False, 'cmake_target': None, 'cmake_target_skip_unavailable': False, 'install_base': '/home/spacecal/SpaceCal/install/JNode_KeyboardInput', 'merge_install': False, 'path': '/home/spacecal/SpaceCal/src/JNode_KeyboardInput', 'symlink_install': False, 'test_result_base': None}
[2.119s] Level 5:colcon.colcon_core.verb:set package 'JNode_MotorController' build argument 'cmake_args' from command line to 'None'
[2.120s] Level 5:colcon.colcon_core.verb:set package 'JNode_MotorController' build argument 'cmake_target' from command line to 'None'
[2.120s] Level 5:colcon.colcon_core.verb:set package 'JNode_MotorController' build argument 'cmake_target_skip_unavailable' from command line to 'False'
[2.120s] Level 5:colcon.colcon_core.verb:set package 'JNode_MotorController' build argument 'cmake_clean_cache' from command line to 'False'
[2.120s] Level 5:colcon.colcon_core.verb:set package 'JNode_MotorController' build argument 'cmake_clean_first' from command line to 'False'
[2.120s] Level 5:colcon.colcon_core.verb:set package 'JNode_MotorController' build argument 'cmake_force_configure' from command line to 'False'
[2.120s] Level 5:colcon.colcon_core.verb:set package 'JNode_MotorController' build argument 'ament_cmake_args' from command line to 'None'
[2.120s] Level 5:colcon.colcon_core.verb:set package 'JNode_MotorController' build argument 'catkin_cmake_args' from command line to 'None'
[2.121s] Level 5:colcon.colcon_core.verb:set package 'JNode_MotorController' build argument 'catkin_skip_building_tests' from command line to 'False'
[2.121s] DEBUG:colcon.colcon_core.verb:Building package 'JNode_MotorController' with the following arguments: {'ament_cmake_args': None, 'build_base': '/home/spacecal/SpaceCal/build/JNode_MotorController', 'catkin_cmake_args': None, 'catkin_skip_building_tests': False, 'cmake_args': None, 'cmake_clean_cache': False, 'cmake_clean_first': False, 'cmake_force_configure': False, 'cmake_target': None, 'cmake_target_skip_unavailable': False, 'install_base': '/home/spacecal/SpaceCal/install/JNode_MotorController', 'merge_install': False, 'path': '/home/spacecal/SpaceCal/src/JNode_MotorController', 'symlink_install': False, 'test_result_base': None}
[2.134s] Level 5:colcon.colcon_core.verb:set package 'turtlesim' build argument 'cmake_args' from command line to 'None'
[2.134s] Level 5:colcon.colcon_core.verb:set package 'turtlesim' build argument 'cmake_target' from command line to 'None'
[2.135s] Level 5:colcon.colcon_core.verb:set package 'turtlesim' build argument 'cmake_target_skip_unavailable' from command line to 'False'
[2.135s] Level 5:colcon.colcon_core.verb:set package 'turtlesim' build argument 'cmake_clean_cache' from command line to 'False'
[2.135s] Level 5:colcon.colcon_core.verb:set package 'turtlesim' build argument 'cmake_clean_first' from command line to 'False'
[2.135s] Level 5:colcon.colcon_core.verb:set package 'turtlesim' build argument 'cmake_force_configure' from command line to 'False'
[2.135s] Level 5:colcon.colcon_core.verb:set package 'turtlesim' build argument 'ament_cmake_args' from command line to 'None'
[2.135s] Level 5:colcon.colcon_core.verb:set package 'turtlesim' build argument 'catkin_cmake_args' from command line to 'None'
[2.136s] Level 5:colcon.colcon_core.verb:set package 'turtlesim' build argument 'catkin_skip_building_tests' from command line to 'False'
[2.136s] DEBUG:colcon.colcon_core.verb:Building package 'turtlesim' with the following arguments: {'ament_cmake_args': None, 'build_base': '/home/spacecal/SpaceCal/build/turtlesim', 'catkin_cmake_args': None, 'catkin_skip_building_tests': False, 'cmake_args': None, 'cmake_clean_cache': False, 'cmake_clean_first': False, 'cmake_force_configure': False, 'cmake_target': None, 'cmake_target_skip_unavailable': False, 'install_base': '/home/spacecal/SpaceCal/install/turtlesim', 'merge_install': False, 'path': '/home/spacecal/SpaceCal/src/ros_tutorials/turtlesim', 'symlink_install': False, 'test_result_base': None}
[2.138s] INFO:colcon.colcon_core.executor:Executing jobs using 'parallel' executor
[2.150s] DEBUG:colcon.colcon_parallel_executor.executor.parallel:run_until_complete
[2.152s] INFO:colcon.colcon_ros.task.ament_python.build:Building ROS package in '/home/spacecal/SpaceCal/src/JNode_KeyboardInput' with build type 'ament_python'
[2.153s] Level 1:colcon.colcon_core.shell:create_environment_hook('JNode_KeyboardInput', 'ament_prefix_path')
[2.188s] INFO:colcon.colcon_core.plugin_system:Skipping extension 'colcon_core.shell.bat': Not used on non-Windows systems
[2.193s] INFO:colcon.colcon_core.shell:Creating environment hook '/home/spacecal/SpaceCal/install/JNode_KeyboardInput/share/JNode_KeyboardInput/hook/ament_prefix_path.ps1'
[2.203s] INFO:colcon.colcon_core.shell:Creating environment descriptor '/home/spacecal/SpaceCal/install/JNode_KeyboardInput/share/JNode_KeyboardInput/hook/ament_prefix_path.dsv'
[2.210s] INFO:colcon.colcon_core.shell:Creating environment hook '/home/spacecal/SpaceCal/install/JNode_KeyboardInput/share/JNode_KeyboardInput/hook/ament_prefix_path.sh'
[2.225s] INFO:colcon.colcon_core.shell:Skip shell extension 'powershell' for command environment: Not usable outside of PowerShell
[2.226s] DEBUG:colcon.colcon_core.shell:Skip shell extension 'dsv' for command environment
[2.266s] DEBUG:colcon.colcon_core.shell:Ignoring prefix path '/opt/ros/foxy'
[2.298s] INFO:colcon.colcon_ros.task.ament_python.build:Building ROS package in '/home/spacecal/SpaceCal/src/JNode_MotorController' with build type 'ament_python'
[2.304s] Level 1:colcon.colcon_core.shell:create_environment_hook('JNode_MotorController', 'ament_prefix_path')
[2.322s] INFO:colcon.colcon_core.shell:Creating environment hook '/home/spacecal/SpaceCal/install/JNode_MotorController/share/JNode_MotorController/hook/ament_prefix_path.ps1'
[2.334s] INFO:colcon.colcon_core.shell:Creating environment descriptor '/home/spacecal/SpaceCal/install/JNode_MotorController/share/JNode_MotorController/hook/ament_prefix_path.dsv'
[2.341s] INFO:colcon.colcon_core.shell:Creating environment hook '/home/spacecal/SpaceCal/install/JNode_MotorController/share/JNode_MotorController/hook/ament_prefix_path.sh'
[2.358s] INFO:colcon.colcon_core.shell:Skip shell extension 'powershell' for command environment: Not usable outside of PowerShell
[2.359s] DEBUG:colcon.colcon_core.shell:Skip shell extension 'dsv' for command environment
[2.399s] DEBUG:colcon.colcon_core.shell:Ignoring prefix path '/opt/ros/foxy'
[2.435s] INFO:colcon.colcon_ros.task.ament_cmake.build:Building ROS package in '/home/spacecal/SpaceCal/src/ros_tutorials/turtlesim' with build type 'ament_cmake'
[2.442s] INFO:colcon.colcon_cmake.task.cmake.build:Building CMake package in '/home/spacecal/SpaceCal/src/ros_tutorials/turtlesim'
[2.464s] INFO:colcon.colcon_core.shell:Skip shell extension 'powershell' for command environment: Not usable outside of PowerShell
[2.466s] DEBUG:colcon.colcon_core.shell:Skip shell extension 'dsv' for command environment
[2.512s] DEBUG:colcon.colcon_core.shell:Ignoring prefix path '/opt/ros/foxy'
[4.275s] INFO:colcon.colcon_core.task.python.build:Building Python package in '/home/spacecal/SpaceCal/src/JNode_KeyboardInput'
[4.281s] INFO:colcon.colcon_core.shell:Skip shell extension 'powershell' for command environment: Not usable outside of PowerShell
[4.282s] DEBUG:colcon.colcon_core.shell:Skip shell extension 'dsv' for command environment
[4.312s] DEBUG:colcon.colcon_core.shell:Ignoring prefix path '/opt/ros/foxy'
[6.031s] INFO:colcon.colcon_core.task.python.build:Building Python package in '/home/spacecal/SpaceCal/src/JNode_MotorController'
[6.039s] INFO:colcon.colcon_core.shell:Skip shell extension 'powershell' for command environment: Not usable outside of PowerShell
[6.040s] DEBUG:colcon.colcon_core.shell:Skip shell extension 'dsv' for command environment
[6.067s] DEBUG:colcon.colcon_core.shell:Ignoring prefix path '/opt/ros/foxy'
[6.127s] DEBUG:colcon.colcon_core.event_handler.log_command:Invoking command in '/home/spacecal/SpaceCal/build/turtlesim': CMAKE_PREFIX_PATH=${CMAKE_PREFIX_PATH}:/home/spacecal/SpaceCal/install/JNode_MotorController:/home/spacecal/SpaceCal/install/JNode_KeyboardInput:/opt/ros/foxy /usr/bin/cmake --build /home/spacecal/SpaceCal/build/turtlesim -- -j4 -l4
[6.209s] DEBUG:colcon.colcon_core.event_handler.log_command:Invoking command in '/home/spacecal/SpaceCal/src/JNode_KeyboardInput': PYTHONPATH=/home/spacecal/SpaceCal/install/JNode_KeyboardInput/lib/python3.8/site-packages:${PYTHONPATH} /usr/bin/python3 setup.py egg_info --egg-base ../../build/JNode_KeyboardInput build --build-base /home/spacecal/SpaceCal/build/JNode_KeyboardInput/build install --prefix /home/spacecal/SpaceCal/install/JNode_KeyboardInput --record /home/spacecal/SpaceCal/build/JNode_KeyboardInput/install.log --single-version-externally-managed
[6.245s] DEBUG:colcon.colcon_core.event_handler.log_command:Invoking command in '/home/spacecal/SpaceCal/src/JNode_MotorController': PYTHONPATH=/home/spacecal/SpaceCal/install/JNode_MotorController/lib/python3.8/site-packages:${PYTHONPATH} /usr/bin/python3 setup.py egg_info --egg-base ../../build/JNode_MotorController build --build-base /home/spacecal/SpaceCal/build/JNode_MotorController/build install --prefix /home/spacecal/SpaceCal/install/JNode_MotorController --record /home/spacecal/SpaceCal/build/JNode_MotorController/install.log --single-version-externally-managed
[9.323s] DEBUG:colcon.colcon_core.event_handler.log_command:Invoked command in '/home/spacecal/SpaceCal/build/turtlesim' returned '0': CMAKE_PREFIX_PATH=${CMAKE_PREFIX_PATH}:/home/spacecal/SpaceCal/install/JNode_MotorController:/home/spacecal/SpaceCal/install/JNode_KeyboardInput:/opt/ros/foxy /usr/bin/cmake --build /home/spacecal/SpaceCal/build/turtlesim -- -j4 -l4
[9.908s] DEBUG:colcon.colcon_core.event_handler.log_command:Invoked command in '/home/spacecal/SpaceCal/src/JNode_KeyboardInput' returned '0': PYTHONPATH=/home/spacecal/SpaceCal/install/JNode_KeyboardInput/lib/python3.8/site-packages:${PYTHONPATH} /usr/bin/python3 setup.py egg_info --egg-base ../../build/JNode_KeyboardInput build --build-base /home/spacecal/SpaceCal/build/JNode_KeyboardInput/build install --prefix /home/spacecal/SpaceCal/install/JNode_KeyboardInput --record /home/spacecal/SpaceCal/build/JNode_KeyboardInput/install.log --single-version-externally-managed
[9.948s] Level 1:colcon.colcon_core.environment:checking '/home/spacecal/SpaceCal/install/JNode_KeyboardInput' for CMake module files
[9.953s] Level 1:colcon.colcon_core.environment:checking '/home/spacecal/SpaceCal/install/JNode_KeyboardInput' for CMake config files
[9.967s] Level 1:colcon.colcon_core.environment:checking '/home/spacecal/SpaceCal/install/JNode_KeyboardInput/lib'
[9.972s] Level 1:colcon.colcon_core.environment:checking '/home/spacecal/SpaceCal/install/JNode_KeyboardInput/bin'
[9.974s] Level 1:colcon.colcon_core.environment:checking '/home/spacecal/SpaceCal/install/JNode_KeyboardInput/lib/pkgconfig/JNode_KeyboardInput.pc'
[9.976s] Level 1:colcon.colcon_core.environment:checking '/home/spacecal/SpaceCal/install/JNode_KeyboardInput/lib/python3.8/site-packages'
[9.976s] Level 1:colcon.colcon_core.shell:create_environment_hook('JNode_KeyboardInput', 'pythonpath')
[9.984s] INFO:colcon.colcon_core.shell:Creating environment hook '/home/spacecal/SpaceCal/install/JNode_KeyboardInput/share/JNode_KeyboardInput/hook/pythonpath.ps1'
[9.990s] INFO:colcon.colcon_core.shell:Creating environment descriptor '/home/spacecal/SpaceCal/install/JNode_KeyboardInput/share/JNode_KeyboardInput/hook/pythonpath.dsv'
[9.995s] INFO:colcon.colcon_core.shell:Creating environment hook '/home/spacecal/SpaceCal/install/JNode_KeyboardInput/share/JNode_KeyboardInput/hook/pythonpath.sh'
[10.000s] Level 1:colcon.colcon_core.environment:create_environment_scripts_only(JNode_KeyboardInput)
[10.008s] INFO:colcon.colcon_core.shell:Creating package script '/home/spacecal/SpaceCal/install/JNode_KeyboardInput/share/JNode_KeyboardInput/package.ps1'
[10.019s] INFO:colcon.colcon_core.shell:Creating package descriptor '/home/spacecal/SpaceCal/install/JNode_KeyboardInput/share/JNode_KeyboardInput/package.dsv'
[10.026s] INFO:colcon.colcon_core.shell:Creating package script '/home/spacecal/SpaceCal/install/JNode_KeyboardInput/share/JNode_KeyboardInput/package.sh'
[10.035s] INFO:colcon.colcon_core.shell:Creating package script '/home/spacecal/SpaceCal/install/JNode_KeyboardInput/share/JNode_KeyboardInput/package.bash'
[10.045s] INFO:colcon.colcon_core.shell:Creating package script '/home/spacecal/SpaceCal/install/JNode_KeyboardInput/share/JNode_KeyboardInput/package.zsh'
[10.055s] Level 1:colcon.colcon_core.environment:create_file_with_runtime_dependencies(/home/spacecal/SpaceCal/install/JNode_KeyboardInput/share/colcon-core/packages/JNode_KeyboardInput)
[10.145s] Level 1:colcon.colcon_core.environment:checking '/home/spacecal/SpaceCal/install/JNode_MotorController' for CMake module files
[10.154s] Level 1:colcon.colcon_core.environment:checking '/home/spacecal/SpaceCal/install/JNode_MotorController' for CMake config files
[10.158s] DEBUG:colcon.colcon_core.event_handler.log_command:Invoked command in '/home/spacecal/SpaceCal/src/JNode_MotorController' returned '0': PYTHONPATH=/home/spacecal/SpaceCal/install/JNode_MotorController/lib/python3.8/site-packages:${PYTHONPATH} /usr/bin/python3 setup.py egg_info --egg-base ../../build/JNode_MotorController build --build-base /home/spacecal/SpaceCal/build/JNode_MotorController/build install --prefix /home/spacecal/SpaceCal/install/JNode_MotorController --record /home/spacecal/SpaceCal/build/JNode_MotorController/install.log --single-version-externally-managed
[10.167s] Level 1:colcon.colcon_core.environment:checking '/home/spacecal/SpaceCal/install/JNode_MotorController/lib'
[10.170s] Level 1:colcon.colcon_core.environment:checking '/home/spacecal/SpaceCal/install/JNode_MotorController/bin'
[10.171s] Level 1:colcon.colcon_core.environment:checking '/home/spacecal/SpaceCal/install/JNode_MotorController/lib/pkgconfig/JNode_MotorController.pc'
[10.172s] Level 1:colcon.colcon_core.environment:checking '/home/spacecal/SpaceCal/install/JNode_MotorController/lib/python3.8/site-packages'
[10.173s] Level 1:colcon.colcon_core.shell:create_environment_hook('JNode_MotorController', 'pythonpath')
[10.184s] INFO:colcon.colcon_core.shell:Creating environment hook '/home/spacecal/SpaceCal/install/JNode_MotorController/share/JNode_MotorController/hook/pythonpath.ps1'
[10.190s] INFO:colcon.colcon_core.shell:Creating environment descriptor '/home/spacecal/SpaceCal/install/JNode_MotorController/share/JNode_MotorController/hook/pythonpath.dsv'
[10.198s] INFO:colcon.colcon_core.shell:Creating environment hook '/home/spacecal/SpaceCal/install/JNode_MotorController/share/JNode_MotorController/hook/pythonpath.sh'
[10.208s] Level 1:colcon.colcon_core.environment:create_environment_scripts_only(JNode_MotorController)
[10.222s] INFO:colcon.colcon_core.shell:Creating package script '/home/spacecal/SpaceCal/install/JNode_MotorController/share/JNode_MotorController/package.ps1'
[10.231s] INFO:colcon.colcon_core.shell:Creating package descriptor '/home/spacecal/SpaceCal/install/JNode_MotorController/share/JNode_MotorController/package.dsv'
[10.244s] INFO:colcon.colcon_core.shell:Creating package script '/home/spacecal/SpaceCal/install/JNode_MotorController/share/JNode_MotorController/package.sh'
[10.254s] INFO:colcon.colcon_core.shell:Creating package script '/home/spacecal/SpaceCal/install/JNode_MotorController/share/JNode_MotorController/package.bash'
[10.262s] INFO:colcon.colcon_core.shell:Creating package script '/home/spacecal/SpaceCal/install/JNode_MotorController/share/JNode_MotorController/package.zsh'
[10.267s] Level 1:colcon.colcon_core.environment:create_file_with_runtime_dependencies(/home/spacecal/SpaceCal/install/JNode_MotorController/share/colcon-core/packages/JNode_MotorController)
[10.868s] DEBUG:colcon.colcon_core.event_handler.log_command:Invoking command in '/home/spacecal/SpaceCal/build/turtlesim': CMAKE_PREFIX_PATH=${CMAKE_PREFIX_PATH}:/home/spacecal/SpaceCal/install/JNode_MotorController:/home/spacecal/SpaceCal/install/JNode_KeyboardInput:/opt/ros/foxy /usr/bin/cmake --install /home/spacecal/SpaceCal/build/turtlesim
[11.362s] Level 1:colcon.colcon_core.environment:create_environment_scripts_only(turtlesim)
[11.371s] Level 1:colcon.colcon_core.environment:checking '/home/spacecal/SpaceCal/install/turtlesim' for CMake module files
[11.380s] DEBUG:colcon.colcon_core.event_handler.log_command:Invoked command in '/home/spacecal/SpaceCal/build/turtlesim' returned '0': CMAKE_PREFIX_PATH=${CMAKE_PREFIX_PATH}:/home/spacecal/SpaceCal/install/JNode_MotorController:/home/spacecal/SpaceCal/install/JNode_KeyboardInput:/opt/ros/foxy /usr/bin/cmake --install /home/spacecal/SpaceCal/build/turtlesim
[11.384s] Level 1:colcon.colcon_core.environment:checking '/home/spacecal/SpaceCal/install/turtlesim' for CMake config files
[11.392s] Level 1:colcon.colcon_core.shell:create_environment_hook('turtlesim', 'cmake_prefix_path')
[11.398s] INFO:colcon.colcon_core.shell:Creating environment hook '/home/spacecal/SpaceCal/install/turtlesim/share/turtlesim/hook/cmake_prefix_path.ps1'
[11.403s] INFO:colcon.colcon_core.shell:Creating environment descriptor '/home/spacecal/SpaceCal/install/turtlesim/share/turtlesim/hook/cmake_prefix_path.dsv'
[11.406s] INFO:colcon.colcon_core.shell:Creating environment hook '/home/spacecal/SpaceCal/install/turtlesim/share/turtlesim/hook/cmake_prefix_path.sh'
[11.411s] Level 1:colcon.colcon_core.environment:checking '/home/spacecal/SpaceCal/install/turtlesim/lib'
[11.412s] Level 1:colcon.colcon_core.shell:create_environment_hook('turtlesim', 'ld_library_path_lib')
[11.416s] INFO:colcon.colcon_core.shell:Creating environment hook '/home/spacecal/SpaceCal/install/turtlesim/share/turtlesim/hook/ld_library_path_lib.ps1'
[11.419s] INFO:colcon.colcon_core.shell:Creating environment descriptor '/home/spacecal/SpaceCal/install/turtlesim/share/turtlesim/hook/ld_library_path_lib.dsv'
[11.421s] INFO:colcon.colcon_core.shell:Creating environment hook '/home/spacecal/SpaceCal/install/turtlesim/share/turtlesim/hook/ld_library_path_lib.sh'
[11.424s] Level 1:colcon.colcon_core.environment:checking '/home/spacecal/SpaceCal/install/turtlesim/bin'
[11.424s] Level 1:colcon.colcon_core.environment:checking '/home/spacecal/SpaceCal/install/turtlesim/lib/pkgconfig/turtlesim.pc'
[11.425s] Level 1:colcon.colcon_core.environment:checking '/home/spacecal/SpaceCal/install/turtlesim/lib/python3.8/site-packages'
[11.425s] Level 1:colcon.colcon_core.shell:create_environment_hook('turtlesim', 'pythonpath')
[11.429s] INFO:colcon.colcon_core.shell:Creating environment hook '/home/spacecal/SpaceCal/install/turtlesim/share/turtlesim/hook/pythonpath.ps1'
[11.432s] INFO:colcon.colcon_core.shell:Creating environment descriptor '/home/spacecal/SpaceCal/install/turtlesim/share/turtlesim/hook/pythonpath.dsv'
[11.434s] INFO:colcon.colcon_core.shell:Creating environment hook '/home/spacecal/SpaceCal/install/turtlesim/share/turtlesim/hook/pythonpath.sh'
[11.440s] INFO:colcon.colcon_core.shell:Creating package script '/home/spacecal/SpaceCal/install/turtlesim/share/turtlesim/package.ps1'
[11.446s] INFO:colcon.colcon_core.shell:Creating package descriptor '/home/spacecal/SpaceCal/install/turtlesim/share/turtlesim/package.dsv'
[11.449s] INFO:colcon.colcon_core.shell:Creating package script '/home/spacecal/SpaceCal/install/turtlesim/share/turtlesim/package.sh'
[11.452s] INFO:colcon.colcon_core.shell:Creating package script '/home/spacecal/SpaceCal/install/turtlesim/share/turtlesim/package.bash'
[11.454s] INFO:colcon.colcon_core.shell:Creating package script '/home/spacecal/SpaceCal/install/turtlesim/share/turtlesim/package.zsh'
[11.457s] Level 1:colcon.colcon_core.environment:create_file_with_runtime_dependencies(/home/spacecal/SpaceCal/install/turtlesim/share/colcon-core/packages/turtlesim)
[12.446s] Level 1:colcon.colcon_core.environment:create_environment_scripts_only(turtlesim)
[12.451s] Level 1:colcon.colcon_core.environment:checking '/home/spacecal/SpaceCal/install/turtlesim' for CMake module files
[12.456s] Level 1:colcon.colcon_core.environment:checking '/home/spacecal/SpaceCal/install/turtlesim' for CMake config files
[12.461s] Level 1:colcon.colcon_core.shell:create_environment_hook('turtlesim', 'cmake_prefix_path')
[12.465s] INFO:colcon.colcon_core.shell:Creating environment hook '/home/spacecal/SpaceCal/install/turtlesim/share/turtlesim/hook/cmake_prefix_path.ps1'
[12.470s] INFO:colcon.colcon_core.shell:Creating environment descriptor '/home/spacecal/SpaceCal/install/turtlesim/share/turtlesim/hook/cmake_prefix_path.dsv'
[12.473s] INFO:colcon.colcon_core.shell:Creating environment hook '/home/spacecal/SpaceCal/install/turtlesim/share/turtlesim/hook/cmake_prefix_path.sh'
[12.478s] Level 1:colcon.colcon_core.environment:checking '/home/spacecal/SpaceCal/install/turtlesim/lib'
[12.479s] Level 1:colcon.colcon_core.shell:create_environment_hook('turtlesim', 'ld_library_path_lib')
[12.484s] INFO:colcon.colcon_core.shell:Creating environment hook '/home/spacecal/SpaceCal/install/turtlesim/share/turtlesim/hook/ld_library_path_lib.ps1'
[12.488s] INFO:colcon.colcon_core.shell:Creating environment descriptor '/home/spacecal/SpaceCal/install/turtlesim/share/turtlesim/hook/ld_library_path_lib.dsv'
[12.491s] INFO:colcon.colcon_core.shell:Creating environment hook '/home/spacecal/SpaceCal/install/turtlesim/share/turtlesim/hook/ld_library_path_lib.sh'
[12.493s] Level 1:colcon.colcon_core.environment:checking '/home/spacecal/SpaceCal/install/turtlesim/bin'
[12.494s] Level 1:colcon.colcon_core.environment:checking '/home/spacecal/SpaceCal/install/turtlesim/lib/pkgconfig/turtlesim.pc'
[12.494s] Level 1:colcon.colcon_core.environment:checking '/home/spacecal/SpaceCal/install/turtlesim/lib/python3.8/site-packages'
[12.495s] Level 1:colcon.colcon_core.shell:create_environment_hook('turtlesim', 'pythonpath')
[12.499s] INFO:colcon.colcon_core.shell:Creating environment hook '/home/spacecal/SpaceCal/install/turtlesim/share/turtlesim/hook/pythonpath.ps1'
[12.504s] INFO:colcon.colcon_core.shell:Creating environment descriptor '/home/spacecal/SpaceCal/install/turtlesim/share/turtlesim/hook/pythonpath.dsv'
[12.509s] INFO:colcon.colcon_core.shell:Creating environment hook '/home/spacecal/SpaceCal/install/turtlesim/share/turtlesim/hook/pythonpath.sh'
[12.525s] INFO:colcon.colcon_core.shell:Creating package script '/home/spacecal/SpaceCal/install/turtlesim/share/turtlesim/package.ps1'
[12.531s] INFO:colcon.colcon_core.shell:Creating package descriptor '/home/spacecal/SpaceCal/install/turtlesim/share/turtlesim/package.dsv'
[12.535s] INFO:colcon.colcon_core.shell:Creating package script '/home/spacecal/SpaceCal/install/turtlesim/share/turtlesim/package.sh'
[12.540s] INFO:colcon.colcon_core.shell:Creating package script '/home/spacecal/SpaceCal/install/turtlesim/share/turtlesim/package.bash'
[12.543s] INFO:colcon.colcon_core.shell:Creating package script '/home/spacecal/SpaceCal/install/turtlesim/share/turtlesim/package.zsh'
[12.546s] Level 1:colcon.colcon_core.environment:create_file_with_runtime_dependencies(/home/spacecal/SpaceCal/install/turtlesim/share/colcon-core/packages/turtlesim)
[12.548s] DEBUG:colcon.colcon_parallel_executor.executor.parallel:closing loop
[12.551s] DEBUG:colcon.colcon_parallel_executor.executor.parallel:loop closed
[12.553s] DEBUG:colcon.colcon_parallel_executor.executor.parallel:run_until_complete finished with '0'
[12.555s] DEBUG:colcon.colcon_core.event_reactor:joining thread
[12.635s] INFO:colcon.colcon_core.plugin_system:Skipping extension 'colcon_notification.desktop_notification.terminal_notifier': Not used on non-Darwin systems
[12.637s] INFO:colcon.colcon_core.plugin_system:Skipping extension 'colcon_notification.desktop_notification.win32': Not used on non-Windows systems
[12.638s] INFO:colcon.colcon_notification.desktop_notification:Sending desktop notification using 'notify2'
[12.688s] DEBUG:colcon.colcon_core.event_reactor:joined thread
[12.695s] INFO:colcon.colcon_core.shell:Creating prefix script '/home/spacecal/SpaceCal/install/local_setup.ps1'
[12.709s] INFO:colcon.colcon_core.shell:Creating prefix util module '/home/spacecal/SpaceCal/install/_local_setup_util_ps1.py'
[12.727s] INFO:colcon.colcon_core.shell:Creating prefix chain script '/home/spacecal/SpaceCal/install/setup.ps1'
[12.754s] INFO:colcon.colcon_core.shell:Creating prefix script '/home/spacecal/SpaceCal/install/local_setup.sh'
[12.759s] INFO:colcon.colcon_core.shell:Creating prefix util module '/home/spacecal/SpaceCal/install/_local_setup_util_sh.py'
[12.763s] INFO:colcon.colcon_core.shell:Creating prefix chain script '/home/spacecal/SpaceCal/install/setup.sh'
[12.784s] INFO:colcon.colcon_core.shell:Creating prefix script '/home/spacecal/SpaceCal/install/local_setup.bash'
[12.789s] INFO:colcon.colcon_core.shell:Creating prefix chain script '/home/spacecal/SpaceCal/install/setup.bash'
[12.803s] INFO:colcon.colcon_core.shell:Creating prefix script '/home/spacecal/SpaceCal/install/local_setup.zsh'
[12.807s] INFO:colcon.colcon_core.shell:Creating prefix chain script '/home/spacecal/SpaceCal/install/setup.zsh'
