[6.132s] Invoking command in '/home/spacecal/SpaceCal/src/my_package': PYTHONPATH=/home/spacecal/SpaceCal/install/my_package/lib/python3.8/site-packages:${PYTHONPATH} /usr/bin/python3 setup.py egg_info --egg-base ../../build/my_package build --build-base /home/spacecal/SpaceCal/build/my_package/build install --prefix /home/spacecal/SpaceCal/install/my_package --record /home/spacecal/SpaceCal/build/my_package/install.log --single-version-externally-managed
[8.794s] running egg_info
[8.802s] writing ../../build/my_package/my_package.egg-info/PKG-INFO
[8.805s] writing dependency_links to ../../build/my_package/my_package.egg-info/dependency_links.txt
[8.810s] writing entry points to ../../build/my_package/my_package.egg-info/entry_points.txt
[8.814s] writing requirements to ../../build/my_package/my_package.egg-info/requires.txt
[8.818s] writing top-level names to ../../build/my_package/my_package.egg-info/top_level.txt
[9.295s] reading manifest file '../../build/my_package/my_package.egg-info/SOURCES.txt'
[9.302s] writing manifest file '../../build/my_package/my_package.egg-info/SOURCES.txt'
[9.304s] running build
[9.306s] running build_py
[9.307s] running install
[9.315s] running install_lib
[9.330s] running install_data
[9.337s] running install_egg_info
[9.354s] removing '/home/spacecal/SpaceCal/install/my_package/lib/python3.8/site-packages/my_package-0.0.0-py3.8.egg-info' (and everything under it)
[9.357s] Copying ../../build/my_package/my_package.egg-info to /home/spacecal/SpaceCal/install/my_package/lib/python3.8/site-packages/my_package-0.0.0-py3.8.egg-info
[9.369s] running install_scripts
[9.593s] Installing my_node script to /home/spacecal/SpaceCal/install/my_package/lib/my_package
[9.607s] writing list of installed files to '/home/spacecal/SpaceCal/build/my_package/install.log'
[10.093s] Invoked command in '/home/spacecal/SpaceCal/src/my_package' returned '0': PYTHONPATH=/home/spacecal/SpaceCal/install/my_package/lib/python3.8/site-packages:${PYTHONPATH} /usr/bin/python3 setup.py egg_info --egg-base ../../build/my_package build --build-base /home/spacecal/SpaceCal/build/my_package/build install --prefix /home/spacecal/SpaceCal/install/my_package --record /home/spacecal/SpaceCal/build/my_package/install.log --single-version-externally-managed
