[5.571s] Invoking command in '/home/spacecal/Desktop/SpaceCal/src/JNode_KeyboardInput': PYTHONPATH=/home/spacecal/Desktop/SpaceCal/install/JNode_KeyboardInput/lib/python3.8/site-packages:${PYTHONPATH} /usr/bin/python3 setup.py egg_info --egg-base ../../build/JNode_KeyboardInput build --build-base /home/spacecal/Desktop/SpaceCal/build/JNode_KeyboardInput/build install --prefix /home/spacecal/Desktop/SpaceCal/install/JNode_KeyboardInput --record /home/spacecal/Desktop/SpaceCal/build/JNode_KeyboardInput/install.log --single-version-externally-managed
[7.916s] running egg_info
[7.945s] writing ../../build/JNode_KeyboardInput/JNode_KeyboardInput.egg-info/PKG-INFO
[7.955s] writing dependency_links to ../../build/JNode_KeyboardInput/JNode_KeyboardInput.egg-info/dependency_links.txt
[7.960s] writing entry points to ../../build/JNode_KeyboardInput/JNode_KeyboardInput.egg-info/entry_points.txt
[7.964s] writing requirements to ../../build/JNode_KeyboardInput/JNode_KeyboardInput.egg-info/requires.txt
[7.968s] writing top-level names to ../../build/JNode_KeyboardInput/JNode_KeyboardInput.egg-info/top_level.txt
[8.324s] reading manifest file '../../build/JNode_KeyboardInput/JNode_KeyboardInput.egg-info/SOURCES.txt'
[8.339s] writing manifest file '../../build/JNode_KeyboardInput/JNode_KeyboardInput.egg-info/SOURCES.txt'
[8.342s] running build
[8.344s] running build_py
[8.345s] running install
[8.357s] running install_lib
[8.378s] running install_data
[8.385s] running install_egg_info
[8.408s] removing '/home/spacecal/Desktop/SpaceCal/install/JNode_KeyboardInput/lib/python3.8/site-packages/JNode_KeyboardInput-0.0.0-py3.8.egg-info' (and everything under it)
[8.421s] Copying ../../build/JNode_KeyboardInput/JNode_KeyboardInput.egg-info to /home/spacecal/Desktop/SpaceCal/install/JNode_KeyboardInput/lib/python3.8/site-packages/JNode_KeyboardInput-0.0.0-py3.8.egg-info
[8.425s] running install_scripts
[8.627s] Installing JNodeInput script to /home/spacecal/Desktop/SpaceCal/install/JNode_KeyboardInput/lib/JNode_KeyboardInput
[8.639s] writing list of installed files to '/home/spacecal/Desktop/SpaceCal/build/JNode_KeyboardInput/install.log'
