running egg_info
writing ../../build/JNode_KeyboardInput/JNode_KeyboardInput.egg-info/PKG-INFO
writing dependency_links to ../../build/JNode_KeyboardInput/JNode_KeyboardInput.egg-info/dependency_links.txt
writing entry points to ../../build/JNode_KeyboardInput/JNode_KeyboardInput.egg-info/entry_points.txt
writing requirements to ../../build/JNode_KeyboardInput/JNode_KeyboardInput.egg-info/requires.txt
writing top-level names to ../../build/JNode_KeyboardInput/JNode_KeyboardInput.egg-info/top_level.txt
reading manifest file '../../build/JNode_KeyboardInput/JNode_KeyboardInput.egg-info/SOURCES.txt'
writing manifest file '../../build/JNode_KeyboardInput/JNode_KeyboardInput.egg-info/SOURCES.txt'
running build
running build_py
copying JNode_KeyboardInput/keyInputNode.py -> /home/spacecal/SpaceCal/build/JNode_KeyboardInput/build/lib/JNode_KeyboardInput
running install
running install_lib
copying /home/spacecal/SpaceCal/build/JNode_KeyboardInput/build/lib/JNode_KeyboardInput/keyInputNode.py -> /home/spacecal/SpaceCal/install/JNode_KeyboardInput/lib/python3.8/site-packages/JNode_KeyboardInput
byte-compiling /home/spacecal/SpaceCal/install/JNode_KeyboardInput/lib/python3.8/site-packages/JNode_KeyboardInput/keyInputNode.py to keyInputNode.cpython-38.pyc
running install_data
  File "/home/spacecal/SpaceCal/install/JNode_KeyboardInput/lib/python3.8/site-packages/JNode_KeyboardInput/keyInputNode.py", line 34
    msg.data = (String)key.char
                       ^
SyntaxError: invalid syntax

running install_egg_info
removing '/home/spacecal/SpaceCal/install/JNode_KeyboardInput/lib/python3.8/site-packages/JNode_KeyboardInput-0.0.0-py3.8.egg-info' (and everything under it)
Copying ../../build/JNode_KeyboardInput/JNode_KeyboardInput.egg-info to /home/spacecal/SpaceCal/install/JNode_KeyboardInput/lib/python3.8/site-packages/JNode_KeyboardInput-0.0.0-py3.8.egg-info
running install_scripts
Installing JNodeInput script to /home/spacecal/SpaceCal/install/JNode_KeyboardInput/lib/JNode_KeyboardInput
writing list of installed files to '/home/spacecal/SpaceCal/build/JNode_KeyboardInput/install.log'
