[5.246s] Invoking command in '/home/spacecal/SpaceCal/build/turtlesim': CMAKE_PREFIX_PATH=${CMAKE_PREFIX_PATH}:/home/spacecal/SpaceCal/install/my_package:/home/spacecal/SpaceCal/install/JNode_MotorController:/home/spacecal/SpaceCal/install/JNode_KeyboardInput:/opt/ros/foxy /usr/bin/cmake --build /home/spacecal/SpaceCal/build/turtlesim -- -j4 -l4
[6.111s] [  1%] Built target turtlesim__cpp
[6.315s] [ 11%] Built target turtlesim__rosidl_generator_c
[6.737s] [ 21%] Built target turtlesim__rosidl_typesupport_introspection_cpp
[6.798s] [ 31%] Built target turtlesim__rosidl_typesupport_cpp
[6.883s] [ 41%] Built target turtlesim__rosidl_typesupport_fastrtps_cpp
[6.906s] [ 51%] Built target turtlesim__rosidl_typesupport_c
[7.331s] [ 61%] Built target turtlesim__rosidl_typesupport_introspection_c
[7.461s] [ 71%] Built target turtlesim__rosidl_typesupport_fastrtps_c
[7.742s] [ 71%] Built target turtlesim
[8.503s] [ 72%] Built target turtlesim__py
[8.506s] [ 74%] Built target mimic
[8.635s] [ 76%] Built target turtle_teleop_key
[8.716s] [ 78%] Built target draw_square
[9.235s] [ 87%] Built target turtlesim__python
[9.382s] [ 93%] Built target turtlesim_node
[9.828s] [ 95%] Built target turtlesim__rosidl_typesupport_introspection_c__pyext
[9.844s] [ 97%] Built target turtlesim__rosidl_typesupport_fastrtps_c__pyext
[9.878s] [100%] Built target turtlesim__rosidl_typesupport_c__pyext
[10.006s] Invoked command in '/home/spacecal/SpaceCal/build/turtlesim' returned '0': CMAKE_PREFIX_PATH=${CMAKE_PREFIX_PATH}:/home/spacecal/SpaceCal/install/my_package:/home/spacecal/SpaceCal/install/JNode_MotorController:/home/spacecal/SpaceCal/install/JNode_KeyboardInput:/opt/ros/foxy /usr/bin/cmake --build /home/spacecal/SpaceCal/build/turtlesim -- -j4 -l4
[11.200s] Invoking command in '/home/spacecal/SpaceCal/build/turtlesim': CMAKE_PREFIX_PATH=${CMAKE_PREFIX_PATH}:/home/spacecal/SpaceCal/install/my_package:/home/spacecal/SpaceCal/install/JNode_MotorController:/home/spacecal/SpaceCal/install/JNode_KeyboardInput:/opt/ros/foxy /usr/bin/cmake --install /home/spacecal/SpaceCal/build/turtlesim
[11.276s] -- Install configuration: ""
[11.277s] -- Up-to-date: /home/spacecal/SpaceCal/install/turtlesim/share/ament_index/resource_index/rosidl_interfaces/turtlesim
[11.278s] -- Up-to-date: /home/spacecal/SpaceCal/install/turtlesim/include/turtlesim
[11.278s] -- Up-to-date: /home/spacecal/SpaceCal/install/turtlesim/include/turtlesim/msg
[11.279s] -- Up-to-date: /home/spacecal/SpaceCal/install/turtlesim/include/turtlesim/msg/rosidl_generator_c__visibility_control.h
[11.280s] -- Up-to-date: /home/spacecal/SpaceCal/install/turtlesim/include/turtlesim/msg/detail
[11.281s] -- Up-to-date: /home/spacecal/SpaceCal/install/turtlesim/include/turtlesim/msg/detail/pose__functions.c
[11.281s] -- Up-to-date: /home/spacecal/SpaceCal/install/turtlesim/include/turtlesim/msg/detail/pose__type_support.h
[11.282s] -- Up-to-date: /home/spacecal/SpaceCal/install/turtlesim/include/turtlesim/msg/detail/pose__functions.h
[11.282s] -- Up-to-date: /home/spacecal/SpaceCal/install/turtlesim/include/turtlesim/msg/detail/color__functions.c
[11.283s] -- Up-to-date: /home/spacecal/SpaceCal/install/turtlesim/include/turtlesim/msg/detail/color__functions.h
[11.283s] -- Up-to-date: /home/spacecal/SpaceCal/install/turtlesim/include/turtlesim/msg/detail/color__type_support.h
[11.284s] -- Up-to-date: /home/spacecal/SpaceCal/install/turtlesim/include/turtlesim/msg/detail/pose__struct.h
[11.284s] -- Up-to-date: /home/spacecal/SpaceCal/install/turtlesim/include/turtlesim/msg/detail/color__struct.h
[11.285s] -- Up-to-date: /home/spacecal/SpaceCal/install/turtlesim/include/turtlesim/msg/color.h
[11.285s] -- Up-to-date: /home/spacecal/SpaceCal/install/turtlesim/include/turtlesim/msg/pose.h
[11.286s] -- Up-to-date: /home/spacecal/SpaceCal/install/turtlesim/include/turtlesim/srv
[11.286s] -- Up-to-date: /home/spacecal/SpaceCal/install/turtlesim/include/turtlesim/srv/set_pen.h
[11.287s] -- Up-to-date: /home/spacecal/SpaceCal/install/turtlesim/include/turtlesim/srv/detail
[11.287s] -- Up-to-date: /home/spacecal/SpaceCal/install/turtlesim/include/turtlesim/srv/detail/set_pen__functions.c
[11.288s] -- Up-to-date: /home/spacecal/SpaceCal/install/turtlesim/include/turtlesim/srv/detail/set_pen__functions.h
[11.289s] -- Up-to-date: /home/spacecal/SpaceCal/install/turtlesim/include/turtlesim/srv/detail/teleport_relative__functions.h
[11.289s] -- Up-to-date: /home/spacecal/SpaceCal/install/turtlesim/include/turtlesim/srv/detail/spawn__functions.c
[11.290s] -- Up-to-date: /home/spacecal/SpaceCal/install/turtlesim/include/turtlesim/srv/detail/teleport_relative__struct.h
[11.290s] -- Up-to-date: /home/spacecal/SpaceCal/install/turtlesim/include/turtlesim/srv/detail/teleport_absolute__functions.c
[11.291s] -- Up-to-date: /home/spacecal/SpaceCal/install/turtlesim/include/turtlesim/srv/detail/set_pen__type_support.h
[11.291s] -- Up-to-date: /home/spacecal/SpaceCal/install/turtlesim/include/turtlesim/srv/detail/spawn__type_support.h
[11.292s] -- Up-to-date: /home/spacecal/SpaceCal/install/turtlesim/include/turtlesim/srv/detail/kill__functions.h
[11.292s] -- Up-to-date: /home/spacecal/SpaceCal/install/turtlesim/include/turtlesim/srv/detail/set_pen__struct.h
[11.293s] -- Up-to-date: /home/spacecal/SpaceCal/install/turtlesim/include/turtlesim/srv/detail/kill__struct.h
[11.293s] -- Up-to-date: /home/spacecal/SpaceCal/install/turtlesim/include/turtlesim/srv/detail/teleport_absolute__functions.h
[11.293s] -- Up-to-date: /home/spacecal/SpaceCal/install/turtlesim/include/turtlesim/srv/detail/teleport_relative__functions.c
[11.294s] -- Up-to-date: /home/spacecal/SpaceCal/install/turtlesim/include/turtlesim/srv/detail/teleport_absolute__struct.h
[11.294s] -- Up-to-date: /home/spacecal/SpaceCal/install/turtlesim/include/turtlesim/srv/detail/spawn__functions.h
[11.295s] -- Up-to-date: /home/spacecal/SpaceCal/install/turtlesim/include/turtlesim/srv/detail/teleport_relative__type_support.h
[11.296s] -- Up-to-date: /home/spacecal/SpaceCal/install/turtlesim/include/turtlesim/srv/detail/kill__type_support.h
[11.297s] -- Up-to-date: /home/spacecal/SpaceCal/install/turtlesim/include/turtlesim/srv/detail/teleport_absolute__type_support.h
[11.297s] -- Up-to-date: /home/spacecal/SpaceCal/install/turtlesim/include/turtlesim/srv/detail/kill__functions.c
[11.298s] -- Up-to-date: /home/spacecal/SpaceCal/install/turtlesim/include/turtlesim/srv/detail/spawn__struct.h
[11.298s] -- Up-to-date: /home/spacecal/SpaceCal/install/turtlesim/include/turtlesim/srv/kill.h
[11.298s] -- Up-to-date: /home/spacecal/SpaceCal/install/turtlesim/include/turtlesim/srv/teleport_absolute.h
[11.299s] -- Up-to-date: /home/spacecal/SpaceCal/install/turtlesim/include/turtlesim/srv/teleport_relative.h
[11.299s] -- Up-to-date: /home/spacecal/SpaceCal/install/turtlesim/include/turtlesim/srv/spawn.h
[11.300s] -- Up-to-date: /home/spacecal/SpaceCal/install/turtlesim/include/turtlesim/action
[11.300s] -- Up-to-date: /home/spacecal/SpaceCal/install/turtlesim/include/turtlesim/action/detail
[11.300s] -- Up-to-date: /home/spacecal/SpaceCal/install/turtlesim/include/turtlesim/action/detail/rotate_absolute__functions.c
[11.301s] -- Up-to-date: /home/spacecal/SpaceCal/install/turtlesim/include/turtlesim/action/detail/rotate_absolute__type_support.h
[11.301s] -- Up-to-date: /home/spacecal/SpaceCal/install/turtlesim/include/turtlesim/action/detail/rotate_absolute__struct.h
[11.302s] -- Up-to-date: /home/spacecal/SpaceCal/install/turtlesim/include/turtlesim/action/detail/rotate_absolute__functions.h
[11.302s] -- Up-to-date: /home/spacecal/SpaceCal/install/turtlesim/include/turtlesim/action/rotate_absolute.h
[11.303s] -- Up-to-date: /home/spacecal/SpaceCal/install/turtlesim/share/turtlesim/environment/library_path.sh
[11.305s] -- Up-to-date: /home/spacecal/SpaceCal/install/turtlesim/share/turtlesim/environment/library_path.dsv
[11.306s] -- Up-to-date: /home/spacecal/SpaceCal/install/turtlesim/lib/libturtlesim__rosidl_generator_c.so
[11.307s] -- Up-to-date: /home/spacecal/SpaceCal/install/turtlesim/include/turtlesim
[11.307s] -- Up-to-date: /home/spacecal/SpaceCal/install/turtlesim/include/turtlesim/msg
[11.308s] -- Up-to-date: /home/spacecal/SpaceCal/install/turtlesim/include/turtlesim/msg/detail
[11.308s] -- Up-to-date: /home/spacecal/SpaceCal/install/turtlesim/include/turtlesim/msg/detail/pose__rosidl_typesupport_fastrtps_c.h
[11.312s] -- Up-to-date: /home/spacecal/SpaceCal/install/turtlesim/include/turtlesim/msg/detail/color__rosidl_typesupport_fastrtps_c.h
[11.312s] -- Up-to-date: /home/spacecal/SpaceCal/install/turtlesim/include/turtlesim/msg/rosidl_typesupport_fastrtps_c__visibility_control.h
[11.313s] -- Up-to-date: /home/spacecal/SpaceCal/install/turtlesim/include/turtlesim/srv
[11.314s] -- Up-to-date: /home/spacecal/SpaceCal/install/turtlesim/include/turtlesim/srv/detail
[11.314s] -- Up-to-date: /home/spacecal/SpaceCal/install/turtlesim/include/turtlesim/srv/detail/teleport_relative__rosidl_typesupport_fastrtps_c.h
[11.315s] -- Up-to-date: /home/spacecal/SpaceCal/install/turtlesim/include/turtlesim/srv/detail/teleport_absolute__rosidl_typesupport_fastrtps_c.h
[11.316s] -- Up-to-date: /home/spacecal/SpaceCal/install/turtlesim/include/turtlesim/srv/detail/spawn__rosidl_typesupport_fastrtps_c.h
[11.317s] -- Up-to-date: /home/spacecal/SpaceCal/install/turtlesim/include/turtlesim/srv/detail/kill__rosidl_typesupport_fastrtps_c.h
[11.317s] -- Up-to-date: /home/spacecal/SpaceCal/install/turtlesim/include/turtlesim/srv/detail/set_pen__rosidl_typesupport_fastrtps_c.h
[11.318s] -- Up-to-date: /home/spacecal/SpaceCal/install/turtlesim/include/turtlesim/action
[11.318s] -- Up-to-date: /home/spacecal/SpaceCal/install/turtlesim/include/turtlesim/action/detail
[11.319s] -- Up-to-date: /home/spacecal/SpaceCal/install/turtlesim/include/turtlesim/action/detail/rotate_absolute__rosidl_typesupport_fastrtps_c.h
[11.320s] -- Up-to-date: /home/spacecal/SpaceCal/install/turtlesim/lib/libturtlesim__rosidl_typesupport_fastrtps_c.so
[11.320s] -- Up-to-date: /home/spacecal/SpaceCal/install/turtlesim/include/turtlesim
[11.321s] -- Up-to-date: /home/spacecal/SpaceCal/install/turtlesim/include/turtlesim/msg
[11.322s] -- Up-to-date: /home/spacecal/SpaceCal/install/turtlesim/include/turtlesim/msg/detail
[11.322s] -- Up-to-date: /home/spacecal/SpaceCal/install/turtlesim/include/turtlesim/msg/detail/pose__rosidl_typesupport_fastrtps_cpp.hpp
[11.323s] -- Up-to-date: /home/spacecal/SpaceCal/install/turtlesim/include/turtlesim/msg/detail/dds_fastrtps
[11.324s] -- Up-to-date: /home/spacecal/SpaceCal/install/turtlesim/include/turtlesim/msg/detail/color__rosidl_typesupport_fastrtps_cpp.hpp
[11.324s] -- Up-to-date: /home/spacecal/SpaceCal/install/turtlesim/include/turtlesim/msg/rosidl_typesupport_fastrtps_cpp__visibility_control.h
[11.325s] -- Up-to-date: /home/spacecal/SpaceCal/install/turtlesim/include/turtlesim/srv
[11.325s] -- Up-to-date: /home/spacecal/SpaceCal/install/turtlesim/include/turtlesim/srv/detail
[11.326s] -- Up-to-date: /home/spacecal/SpaceCal/install/turtlesim/include/turtlesim/srv/detail/teleport_absolute__rosidl_typesupport_fastrtps_cpp.hpp
[11.326s] -- Up-to-date: /home/spacecal/SpaceCal/install/turtlesim/include/turtlesim/srv/detail/kill__rosidl_typesupport_fastrtps_cpp.hpp
[11.327s] -- Up-to-date: /home/spacecal/SpaceCal/install/turtlesim/include/turtlesim/srv/detail/dds_fastrtps
[11.328s] -- Up-to-date: /home/spacecal/SpaceCal/install/turtlesim/include/turtlesim/srv/detail/teleport_relative__rosidl_typesupport_fastrtps_cpp.hpp
[11.330s] -- Up-to-date: /home/spacecal/SpaceCal/install/turtlesim/include/turtlesim/srv/detail/spawn__rosidl_typesupport_fastrtps_cpp.hpp
[11.330s] -- Up-to-date: /home/spacecal/SpaceCal/install/turtlesim/include/turtlesim/srv/detail/set_pen__rosidl_typesupport_fastrtps_cpp.hpp
[11.331s] -- Up-to-date: /home/spacecal/SpaceCal/install/turtlesim/include/turtlesim/action
[11.332s] -- Up-to-date: /home/spacecal/SpaceCal/install/turtlesim/include/turtlesim/action/detail
[11.333s] -- Up-to-date: /home/spacecal/SpaceCal/install/turtlesim/include/turtlesim/action/detail/rotate_absolute__rosidl_typesupport_fastrtps_cpp.hpp
[11.334s] -- Up-to-date: /home/spacecal/SpaceCal/install/turtlesim/include/turtlesim/action/detail/dds_fastrtps
[11.335s] -- Up-to-date: /home/spacecal/SpaceCal/install/turtlesim/lib/libturtlesim__rosidl_typesupport_fastrtps_cpp.so
[11.336s] -- Up-to-date: /home/spacecal/SpaceCal/install/turtlesim/include/turtlesim
[11.337s] -- Up-to-date: /home/spacecal/SpaceCal/install/turtlesim/include/turtlesim/msg
[11.338s] -- Up-to-date: /home/spacecal/SpaceCal/install/turtlesim/include/turtlesim/msg/detail
[11.340s] -- Up-to-date: /home/spacecal/SpaceCal/install/turtlesim/include/turtlesim/msg/detail/color__type_support.c
[11.341s] -- Up-to-date: /home/spacecal/SpaceCal/install/turtlesim/include/turtlesim/msg/detail/pose__type_support.c
[11.342s] -- Up-to-date: /home/spacecal/SpaceCal/install/turtlesim/include/turtlesim/msg/detail/pose__rosidl_typesupport_introspection_c.h
[11.342s] -- Up-to-date: /home/spacecal/SpaceCal/install/turtlesim/include/turtlesim/msg/detail/color__rosidl_typesupport_introspection_c.h
[11.343s] -- Up-to-date: /home/spacecal/SpaceCal/install/turtlesim/include/turtlesim/msg/rosidl_typesupport_introspection_c__visibility_control.h
[11.344s] -- Up-to-date: /home/spacecal/SpaceCal/install/turtlesim/include/turtlesim/srv
[11.345s] -- Up-to-date: /home/spacecal/SpaceCal/install/turtlesim/include/turtlesim/srv/detail
[11.347s] -- Up-to-date: /home/spacecal/SpaceCal/install/turtlesim/include/turtlesim/srv/detail/spawn__type_support.c
[11.348s] -- Up-to-date: /home/spacecal/SpaceCal/install/turtlesim/include/turtlesim/srv/detail/set_pen__type_support.c
[11.349s] -- Up-to-date: /home/spacecal/SpaceCal/install/turtlesim/include/turtlesim/srv/detail/teleport_relative__rosidl_typesupport_introspection_c.h
[11.349s] -- Up-to-date: /home/spacecal/SpaceCal/install/turtlesim/include/turtlesim/srv/detail/kill__rosidl_typesupport_introspection_c.h
[11.350s] -- Up-to-date: /home/spacecal/SpaceCal/install/turtlesim/include/turtlesim/srv/detail/teleport_absolute__rosidl_typesupport_introspection_c.h
[11.350s] -- Up-to-date: /home/spacecal/SpaceCal/install/turtlesim/include/turtlesim/srv/detail/kill__type_support.c
[11.350s] -- Up-to-date: /home/spacecal/SpaceCal/install/turtlesim/include/turtlesim/srv/detail/spawn__rosidl_typesupport_introspection_c.h
[11.351s] -- Up-to-date: /home/spacecal/SpaceCal/install/turtlesim/include/turtlesim/srv/detail/teleport_relative__type_support.c
[11.352s] -- Up-to-date: /home/spacecal/SpaceCal/install/turtlesim/include/turtlesim/srv/detail/teleport_absolute__type_support.c
[11.352s] -- Up-to-date: /home/spacecal/SpaceCal/install/turtlesim/include/turtlesim/srv/detail/set_pen__rosidl_typesupport_introspection_c.h
[11.353s] -- Up-to-date: /home/spacecal/SpaceCal/install/turtlesim/include/turtlesim/action
[11.353s] -- Up-to-date: /home/spacecal/SpaceCal/install/turtlesim/include/turtlesim/action/detail
[11.354s] -- Up-to-date: /home/spacecal/SpaceCal/install/turtlesim/include/turtlesim/action/detail/rotate_absolute__rosidl_typesupport_introspection_c.h
[11.356s] -- Up-to-date: /home/spacecal/SpaceCal/install/turtlesim/include/turtlesim/action/detail/rotate_absolute__type_support.c
[11.357s] -- Up-to-date: /home/spacecal/SpaceCal/install/turtlesim/lib/libturtlesim__rosidl_typesupport_introspection_c.so
[11.359s] -- Up-to-date: /home/spacecal/SpaceCal/install/turtlesim/lib/libturtlesim__rosidl_typesupport_c.so
[11.359s] -- Up-to-date: /home/spacecal/SpaceCal/install/turtlesim/include/turtlesim
[11.360s] -- Up-to-date: /home/spacecal/SpaceCal/install/turtlesim/include/turtlesim/msg
[11.360s] -- Up-to-date: /home/spacecal/SpaceCal/install/turtlesim/include/turtlesim/msg/detail
[11.361s] -- Up-to-date: /home/spacecal/SpaceCal/install/turtlesim/include/turtlesim/msg/detail/pose__traits.hpp
[11.361s] -- Up-to-date: /home/spacecal/SpaceCal/install/turtlesim/include/turtlesim/msg/detail/color__traits.hpp
[11.362s] -- Up-to-date: /home/spacecal/SpaceCal/install/turtlesim/include/turtlesim/msg/detail/color__builder.hpp
[11.363s] -- Up-to-date: /home/spacecal/SpaceCal/install/turtlesim/include/turtlesim/msg/detail/pose__struct.hpp
[11.364s] -- Up-to-date: /home/spacecal/SpaceCal/install/turtlesim/include/turtlesim/msg/detail/pose__builder.hpp
[11.365s] -- Up-to-date: /home/spacecal/SpaceCal/install/turtlesim/include/turtlesim/msg/detail/color__struct.hpp
[11.365s] -- Up-to-date: /home/spacecal/SpaceCal/install/turtlesim/include/turtlesim/msg/pose.hpp
[11.366s] -- Up-to-date: /home/spacecal/SpaceCal/install/turtlesim/include/turtlesim/msg/color.hpp
[11.366s] -- Up-to-date: /home/spacecal/SpaceCal/install/turtlesim/include/turtlesim/srv
[11.367s] -- Up-to-date: /home/spacecal/SpaceCal/install/turtlesim/include/turtlesim/srv/detail
[11.367s] -- Up-to-date: /home/spacecal/SpaceCal/install/turtlesim/include/turtlesim/srv/detail/teleport_absolute__struct.hpp
[11.368s] -- Up-to-date: /home/spacecal/SpaceCal/install/turtlesim/include/turtlesim/srv/detail/spawn__builder.hpp
[11.368s] -- Up-to-date: /home/spacecal/SpaceCal/install/turtlesim/include/turtlesim/srv/detail/spawn__traits.hpp
[11.369s] -- Up-to-date: /home/spacecal/SpaceCal/install/turtlesim/include/turtlesim/srv/detail/teleport_relative__builder.hpp
[11.369s] -- Up-to-date: /home/spacecal/SpaceCal/install/turtlesim/include/turtlesim/srv/detail/set_pen__builder.hpp
[11.370s] -- Up-to-date: /home/spacecal/SpaceCal/install/turtlesim/include/turtlesim/srv/detail/kill__struct.hpp
[11.370s] -- Up-to-date: /home/spacecal/SpaceCal/install/turtlesim/include/turtlesim/srv/detail/teleport_relative__traits.hpp
[11.371s] -- Up-to-date: /home/spacecal/SpaceCal/install/turtlesim/include/turtlesim/srv/detail/kill__traits.hpp
[11.372s] -- Up-to-date: /home/spacecal/SpaceCal/install/turtlesim/include/turtlesim/srv/detail/teleport_absolute__traits.hpp
[11.372s] -- Up-to-date: /home/spacecal/SpaceCal/install/turtlesim/include/turtlesim/srv/detail/set_pen__struct.hpp
[11.373s] -- Up-to-date: /home/spacecal/SpaceCal/install/turtlesim/include/turtlesim/srv/detail/kill__builder.hpp
[11.373s] -- Up-to-date: /home/spacecal/SpaceCal/install/turtlesim/include/turtlesim/srv/detail/set_pen__traits.hpp
[11.374s] -- Up-to-date: /home/spacecal/SpaceCal/install/turtlesim/include/turtlesim/srv/detail/teleport_absolute__builder.hpp
[11.374s] -- Up-to-date: /home/spacecal/SpaceCal/install/turtlesim/include/turtlesim/srv/detail/spawn__struct.hpp
[11.375s] -- Up-to-date: /home/spacecal/SpaceCal/install/turtlesim/include/turtlesim/srv/detail/teleport_relative__struct.hpp
[11.375s] -- Up-to-date: /home/spacecal/SpaceCal/install/turtlesim/include/turtlesim/srv/teleport_absolute.hpp
[11.376s] -- Up-to-date: /home/spacecal/SpaceCal/install/turtlesim/include/turtlesim/srv/spawn.hpp
[11.376s] -- Up-to-date: /home/spacecal/SpaceCal/install/turtlesim/include/turtlesim/srv/set_pen.hpp
[11.377s] -- Up-to-date: /home/spacecal/SpaceCal/install/turtlesim/include/turtlesim/srv/teleport_relative.hpp
[11.377s] -- Up-to-date: /home/spacecal/SpaceCal/install/turtlesim/include/turtlesim/srv/kill.hpp
[11.378s] -- Up-to-date: /home/spacecal/SpaceCal/install/turtlesim/include/turtlesim/action
[11.378s] -- Up-to-date: /home/spacecal/SpaceCal/install/turtlesim/include/turtlesim/action/detail
[11.378s] -- Up-to-date: /home/spacecal/SpaceCal/install/turtlesim/include/turtlesim/action/detail/rotate_absolute__builder.hpp
[11.379s] -- Up-to-date: /home/spacecal/SpaceCal/install/turtlesim/include/turtlesim/action/detail/rotate_absolute__struct.hpp
[11.380s] -- Up-to-date: /home/spacecal/SpaceCal/install/turtlesim/include/turtlesim/action/detail/rotate_absolute__traits.hpp
[11.380s] -- Up-to-date: /home/spacecal/SpaceCal/install/turtlesim/include/turtlesim/action/rotate_absolute.hpp
[11.381s] -- Up-to-date: /home/spacecal/SpaceCal/install/turtlesim/include/turtlesim
[11.381s] -- Up-to-date: /home/spacecal/SpaceCal/install/turtlesim/include/turtlesim/msg
[11.382s] -- Up-to-date: /home/spacecal/SpaceCal/install/turtlesim/include/turtlesim/msg/detail
[11.382s] -- Up-to-date: /home/spacecal/SpaceCal/install/turtlesim/include/turtlesim/msg/detail/pose__rosidl_typesupport_introspection_cpp.hpp
[11.383s] -- Up-to-date: /home/spacecal/SpaceCal/install/turtlesim/include/turtlesim/msg/detail/color__type_support.cpp
[11.383s] -- Up-to-date: /home/spacecal/SpaceCal/install/turtlesim/include/turtlesim/msg/detail/pose__type_support.cpp
[11.384s] -- Up-to-date: /home/spacecal/SpaceCal/install/turtlesim/include/turtlesim/msg/detail/color__rosidl_typesupport_introspection_cpp.hpp
[11.384s] -- Up-to-date: /home/spacecal/SpaceCal/install/turtlesim/include/turtlesim/srv
[11.384s] -- Up-to-date: /home/spacecal/SpaceCal/install/turtlesim/include/turtlesim/srv/detail
[11.385s] -- Up-to-date: /home/spacecal/SpaceCal/install/turtlesim/include/turtlesim/srv/detail/set_pen__type_support.cpp
[11.385s] -- Up-to-date: /home/spacecal/SpaceCal/install/turtlesim/include/turtlesim/srv/detail/teleport_absolute__type_support.cpp
[11.386s] -- Up-to-date: /home/spacecal/SpaceCal/install/turtlesim/include/turtlesim/srv/detail/teleport_absolute__rosidl_typesupport_introspection_cpp.hpp
[11.386s] -- Up-to-date: /home/spacecal/SpaceCal/install/turtlesim/include/turtlesim/srv/detail/set_pen__rosidl_typesupport_introspection_cpp.hpp
[11.387s] -- Up-to-date: /home/spacecal/SpaceCal/install/turtlesim/include/turtlesim/srv/detail/kill__type_support.cpp
[11.388s] -- Up-to-date: /home/spacecal/SpaceCal/install/turtlesim/include/turtlesim/srv/detail/spawn__type_support.cpp
[11.388s] -- Up-to-date: /home/spacecal/SpaceCal/install/turtlesim/include/turtlesim/srv/detail/teleport_relative__rosidl_typesupport_introspection_cpp.hpp
[11.389s] -- Up-to-date: /home/spacecal/SpaceCal/install/turtlesim/include/turtlesim/srv/detail/teleport_relative__type_support.cpp
[11.389s] -- Up-to-date: /home/spacecal/SpaceCal/install/turtlesim/include/turtlesim/srv/detail/spawn__rosidl_typesupport_introspection_cpp.hpp
[11.389s] -- Up-to-date: /home/spacecal/SpaceCal/install/turtlesim/include/turtlesim/srv/detail/kill__rosidl_typesupport_introspection_cpp.hpp
[11.390s] -- Up-to-date: /home/spacecal/SpaceCal/install/turtlesim/include/turtlesim/action
[11.390s] -- Up-to-date: /home/spacecal/SpaceCal/install/turtlesim/include/turtlesim/action/detail
[11.391s] -- Up-to-date: /home/spacecal/SpaceCal/install/turtlesim/include/turtlesim/action/detail/rotate_absolute__rosidl_typesupport_introspection_cpp.hpp
[11.391s] -- Up-to-date: /home/spacecal/SpaceCal/install/turtlesim/include/turtlesim/action/detail/rotate_absolute__type_support.cpp
[11.392s] -- Up-to-date: /home/spacecal/SpaceCal/install/turtlesim/lib/libturtlesim__rosidl_typesupport_introspection_cpp.so
[11.392s] -- Up-to-date: /home/spacecal/SpaceCal/install/turtlesim/lib/libturtlesim__rosidl_typesupport_cpp.so
[11.393s] -- Up-to-date: /home/spacecal/SpaceCal/install/turtlesim/share/turtlesim/environment/pythonpath.sh
[11.393s] -- Up-to-date: /home/spacecal/SpaceCal/install/turtlesim/share/turtlesim/environment/pythonpath.dsv
[11.393s] -- Up-to-date: /home/spacecal/SpaceCal/install/turtlesim/lib/python3.8/site-packages/turtlesim/__init__.py
[11.616s] -- Up-to-date: /home/spacecal/SpaceCal/install/turtlesim/lib/python3.8/site-packages/turtlesim/action
[11.618s] -- Up-to-date: /home/spacecal/SpaceCal/install/turtlesim/lib/python3.8/site-packages/turtlesim/action/_rotate_absolute_s.c
[11.619s] -- Up-to-date: /home/spacecal/SpaceCal/install/turtlesim/lib/python3.8/site-packages/turtlesim/action/__init__.py
[11.620s] -- Up-to-date: /home/spacecal/SpaceCal/install/turtlesim/lib/python3.8/site-packages/turtlesim/action/_rotate_absolute.py
[11.621s] -- Up-to-date: /home/spacecal/SpaceCal/install/turtlesim/lib/python3.8/site-packages/turtlesim/msg
[11.622s] -- Up-to-date: /home/spacecal/SpaceCal/install/turtlesim/lib/python3.8/site-packages/turtlesim/msg/_pose.py
[11.622s] -- Up-to-date: /home/spacecal/SpaceCal/install/turtlesim/lib/python3.8/site-packages/turtlesim/msg/_pose_s.c
[11.623s] -- Up-to-date: /home/spacecal/SpaceCal/install/turtlesim/lib/python3.8/site-packages/turtlesim/msg/__init__.py
[11.623s] -- Up-to-date: /home/spacecal/SpaceCal/install/turtlesim/lib/python3.8/site-packages/turtlesim/msg/_color.py
[11.624s] -- Up-to-date: /home/spacecal/SpaceCal/install/turtlesim/lib/python3.8/site-packages/turtlesim/msg/_color_s.c
[11.624s] -- Up-to-date: /home/spacecal/SpaceCal/install/turtlesim/lib/python3.8/site-packages/turtlesim/srv
[11.625s] -- Up-to-date: /home/spacecal/SpaceCal/install/turtlesim/lib/python3.8/site-packages/turtlesim/srv/_set_pen_s.c
[11.625s] -- Up-to-date: /home/spacecal/SpaceCal/install/turtlesim/lib/python3.8/site-packages/turtlesim/srv/_set_pen.py
[11.626s] -- Up-to-date: /home/spacecal/SpaceCal/install/turtlesim/lib/python3.8/site-packages/turtlesim/srv/_kill_s.c
[11.626s] -- Up-to-date: /home/spacecal/SpaceCal/install/turtlesim/lib/python3.8/site-packages/turtlesim/srv/_kill.py
[11.626s] -- Up-to-date: /home/spacecal/SpaceCal/install/turtlesim/lib/python3.8/site-packages/turtlesim/srv/_spawn.py
[11.627s] -- Up-to-date: /home/spacecal/SpaceCal/install/turtlesim/lib/python3.8/site-packages/turtlesim/srv/__init__.py
[11.627s] -- Up-to-date: /home/spacecal/SpaceCal/install/turtlesim/lib/python3.8/site-packages/turtlesim/srv/_teleport_relative_s.c
[11.628s] -- Up-to-date: /home/spacecal/SpaceCal/install/turtlesim/lib/python3.8/site-packages/turtlesim/srv/_teleport_absolute_s.c
[11.628s] -- Up-to-date: /home/spacecal/SpaceCal/install/turtlesim/lib/python3.8/site-packages/turtlesim/srv/_teleport_absolute.py
[11.629s] -- Up-to-date: /home/spacecal/SpaceCal/install/turtlesim/lib/python3.8/site-packages/turtlesim/srv/_teleport_relative.py
[11.629s] -- Up-to-date: /home/spacecal/SpaceCal/install/turtlesim/lib/python3.8/site-packages/turtlesim/srv/_spawn_s.c
[11.630s] -- Up-to-date: /home/spacecal/SpaceCal/install/turtlesim/lib/python3.8/site-packages/turtlesim/turtlesim_s__rosidl_typesupport_fastrtps_c.cpython-38-aarch64-linux-gnu.so
[11.630s] -- Up-to-date: /home/spacecal/SpaceCal/install/turtlesim/lib/python3.8/site-packages/turtlesim/turtlesim_s__rosidl_typesupport_introspection_c.cpython-38-aarch64-linux-gnu.so
[11.631s] -- Up-to-date: /home/spacecal/SpaceCal/install/turtlesim/lib/python3.8/site-packages/turtlesim/turtlesim_s__rosidl_typesupport_c.cpython-38-aarch64-linux-gnu.so
[11.631s] -- Up-to-date: /home/spacecal/SpaceCal/install/turtlesim/lib/libturtlesim__python.so
[11.632s] -- Up-to-date: /home/spacecal/SpaceCal/install/turtlesim/share/turtlesim/action/RotateAbsolute.idl
[11.632s] -- Up-to-date: /home/spacecal/SpaceCal/install/turtlesim/share/turtlesim/msg/Color.idl
[11.633s] -- Up-to-date: /home/spacecal/SpaceCal/install/turtlesim/share/turtlesim/msg/Pose.idl
[11.633s] -- Up-to-date: /home/spacecal/SpaceCal/install/turtlesim/share/turtlesim/srv/Kill.idl
[11.634s] -- Up-to-date: /home/spacecal/SpaceCal/install/turtlesim/share/turtlesim/srv/SetPen.idl
[11.634s] -- Up-to-date: /home/spacecal/SpaceCal/install/turtlesim/share/turtlesim/srv/Spawn.idl
[11.635s] -- Up-to-date: /home/spacecal/SpaceCal/install/turtlesim/share/turtlesim/srv/TeleportAbsolute.idl
[11.636s] -- Up-to-date: /home/spacecal/SpaceCal/install/turtlesim/share/turtlesim/srv/TeleportRelative.idl
[11.637s] -- Up-to-date: /home/spacecal/SpaceCal/install/turtlesim/share/turtlesim/action/RotateAbsolute.action
[11.637s] -- Up-to-date: /home/spacecal/SpaceCal/install/turtlesim/share/turtlesim/msg/Color.msg
[11.638s] -- Up-to-date: /home/spacecal/SpaceCal/install/turtlesim/share/turtlesim/msg/Pose.msg
[11.640s] -- Up-to-date: /home/spacecal/SpaceCal/install/turtlesim/share/turtlesim/srv/Kill.srv
[11.641s] -- Up-to-date: /home/spacecal/SpaceCal/install/turtlesim/share/turtlesim/srv/Kill_Request.msg
[11.642s] -- Up-to-date: /home/spacecal/SpaceCal/install/turtlesim/share/turtlesim/srv/Kill_Response.msg
[11.643s] -- Up-to-date: /home/spacecal/SpaceCal/install/turtlesim/share/turtlesim/srv/SetPen.srv
[11.644s] -- Up-to-date: /home/spacecal/SpaceCal/install/turtlesim/share/turtlesim/srv/SetPen_Request.msg
[11.646s] -- Up-to-date: /home/spacecal/SpaceCal/install/turtlesim/share/turtlesim/srv/SetPen_Response.msg
[11.647s] -- Up-to-date: /home/spacecal/SpaceCal/install/turtlesim/share/turtlesim/srv/Spawn.srv
[11.649s] -- Up-to-date: /home/spacecal/SpaceCal/install/turtlesim/share/turtlesim/srv/Spawn_Request.msg
[11.649s] -- Up-to-date: /home/spacecal/SpaceCal/install/turtlesim/share/turtlesim/srv/Spawn_Response.msg
[11.650s] -- Up-to-date: /home/spacecal/SpaceCal/install/turtlesim/share/turtlesim/srv/TeleportAbsolute.srv
[11.651s] -- Up-to-date: /home/spacecal/SpaceCal/install/turtlesim/share/turtlesim/srv/TeleportAbsolute_Request.msg
[11.653s] -- Up-to-date: /home/spacecal/SpaceCal/install/turtlesim/share/turtlesim/srv/TeleportAbsolute_Response.msg
[11.655s] -- Up-to-date: /home/spacecal/SpaceCal/install/turtlesim/share/turtlesim/srv/TeleportRelative.srv
[11.657s] -- Up-to-date: /home/spacecal/SpaceCal/install/turtlesim/share/turtlesim/srv/TeleportRelative_Request.msg
[11.658s] -- Up-to-date: /home/spacecal/SpaceCal/install/turtlesim/share/turtlesim/srv/TeleportRelative_Response.msg
[11.660s] -- Up-to-date: /home/spacecal/SpaceCal/install/turtlesim/lib/turtlesim/turtlesim_node
[11.661s] -- Up-to-date: /home/spacecal/SpaceCal/install/turtlesim/lib/turtlesim/turtle_teleop_key
[11.661s] -- Up-to-date: /home/spacecal/SpaceCal/install/turtlesim/lib/turtlesim/draw_square
[11.662s] -- Up-to-date: /home/spacecal/SpaceCal/install/turtlesim/lib/turtlesim/mimic
[11.662s] -- Up-to-date: /home/spacecal/SpaceCal/install/turtlesim/share/turtlesim/images
[11.663s] -- Up-to-date: /home/spacecal/SpaceCal/install/turtlesim/share/turtlesim/images/dashing.png
[11.664s] -- Up-to-date: /home/spacecal/SpaceCal/install/turtlesim/share/turtlesim/images/eloquent.png
[11.664s] -- Up-to-date: /home/spacecal/SpaceCal/install/turtlesim/share/turtlesim/images/foxy.png
[11.665s] -- Up-to-date: /home/spacecal/SpaceCal/install/turtlesim/share/turtlesim/images/bouncy.png
[11.665s] -- Up-to-date: /home/spacecal/SpaceCal/install/turtlesim/share/turtlesim/images/ardent.png
[11.665s] -- Up-to-date: /home/spacecal/SpaceCal/install/turtlesim/share/turtlesim/images/crystal.png
[11.666s] -- Up-to-date: /home/spacecal/SpaceCal/install/turtlesim/share/turtlesim/launch
[11.666s] -- Up-to-date: /home/spacecal/SpaceCal/install/turtlesim/share/turtlesim/launch/multisim.launch.py
[11.667s] -- Up-to-date: /home/spacecal/SpaceCal/install/turtlesim/share/ament_index/resource_index/package_run_dependencies/turtlesim
[11.668s] -- Up-to-date: /home/spacecal/SpaceCal/install/turtlesim/share/ament_index/resource_index/parent_prefix_path/turtlesim
[11.669s] -- Up-to-date: /home/spacecal/SpaceCal/install/turtlesim/share/turtlesim/environment/ament_prefix_path.sh
[11.669s] -- Up-to-date: /home/spacecal/SpaceCal/install/turtlesim/share/turtlesim/environment/ament_prefix_path.dsv
[11.670s] -- Up-to-date: /home/spacecal/SpaceCal/install/turtlesim/share/turtlesim/environment/path.sh
[11.670s] -- Up-to-date: /home/spacecal/SpaceCal/install/turtlesim/share/turtlesim/environment/path.dsv
[11.671s] -- Up-to-date: /home/spacecal/SpaceCal/install/turtlesim/share/turtlesim/local_setup.bash
[11.672s] -- Up-to-date: /home/spacecal/SpaceCal/install/turtlesim/share/turtlesim/local_setup.sh
[11.672s] -- Up-to-date: /home/spacecal/SpaceCal/install/turtlesim/share/turtlesim/local_setup.zsh
[11.673s] -- Up-to-date: /home/spacecal/SpaceCal/install/turtlesim/share/turtlesim/local_setup.dsv
[11.673s] -- Installing: /home/spacecal/SpaceCal/install/turtlesim/share/turtlesim/package.dsv
[11.674s] -- Up-to-date: /home/spacecal/SpaceCal/install/turtlesim/share/ament_index/resource_index/packages/turtlesim
[11.674s] -- Up-to-date: /home/spacecal/SpaceCal/install/turtlesim/share/turtlesim/cmake/turtlesim__rosidl_generator_cExport.cmake
[11.675s] -- Up-to-date: /home/spacecal/SpaceCal/install/turtlesim/share/turtlesim/cmake/turtlesim__rosidl_generator_cExport-noconfig.cmake
[11.676s] -- Up-to-date: /home/spacecal/SpaceCal/install/turtlesim/share/turtlesim/cmake/turtlesim__rosidl_typesupport_introspection_cExport.cmake
[11.676s] -- Up-to-date: /home/spacecal/SpaceCal/install/turtlesim/share/turtlesim/cmake/turtlesim__rosidl_typesupport_introspection_cExport-noconfig.cmake
[11.677s] -- Up-to-date: /home/spacecal/SpaceCal/install/turtlesim/share/turtlesim/cmake/turtlesim__rosidl_typesupport_cExport.cmake
[11.677s] -- Up-to-date: /home/spacecal/SpaceCal/install/turtlesim/share/turtlesim/cmake/turtlesim__rosidl_typesupport_cExport-noconfig.cmake
[11.678s] -- Up-to-date: /home/spacecal/SpaceCal/install/turtlesim/share/turtlesim/cmake/turtlesim__rosidl_generator_cppExport.cmake
[11.678s] -- Up-to-date: /home/spacecal/SpaceCal/install/turtlesim/share/turtlesim/cmake/turtlesim__rosidl_typesupport_introspection_cppExport.cmake
[11.679s] -- Up-to-date: /home/spacecal/SpaceCal/install/turtlesim/share/turtlesim/cmake/turtlesim__rosidl_typesupport_introspection_cppExport-noconfig.cmake
[11.680s] -- Up-to-date: /home/spacecal/SpaceCal/install/turtlesim/share/turtlesim/cmake/turtlesim__rosidl_typesupport_cppExport.cmake
[11.681s] -- Up-to-date: /home/spacecal/SpaceCal/install/turtlesim/share/turtlesim/cmake/turtlesim__rosidl_typesupport_cppExport-noconfig.cmake
[11.681s] -- Up-to-date: /home/spacecal/SpaceCal/install/turtlesim/share/turtlesim/cmake/rosidl_cmake-extras.cmake
[11.682s] -- Up-to-date: /home/spacecal/SpaceCal/install/turtlesim/share/turtlesim/cmake/ament_cmake_export_dependencies-extras.cmake
[11.682s] -- Up-to-date: /home/spacecal/SpaceCal/install/turtlesim/share/turtlesim/cmake/ament_cmake_export_libraries-extras.cmake
[11.684s] -- Up-to-date: /home/spacecal/SpaceCal/install/turtlesim/share/turtlesim/cmake/ament_cmake_export_targets-extras.cmake
[11.685s] -- Up-to-date: /home/spacecal/SpaceCal/install/turtlesim/share/turtlesim/cmake/ament_cmake_export_include_directories-extras.cmake
[11.686s] -- Up-to-date: /home/spacecal/SpaceCal/install/turtlesim/share/turtlesim/cmake/rosidl_cmake_export_typesupport_libraries-extras.cmake
[11.687s] -- Up-to-date: /home/spacecal/SpaceCal/install/turtlesim/share/turtlesim/cmake/rosidl_cmake_export_typesupport_targets-extras.cmake
[11.689s] -- Up-to-date: /home/spacecal/SpaceCal/install/turtlesim/share/turtlesim/cmake/turtlesimConfig.cmake
[11.700s] -- Up-to-date: /home/spacecal/SpaceCal/install/turtlesim/share/turtlesim/cmake/turtlesimConfig-version.cmake
[11.701s] -- Up-to-date: /home/spacecal/SpaceCal/install/turtlesim/share/turtlesim/package.xml
[11.703s] Invoked command in '/home/spacecal/SpaceCal/build/turtlesim' returned '0': CMAKE_PREFIX_PATH=${CMAKE_PREFIX_PATH}:/home/spacecal/SpaceCal/install/my_package:/home/spacecal/SpaceCal/install/JNode_MotorController:/home/spacecal/SpaceCal/install/JNode_KeyboardInput:/opt/ros/foxy /usr/bin/cmake --install /home/spacecal/SpaceCal/build/turtlesim
