[5.510s] Invoking command in '/home/spacecal/SpaceCal/src/my_package': PYTHONPATH=/home/spacecal/SpaceCal/install/my_package/lib/python3.8/site-packages:${PYTHONPATH} /usr/bin/python3 setup.py egg_info --egg-base ../../build/my_package build --build-base /home/spacecal/SpaceCal/build/my_package/build install --prefix /home/spacecal/SpaceCal/install/my_package --record /home/spacecal/SpaceCal/build/my_package/install.log --single-version-externally-managed
[8.018s] running egg_info
[8.030s] creating ../../build/my_package/my_package.egg-info
[8.036s] writing ../../build/my_package/my_package.egg-info/PKG-INFO
[8.044s] writing dependency_links to ../../build/my_package/my_package.egg-info/dependency_links.txt
[8.055s] writing entry points to ../../build/my_package/my_package.egg-info/entry_points.txt
[8.068s] writing requirements to ../../build/my_package/my_package.egg-info/requires.txt
[8.079s] writing top-level names to ../../build/my_package/my_package.egg-info/top_level.txt
[8.119s] writing manifest file '../../build/my_package/my_package.egg-info/SOURCES.txt'
[8.581s] reading manifest file '../../build/my_package/my_package.egg-info/SOURCES.txt'
[8.588s] writing manifest file '../../build/my_package/my_package.egg-info/SOURCES.txt'
[8.591s] running build
[8.593s] running build_py
[8.595s] creating /home/spacecal/SpaceCal/build/my_package/build
[8.606s] creating /home/spacecal/SpaceCal/build/my_package/build/lib
[8.609s] creating /home/spacecal/SpaceCal/build/my_package/build/lib/my_package
[8.610s] copying my_package/__init__.py -> /home/spacecal/SpaceCal/build/my_package/build/lib/my_package
[8.612s] copying my_package/my_node.py -> /home/spacecal/SpaceCal/build/my_package/build/lib/my_package
[8.614s] running install
[8.615s] running install_lib
[8.625s] creating /home/spacecal/SpaceCal/install/my_package/lib/python3.8/site-packages/my_package
[8.629s] copying /home/spacecal/SpaceCal/build/my_package/build/lib/my_package/__init__.py -> /home/spacecal/SpaceCal/install/my_package/lib/python3.8/site-packages/my_package
[8.631s] copying /home/spacecal/SpaceCal/build/my_package/build/lib/my_package/my_node.py -> /home/spacecal/SpaceCal/install/my_package/lib/python3.8/site-packages/my_package
[8.639s] byte-compiling /home/spacecal/SpaceCal/install/my_package/lib/python3.8/site-packages/my_package/__init__.py to __init__.cpython-38.pyc
[8.650s] byte-compiling /home/spacecal/SpaceCal/install/my_package/lib/python3.8/site-packages/my_package/my_node.py to my_node.cpython-38.pyc
[8.652s] running install_data
[8.660s] creating /home/spacecal/SpaceCal/install/my_package/share/ament_index
[8.662s] creating /home/spacecal/SpaceCal/install/my_package/share/ament_index/resource_index
[8.664s] creating /home/spacecal/SpaceCal/install/my_package/share/ament_index/resource_index/packages
[8.674s] copying resource/my_package -> /home/spacecal/SpaceCal/install/my_package/share/ament_index/resource_index/packages
[8.677s] copying package.xml -> /home/spacecal/SpaceCal/install/my_package/share/my_package
[8.679s] running install_egg_info
[8.705s] Copying ../../build/my_package/my_package.egg-info to /home/spacecal/SpaceCal/install/my_package/lib/python3.8/site-packages/my_package-0.0.0-py3.8.egg-info
[8.718s] running install_scripts
[8.924s] Installing my_node script to /home/spacecal/SpaceCal/install/my_package/lib/my_package
[8.926s] writing list of installed files to '/home/spacecal/SpaceCal/build/my_package/install.log'
[9.465s] Invoked command in '/home/spacecal/SpaceCal/src/my_package' returned '0': PYTHONPATH=/home/spacecal/SpaceCal/install/my_package/lib/python3.8/site-packages:${PYTHONPATH} /usr/bin/python3 setup.py egg_info --egg-base ../../build/my_package build --build-base /home/spacecal/SpaceCal/build/my_package/build install --prefix /home/spacecal/SpaceCal/install/my_package --record /home/spacecal/SpaceCal/build/my_package/install.log --single-version-externally-managed
