[3.802s] Invoking command in '/home/spacecal/SpaceCal/src/JNode_KeyboardInput': PYTHONPATH=/home/spacecal/SpaceCal/install/JNode_KeyboardInput/lib/python3.8/site-packages:${PYTHONPATH} /usr/bin/python3 setup.py egg_info --egg-base ../../build/JNode_KeyboardInput build --build-base /home/spacecal/SpaceCal/build/JNode_KeyboardInput/build install --prefix /home/spacecal/SpaceCal/install/JNode_KeyboardInput --record /home/spacecal/SpaceCal/build/JNode_KeyboardInput/install.log --single-version-externally-managed
[5.514s] running egg_info
[5.520s] writing ../../build/JNode_KeyboardInput/JNode_KeyboardInput.egg-info/PKG-INFO
[5.525s] writing dependency_links to ../../build/JNode_KeyboardInput/JNode_KeyboardInput.egg-info/dependency_links.txt
[5.527s] writing entry points to ../../build/JNode_KeyboardInput/JNode_KeyboardInput.egg-info/entry_points.txt
[5.528s] writing requirements to ../../build/JNode_KeyboardInput/JNode_KeyboardInput.egg-info/requires.txt
[5.530s] writing top-level names to ../../build/JNode_KeyboardInput/JNode_KeyboardInput.egg-info/top_level.txt
[5.785s] reading manifest file '../../build/JNode_KeyboardInput/JNode_KeyboardInput.egg-info/SOURCES.txt'
[5.796s] writing manifest file '../../build/JNode_KeyboardInput/JNode_KeyboardInput.egg-info/SOURCES.txt'
[5.802s] running build
[5.804s] running build_py
[5.805s] running install
[5.812s] running install_lib
[5.824s] running install_data
[5.829s] running install_egg_info
[5.844s] removing '/home/spacecal/SpaceCal/install/JNode_KeyboardInput/lib/python3.8/site-packages/JNode_KeyboardInput-0.0.0-py3.8.egg-info' (and everything under it)
[5.846s] Copying ../../build/JNode_KeyboardInput/JNode_KeyboardInput.egg-info to /home/spacecal/SpaceCal/install/JNode_KeyboardInput/lib/python3.8/site-packages/JNode_KeyboardInput-0.0.0-py3.8.egg-info
[5.853s] running install_scripts
[6.027s] Installing JNodeInput script to /home/spacecal/SpaceCal/install/JNode_KeyboardInput/lib/JNode_KeyboardInput
[6.029s] writing list of installed files to '/home/spacecal/SpaceCal/build/JNode_KeyboardInput/install.log'
[6.468s] Invoked command in '/home/spacecal/SpaceCal/src/JNode_KeyboardInput' returned '0': PYTHONPATH=/home/spacecal/SpaceCal/install/JNode_KeyboardInput/lib/python3.8/site-packages:${PYTHONPATH} /usr/bin/python3 setup.py egg_info --egg-base ../../build/JNode_KeyboardInput build --build-base /home/spacecal/SpaceCal/build/JNode_KeyboardInput/build install --prefix /home/spacecal/SpaceCal/install/JNode_KeyboardInput --record /home/spacecal/SpaceCal/build/JNode_KeyboardInput/install.log --single-version-externally-managed
