[1.719s] DEBUG:colcon:Command line arguments: ['/usr/bin/colcon', 'build']
[1.720s] DEBUG:colcon:Parsed command line arguments: Namespace(ament_cmake_args=None, base_paths=['.'], build_base='build', catkin_cmake_args=None, catkin_skip_building_tests=False, cmake_args=None, cmake_clean_cache=False, cmake_clean_first=False, cmake_force_configure=False, cmake_target=None, cmake_target_skip_unavailable=False, continue_on_error=False, event_handlers=None, executor='parallel', ignore_user_meta=False, install_base='install', log_base=None, log_level=None, main=<bound method BuildVerb.main of <colcon_core.verb.build.BuildVerb object at 0x7f85fec5e0>>, merge_install=False, metas=['./colcon.meta'], packages_above=None, packages_above_and_dependencies=None, packages_above_depth=None, packages_end=None, packages_ignore=None, packages_ignore_regex=None, packages_select=None, packages_select_build_failed=False, packages_select_by_dep=None, packages_select_regex=None, packages_select_test_failures=False, packages_skip=None, packages_skip_build_finished=False, packages_skip_by_dep=None, packages_skip_regex=None, packages_skip_test_passed=False, packages_skip_up_to=None, packages_start=None, packages_up_to=None, packages_up_to_regex=None, parallel_workers=4, paths=None, symlink_install=False, test_result_base=None, verb_extension=<colcon_core.verb.build.BuildVerb object at 0x7f85fec5e0>, verb_name='build', verb_parser=<colcon_defaults.argument_parser.defaults.DefaultArgumentsDecorator object at 0x7f85fecb20>)
[1.753s] Level 1:colcon.colcon_core.package_discovery:discover_packages(colcon_meta) check parameters
[1.754s] Level 1:colcon.colcon_core.package_discovery:discover_packages(recursive) check parameters
[1.754s] Level 1:colcon.colcon_core.package_discovery:discover_packages(ignore) check parameters
[1.754s] Level 1:colcon.colcon_core.package_discovery:discover_packages(path) check parameters
[1.754s] Level 1:colcon.colcon_core.package_discovery:discover_packages(colcon_meta) discover
[1.755s] Level 1:colcon.colcon_core.package_discovery:discover_packages(recursive) discover
[1.755s] INFO:colcon.colcon_core.package_discovery:Crawling recursively for packages in '/home/spacecal/SpaceCal'
[1.756s] Level 1:colcon.colcon_core.package_identification:_identify(.) by extensions ['ignore', 'ignore_ament_install']
[1.757s] Level 1:colcon.colcon_core.package_identification:_identify(.) by extension 'ignore'
[1.757s] Level 1:colcon.colcon_core.package_identification:_identify(.) by extension 'ignore_ament_install'
[1.757s] Level 1:colcon.colcon_core.package_identification:_identify(.) by extensions ['colcon_pkg']
[1.758s] Level 1:colcon.colcon_core.package_identification:_identify(.) by extension 'colcon_pkg'
[1.758s] Level 1:colcon.colcon_core.package_identification:_identify(.) by extensions ['colcon_meta']
[1.758s] Level 1:colcon.colcon_core.package_identification:_identify(.) by extension 'colcon_meta'
[1.758s] Level 1:colcon.colcon_core.package_identification:_identify(.) by extensions ['ros']
[1.758s] Level 1:colcon.colcon_core.package_identification:_identify(.) by extension 'ros'
[1.841s] Level 1:colcon.colcon_core.package_identification:_identify(.) by extensions ['cmake', 'python']
[1.842s] Level 1:colcon.colcon_core.package_identification:_identify(.) by extension 'cmake'
[1.842s] Level 1:colcon.colcon_core.package_identification:_identify(.) by extension 'python'
[1.843s] Level 1:colcon.colcon_core.package_identification:_identify(.) by extensions ['python_setup_py']
[1.843s] Level 1:colcon.colcon_core.package_identification:_identify(.) by extension 'python_setup_py'
[1.844s] Level 1:colcon.colcon_core.package_identification:_identify(build) by extensions ['ignore', 'ignore_ament_install']
[1.845s] Level 1:colcon.colcon_core.package_identification:_identify(build) by extension 'ignore'
[1.845s] Level 1:colcon.colcon_core.package_identification:_identify(build) ignored
[1.846s] Level 1:colcon.colcon_core.package_identification:_identify(install) by extensions ['ignore', 'ignore_ament_install']
[1.847s] Level 1:colcon.colcon_core.package_identification:_identify(install) by extension 'ignore'
[1.847s] Level 1:colcon.colcon_core.package_identification:_identify(install) ignored
[1.847s] Level 1:colcon.colcon_core.package_identification:_identify(launch) by extensions ['ignore', 'ignore_ament_install']
[1.848s] Level 1:colcon.colcon_core.package_identification:_identify(launch) by extension 'ignore'
[1.848s] Level 1:colcon.colcon_core.package_identification:_identify(launch) by extension 'ignore_ament_install'
[1.848s] Level 1:colcon.colcon_core.package_identification:_identify(launch) by extensions ['colcon_pkg']
[1.848s] Level 1:colcon.colcon_core.package_identification:_identify(launch) by extension 'colcon_pkg'
[1.849s] Level 1:colcon.colcon_core.package_identification:_identify(launch) by extensions ['colcon_meta']
[1.849s] Level 1:colcon.colcon_core.package_identification:_identify(launch) by extension 'colcon_meta'
[1.849s] Level 1:colcon.colcon_core.package_identification:_identify(launch) by extensions ['ros']
[1.849s] Level 1:colcon.colcon_core.package_identification:_identify(launch) by extension 'ros'
[1.850s] Level 1:colcon.colcon_core.package_identification:_identify(launch) by extensions ['cmake', 'python']
[1.850s] Level 1:colcon.colcon_core.package_identification:_identify(launch) by extension 'cmake'
[1.850s] Level 1:colcon.colcon_core.package_identification:_identify(launch) by extension 'python'
[1.850s] Level 1:colcon.colcon_core.package_identification:_identify(launch) by extensions ['python_setup_py']
[1.850s] Level 1:colcon.colcon_core.package_identification:_identify(launch) by extension 'python_setup_py'
[1.851s] Level 1:colcon.colcon_core.package_identification:_identify(launch/__pycache__) by extensions ['ignore', 'ignore_ament_install']
[1.851s] Level 1:colcon.colcon_core.package_identification:_identify(launch/__pycache__) by extension 'ignore'
[1.851s] Level 1:colcon.colcon_core.package_identification:_identify(launch/__pycache__) by extension 'ignore_ament_install'
[1.852s] Level 1:colcon.colcon_core.package_identification:_identify(launch/__pycache__) by extensions ['colcon_pkg']
[1.852s] Level 1:colcon.colcon_core.package_identification:_identify(launch/__pycache__) by extension 'colcon_pkg'
[1.852s] Level 1:colcon.colcon_core.package_identification:_identify(launch/__pycache__) by extensions ['colcon_meta']
[1.852s] Level 1:colcon.colcon_core.package_identification:_identify(launch/__pycache__) by extension 'colcon_meta'
[1.852s] Level 1:colcon.colcon_core.package_identification:_identify(launch/__pycache__) by extensions ['ros']
[1.852s] Level 1:colcon.colcon_core.package_identification:_identify(launch/__pycache__) by extension 'ros'
[1.853s] Level 1:colcon.colcon_core.package_identification:_identify(launch/__pycache__) by extensions ['cmake', 'python']
[1.853s] Level 1:colcon.colcon_core.package_identification:_identify(launch/__pycache__) by extension 'cmake'
[1.853s] Level 1:colcon.colcon_core.package_identification:_identify(launch/__pycache__) by extension 'python'
[1.854s] Level 1:colcon.colcon_core.package_identification:_identify(launch/__pycache__) by extensions ['python_setup_py']
[1.854s] Level 1:colcon.colcon_core.package_identification:_identify(launch/__pycache__) by extension 'python_setup_py'
[1.855s] Level 1:colcon.colcon_core.package_identification:_identify(log) by extensions ['ignore', 'ignore_ament_install']
[1.856s] Level 1:colcon.colcon_core.package_identification:_identify(log) by extension 'ignore'
[1.856s] Level 1:colcon.colcon_core.package_identification:_identify(log) ignored
[1.856s] Level 1:colcon.colcon_core.package_identification:_identify(src) by extensions ['ignore', 'ignore_ament_install']
[1.857s] Level 1:colcon.colcon_core.package_identification:_identify(src) by extension 'ignore'
[1.857s] Level 1:colcon.colcon_core.package_identification:_identify(src) by extension 'ignore_ament_install'
[1.857s] Level 1:colcon.colcon_core.package_identification:_identify(src) by extensions ['colcon_pkg']
[1.857s] Level 1:colcon.colcon_core.package_identification:_identify(src) by extension 'colcon_pkg'
[1.858s] Level 1:colcon.colcon_core.package_identification:_identify(src) by extensions ['colcon_meta']
[1.858s] Level 1:colcon.colcon_core.package_identification:_identify(src) by extension 'colcon_meta'
[1.858s] Level 1:colcon.colcon_core.package_identification:_identify(src) by extensions ['ros']
[1.858s] Level 1:colcon.colcon_core.package_identification:_identify(src) by extension 'ros'
[1.859s] Level 1:colcon.colcon_core.package_identification:_identify(src) by extensions ['cmake', 'python']
[1.859s] Level 1:colcon.colcon_core.package_identification:_identify(src) by extension 'cmake'
[1.859s] Level 1:colcon.colcon_core.package_identification:_identify(src) by extension 'python'
[1.859s] Level 1:colcon.colcon_core.package_identification:_identify(src) by extensions ['python_setup_py']
[1.859s] Level 1:colcon.colcon_core.package_identification:_identify(src) by extension 'python_setup_py'
[1.860s] Level 1:colcon.colcon_core.package_identification:_identify(src/JNode_KeyboardInput) by extensions ['ignore', 'ignore_ament_install']
[1.860s] Level 1:colcon.colcon_core.package_identification:_identify(src/JNode_KeyboardInput) by extension 'ignore'
[1.861s] Level 1:colcon.colcon_core.package_identification:_identify(src/JNode_KeyboardInput) by extension 'ignore_ament_install'
[1.861s] Level 1:colcon.colcon_core.package_identification:_identify(src/JNode_KeyboardInput) by extensions ['colcon_pkg']
[1.861s] Level 1:colcon.colcon_core.package_identification:_identify(src/JNode_KeyboardInput) by extension 'colcon_pkg'
[1.861s] Level 1:colcon.colcon_core.package_identification:_identify(src/JNode_KeyboardInput) by extensions ['colcon_meta']
[1.861s] Level 1:colcon.colcon_core.package_identification:_identify(src/JNode_KeyboardInput) by extension 'colcon_meta'
[1.862s] Level 1:colcon.colcon_core.package_identification:_identify(src/JNode_KeyboardInput) by extensions ['ros']
[1.862s] Level 1:colcon.colcon_core.package_identification:_identify(src/JNode_KeyboardInput) by extension 'ros'
[1.877s] DEBUG:colcon.colcon_core.package_identification:Package 'src/JNode_KeyboardInput' with type 'ros.ament_python' and name 'JNode_KeyboardInput'
[1.878s] Level 1:colcon.colcon_core.package_identification:_identify(src/JNode_MotorController) by extensions ['ignore', 'ignore_ament_install']
[1.879s] Level 1:colcon.colcon_core.package_identification:_identify(src/JNode_MotorController) by extension 'ignore'
[1.879s] Level 1:colcon.colcon_core.package_identification:_identify(src/JNode_MotorController) by extension 'ignore_ament_install'
[1.879s] Level 1:colcon.colcon_core.package_identification:_identify(src/JNode_MotorController) by extensions ['colcon_pkg']
[1.880s] Level 1:colcon.colcon_core.package_identification:_identify(src/JNode_MotorController) by extension 'colcon_pkg'
[1.880s] Level 1:colcon.colcon_core.package_identification:_identify(src/JNode_MotorController) by extensions ['colcon_meta']
[1.880s] Level 1:colcon.colcon_core.package_identification:_identify(src/JNode_MotorController) by extension 'colcon_meta'
[1.880s] Level 1:colcon.colcon_core.package_identification:_identify(src/JNode_MotorController) by extensions ['ros']
[1.880s] Level 1:colcon.colcon_core.package_identification:_identify(src/JNode_MotorController) by extension 'ros'
[1.885s] DEBUG:colcon.colcon_core.package_identification:Package 'src/JNode_MotorController' with type 'ros.ament_python' and name 'JNode_MotorController'
[1.886s] Level 1:colcon.colcon_core.package_discovery:discover_packages(recursive) using defaults
[1.886s] Level 1:colcon.colcon_core.package_discovery:discover_packages(ignore) discover
[1.887s] Level 1:colcon.colcon_core.package_discovery:discover_packages(ignore) using defaults
[1.887s] Level 1:colcon.colcon_core.package_discovery:discover_packages(path) discover
[1.887s] Level 1:colcon.colcon_core.package_discovery:discover_packages(path) using defaults
[2.039s] Level 5:colcon.colcon_core.verb:set package 'JNode_KeyboardInput' build argument 'cmake_args' from command line to 'None'
[2.039s] Level 5:colcon.colcon_core.verb:set package 'JNode_KeyboardInput' build argument 'cmake_target' from command line to 'None'
[2.040s] Level 5:colcon.colcon_core.verb:set package 'JNode_KeyboardInput' build argument 'cmake_target_skip_unavailable' from command line to 'False'
[2.040s] Level 5:colcon.colcon_core.verb:set package 'JNode_KeyboardInput' build argument 'cmake_clean_cache' from command line to 'False'
[2.040s] Level 5:colcon.colcon_core.verb:set package 'JNode_KeyboardInput' build argument 'cmake_clean_first' from command line to 'False'
[2.040s] Level 5:colcon.colcon_core.verb:set package 'JNode_KeyboardInput' build argument 'cmake_force_configure' from command line to 'False'
[2.040s] Level 5:colcon.colcon_core.verb:set package 'JNode_KeyboardInput' build argument 'ament_cmake_args' from command line to 'None'
[2.040s] Level 5:colcon.colcon_core.verb:set package 'JNode_KeyboardInput' build argument 'catkin_cmake_args' from command line to 'None'
[2.041s] Level 5:colcon.colcon_core.verb:set package 'JNode_KeyboardInput' build argument 'catkin_skip_building_tests' from command line to 'False'
[2.041s] DEBUG:colcon.colcon_core.verb:Building package 'JNode_KeyboardInput' with the following arguments: {'ament_cmake_args': None, 'build_base': '/home/spacecal/SpaceCal/build/JNode_KeyboardInput', 'catkin_cmake_args': None, 'catkin_skip_building_tests': False, 'cmake_args': None, 'cmake_clean_cache': False, 'cmake_clean_first': False, 'cmake_force_configure': False, 'cmake_target': None, 'cmake_target_skip_unavailable': False, 'install_base': '/home/spacecal/SpaceCal/install/JNode_KeyboardInput', 'merge_install': False, 'path': '/home/spacecal/SpaceCal/src/JNode_KeyboardInput', 'symlink_install': False, 'test_result_base': None}
[2.054s] Level 5:colcon.colcon_core.verb:set package 'JNode_MotorController' build argument 'cmake_args' from command line to 'None'
[2.055s] Level 5:colcon.colcon_core.verb:set package 'JNode_MotorController' build argument 'cmake_target' from command line to 'None'
[2.055s] Level 5:colcon.colcon_core.verb:set package 'JNode_MotorController' build argument 'cmake_target_skip_unavailable' from command line to 'False'
[2.055s] Level 5:colcon.colcon_core.verb:set package 'JNode_MotorController' build argument 'cmake_clean_cache' from command line to 'False'
[2.055s] Level 5:colcon.colcon_core.verb:set package 'JNode_MotorController' build argument 'cmake_clean_first' from command line to 'False'
[2.055s] Level 5:colcon.colcon_core.verb:set package 'JNode_MotorController' build argument 'cmake_force_configure' from command line to 'False'
[2.055s] Level 5:colcon.colcon_core.verb:set package 'JNode_MotorController' build argument 'ament_cmake_args' from command line to 'None'
[2.055s] Level 5:colcon.colcon_core.verb:set package 'JNode_MotorController' build argument 'catkin_cmake_args' from command line to 'None'
[2.056s] Level 5:colcon.colcon_core.verb:set package 'JNode_MotorController' build argument 'catkin_skip_building_tests' from command line to 'False'
[2.056s] DEBUG:colcon.colcon_core.verb:Building package 'JNode_MotorController' with the following arguments: {'ament_cmake_args': None, 'build_base': '/home/spacecal/SpaceCal/build/JNode_MotorController', 'catkin_cmake_args': None, 'catkin_skip_building_tests': False, 'cmake_args': None, 'cmake_clean_cache': False, 'cmake_clean_first': False, 'cmake_force_configure': False, 'cmake_target': None, 'cmake_target_skip_unavailable': False, 'install_base': '/home/spacecal/SpaceCal/install/JNode_MotorController', 'merge_install': False, 'path': '/home/spacecal/SpaceCal/src/JNode_MotorController', 'symlink_install': False, 'test_result_base': None}
[2.058s] INFO:colcon.colcon_core.executor:Executing jobs using 'parallel' executor
[2.070s] DEBUG:colcon.colcon_parallel_executor.executor.parallel:run_until_complete
[2.072s] INFO:colcon.colcon_ros.task.ament_python.build:Building ROS package in '/home/spacecal/SpaceCal/src/JNode_KeyboardInput' with build type 'ament_python'
[2.073s] Level 1:colcon.colcon_core.shell:create_environment_hook('JNode_KeyboardInput', 'ament_prefix_path')
[2.107s] INFO:colcon.colcon_core.plugin_system:Skipping extension 'colcon_core.shell.bat': Not used on non-Windows systems
[2.110s] INFO:colcon.colcon_core.shell:Creating environment hook '/home/spacecal/SpaceCal/install/JNode_KeyboardInput/share/JNode_KeyboardInput/hook/ament_prefix_path.ps1'
[2.122s] INFO:colcon.colcon_core.shell:Creating environment descriptor '/home/spacecal/SpaceCal/install/JNode_KeyboardInput/share/JNode_KeyboardInput/hook/ament_prefix_path.dsv'
[2.129s] INFO:colcon.colcon_core.shell:Creating environment hook '/home/spacecal/SpaceCal/install/JNode_KeyboardInput/share/JNode_KeyboardInput/hook/ament_prefix_path.sh'
[2.144s] INFO:colcon.colcon_core.shell:Skip shell extension 'powershell' for command environment: Not usable outside of PowerShell
[2.145s] DEBUG:colcon.colcon_core.shell:Skip shell extension 'dsv' for command environment
[2.160s] WARNING:colcon.colcon_ros.prefix_path.ament:The path '/home/spacecal/SpaceCal/install/turtlesim' in the environment variable AMENT_PREFIX_PATH doesn't exist
[2.162s] WARNING:colcon.colcon_ros.prefix_path.catkin:The path '/home/spacecal/SpaceCal/install/turtlesim' in the environment variable CMAKE_PREFIX_PATH doesn't exist
[2.182s] DEBUG:colcon.colcon_core.shell:Ignoring prefix path '/opt/ros/foxy'
[2.212s] INFO:colcon.colcon_ros.task.ament_python.build:Building ROS package in '/home/spacecal/SpaceCal/src/JNode_MotorController' with build type 'ament_python'
[2.217s] Level 1:colcon.colcon_core.shell:create_environment_hook('JNode_MotorController', 'ament_prefix_path')
[2.233s] INFO:colcon.colcon_core.shell:Creating environment hook '/home/spacecal/SpaceCal/install/JNode_MotorController/share/JNode_MotorController/hook/ament_prefix_path.ps1'
[2.241s] INFO:colcon.colcon_core.shell:Creating environment descriptor '/home/spacecal/SpaceCal/install/JNode_MotorController/share/JNode_MotorController/hook/ament_prefix_path.dsv'
[2.249s] INFO:colcon.colcon_core.shell:Creating environment hook '/home/spacecal/SpaceCal/install/JNode_MotorController/share/JNode_MotorController/hook/ament_prefix_path.sh'
[2.263s] INFO:colcon.colcon_core.shell:Skip shell extension 'powershell' for command environment: Not usable outside of PowerShell
[2.265s] DEBUG:colcon.colcon_core.shell:Skip shell extension 'dsv' for command environment
[2.308s] DEBUG:colcon.colcon_core.shell:Ignoring prefix path '/opt/ros/foxy'
[3.986s] INFO:colcon.colcon_core.task.python.build:Building Python package in '/home/spacecal/SpaceCal/src/JNode_KeyboardInput'
[3.993s] INFO:colcon.colcon_core.shell:Skip shell extension 'powershell' for command environment: Not usable outside of PowerShell
[3.993s] DEBUG:colcon.colcon_core.shell:Skip shell extension 'dsv' for command environment
[4.018s] DEBUG:colcon.colcon_core.shell:Ignoring prefix path '/opt/ros/foxy'
[5.630s] INFO:colcon.colcon_core.task.python.build:Building Python package in '/home/spacecal/SpaceCal/src/JNode_MotorController'
[5.637s] INFO:colcon.colcon_core.shell:Skip shell extension 'powershell' for command environment: Not usable outside of PowerShell
[5.637s] DEBUG:colcon.colcon_core.shell:Skip shell extension 'dsv' for command environment
[5.663s] DEBUG:colcon.colcon_core.shell:Ignoring prefix path '/opt/ros/foxy'
[5.714s] DEBUG:colcon.colcon_core.event_handler.log_command:Invoking command in '/home/spacecal/SpaceCal/src/JNode_KeyboardInput': PYTHONPATH=/home/spacecal/SpaceCal/install/JNode_KeyboardInput/lib/python3.8/site-packages:${PYTHONPATH} /usr/bin/python3 setup.py egg_info --egg-base ../../build/JNode_KeyboardInput build --build-base /home/spacecal/SpaceCal/build/JNode_KeyboardInput/build install --prefix /home/spacecal/SpaceCal/install/JNode_KeyboardInput --record /home/spacecal/SpaceCal/build/JNode_KeyboardInput/install.log --single-version-externally-managed
[5.802s] DEBUG:colcon.colcon_core.event_handler.log_command:Invoking command in '/home/spacecal/SpaceCal/src/JNode_MotorController': PYTHONPATH=/home/spacecal/SpaceCal/install/JNode_MotorController/lib/python3.8/site-packages:${PYTHONPATH} /usr/bin/python3 setup.py egg_info --egg-base ../../build/JNode_MotorController build --build-base /home/spacecal/SpaceCal/build/JNode_MotorController/build install --prefix /home/spacecal/SpaceCal/install/JNode_MotorController --record /home/spacecal/SpaceCal/build/JNode_MotorController/install.log --single-version-externally-managed
[8.303s] DEBUG:colcon.colcon_core.event_handler.log_command:Invoked command in '/home/spacecal/SpaceCal/src/JNode_MotorController' returned '0': PYTHONPATH=/home/spacecal/SpaceCal/install/JNode_MotorController/lib/python3.8/site-packages:${PYTHONPATH} /usr/bin/python3 setup.py egg_info --egg-base ../../build/JNode_MotorController build --build-base /home/spacecal/SpaceCal/build/JNode_MotorController/build install --prefix /home/spacecal/SpaceCal/install/JNode_MotorController --record /home/spacecal/SpaceCal/build/JNode_MotorController/install.log --single-version-externally-managed
[8.323s] Level 1:colcon.colcon_core.environment:checking '/home/spacecal/SpaceCal/install/JNode_MotorController' for CMake module files
[8.326s] Level 1:colcon.colcon_core.environment:checking '/home/spacecal/SpaceCal/install/JNode_MotorController' for CMake config files
[8.331s] Level 1:colcon.colcon_core.environment:checking '/home/spacecal/SpaceCal/install/JNode_MotorController/lib'
[8.332s] Level 1:colcon.colcon_core.environment:checking '/home/spacecal/SpaceCal/install/JNode_MotorController/bin'
[8.333s] Level 1:colcon.colcon_core.environment:checking '/home/spacecal/SpaceCal/install/JNode_MotorController/lib/pkgconfig/JNode_MotorController.pc'
[8.333s] Level 1:colcon.colcon_core.environment:checking '/home/spacecal/SpaceCal/install/JNode_MotorController/lib/python3.8/site-packages'
[8.334s] Level 1:colcon.colcon_core.shell:create_environment_hook('JNode_MotorController', 'pythonpath')
[8.341s] INFO:colcon.colcon_core.shell:Creating environment hook '/home/spacecal/SpaceCal/install/JNode_MotorController/share/JNode_MotorController/hook/pythonpath.ps1'
[8.351s] INFO:colcon.colcon_core.shell:Creating environment descriptor '/home/spacecal/SpaceCal/install/JNode_MotorController/share/JNode_MotorController/hook/pythonpath.dsv'
[8.356s] INFO:colcon.colcon_core.shell:Creating environment hook '/home/spacecal/SpaceCal/install/JNode_MotorController/share/JNode_MotorController/hook/pythonpath.sh'
[8.359s] Level 1:colcon.colcon_core.environment:create_environment_scripts_only(JNode_MotorController)
[8.365s] INFO:colcon.colcon_core.shell:Creating package script '/home/spacecal/SpaceCal/install/JNode_MotorController/share/JNode_MotorController/package.ps1'
[8.371s] INFO:colcon.colcon_core.shell:Creating package descriptor '/home/spacecal/SpaceCal/install/JNode_MotorController/share/JNode_MotorController/package.dsv'
[8.375s] INFO:colcon.colcon_core.shell:Creating package script '/home/spacecal/SpaceCal/install/JNode_MotorController/share/JNode_MotorController/package.sh'
[8.379s] INFO:colcon.colcon_core.shell:Creating package script '/home/spacecal/SpaceCal/install/JNode_MotorController/share/JNode_MotorController/package.bash'
[8.384s] INFO:colcon.colcon_core.shell:Creating package script '/home/spacecal/SpaceCal/install/JNode_MotorController/share/JNode_MotorController/package.zsh'
[8.388s] Level 1:colcon.colcon_core.environment:create_file_with_runtime_dependencies(/home/spacecal/SpaceCal/install/JNode_MotorController/share/colcon-core/packages/JNode_MotorController)
[8.403s] Level 1:colcon.colcon_core.environment:checking '/home/spacecal/SpaceCal/install/JNode_KeyboardInput' for CMake module files
[8.409s] DEBUG:colcon.colcon_core.event_handler.log_command:Invoked command in '/home/spacecal/SpaceCal/src/JNode_KeyboardInput' returned '0': PYTHONPATH=/home/spacecal/SpaceCal/install/JNode_KeyboardInput/lib/python3.8/site-packages:${PYTHONPATH} /usr/bin/python3 setup.py egg_info --egg-base ../../build/JNode_KeyboardInput build --build-base /home/spacecal/SpaceCal/build/JNode_KeyboardInput/build install --prefix /home/spacecal/SpaceCal/install/JNode_KeyboardInput --record /home/spacecal/SpaceCal/build/JNode_KeyboardInput/install.log --single-version-externally-managed
[8.413s] Level 1:colcon.colcon_core.environment:checking '/home/spacecal/SpaceCal/install/JNode_KeyboardInput' for CMake config files
[8.420s] Level 1:colcon.colcon_core.environment:checking '/home/spacecal/SpaceCal/install/JNode_KeyboardInput/lib'
[8.422s] Level 1:colcon.colcon_core.environment:checking '/home/spacecal/SpaceCal/install/JNode_KeyboardInput/bin'
[8.424s] Level 1:colcon.colcon_core.environment:checking '/home/spacecal/SpaceCal/install/JNode_KeyboardInput/lib/pkgconfig/JNode_KeyboardInput.pc'
[8.426s] Level 1:colcon.colcon_core.environment:checking '/home/spacecal/SpaceCal/install/JNode_KeyboardInput/lib/python3.8/site-packages'
[8.427s] Level 1:colcon.colcon_core.shell:create_environment_hook('JNode_KeyboardInput', 'pythonpath')
[8.435s] INFO:colcon.colcon_core.shell:Creating environment hook '/home/spacecal/SpaceCal/install/JNode_KeyboardInput/share/JNode_KeyboardInput/hook/pythonpath.ps1'
[8.441s] INFO:colcon.colcon_core.shell:Creating environment descriptor '/home/spacecal/SpaceCal/install/JNode_KeyboardInput/share/JNode_KeyboardInput/hook/pythonpath.dsv'
[8.448s] INFO:colcon.colcon_core.shell:Creating environment hook '/home/spacecal/SpaceCal/install/JNode_KeyboardInput/share/JNode_KeyboardInput/hook/pythonpath.sh'
[8.459s] Level 1:colcon.colcon_core.environment:create_environment_scripts_only(JNode_KeyboardInput)
[8.470s] INFO:colcon.colcon_core.shell:Creating package script '/home/spacecal/SpaceCal/install/JNode_KeyboardInput/share/JNode_KeyboardInput/package.ps1'
[8.476s] INFO:colcon.colcon_core.shell:Creating package descriptor '/home/spacecal/SpaceCal/install/JNode_KeyboardInput/share/JNode_KeyboardInput/package.dsv'
[8.487s] INFO:colcon.colcon_core.shell:Creating package script '/home/spacecal/SpaceCal/install/JNode_KeyboardInput/share/JNode_KeyboardInput/package.sh'
[8.492s] INFO:colcon.colcon_core.shell:Creating package script '/home/spacecal/SpaceCal/install/JNode_KeyboardInput/share/JNode_KeyboardInput/package.bash'
[8.499s] INFO:colcon.colcon_core.shell:Creating package script '/home/spacecal/SpaceCal/install/JNode_KeyboardInput/share/JNode_KeyboardInput/package.zsh'
[8.504s] Level 1:colcon.colcon_core.environment:create_file_with_runtime_dependencies(/home/spacecal/SpaceCal/install/JNode_KeyboardInput/share/colcon-core/packages/JNode_KeyboardInput)
[8.508s] DEBUG:colcon.colcon_parallel_executor.executor.parallel:closing loop
[8.510s] DEBUG:colcon.colcon_parallel_executor.executor.parallel:loop closed
[8.511s] DEBUG:colcon.colcon_parallel_executor.executor.parallel:run_until_complete finished with '0'
[8.512s] DEBUG:colcon.colcon_core.event_reactor:joining thread
[8.582s] INFO:colcon.colcon_core.plugin_system:Skipping extension 'colcon_notification.desktop_notification.terminal_notifier': Not used on non-Darwin systems
[8.584s] INFO:colcon.colcon_core.plugin_system:Skipping extension 'colcon_notification.desktop_notification.win32': Not used on non-Windows systems
[8.585s] INFO:colcon.colcon_notification.desktop_notification:Sending desktop notification using 'notify2'
[8.617s] DEBUG:colcon.colcon_core.event_reactor:joined thread
[8.624s] INFO:colcon.colcon_core.shell:Creating prefix script '/home/spacecal/SpaceCal/install/local_setup.ps1'
[8.635s] INFO:colcon.colcon_core.shell:Creating prefix util module '/home/spacecal/SpaceCal/install/_local_setup_util_ps1.py'
[8.648s] INFO:colcon.colcon_core.shell:Creating prefix chain script '/home/spacecal/SpaceCal/install/setup.ps1'
[8.667s] INFO:colcon.colcon_core.shell:Creating prefix script '/home/spacecal/SpaceCal/install/local_setup.sh'
[8.671s] INFO:colcon.colcon_core.shell:Creating prefix util module '/home/spacecal/SpaceCal/install/_local_setup_util_sh.py'
[8.675s] INFO:colcon.colcon_core.shell:Creating prefix chain script '/home/spacecal/SpaceCal/install/setup.sh'
[8.691s] INFO:colcon.colcon_core.shell:Creating prefix script '/home/spacecal/SpaceCal/install/local_setup.bash'
[8.695s] INFO:colcon.colcon_core.shell:Creating prefix chain script '/home/spacecal/SpaceCal/install/setup.bash'
[8.709s] INFO:colcon.colcon_core.shell:Creating prefix script '/home/spacecal/SpaceCal/install/local_setup.zsh'
[8.713s] INFO:colcon.colcon_core.shell:Creating prefix chain script '/home/spacecal/SpaceCal/install/setup.zsh'
