running egg_info
creating ../../build/JNode_MotorController/JNode_MotorController.egg-info
writing ../../build/JNode_MotorController/JNode_MotorController.egg-info/PKG-INFO
writing dependency_links to ../../build/JNode_MotorController/JNode_MotorController.egg-info/dependency_links.txt
writing entry points to ../../build/JNode_MotorController/JNode_MotorController.egg-info/entry_points.txt
writing requirements to ../../build/JNode_MotorController/JNode_MotorController.egg-info/requires.txt
writing top-level names to ../../build/JNode_MotorController/JNode_MotorController.egg-info/top_level.txt
writing manifest file '../../build/JNode_MotorController/JNode_MotorController.egg-info/SOURCES.txt'
reading manifest file '../../build/JNode_MotorController/JNode_MotorController.egg-info/SOURCES.txt'
writing manifest file '../../build/JNode_MotorController/JNode_MotorController.egg-info/SOURCES.txt'
running build
running build_py
creating /home/spacecal/SpaceCal/build/JNode_MotorController/build
creating /home/spacecal/SpaceCal/build/JNode_MotorController/build/lib
creating /home/spacecal/SpaceCal/build/JNode_MotorController/build/lib/JNode_MotorController
copying JNode_MotorController/__init__.py -> /home/spacecal/SpaceCal/build/JNode_MotorController/build/lib/JNode_MotorController
running install
running install_lib
creating /home/spacecal/SpaceCal/install/JNode_MotorController/lib/python3.8/site-packages/JNode_MotorController
copying /home/spacecal/SpaceCal/build/JNode_MotorController/build/lib/JNode_MotorController/__init__.py -> /home/spacecal/SpaceCal/install/JNode_MotorController/lib/python3.8/site-packages/JNode_MotorController
byte-compiling /home/spacecal/SpaceCal/install/JNode_MotorController/lib/python3.8/site-packages/JNode_MotorController/__init__.py to __init__.cpython-38.pyc
running install_data
creating /home/spacecal/SpaceCal/install/JNode_MotorController/share/ament_index
creating /home/spacecal/SpaceCal/install/JNode_MotorController/share/ament_index/resource_index
creating /home/spacecal/SpaceCal/install/JNode_MotorController/share/ament_index/resource_index/packages
copying resource/JNode_MotorController -> /home/spacecal/SpaceCal/install/JNode_MotorController/share/ament_index/resource_index/packages
copying package.xml -> /home/spacecal/SpaceCal/install/JNode_MotorController/share/JNode_MotorController
running install_egg_info
Copying ../../build/JNode_MotorController/JNode_MotorController.egg-info to /home/spacecal/SpaceCal/install/JNode_MotorController/lib/python3.8/site-packages/JNode_MotorController-0.0.0-py3.8.egg-info
running install_scripts
writing list of installed files to '/home/spacecal/SpaceCal/build/JNode_MotorController/install.log'
