[3.500s] Invoking command in '/home/spacecal/SpaceCal/src/JNode_MotorController': PYTHONPATH=/home/spacecal/SpaceCal/install/JNode_MotorController/lib/python3.8/site-packages:${PYTHONPATH} /usr/bin/python3 setup.py egg_info --egg-base ../../build/JNode_MotorController build --build-base /home/spacecal/SpaceCal/build/JNode_MotorController/build install --prefix /home/spacecal/SpaceCal/install/JNode_MotorController --record /home/spacecal/SpaceCal/build/JNode_MotorController/install.log --single-version-externally-managed
[5.994s] running egg_info
[6.004s] creating ../../build/JNode_MotorController/JNode_MotorController.egg-info
[6.011s] writing ../../build/JNode_MotorController/JNode_MotorController.egg-info/PKG-INFO
[6.018s] writing dependency_links to ../../build/JNode_MotorController/JNode_MotorController.egg-info/dependency_links.txt
[6.021s] writing entry points to ../../build/JNode_MotorController/JNode_MotorController.egg-info/entry_points.txt
[6.025s] writing requirements to ../../build/JNode_MotorController/JNode_MotorController.egg-info/requires.txt
[6.031s] writing top-level names to ../../build/JNode_MotorController/JNode_MotorController.egg-info/top_level.txt
[6.046s] writing manifest file '../../build/JNode_MotorController/JNode_MotorController.egg-info/SOURCES.txt'
[6.376s] reading manifest file '../../build/JNode_MotorController/JNode_MotorController.egg-info/SOURCES.txt'
[6.384s] writing manifest file '../../build/JNode_MotorController/JNode_MotorController.egg-info/SOURCES.txt'
[6.386s] running build
[6.387s] running build_py
[6.389s] creating /home/spacecal/SpaceCal/build/JNode_MotorController/build
[6.393s] creating /home/spacecal/SpaceCal/build/JNode_MotorController/build/lib
[6.395s] creating /home/spacecal/SpaceCal/build/JNode_MotorController/build/lib/JNode_MotorController
[6.396s] copying JNode_MotorController/__init__.py -> /home/spacecal/SpaceCal/build/JNode_MotorController/build/lib/JNode_MotorController
[6.399s] running install
[6.413s] running install_lib
[6.421s] creating /home/spacecal/SpaceCal/install/JNode_MotorController/lib/python3.8/site-packages/JNode_MotorController
[6.423s] copying /home/spacecal/SpaceCal/build/JNode_MotorController/build/lib/JNode_MotorController/__init__.py -> /home/spacecal/SpaceCal/install/JNode_MotorController/lib/python3.8/site-packages/JNode_MotorController
[6.430s] byte-compiling /home/spacecal/SpaceCal/install/JNode_MotorController/lib/python3.8/site-packages/JNode_MotorController/__init__.py to __init__.cpython-38.pyc
[6.441s] running install_data
[6.447s] creating /home/spacecal/SpaceCal/install/JNode_MotorController/share/ament_index
[6.449s] creating /home/spacecal/SpaceCal/install/JNode_MotorController/share/ament_index/resource_index
[6.450s] creating /home/spacecal/SpaceCal/install/JNode_MotorController/share/ament_index/resource_index/packages
[6.451s] copying resource/JNode_MotorController -> /home/spacecal/SpaceCal/install/JNode_MotorController/share/ament_index/resource_index/packages
[6.453s] copying package.xml -> /home/spacecal/SpaceCal/install/JNode_MotorController/share/JNode_MotorController
[6.454s] running install_egg_info
[6.472s] Copying ../../build/JNode_MotorController/JNode_MotorController.egg-info to /home/spacecal/SpaceCal/install/JNode_MotorController/lib/python3.8/site-packages/JNode_MotorController-0.0.0-py3.8.egg-info
[6.484s] running install_scripts
[6.689s] writing list of installed files to '/home/spacecal/SpaceCal/build/JNode_MotorController/install.log'
[7.323s] Invoked command in '/home/spacecal/SpaceCal/src/JNode_MotorController' returned '0': PYTHONPATH=/home/spacecal/SpaceCal/install/JNode_MotorController/lib/python3.8/site-packages:${PYTHONPATH} /usr/bin/python3 setup.py egg_info --egg-base ../../build/JNode_MotorController build --build-base /home/spacecal/SpaceCal/build/JNode_MotorController/build install --prefix /home/spacecal/SpaceCal/install/JNode_MotorController --record /home/spacecal/SpaceCal/build/JNode_MotorController/install.log --single-version-externally-managed
