[4.081s] Invoking command in '/home/spacecal/SpaceCal/src/JNode_MotorController': PYTHONPATH=/home/spacecal/SpaceCal/install/JNode_MotorController/lib/python3.8/site-packages:${PYTHONPATH} /usr/bin/python3 setup.py egg_info --egg-base ../../build/JNode_MotorController build --build-base /home/spacecal/SpaceCal/build/JNode_MotorController/build install --prefix /home/spacecal/SpaceCal/install/JNode_MotorController --record /home/spacecal/SpaceCal/build/JNode_MotorController/install.log --single-version-externally-managed
[6.659s] running egg_info
[6.680s] writing ../../build/JNode_MotorController/JNode_MotorController.egg-info/PKG-INFO
[6.686s] writing dependency_links to ../../build/JNode_MotorController/JNode_MotorController.egg-info/dependency_links.txt
[6.691s] writing entry points to ../../build/JNode_MotorController/JNode_MotorController.egg-info/entry_points.txt
[6.695s] writing requirements to ../../build/JNode_MotorController/JNode_MotorController.egg-info/requires.txt
[6.699s] writing top-level names to ../../build/JNode_MotorController/JNode_MotorController.egg-info/top_level.txt
[7.140s] reading manifest file '../../build/JNode_MotorController/JNode_MotorController.egg-info/SOURCES.txt'
[7.154s] writing manifest file '../../build/JNode_MotorController/JNode_MotorController.egg-info/SOURCES.txt'
[7.156s] running build
[7.157s] running build_py
[7.166s] running install
[7.169s] running install_lib
[7.185s] running install_data
[7.197s] running install_egg_info
[7.215s] removing '/home/spacecal/SpaceCal/install/JNode_MotorController/lib/python3.8/site-packages/JNode_MotorController-0.0.0-py3.8.egg-info' (and everything under it)
[7.218s] Copying ../../build/JNode_MotorController/JNode_MotorController.egg-info to /home/spacecal/SpaceCal/install/JNode_MotorController/lib/python3.8/site-packages/JNode_MotorController-0.0.0-py3.8.egg-info
[7.231s] running install_scripts
[7.451s] writing list of installed files to '/home/spacecal/SpaceCal/build/JNode_MotorController/install.log'
[8.009s] Invoked command in '/home/spacecal/SpaceCal/src/JNode_MotorController' returned '0': PYTHONPATH=/home/spacecal/SpaceCal/install/JNode_MotorController/lib/python3.8/site-packages:${PYTHONPATH} /usr/bin/python3 setup.py egg_info --egg-base ../../build/JNode_MotorController build --build-base /home/spacecal/SpaceCal/build/JNode_MotorController/build install --prefix /home/spacecal/SpaceCal/install/JNode_MotorController --record /home/spacecal/SpaceCal/build/JNode_MotorController/install.log --single-version-externally-managed
