[3.836s] Invoking command in '/home/spacecal/SpaceCal/build/turtlesim': CMAKE_PREFIX_PATH=${CMAKE_PREFIX_PATH}:/home/spacecal/SpaceCal/install/JNode_MotorController:/home/spacecal/SpaceCal/install/JNode_KeyboardInput:/opt/ros/foxy /usr/bin/cmake --build /home/spacecal/SpaceCal/build/turtlesim -- -j4 -l4
[4.439s] [  1%] Built target turtlesim__cpp
[4.501s] [ 11%] Built target turtlesim__rosidl_generator_c
[5.006s] [ 21%] Built target turtlesim__rosidl_typesupport_cpp
[5.098s] [ 37%] Built target turtlesim__rosidl_typesupport_introspection_cpp
[5.106s] [ 41%] Built target turtlesim__rosidl_typesupport_c
[5.108s] [ 51%] Built target turtlesim__rosidl_typesupport_fastrtps_cpp
[5.373s] [ 61%] Built target turtlesim__rosidl_typesupport_introspection_c
[5.429s] [ 71%] Built target turtlesim__rosidl_typesupport_fastrtps_c
[5.617s] [ 71%] Built target turtlesim
[6.083s] [ 73%] Built target mimic
[6.221s] [ 75%] Built target draw_square
[6.223s] [ 76%] Built target turtlesim__py
[6.246s] [ 78%] Built target turtle_teleop_key
[6.561s] [ 87%] Built target turtlesim__python
[6.703s] [ 93%] Built target turtlesim_node
[7.017s] [ 95%] Built target turtlesim__rosidl_typesupport_c__pyext
[7.024s] [ 97%] Built target turtlesim__rosidl_typesupport_introspection_c__pyext
[7.125s] [100%] Built target turtlesim__rosidl_typesupport_fastrtps_c__pyext
[7.259s] Invoked command in '/home/spacecal/SpaceCal/build/turtlesim' returned '0': CMAKE_PREFIX_PATH=${CMAKE_PREFIX_PATH}:/home/spacecal/SpaceCal/install/JNode_MotorController:/home/spacecal/SpaceCal/install/JNode_KeyboardInput:/opt/ros/foxy /usr/bin/cmake --build /home/spacecal/SpaceCal/build/turtlesim -- -j4 -l4
[8.778s] Invoking command in '/home/spacecal/SpaceCal/build/turtlesim': CMAKE_PREFIX_PATH=${CMAKE_PREFIX_PATH}:/home/spacecal/SpaceCal/install/JNode_MotorController:/home/spacecal/SpaceCal/install/JNode_KeyboardInput:/opt/ros/foxy /usr/bin/cmake --install /home/spacecal/SpaceCal/build/turtlesim
[8.851s] -- Install configuration: ""
[8.852s] -- Up-to-date: /home/spacecal/SpaceCal/install/turtlesim/share/ament_index/resource_index/rosidl_interfaces/turtlesim
[8.854s] -- Up-to-date: /home/spacecal/SpaceCal/install/turtlesim/include/turtlesim
[8.854s] -- Up-to-date: /home/spacecal/SpaceCal/install/turtlesim/include/turtlesim/msg
[8.855s] -- Up-to-date: /home/spacecal/SpaceCal/install/turtlesim/include/turtlesim/msg/rosidl_generator_c__visibility_control.h
[8.856s] -- Up-to-date: /home/spacecal/SpaceCal/install/turtlesim/include/turtlesim/msg/detail
[8.857s] -- Up-to-date: /home/spacecal/SpaceCal/install/turtlesim/include/turtlesim/msg/detail/pose__functions.c
[8.859s] -- Up-to-date: /home/spacecal/SpaceCal/install/turtlesim/include/turtlesim/msg/detail/pose__type_support.h
[8.860s] -- Up-to-date: /home/spacecal/SpaceCal/install/turtlesim/include/turtlesim/msg/detail/pose__functions.h
[8.860s] -- Up-to-date: /home/spacecal/SpaceCal/install/turtlesim/include/turtlesim/msg/detail/color__functions.c
[8.861s] -- Up-to-date: /home/spacecal/SpaceCal/install/turtlesim/include/turtlesim/msg/detail/color__functions.h
[8.862s] -- Up-to-date: /home/spacecal/SpaceCal/install/turtlesim/include/turtlesim/msg/detail/color__type_support.h
[8.862s] -- Up-to-date: /home/spacecal/SpaceCal/install/turtlesim/include/turtlesim/msg/detail/pose__struct.h
[8.863s] -- Up-to-date: /home/spacecal/SpaceCal/install/turtlesim/include/turtlesim/msg/detail/color__struct.h
[8.863s] -- Up-to-date: /home/spacecal/SpaceCal/install/turtlesim/include/turtlesim/msg/color.h
[8.864s] -- Up-to-date: /home/spacecal/SpaceCal/install/turtlesim/include/turtlesim/msg/pose.h
[8.864s] -- Up-to-date: /home/spacecal/SpaceCal/install/turtlesim/include/turtlesim/srv
[8.865s] -- Up-to-date: /home/spacecal/SpaceCal/install/turtlesim/include/turtlesim/srv/set_pen.h
[8.865s] -- Up-to-date: /home/spacecal/SpaceCal/install/turtlesim/include/turtlesim/srv/detail
[8.866s] -- Up-to-date: /home/spacecal/SpaceCal/install/turtlesim/include/turtlesim/srv/detail/set_pen__functions.c
[8.866s] -- Up-to-date: /home/spacecal/SpaceCal/install/turtlesim/include/turtlesim/srv/detail/set_pen__functions.h
[8.867s] -- Up-to-date: /home/spacecal/SpaceCal/install/turtlesim/include/turtlesim/srv/detail/teleport_relative__functions.h
[8.867s] -- Up-to-date: /home/spacecal/SpaceCal/install/turtlesim/include/turtlesim/srv/detail/spawn__functions.c
[8.868s] -- Up-to-date: /home/spacecal/SpaceCal/install/turtlesim/include/turtlesim/srv/detail/teleport_relative__struct.h
[8.868s] -- Up-to-date: /home/spacecal/SpaceCal/install/turtlesim/include/turtlesim/srv/detail/teleport_absolute__functions.c
[8.869s] -- Up-to-date: /home/spacecal/SpaceCal/install/turtlesim/include/turtlesim/srv/detail/set_pen__type_support.h
[8.869s] -- Up-to-date: /home/spacecal/SpaceCal/install/turtlesim/include/turtlesim/srv/detail/spawn__type_support.h
[8.870s] -- Up-to-date: /home/spacecal/SpaceCal/install/turtlesim/include/turtlesim/srv/detail/kill__functions.h
[8.870s] -- Up-to-date: /home/spacecal/SpaceCal/install/turtlesim/include/turtlesim/srv/detail/set_pen__struct.h
[8.870s] -- Up-to-date: /home/spacecal/SpaceCal/install/turtlesim/include/turtlesim/srv/detail/kill__struct.h
[8.871s] -- Up-to-date: /home/spacecal/SpaceCal/install/turtlesim/include/turtlesim/srv/detail/teleport_absolute__functions.h
[8.871s] -- Up-to-date: /home/spacecal/SpaceCal/install/turtlesim/include/turtlesim/srv/detail/teleport_relative__functions.c
[8.872s] -- Up-to-date: /home/spacecal/SpaceCal/install/turtlesim/include/turtlesim/srv/detail/teleport_absolute__struct.h
[8.873s] -- Up-to-date: /home/spacecal/SpaceCal/install/turtlesim/include/turtlesim/srv/detail/spawn__functions.h
[8.873s] -- Up-to-date: /home/spacecal/SpaceCal/install/turtlesim/include/turtlesim/srv/detail/teleport_relative__type_support.h
[8.874s] -- Up-to-date: /home/spacecal/SpaceCal/install/turtlesim/include/turtlesim/srv/detail/kill__type_support.h
[8.875s] -- Up-to-date: /home/spacecal/SpaceCal/install/turtlesim/include/turtlesim/srv/detail/teleport_absolute__type_support.h
[8.876s] -- Up-to-date: /home/spacecal/SpaceCal/install/turtlesim/include/turtlesim/srv/detail/kill__functions.c
[8.876s] -- Up-to-date: /home/spacecal/SpaceCal/install/turtlesim/include/turtlesim/srv/detail/spawn__struct.h
[8.877s] -- Up-to-date: /home/spacecal/SpaceCal/install/turtlesim/include/turtlesim/srv/kill.h
[8.877s] -- Up-to-date: /home/spacecal/SpaceCal/install/turtlesim/include/turtlesim/srv/teleport_absolute.h
[8.878s] -- Up-to-date: /home/spacecal/SpaceCal/install/turtlesim/include/turtlesim/srv/teleport_relative.h
[8.878s] -- Up-to-date: /home/spacecal/SpaceCal/install/turtlesim/include/turtlesim/srv/spawn.h
[8.879s] -- Up-to-date: /home/spacecal/SpaceCal/install/turtlesim/include/turtlesim/action
[8.879s] -- Up-to-date: /home/spacecal/SpaceCal/install/turtlesim/include/turtlesim/action/detail
[8.880s] -- Up-to-date: /home/spacecal/SpaceCal/install/turtlesim/include/turtlesim/action/detail/rotate_absolute__functions.c
[8.880s] -- Up-to-date: /home/spacecal/SpaceCal/install/turtlesim/include/turtlesim/action/detail/rotate_absolute__type_support.h
[8.881s] -- Up-to-date: /home/spacecal/SpaceCal/install/turtlesim/include/turtlesim/action/detail/rotate_absolute__struct.h
[8.882s] -- Up-to-date: /home/spacecal/SpaceCal/install/turtlesim/include/turtlesim/action/detail/rotate_absolute__functions.h
[8.884s] -- Up-to-date: /home/spacecal/SpaceCal/install/turtlesim/include/turtlesim/action/rotate_absolute.h
[8.884s] -- Up-to-date: /home/spacecal/SpaceCal/install/turtlesim/share/turtlesim/environment/library_path.sh
[8.885s] -- Up-to-date: /home/spacecal/SpaceCal/install/turtlesim/share/turtlesim/environment/library_path.dsv
[8.886s] -- Up-to-date: /home/spacecal/SpaceCal/install/turtlesim/lib/libturtlesim__rosidl_generator_c.so
[8.886s] -- Up-to-date: /home/spacecal/SpaceCal/install/turtlesim/include/turtlesim
[8.887s] -- Up-to-date: /home/spacecal/SpaceCal/install/turtlesim/include/turtlesim/msg
[8.887s] -- Up-to-date: /home/spacecal/SpaceCal/install/turtlesim/include/turtlesim/msg/detail
[8.888s] -- Up-to-date: /home/spacecal/SpaceCal/install/turtlesim/include/turtlesim/msg/detail/pose__rosidl_typesupport_fastrtps_c.h
[8.888s] -- Up-to-date: /home/spacecal/SpaceCal/install/turtlesim/include/turtlesim/msg/detail/color__rosidl_typesupport_fastrtps_c.h
[8.889s] -- Up-to-date: /home/spacecal/SpaceCal/install/turtlesim/include/turtlesim/msg/rosidl_typesupport_fastrtps_c__visibility_control.h
[8.889s] -- Up-to-date: /home/spacecal/SpaceCal/install/turtlesim/include/turtlesim/srv
[8.890s] -- Up-to-date: /home/spacecal/SpaceCal/install/turtlesim/include/turtlesim/srv/detail
[8.890s] -- Up-to-date: /home/spacecal/SpaceCal/install/turtlesim/include/turtlesim/srv/detail/teleport_relative__rosidl_typesupport_fastrtps_c.h
[8.891s] -- Up-to-date: /home/spacecal/SpaceCal/install/turtlesim/include/turtlesim/srv/detail/teleport_absolute__rosidl_typesupport_fastrtps_c.h
[8.892s] -- Up-to-date: /home/spacecal/SpaceCal/install/turtlesim/include/turtlesim/srv/detail/spawn__rosidl_typesupport_fastrtps_c.h
[8.893s] -- Up-to-date: /home/spacecal/SpaceCal/install/turtlesim/include/turtlesim/srv/detail/kill__rosidl_typesupport_fastrtps_c.h
[8.893s] -- Up-to-date: /home/spacecal/SpaceCal/install/turtlesim/include/turtlesim/srv/detail/set_pen__rosidl_typesupport_fastrtps_c.h
[8.894s] -- Up-to-date: /home/spacecal/SpaceCal/install/turtlesim/include/turtlesim/action
[8.895s] -- Up-to-date: /home/spacecal/SpaceCal/install/turtlesim/include/turtlesim/action/detail
[8.896s] -- Up-to-date: /home/spacecal/SpaceCal/install/turtlesim/include/turtlesim/action/detail/rotate_absolute__rosidl_typesupport_fastrtps_c.h
[8.897s] -- Up-to-date: /home/spacecal/SpaceCal/install/turtlesim/lib/libturtlesim__rosidl_typesupport_fastrtps_c.so
[8.898s] -- Up-to-date: /home/spacecal/SpaceCal/install/turtlesim/include/turtlesim
[8.899s] -- Up-to-date: /home/spacecal/SpaceCal/install/turtlesim/include/turtlesim/msg
[8.900s] -- Up-to-date: /home/spacecal/SpaceCal/install/turtlesim/include/turtlesim/msg/detail
[8.901s] -- Up-to-date: /home/spacecal/SpaceCal/install/turtlesim/include/turtlesim/msg/detail/pose__rosidl_typesupport_fastrtps_cpp.hpp
[8.901s] -- Up-to-date: /home/spacecal/SpaceCal/install/turtlesim/include/turtlesim/msg/detail/dds_fastrtps
[8.902s] -- Up-to-date: /home/spacecal/SpaceCal/install/turtlesim/include/turtlesim/msg/detail/color__rosidl_typesupport_fastrtps_cpp.hpp
[8.903s] -- Up-to-date: /home/spacecal/SpaceCal/install/turtlesim/include/turtlesim/msg/rosidl_typesupport_fastrtps_cpp__visibility_control.h
[8.903s] -- Up-to-date: /home/spacecal/SpaceCal/install/turtlesim/include/turtlesim/srv
[8.904s] -- Up-to-date: /home/spacecal/SpaceCal/install/turtlesim/include/turtlesim/srv/detail
[8.904s] -- Up-to-date: /home/spacecal/SpaceCal/install/turtlesim/include/turtlesim/srv/detail/teleport_absolute__rosidl_typesupport_fastrtps_cpp.hpp
[8.905s] -- Up-to-date: /home/spacecal/SpaceCal/install/turtlesim/include/turtlesim/srv/detail/kill__rosidl_typesupport_fastrtps_cpp.hpp
[8.905s] -- Up-to-date: /home/spacecal/SpaceCal/install/turtlesim/include/turtlesim/srv/detail/dds_fastrtps
[8.906s] -- Up-to-date: /home/spacecal/SpaceCal/install/turtlesim/include/turtlesim/srv/detail/teleport_relative__rosidl_typesupport_fastrtps_cpp.hpp
[8.907s] -- Up-to-date: /home/spacecal/SpaceCal/install/turtlesim/include/turtlesim/srv/detail/spawn__rosidl_typesupport_fastrtps_cpp.hpp
[8.907s] -- Up-to-date: /home/spacecal/SpaceCal/install/turtlesim/include/turtlesim/srv/detail/set_pen__rosidl_typesupport_fastrtps_cpp.hpp
[8.909s] -- Up-to-date: /home/spacecal/SpaceCal/install/turtlesim/include/turtlesim/action
[8.910s] -- Up-to-date: /home/spacecal/SpaceCal/install/turtlesim/include/turtlesim/action/detail
[8.910s] -- Up-to-date: /home/spacecal/SpaceCal/install/turtlesim/include/turtlesim/action/detail/rotate_absolute__rosidl_typesupport_fastrtps_cpp.hpp
[8.911s] -- Up-to-date: /home/spacecal/SpaceCal/install/turtlesim/include/turtlesim/action/detail/dds_fastrtps
[8.911s] -- Up-to-date: /home/spacecal/SpaceCal/install/turtlesim/lib/libturtlesim__rosidl_typesupport_fastrtps_cpp.so
[8.912s] -- Up-to-date: /home/spacecal/SpaceCal/install/turtlesim/include/turtlesim
[8.913s] -- Up-to-date: /home/spacecal/SpaceCal/install/turtlesim/include/turtlesim/msg
[8.914s] -- Up-to-date: /home/spacecal/SpaceCal/install/turtlesim/include/turtlesim/msg/detail
[8.916s] -- Up-to-date: /home/spacecal/SpaceCal/install/turtlesim/include/turtlesim/msg/detail/color__type_support.c
[8.917s] -- Up-to-date: /home/spacecal/SpaceCal/install/turtlesim/include/turtlesim/msg/detail/pose__type_support.c
[8.918s] -- Up-to-date: /home/spacecal/SpaceCal/install/turtlesim/include/turtlesim/msg/detail/pose__rosidl_typesupport_introspection_c.h
[8.918s] -- Up-to-date: /home/spacecal/SpaceCal/install/turtlesim/include/turtlesim/msg/detail/color__rosidl_typesupport_introspection_c.h
[8.919s] -- Up-to-date: /home/spacecal/SpaceCal/install/turtlesim/include/turtlesim/msg/rosidl_typesupport_introspection_c__visibility_control.h
[8.920s] -- Up-to-date: /home/spacecal/SpaceCal/install/turtlesim/include/turtlesim/srv
[8.921s] -- Up-to-date: /home/spacecal/SpaceCal/install/turtlesim/include/turtlesim/srv/detail
[8.922s] -- Up-to-date: /home/spacecal/SpaceCal/install/turtlesim/include/turtlesim/srv/detail/spawn__type_support.c
[8.923s] -- Up-to-date: /home/spacecal/SpaceCal/install/turtlesim/include/turtlesim/srv/detail/set_pen__type_support.c
[8.925s] -- Up-to-date: /home/spacecal/SpaceCal/install/turtlesim/include/turtlesim/srv/detail/teleport_relative__rosidl_typesupport_introspection_c.h
[8.927s] -- Up-to-date: /home/spacecal/SpaceCal/install/turtlesim/include/turtlesim/srv/detail/kill__rosidl_typesupport_introspection_c.h
[8.928s] -- Up-to-date: /home/spacecal/SpaceCal/install/turtlesim/include/turtlesim/srv/detail/teleport_absolute__rosidl_typesupport_introspection_c.h
[8.929s] -- Up-to-date: /home/spacecal/SpaceCal/install/turtlesim/include/turtlesim/srv/detail/kill__type_support.c
[8.930s] -- Up-to-date: /home/spacecal/SpaceCal/install/turtlesim/include/turtlesim/srv/detail/spawn__rosidl_typesupport_introspection_c.h
[8.931s] -- Up-to-date: /home/spacecal/SpaceCal/install/turtlesim/include/turtlesim/srv/detail/teleport_relative__type_support.c
[8.932s] -- Up-to-date: /home/spacecal/SpaceCal/install/turtlesim/include/turtlesim/srv/detail/teleport_absolute__type_support.c
[8.932s] -- Up-to-date: /home/spacecal/SpaceCal/install/turtlesim/include/turtlesim/srv/detail/set_pen__rosidl_typesupport_introspection_c.h
[8.933s] -- Up-to-date: /home/spacecal/SpaceCal/install/turtlesim/include/turtlesim/action
[8.934s] -- Up-to-date: /home/spacecal/SpaceCal/install/turtlesim/include/turtlesim/action/detail
[8.934s] -- Up-to-date: /home/spacecal/SpaceCal/install/turtlesim/include/turtlesim/action/detail/rotate_absolute__rosidl_typesupport_introspection_c.h
[8.935s] -- Up-to-date: /home/spacecal/SpaceCal/install/turtlesim/include/turtlesim/action/detail/rotate_absolute__type_support.c
[8.937s] -- Up-to-date: /home/spacecal/SpaceCal/install/turtlesim/lib/libturtlesim__rosidl_typesupport_introspection_c.so
[8.938s] -- Up-to-date: /home/spacecal/SpaceCal/install/turtlesim/lib/libturtlesim__rosidl_typesupport_c.so
[8.939s] -- Up-to-date: /home/spacecal/SpaceCal/install/turtlesim/include/turtlesim
[8.940s] -- Up-to-date: /home/spacecal/SpaceCal/install/turtlesim/include/turtlesim/msg
[8.942s] -- Up-to-date: /home/spacecal/SpaceCal/install/turtlesim/include/turtlesim/msg/detail
[8.943s] -- Up-to-date: /home/spacecal/SpaceCal/install/turtlesim/include/turtlesim/msg/detail/pose__traits.hpp
[8.943s] -- Up-to-date: /home/spacecal/SpaceCal/install/turtlesim/include/turtlesim/msg/detail/color__traits.hpp
[8.944s] -- Up-to-date: /home/spacecal/SpaceCal/install/turtlesim/include/turtlesim/msg/detail/color__builder.hpp
[8.944s] -- Up-to-date: /home/spacecal/SpaceCal/install/turtlesim/include/turtlesim/msg/detail/pose__struct.hpp
[8.945s] -- Up-to-date: /home/spacecal/SpaceCal/install/turtlesim/include/turtlesim/msg/detail/pose__builder.hpp
[8.945s] -- Up-to-date: /home/spacecal/SpaceCal/install/turtlesim/include/turtlesim/msg/detail/color__struct.hpp
[8.946s] -- Up-to-date: /home/spacecal/SpaceCal/install/turtlesim/include/turtlesim/msg/pose.hpp
[8.946s] -- Up-to-date: /home/spacecal/SpaceCal/install/turtlesim/include/turtlesim/msg/color.hpp
[8.947s] -- Up-to-date: /home/spacecal/SpaceCal/install/turtlesim/include/turtlesim/srv
[8.947s] -- Up-to-date: /home/spacecal/SpaceCal/install/turtlesim/include/turtlesim/srv/detail
[8.948s] -- Up-to-date: /home/spacecal/SpaceCal/install/turtlesim/include/turtlesim/srv/detail/teleport_absolute__struct.hpp
[8.948s] -- Up-to-date: /home/spacecal/SpaceCal/install/turtlesim/include/turtlesim/srv/detail/spawn__builder.hpp
[8.949s] -- Up-to-date: /home/spacecal/SpaceCal/install/turtlesim/include/turtlesim/srv/detail/spawn__traits.hpp
[8.949s] -- Up-to-date: /home/spacecal/SpaceCal/install/turtlesim/include/turtlesim/srv/detail/teleport_relative__builder.hpp
[8.950s] -- Up-to-date: /home/spacecal/SpaceCal/install/turtlesim/include/turtlesim/srv/detail/set_pen__builder.hpp
[8.950s] -- Up-to-date: /home/spacecal/SpaceCal/install/turtlesim/include/turtlesim/srv/detail/kill__struct.hpp
[8.951s] -- Up-to-date: /home/spacecal/SpaceCal/install/turtlesim/include/turtlesim/srv/detail/teleport_relative__traits.hpp
[8.951s] -- Up-to-date: /home/spacecal/SpaceCal/install/turtlesim/include/turtlesim/srv/detail/kill__traits.hpp
[8.952s] -- Up-to-date: /home/spacecal/SpaceCal/install/turtlesim/include/turtlesim/srv/detail/teleport_absolute__traits.hpp
[8.952s] -- Up-to-date: /home/spacecal/SpaceCal/install/turtlesim/include/turtlesim/srv/detail/set_pen__struct.hpp
[8.953s] -- Up-to-date: /home/spacecal/SpaceCal/install/turtlesim/include/turtlesim/srv/detail/kill__builder.hpp
[8.953s] -- Up-to-date: /home/spacecal/SpaceCal/install/turtlesim/include/turtlesim/srv/detail/set_pen__traits.hpp
[8.954s] -- Up-to-date: /home/spacecal/SpaceCal/install/turtlesim/include/turtlesim/srv/detail/teleport_absolute__builder.hpp
[8.954s] -- Up-to-date: /home/spacecal/SpaceCal/install/turtlesim/include/turtlesim/srv/detail/spawn__struct.hpp
[8.955s] -- Up-to-date: /home/spacecal/SpaceCal/install/turtlesim/include/turtlesim/srv/detail/teleport_relative__struct.hpp
[8.955s] -- Up-to-date: /home/spacecal/SpaceCal/install/turtlesim/include/turtlesim/srv/teleport_absolute.hpp
[8.956s] -- Up-to-date: /home/spacecal/SpaceCal/install/turtlesim/include/turtlesim/srv/spawn.hpp
[8.956s] -- Up-to-date: /home/spacecal/SpaceCal/install/turtlesim/include/turtlesim/srv/set_pen.hpp
[8.957s] -- Up-to-date: /home/spacecal/SpaceCal/install/turtlesim/include/turtlesim/srv/teleport_relative.hpp
[8.958s] -- Up-to-date: /home/spacecal/SpaceCal/install/turtlesim/include/turtlesim/srv/kill.hpp
[8.959s] -- Up-to-date: /home/spacecal/SpaceCal/install/turtlesim/include/turtlesim/action
[8.960s] -- Up-to-date: /home/spacecal/SpaceCal/install/turtlesim/include/turtlesim/action/detail
[8.960s] -- Up-to-date: /home/spacecal/SpaceCal/install/turtlesim/include/turtlesim/action/detail/rotate_absolute__builder.hpp
[8.961s] -- Up-to-date: /home/spacecal/SpaceCal/install/turtlesim/include/turtlesim/action/detail/rotate_absolute__struct.hpp
[8.961s] -- Up-to-date: /home/spacecal/SpaceCal/install/turtlesim/include/turtlesim/action/detail/rotate_absolute__traits.hpp
[8.962s] -- Up-to-date: /home/spacecal/SpaceCal/install/turtlesim/include/turtlesim/action/rotate_absolute.hpp
[8.962s] -- Up-to-date: /home/spacecal/SpaceCal/install/turtlesim/include/turtlesim
[8.963s] -- Up-to-date: /home/spacecal/SpaceCal/install/turtlesim/include/turtlesim/msg
[8.963s] -- Up-to-date: /home/spacecal/SpaceCal/install/turtlesim/include/turtlesim/msg/detail
[8.964s] -- Up-to-date: /home/spacecal/SpaceCal/install/turtlesim/include/turtlesim/msg/detail/pose__rosidl_typesupport_introspection_cpp.hpp
[8.964s] -- Up-to-date: /home/spacecal/SpaceCal/install/turtlesim/include/turtlesim/msg/detail/color__type_support.cpp
[8.965s] -- Up-to-date: /home/spacecal/SpaceCal/install/turtlesim/include/turtlesim/msg/detail/pose__type_support.cpp
[8.965s] -- Up-to-date: /home/spacecal/SpaceCal/install/turtlesim/include/turtlesim/msg/detail/color__rosidl_typesupport_introspection_cpp.hpp
[8.966s] -- Up-to-date: /home/spacecal/SpaceCal/install/turtlesim/include/turtlesim/srv
[8.966s] -- Up-to-date: /home/spacecal/SpaceCal/install/turtlesim/include/turtlesim/srv/detail
[8.967s] -- Up-to-date: /home/spacecal/SpaceCal/install/turtlesim/include/turtlesim/srv/detail/set_pen__type_support.cpp
[8.967s] -- Up-to-date: /home/spacecal/SpaceCal/install/turtlesim/include/turtlesim/srv/detail/teleport_absolute__type_support.cpp
[8.968s] -- Up-to-date: /home/spacecal/SpaceCal/install/turtlesim/include/turtlesim/srv/detail/teleport_absolute__rosidl_typesupport_introspection_cpp.hpp
[8.968s] -- Up-to-date: /home/spacecal/SpaceCal/install/turtlesim/include/turtlesim/srv/detail/set_pen__rosidl_typesupport_introspection_cpp.hpp
[8.968s] -- Up-to-date: /home/spacecal/SpaceCal/install/turtlesim/include/turtlesim/srv/detail/kill__type_support.cpp
[8.969s] -- Up-to-date: /home/spacecal/SpaceCal/install/turtlesim/include/turtlesim/srv/detail/spawn__type_support.cpp
[8.970s] -- Up-to-date: /home/spacecal/SpaceCal/install/turtlesim/include/turtlesim/srv/detail/teleport_relative__rosidl_typesupport_introspection_cpp.hpp
[8.970s] -- Up-to-date: /home/spacecal/SpaceCal/install/turtlesim/include/turtlesim/srv/detail/teleport_relative__type_support.cpp
[8.971s] -- Up-to-date: /home/spacecal/SpaceCal/install/turtlesim/include/turtlesim/srv/detail/spawn__rosidl_typesupport_introspection_cpp.hpp
[8.971s] -- Up-to-date: /home/spacecal/SpaceCal/install/turtlesim/include/turtlesim/srv/detail/kill__rosidl_typesupport_introspection_cpp.hpp
[8.971s] -- Up-to-date: /home/spacecal/SpaceCal/install/turtlesim/include/turtlesim/action
[8.972s] -- Up-to-date: /home/spacecal/SpaceCal/install/turtlesim/include/turtlesim/action/detail
[8.972s] -- Up-to-date: /home/spacecal/SpaceCal/install/turtlesim/include/turtlesim/action/detail/rotate_absolute__rosidl_typesupport_introspection_cpp.hpp
[8.973s] -- Up-to-date: /home/spacecal/SpaceCal/install/turtlesim/include/turtlesim/action/detail/rotate_absolute__type_support.cpp
[8.974s] -- Up-to-date: /home/spacecal/SpaceCal/install/turtlesim/lib/libturtlesim__rosidl_typesupport_introspection_cpp.so
[8.974s] -- Up-to-date: /home/spacecal/SpaceCal/install/turtlesim/lib/libturtlesim__rosidl_typesupport_cpp.so
[8.975s] -- Up-to-date: /home/spacecal/SpaceCal/install/turtlesim/share/turtlesim/environment/pythonpath.sh
[8.976s] -- Up-to-date: /home/spacecal/SpaceCal/install/turtlesim/share/turtlesim/environment/pythonpath.dsv
[8.976s] -- Up-to-date: /home/spacecal/SpaceCal/install/turtlesim/lib/python3.8/site-packages/turtlesim/__init__.py
[9.218s] -- Up-to-date: /home/spacecal/SpaceCal/install/turtlesim/lib/python3.8/site-packages/turtlesim/action
[9.221s] -- Up-to-date: /home/spacecal/SpaceCal/install/turtlesim/lib/python3.8/site-packages/turtlesim/action/_rotate_absolute_s.c
[9.224s] -- Up-to-date: /home/spacecal/SpaceCal/install/turtlesim/lib/python3.8/site-packages/turtlesim/action/__init__.py
[9.226s] -- Up-to-date: /home/spacecal/SpaceCal/install/turtlesim/lib/python3.8/site-packages/turtlesim/action/_rotate_absolute.py
[9.227s] -- Up-to-date: /home/spacecal/SpaceCal/install/turtlesim/lib/python3.8/site-packages/turtlesim/msg
[9.229s] -- Up-to-date: /home/spacecal/SpaceCal/install/turtlesim/lib/python3.8/site-packages/turtlesim/msg/_pose.py
[9.230s] -- Up-to-date: /home/spacecal/SpaceCal/install/turtlesim/lib/python3.8/site-packages/turtlesim/msg/_pose_s.c
[9.230s] -- Up-to-date: /home/spacecal/SpaceCal/install/turtlesim/lib/python3.8/site-packages/turtlesim/msg/__init__.py
[9.231s] -- Up-to-date: /home/spacecal/SpaceCal/install/turtlesim/lib/python3.8/site-packages/turtlesim/msg/_color.py
[9.232s] -- Up-to-date: /home/spacecal/SpaceCal/install/turtlesim/lib/python3.8/site-packages/turtlesim/msg/_color_s.c
[9.232s] -- Up-to-date: /home/spacecal/SpaceCal/install/turtlesim/lib/python3.8/site-packages/turtlesim/srv
[9.233s] -- Up-to-date: /home/spacecal/SpaceCal/install/turtlesim/lib/python3.8/site-packages/turtlesim/srv/_set_pen_s.c
[9.234s] -- Up-to-date: /home/spacecal/SpaceCal/install/turtlesim/lib/python3.8/site-packages/turtlesim/srv/_set_pen.py
[9.234s] -- Up-to-date: /home/spacecal/SpaceCal/install/turtlesim/lib/python3.8/site-packages/turtlesim/srv/_kill_s.c
[9.235s] -- Up-to-date: /home/spacecal/SpaceCal/install/turtlesim/lib/python3.8/site-packages/turtlesim/srv/_kill.py
[9.236s] -- Up-to-date: /home/spacecal/SpaceCal/install/turtlesim/lib/python3.8/site-packages/turtlesim/srv/_spawn.py
[9.240s] -- Up-to-date: /home/spacecal/SpaceCal/install/turtlesim/lib/python3.8/site-packages/turtlesim/srv/__init__.py
[9.246s] -- Up-to-date: /home/spacecal/SpaceCal/install/turtlesim/lib/python3.8/site-packages/turtlesim/srv/_teleport_relative_s.c
[9.247s] -- Up-to-date: /home/spacecal/SpaceCal/install/turtlesim/lib/python3.8/site-packages/turtlesim/srv/_teleport_absolute_s.c
[9.248s] -- Up-to-date: /home/spacecal/SpaceCal/install/turtlesim/lib/python3.8/site-packages/turtlesim/srv/_teleport_absolute.py
[9.249s] -- Up-to-date: /home/spacecal/SpaceCal/install/turtlesim/lib/python3.8/site-packages/turtlesim/srv/_teleport_relative.py
[9.250s] -- Up-to-date: /home/spacecal/SpaceCal/install/turtlesim/lib/python3.8/site-packages/turtlesim/srv/_spawn_s.c
[9.251s] -- Up-to-date: /home/spacecal/SpaceCal/install/turtlesim/lib/python3.8/site-packages/turtlesim/turtlesim_s__rosidl_typesupport_fastrtps_c.cpython-38-aarch64-linux-gnu.so
[9.251s] -- Up-to-date: /home/spacecal/SpaceCal/install/turtlesim/lib/python3.8/site-packages/turtlesim/turtlesim_s__rosidl_typesupport_introspection_c.cpython-38-aarch64-linux-gnu.so
[9.252s] -- Up-to-date: /home/spacecal/SpaceCal/install/turtlesim/lib/python3.8/site-packages/turtlesim/turtlesim_s__rosidl_typesupport_c.cpython-38-aarch64-linux-gnu.so
[9.252s] -- Up-to-date: /home/spacecal/SpaceCal/install/turtlesim/lib/libturtlesim__python.so
[9.253s] -- Up-to-date: /home/spacecal/SpaceCal/install/turtlesim/share/turtlesim/action/RotateAbsolute.idl
[9.254s] -- Up-to-date: /home/spacecal/SpaceCal/install/turtlesim/share/turtlesim/msg/Color.idl
[9.254s] -- Up-to-date: /home/spacecal/SpaceCal/install/turtlesim/share/turtlesim/msg/Pose.idl
[9.255s] -- Up-to-date: /home/spacecal/SpaceCal/install/turtlesim/share/turtlesim/srv/Kill.idl
[9.255s] -- Up-to-date: /home/spacecal/SpaceCal/install/turtlesim/share/turtlesim/srv/SetPen.idl
[9.257s] -- Up-to-date: /home/spacecal/SpaceCal/install/turtlesim/share/turtlesim/srv/Spawn.idl
[9.258s] -- Up-to-date: /home/spacecal/SpaceCal/install/turtlesim/share/turtlesim/srv/TeleportAbsolute.idl
[9.258s] -- Up-to-date: /home/spacecal/SpaceCal/install/turtlesim/share/turtlesim/srv/TeleportRelative.idl
[9.259s] -- Up-to-date: /home/spacecal/SpaceCal/install/turtlesim/share/turtlesim/action/RotateAbsolute.action
[9.260s] -- Up-to-date: /home/spacecal/SpaceCal/install/turtlesim/share/turtlesim/msg/Color.msg
[9.260s] -- Up-to-date: /home/spacecal/SpaceCal/install/turtlesim/share/turtlesim/msg/Pose.msg
[9.261s] -- Up-to-date: /home/spacecal/SpaceCal/install/turtlesim/share/turtlesim/srv/Kill.srv
[9.261s] -- Up-to-date: /home/spacecal/SpaceCal/install/turtlesim/share/turtlesim/srv/Kill_Request.msg
[9.262s] -- Up-to-date: /home/spacecal/SpaceCal/install/turtlesim/share/turtlesim/srv/Kill_Response.msg
[9.263s] -- Up-to-date: /home/spacecal/SpaceCal/install/turtlesim/share/turtlesim/srv/SetPen.srv
[9.263s] -- Up-to-date: /home/spacecal/SpaceCal/install/turtlesim/share/turtlesim/srv/SetPen_Request.msg
[9.264s] -- Up-to-date: /home/spacecal/SpaceCal/install/turtlesim/share/turtlesim/srv/SetPen_Response.msg
[9.264s] -- Up-to-date: /home/spacecal/SpaceCal/install/turtlesim/share/turtlesim/srv/Spawn.srv
[9.265s] -- Up-to-date: /home/spacecal/SpaceCal/install/turtlesim/share/turtlesim/srv/Spawn_Request.msg
[9.265s] -- Up-to-date: /home/spacecal/SpaceCal/install/turtlesim/share/turtlesim/srv/Spawn_Response.msg
[9.266s] -- Up-to-date: /home/spacecal/SpaceCal/install/turtlesim/share/turtlesim/srv/TeleportAbsolute.srv
[9.266s] -- Up-to-date: /home/spacecal/SpaceCal/install/turtlesim/share/turtlesim/srv/TeleportAbsolute_Request.msg
[9.267s] -- Up-to-date: /home/spacecal/SpaceCal/install/turtlesim/share/turtlesim/srv/TeleportAbsolute_Response.msg
[9.268s] -- Up-to-date: /home/spacecal/SpaceCal/install/turtlesim/share/turtlesim/srv/TeleportRelative.srv
[9.268s] -- Up-to-date: /home/spacecal/SpaceCal/install/turtlesim/share/turtlesim/srv/TeleportRelative_Request.msg
[9.269s] -- Up-to-date: /home/spacecal/SpaceCal/install/turtlesim/share/turtlesim/srv/TeleportRelative_Response.msg
[9.269s] -- Up-to-date: /home/spacecal/SpaceCal/install/turtlesim/lib/turtlesim/turtlesim_node
[9.270s] -- Up-to-date: /home/spacecal/SpaceCal/install/turtlesim/lib/turtlesim/turtle_teleop_key
[9.270s] -- Up-to-date: /home/spacecal/SpaceCal/install/turtlesim/lib/turtlesim/draw_square
[9.271s] -- Up-to-date: /home/spacecal/SpaceCal/install/turtlesim/lib/turtlesim/mimic
[9.271s] -- Up-to-date: /home/spacecal/SpaceCal/install/turtlesim/share/turtlesim/images
[9.272s] -- Up-to-date: /home/spacecal/SpaceCal/install/turtlesim/share/turtlesim/images/dashing.png
[9.273s] -- Up-to-date: /home/spacecal/SpaceCal/install/turtlesim/share/turtlesim/images/eloquent.png
[9.274s] -- Up-to-date: /home/spacecal/SpaceCal/install/turtlesim/share/turtlesim/images/foxy.png
[9.274s] -- Up-to-date: /home/spacecal/SpaceCal/install/turtlesim/share/turtlesim/images/bouncy.png
[9.275s] -- Up-to-date: /home/spacecal/SpaceCal/install/turtlesim/share/turtlesim/images/ardent.png
[9.275s] -- Up-to-date: /home/spacecal/SpaceCal/install/turtlesim/share/turtlesim/images/crystal.png
[9.276s] -- Up-to-date: /home/spacecal/SpaceCal/install/turtlesim/share/turtlesim/launch
[9.276s] -- Up-to-date: /home/spacecal/SpaceCal/install/turtlesim/share/turtlesim/launch/multisim.launch.py
[9.277s] -- Up-to-date: /home/spacecal/SpaceCal/install/turtlesim/share/ament_index/resource_index/package_run_dependencies/turtlesim
[9.277s] -- Up-to-date: /home/spacecal/SpaceCal/install/turtlesim/share/ament_index/resource_index/parent_prefix_path/turtlesim
[9.278s] -- Up-to-date: /home/spacecal/SpaceCal/install/turtlesim/share/turtlesim/environment/ament_prefix_path.sh
[9.279s] -- Up-to-date: /home/spacecal/SpaceCal/install/turtlesim/share/turtlesim/environment/ament_prefix_path.dsv
[9.280s] -- Up-to-date: /home/spacecal/SpaceCal/install/turtlesim/share/turtlesim/environment/path.sh
[9.280s] -- Up-to-date: /home/spacecal/SpaceCal/install/turtlesim/share/turtlesim/environment/path.dsv
[9.281s] -- Up-to-date: /home/spacecal/SpaceCal/install/turtlesim/share/turtlesim/local_setup.bash
[9.281s] -- Up-to-date: /home/spacecal/SpaceCal/install/turtlesim/share/turtlesim/local_setup.sh
[9.282s] -- Up-to-date: /home/spacecal/SpaceCal/install/turtlesim/share/turtlesim/local_setup.zsh
[9.282s] -- Up-to-date: /home/spacecal/SpaceCal/install/turtlesim/share/turtlesim/local_setup.dsv
[9.283s] -- Installing: /home/spacecal/SpaceCal/install/turtlesim/share/turtlesim/package.dsv
[9.284s] -- Up-to-date: /home/spacecal/SpaceCal/install/turtlesim/share/ament_index/resource_index/packages/turtlesim
[9.284s] -- Up-to-date: /home/spacecal/SpaceCal/install/turtlesim/share/turtlesim/cmake/turtlesim__rosidl_generator_cExport.cmake
[9.285s] -- Up-to-date: /home/spacecal/SpaceCal/install/turtlesim/share/turtlesim/cmake/turtlesim__rosidl_generator_cExport-noconfig.cmake
[9.286s] -- Up-to-date: /home/spacecal/SpaceCal/install/turtlesim/share/turtlesim/cmake/turtlesim__rosidl_typesupport_introspection_cExport.cmake
[9.290s] -- Up-to-date: /home/spacecal/SpaceCal/install/turtlesim/share/turtlesim/cmake/turtlesim__rosidl_typesupport_introspection_cExport-noconfig.cmake
[9.299s] -- Up-to-date: /home/spacecal/SpaceCal/install/turtlesim/share/turtlesim/cmake/turtlesim__rosidl_typesupport_cExport.cmake
[9.306s] -- Up-to-date: /home/spacecal/SpaceCal/install/turtlesim/share/turtlesim/cmake/turtlesim__rosidl_typesupport_cExport-noconfig.cmake
[9.307s] -- Up-to-date: /home/spacecal/SpaceCal/install/turtlesim/share/turtlesim/cmake/turtlesim__rosidl_generator_cppExport.cmake
[9.308s] -- Up-to-date: /home/spacecal/SpaceCal/install/turtlesim/share/turtlesim/cmake/turtlesim__rosidl_typesupport_introspection_cppExport.cmake
[9.308s] -- Up-to-date: /home/spacecal/SpaceCal/install/turtlesim/share/turtlesim/cmake/turtlesim__rosidl_typesupport_introspection_cppExport-noconfig.cmake
[9.309s] -- Up-to-date: /home/spacecal/SpaceCal/install/turtlesim/share/turtlesim/cmake/turtlesim__rosidl_typesupport_cppExport.cmake
[9.310s] -- Up-to-date: /home/spacecal/SpaceCal/install/turtlesim/share/turtlesim/cmake/turtlesim__rosidl_typesupport_cppExport-noconfig.cmake
[9.310s] -- Up-to-date: /home/spacecal/SpaceCal/install/turtlesim/share/turtlesim/cmake/rosidl_cmake-extras.cmake
[9.311s] -- Up-to-date: /home/spacecal/SpaceCal/install/turtlesim/share/turtlesim/cmake/ament_cmake_export_dependencies-extras.cmake
[9.311s] -- Up-to-date: /home/spacecal/SpaceCal/install/turtlesim/share/turtlesim/cmake/ament_cmake_export_libraries-extras.cmake
[9.311s] -- Up-to-date: /home/spacecal/SpaceCal/install/turtlesim/share/turtlesim/cmake/ament_cmake_export_targets-extras.cmake
[9.312s] -- Up-to-date: /home/spacecal/SpaceCal/install/turtlesim/share/turtlesim/cmake/ament_cmake_export_include_directories-extras.cmake
[9.312s] -- Up-to-date: /home/spacecal/SpaceCal/install/turtlesim/share/turtlesim/cmake/rosidl_cmake_export_typesupport_libraries-extras.cmake
[9.313s] -- Up-to-date: /home/spacecal/SpaceCal/install/turtlesim/share/turtlesim/cmake/rosidl_cmake_export_typesupport_targets-extras.cmake
[9.313s] -- Up-to-date: /home/spacecal/SpaceCal/install/turtlesim/share/turtlesim/cmake/turtlesimConfig.cmake
[9.314s] -- Up-to-date: /home/spacecal/SpaceCal/install/turtlesim/share/turtlesim/cmake/turtlesimConfig-version.cmake
[9.315s] -- Up-to-date: /home/spacecal/SpaceCal/install/turtlesim/share/turtlesim/package.xml
[9.316s] Invoked command in '/home/spacecal/SpaceCal/build/turtlesim' returned '0': CMAKE_PREFIX_PATH=${CMAKE_PREFIX_PATH}:/home/spacecal/SpaceCal/install/JNode_MotorController:/home/spacecal/SpaceCal/install/JNode_KeyboardInput:/opt/ros/foxy /usr/bin/cmake --install /home/spacecal/SpaceCal/build/turtlesim
