[3.966s] Invoking command in '/home/spacecal/SpaceCal/src/JNode_KeyboardInput': PYTHONPATH=/home/spacecal/SpaceCal/install/JNode_KeyboardInput/lib/python3.8/site-packages:${PYTHONPATH} /usr/bin/python3 setup.py egg_info --egg-base ../../build/JNode_KeyboardInput build --build-base /home/spacecal/SpaceCal/build/JNode_KeyboardInput/build install --prefix /home/spacecal/SpaceCal/install/JNode_KeyboardInput --record /home/spacecal/SpaceCal/build/JNode_KeyboardInput/install.log --single-version-externally-managed
[6.458s] running egg_info
[6.465s] writing ../../build/JNode_KeyboardInput/JNode_KeyboardInput.egg-info/PKG-INFO
[6.469s] writing dependency_links to ../../build/JNode_KeyboardInput/JNode_KeyboardInput.egg-info/dependency_links.txt
[6.472s] writing entry points to ../../build/JNode_KeyboardInput/JNode_KeyboardInput.egg-info/entry_points.txt
[6.473s] writing requirements to ../../build/JNode_KeyboardInput/JNode_KeyboardInput.egg-info/requires.txt
[6.474s] writing top-level names to ../../build/JNode_KeyboardInput/JNode_KeyboardInput.egg-info/top_level.txt
[6.834s] reading manifest file '../../build/JNode_KeyboardInput/JNode_KeyboardInput.egg-info/SOURCES.txt'
[6.845s] writing manifest file '../../build/JNode_KeyboardInput/JNode_KeyboardInput.egg-info/SOURCES.txt'
[6.852s] running build
[6.854s] running build_py
[6.864s] running install
[6.879s] running install_lib
[6.931s] running install_data
[6.937s] running install_egg_info
[6.956s] removing '/home/spacecal/SpaceCal/install/JNode_KeyboardInput/lib/python3.8/site-packages/JNode_KeyboardInput-0.0.0-py3.8.egg-info' (and everything under it)
[6.964s] Copying ../../build/JNode_KeyboardInput/JNode_KeyboardInput.egg-info to /home/spacecal/SpaceCal/install/JNode_KeyboardInput/lib/python3.8/site-packages/JNode_KeyboardInput-0.0.0-py3.8.egg-info
[6.975s] running install_scripts
[7.176s] Installing JNodeInput script to /home/spacecal/SpaceCal/install/JNode_KeyboardInput/lib/JNode_KeyboardInput
[7.178s] writing list of installed files to '/home/spacecal/SpaceCal/build/JNode_KeyboardInput/install.log'
[7.672s] Invoked command in '/home/spacecal/SpaceCal/src/JNode_KeyboardInput' returned '0': PYTHONPATH=/home/spacecal/SpaceCal/install/JNode_KeyboardInput/lib/python3.8/site-packages:${PYTHONPATH} /usr/bin/python3 setup.py egg_info --egg-base ../../build/JNode_KeyboardInput build --build-base /home/spacecal/SpaceCal/build/JNode_KeyboardInput/build install --prefix /home/spacecal/SpaceCal/install/JNode_KeyboardInput --record /home/spacecal/SpaceCal/build/JNode_KeyboardInput/install.log --single-version-externally-managed
