[  1%] Built target turtlesim__cpp
[ 11%] Built target turtlesim__rosidl_generator_c
[ 21%] Built target turtlesim__rosidl_typesupport_introspection_c
[ 31%] Built target turtlesim__rosidl_typesupport_cpp
[ 41%] Built target turtlesim__rosidl_typesupport_fastrtps_cpp
[ 51%] Built target turtlesim__rosidl_typesupport_introspection_cpp
[ 61%] Built target turtlesim__rosidl_typesupport_c
[ 71%] Built target turtlesim__rosidl_typesupport_fastrtps_c
[ 71%] Built target turtlesim
[ 72%] Built target turtlesim__py
[ 74%] Built target mimic
[ 76%] Built target turtle_teleop_key
[ 78%] Built target draw_square
[ 87%] Built target turtlesim__python
[ 93%] Built target turtlesim_node
[ 95%] Built target turtlesim__rosidl_typesupport_c__pyext
[ 97%] Built target turtlesim__rosidl_typesupport_introspection_c__pyext
[100%] Built target turtlesim__rosidl_typesupport_fastrtps_c__pyext
-- Install configuration: ""
-- Installing: /home/spacecal/SpaceCal/install/turtlesim/share/ament_index/resource_index/rosidl_interfaces/turtlesim
-- Up-to-date: /home/spacecal/SpaceCal/install/turtlesim/include/turtlesim
-- Up-to-date: /home/spacecal/SpaceCal/install/turtlesim/include/turtlesim/msg
-- Installing: /home/spacecal/SpaceCal/install/turtlesim/include/turtlesim/msg/rosidl_generator_c__visibility_control.h
-- Up-to-date: /home/spacecal/SpaceCal/install/turtlesim/include/turtlesim/msg/detail
-- Installing: /home/spacecal/SpaceCal/install/turtlesim/include/turtlesim/msg/detail/pose__functions.c
-- Installing: /home/spacecal/SpaceCal/install/turtlesim/include/turtlesim/msg/detail/pose__type_support.h
-- Installing: /home/spacecal/SpaceCal/install/turtlesim/include/turtlesim/msg/detail/pose__functions.h
-- Installing: /home/spacecal/SpaceCal/install/turtlesim/include/turtlesim/msg/detail/color__functions.c
-- Installing: /home/spacecal/SpaceCal/install/turtlesim/include/turtlesim/msg/detail/color__functions.h
-- Installing: /home/spacecal/SpaceCal/install/turtlesim/include/turtlesim/msg/detail/color__type_support.h
-- Installing: /home/spacecal/SpaceCal/install/turtlesim/include/turtlesim/msg/detail/pose__struct.h
-- Installing: /home/spacecal/SpaceCal/install/turtlesim/include/turtlesim/msg/detail/color__struct.h
-- Installing: /home/spacecal/SpaceCal/install/turtlesim/include/turtlesim/msg/color.h
-- Installing: /home/spacecal/SpaceCal/install/turtlesim/include/turtlesim/msg/pose.h
-- Up-to-date: /home/spacecal/SpaceCal/install/turtlesim/include/turtlesim/srv
-- Installing: /home/spacecal/SpaceCal/install/turtlesim/include/turtlesim/srv/set_pen.h
-- Up-to-date: /home/spacecal/SpaceCal/install/turtlesim/include/turtlesim/srv/detail
-- Installing: /home/spacecal/SpaceCal/install/turtlesim/include/turtlesim/srv/detail/set_pen__functions.c
-- Installing: /home/spacecal/SpaceCal/install/turtlesim/include/turtlesim/srv/detail/set_pen__functions.h
-- Installing: /home/spacecal/SpaceCal/install/turtlesim/include/turtlesim/srv/detail/teleport_relative__functions.h
-- Installing: /home/spacecal/SpaceCal/install/turtlesim/include/turtlesim/srv/detail/spawn__functions.c
-- Installing: /home/spacecal/SpaceCal/install/turtlesim/include/turtlesim/srv/detail/teleport_relative__struct.h
-- Installing: /home/spacecal/SpaceCal/install/turtlesim/include/turtlesim/srv/detail/teleport_absolute__functions.c
-- Installing: /home/spacecal/SpaceCal/install/turtlesim/include/turtlesim/srv/detail/set_pen__type_support.h
-- Installing: /home/spacecal/SpaceCal/install/turtlesim/include/turtlesim/srv/detail/spawn__type_support.h
-- Installing: /home/spacecal/SpaceCal/install/turtlesim/include/turtlesim/srv/detail/kill__functions.h
-- Installing: /home/spacecal/SpaceCal/install/turtlesim/include/turtlesim/srv/detail/set_pen__struct.h
-- Installing: /home/spacecal/SpaceCal/install/turtlesim/include/turtlesim/srv/detail/kill__struct.h
-- Installing: /home/spacecal/SpaceCal/install/turtlesim/include/turtlesim/srv/detail/teleport_absolute__functions.h
-- Installing: /home/spacecal/SpaceCal/install/turtlesim/include/turtlesim/srv/detail/teleport_relative__functions.c
-- Installing: /home/spacecal/SpaceCal/install/turtlesim/include/turtlesim/srv/detail/teleport_absolute__struct.h
-- Installing: /home/spacecal/SpaceCal/install/turtlesim/include/turtlesim/srv/detail/spawn__functions.h
-- Installing: /home/spacecal/SpaceCal/install/turtlesim/include/turtlesim/srv/detail/teleport_relative__type_support.h
-- Installing: /home/spacecal/SpaceCal/install/turtlesim/include/turtlesim/srv/detail/kill__type_support.h
-- Installing: /home/spacecal/SpaceCal/install/turtlesim/include/turtlesim/srv/detail/teleport_absolute__type_support.h
-- Installing: /home/spacecal/SpaceCal/install/turtlesim/include/turtlesim/srv/detail/kill__functions.c
-- Installing: /home/spacecal/SpaceCal/install/turtlesim/include/turtlesim/srv/detail/spawn__struct.h
-- Installing: /home/spacecal/SpaceCal/install/turtlesim/include/turtlesim/srv/kill.h
-- Installing: /home/spacecal/SpaceCal/install/turtlesim/include/turtlesim/srv/teleport_absolute.h
-- Installing: /home/spacecal/SpaceCal/install/turtlesim/include/turtlesim/srv/teleport_relative.h
-- Installing: /home/spacecal/SpaceCal/install/turtlesim/include/turtlesim/srv/spawn.h
-- Up-to-date: /home/spacecal/SpaceCal/install/turtlesim/include/turtlesim/action
-- Up-to-date: /home/spacecal/SpaceCal/install/turtlesim/include/turtlesim/action/detail
-- Installing: /home/spacecal/SpaceCal/install/turtlesim/include/turtlesim/action/detail/rotate_absolute__functions.c
-- Installing: /home/spacecal/SpaceCal/install/turtlesim/include/turtlesim/action/detail/rotate_absolute__type_support.h
-- Installing: /home/spacecal/SpaceCal/install/turtlesim/include/turtlesim/action/detail/rotate_absolute__struct.h
-- Installing: /home/spacecal/SpaceCal/install/turtlesim/include/turtlesim/action/detail/rotate_absolute__functions.h
-- Installing: /home/spacecal/SpaceCal/install/turtlesim/include/turtlesim/action/rotate_absolute.h
-- Installing: /home/spacecal/SpaceCal/install/turtlesim/share/turtlesim/environment/library_path.sh
-- Installing: /home/spacecal/SpaceCal/install/turtlesim/share/turtlesim/environment/library_path.dsv
-- Installing: /home/spacecal/SpaceCal/install/turtlesim/lib/libturtlesim__rosidl_generator_c.so
-- Set runtime path of "/home/spacecal/SpaceCal/install/turtlesim/lib/libturtlesim__rosidl_generator_c.so" to ""
-- Up-to-date: /home/spacecal/SpaceCal/install/turtlesim/include/turtlesim
-- Up-to-date: /home/spacecal/SpaceCal/install/turtlesim/include/turtlesim/msg
-- Up-to-date: /home/spacecal/SpaceCal/install/turtlesim/include/turtlesim/msg/detail
-- Installing: /home/spacecal/SpaceCal/install/turtlesim/include/turtlesim/msg/detail/pose__rosidl_typesupport_fastrtps_c.h
-- Installing: /home/spacecal/SpaceCal/install/turtlesim/include/turtlesim/msg/detail/color__rosidl_typesupport_fastrtps_c.h
-- Installing: /home/spacecal/SpaceCal/install/turtlesim/include/turtlesim/msg/rosidl_typesupport_fastrtps_c__visibility_control.h
-- Up-to-date: /home/spacecal/SpaceCal/install/turtlesim/include/turtlesim/srv
-- Up-to-date: /home/spacecal/SpaceCal/install/turtlesim/include/turtlesim/srv/detail
-- Installing: /home/spacecal/SpaceCal/install/turtlesim/include/turtlesim/srv/detail/teleport_relative__rosidl_typesupport_fastrtps_c.h
-- Installing: /home/spacecal/SpaceCal/install/turtlesim/include/turtlesim/srv/detail/teleport_absolute__rosidl_typesupport_fastrtps_c.h
-- Installing: /home/spacecal/SpaceCal/install/turtlesim/include/turtlesim/srv/detail/spawn__rosidl_typesupport_fastrtps_c.h
-- Installing: /home/spacecal/SpaceCal/install/turtlesim/include/turtlesim/srv/detail/kill__rosidl_typesupport_fastrtps_c.h
-- Installing: /home/spacecal/SpaceCal/install/turtlesim/include/turtlesim/srv/detail/set_pen__rosidl_typesupport_fastrtps_c.h
-- Up-to-date: /home/spacecal/SpaceCal/install/turtlesim/include/turtlesim/action
-- Up-to-date: /home/spacecal/SpaceCal/install/turtlesim/include/turtlesim/action/detail
-- Installing: /home/spacecal/SpaceCal/install/turtlesim/include/turtlesim/action/detail/rotate_absolute__rosidl_typesupport_fastrtps_c.h
-- Installing: /home/spacecal/SpaceCal/install/turtlesim/lib/libturtlesim__rosidl_typesupport_fastrtps_c.so
-- Set runtime path of "/home/spacecal/SpaceCal/install/turtlesim/lib/libturtlesim__rosidl_typesupport_fastrtps_c.so" to ""
-- Up-to-date: /home/spacecal/SpaceCal/install/turtlesim/include/turtlesim
-- Up-to-date: /home/spacecal/SpaceCal/install/turtlesim/include/turtlesim/msg
-- Up-to-date: /home/spacecal/SpaceCal/install/turtlesim/include/turtlesim/msg/detail
-- Installing: /home/spacecal/SpaceCal/install/turtlesim/include/turtlesim/msg/detail/pose__rosidl_typesupport_fastrtps_cpp.hpp
-- Up-to-date: /home/spacecal/SpaceCal/install/turtlesim/include/turtlesim/msg/detail/dds_fastrtps
-- Installing: /home/spacecal/SpaceCal/install/turtlesim/include/turtlesim/msg/detail/color__rosidl_typesupport_fastrtps_cpp.hpp
-- Installing: /home/spacecal/SpaceCal/install/turtlesim/include/turtlesim/msg/rosidl_typesupport_fastrtps_cpp__visibility_control.h
-- Up-to-date: /home/spacecal/SpaceCal/install/turtlesim/include/turtlesim/srv
-- Up-to-date: /home/spacecal/SpaceCal/install/turtlesim/include/turtlesim/srv/detail
-- Installing: /home/spacecal/SpaceCal/install/turtlesim/include/turtlesim/srv/detail/teleport_absolute__rosidl_typesupport_fastrtps_cpp.hpp
-- Installing: /home/spacecal/SpaceCal/install/turtlesim/include/turtlesim/srv/detail/kill__rosidl_typesupport_fastrtps_cpp.hpp
-- Up-to-date: /home/spacecal/SpaceCal/install/turtlesim/include/turtlesim/srv/detail/dds_fastrtps
-- Installing: /home/spacecal/SpaceCal/install/turtlesim/include/turtlesim/srv/detail/teleport_relative__rosidl_typesupport_fastrtps_cpp.hpp
-- Installing: /home/spacecal/SpaceCal/install/turtlesim/include/turtlesim/srv/detail/spawn__rosidl_typesupport_fastrtps_cpp.hpp
-- Installing: /home/spacecal/SpaceCal/install/turtlesim/include/turtlesim/srv/detail/set_pen__rosidl_typesupport_fastrtps_cpp.hpp
-- Up-to-date: /home/spacecal/SpaceCal/install/turtlesim/include/turtlesim/action
-- Up-to-date: /home/spacecal/SpaceCal/install/turtlesim/include/turtlesim/action/detail
-- Installing: /home/spacecal/SpaceCal/install/turtlesim/include/turtlesim/action/detail/rotate_absolute__rosidl_typesupport_fastrtps_cpp.hpp
-- Up-to-date: /home/spacecal/SpaceCal/install/turtlesim/include/turtlesim/action/detail/dds_fastrtps
-- Installing: /home/spacecal/SpaceCal/install/turtlesim/lib/libturtlesim__rosidl_typesupport_fastrtps_cpp.so
-- Set runtime path of "/home/spacecal/SpaceCal/install/turtlesim/lib/libturtlesim__rosidl_typesupport_fastrtps_cpp.so" to ""
-- Up-to-date: /home/spacecal/SpaceCal/install/turtlesim/include/turtlesim
-- Up-to-date: /home/spacecal/SpaceCal/install/turtlesim/include/turtlesim/msg
-- Up-to-date: /home/spacecal/SpaceCal/install/turtlesim/include/turtlesim/msg/detail
-- Installing: /home/spacecal/SpaceCal/install/turtlesim/include/turtlesim/msg/detail/color__type_support.c
-- Installing: /home/spacecal/SpaceCal/install/turtlesim/include/turtlesim/msg/detail/pose__type_support.c
-- Installing: /home/spacecal/SpaceCal/install/turtlesim/include/turtlesim/msg/detail/pose__rosidl_typesupport_introspection_c.h
-- Installing: /home/spacecal/SpaceCal/install/turtlesim/include/turtlesim/msg/detail/color__rosidl_typesupport_introspection_c.h
-- Installing: /home/spacecal/SpaceCal/install/turtlesim/include/turtlesim/msg/rosidl_typesupport_introspection_c__visibility_control.h
-- Up-to-date: /home/spacecal/SpaceCal/install/turtlesim/include/turtlesim/srv
-- Up-to-date: /home/spacecal/SpaceCal/install/turtlesim/include/turtlesim/srv/detail
-- Installing: /home/spacecal/SpaceCal/install/turtlesim/include/turtlesim/srv/detail/spawn__type_support.c
-- Installing: /home/spacecal/SpaceCal/install/turtlesim/include/turtlesim/srv/detail/set_pen__type_support.c
-- Installing: /home/spacecal/SpaceCal/install/turtlesim/include/turtlesim/srv/detail/teleport_relative__rosidl_typesupport_introspection_c.h
-- Installing: /home/spacecal/SpaceCal/install/turtlesim/include/turtlesim/srv/detail/kill__rosidl_typesupport_introspection_c.h
-- Installing: /home/spacecal/SpaceCal/install/turtlesim/include/turtlesim/srv/detail/teleport_absolute__rosidl_typesupport_introspection_c.h
-- Installing: /home/spacecal/SpaceCal/install/turtlesim/include/turtlesim/srv/detail/kill__type_support.c
-- Installing: /home/spacecal/SpaceCal/install/turtlesim/include/turtlesim/srv/detail/spawn__rosidl_typesupport_introspection_c.h
-- Installing: /home/spacecal/SpaceCal/install/turtlesim/include/turtlesim/srv/detail/teleport_relative__type_support.c
-- Installing: /home/spacecal/SpaceCal/install/turtlesim/include/turtlesim/srv/detail/teleport_absolute__type_support.c
-- Installing: /home/spacecal/SpaceCal/install/turtlesim/include/turtlesim/srv/detail/set_pen__rosidl_typesupport_introspection_c.h
-- Up-to-date: /home/spacecal/SpaceCal/install/turtlesim/include/turtlesim/action
-- Up-to-date: /home/spacecal/SpaceCal/install/turtlesim/include/turtlesim/action/detail
-- Installing: /home/spacecal/SpaceCal/install/turtlesim/include/turtlesim/action/detail/rotate_absolute__rosidl_typesupport_introspection_c.h
-- Installing: /home/spacecal/SpaceCal/install/turtlesim/include/turtlesim/action/detail/rotate_absolute__type_support.c
-- Installing: /home/spacecal/SpaceCal/install/turtlesim/lib/libturtlesim__rosidl_typesupport_introspection_c.so
-- Set runtime path of "/home/spacecal/SpaceCal/install/turtlesim/lib/libturtlesim__rosidl_typesupport_introspection_c.so" to ""
-- Installing: /home/spacecal/SpaceCal/install/turtlesim/lib/libturtlesim__rosidl_typesupport_c.so
-- Set runtime path of "/home/spacecal/SpaceCal/install/turtlesim/lib/libturtlesim__rosidl_typesupport_c.so" to ""
-- Up-to-date: /home/spacecal/SpaceCal/install/turtlesim/include/turtlesim
-- Up-to-date: /home/spacecal/SpaceCal/install/turtlesim/include/turtlesim/msg
-- Up-to-date: /home/spacecal/SpaceCal/install/turtlesim/include/turtlesim/msg/detail
-- Installing: /home/spacecal/SpaceCal/install/turtlesim/include/turtlesim/msg/detail/pose__traits.hpp
-- Installing: /home/spacecal/SpaceCal/install/turtlesim/include/turtlesim/msg/detail/color__traits.hpp
-- Installing: /home/spacecal/SpaceCal/install/turtlesim/include/turtlesim/msg/detail/color__builder.hpp
-- Installing: /home/spacecal/SpaceCal/install/turtlesim/include/turtlesim/msg/detail/pose__struct.hpp
-- Installing: /home/spacecal/SpaceCal/install/turtlesim/include/turtlesim/msg/detail/pose__builder.hpp
-- Installing: /home/spacecal/SpaceCal/install/turtlesim/include/turtlesim/msg/detail/color__struct.hpp
-- Installing: /home/spacecal/SpaceCal/install/turtlesim/include/turtlesim/msg/pose.hpp
-- Installing: /home/spacecal/SpaceCal/install/turtlesim/include/turtlesim/msg/color.hpp
-- Up-to-date: /home/spacecal/SpaceCal/install/turtlesim/include/turtlesim/srv
-- Up-to-date: /home/spacecal/SpaceCal/install/turtlesim/include/turtlesim/srv/detail
-- Installing: /home/spacecal/SpaceCal/install/turtlesim/include/turtlesim/srv/detail/teleport_absolute__struct.hpp
-- Installing: /home/spacecal/SpaceCal/install/turtlesim/include/turtlesim/srv/detail/spawn__builder.hpp
-- Installing: /home/spacecal/SpaceCal/install/turtlesim/include/turtlesim/srv/detail/spawn__traits.hpp
-- Installing: /home/spacecal/SpaceCal/install/turtlesim/include/turtlesim/srv/detail/teleport_relative__builder.hpp
-- Installing: /home/spacecal/SpaceCal/install/turtlesim/include/turtlesim/srv/detail/set_pen__builder.hpp
-- Installing: /home/spacecal/SpaceCal/install/turtlesim/include/turtlesim/srv/detail/kill__struct.hpp
-- Installing: /home/spacecal/SpaceCal/install/turtlesim/include/turtlesim/srv/detail/teleport_relative__traits.hpp
-- Installing: /home/spacecal/SpaceCal/install/turtlesim/include/turtlesim/srv/detail/kill__traits.hpp
-- Installing: /home/spacecal/SpaceCal/install/turtlesim/include/turtlesim/srv/detail/teleport_absolute__traits.hpp
-- Installing: /home/spacecal/SpaceCal/install/turtlesim/include/turtlesim/srv/detail/set_pen__struct.hpp
-- Installing: /home/spacecal/SpaceCal/install/turtlesim/include/turtlesim/srv/detail/kill__builder.hpp
-- Installing: /home/spacecal/SpaceCal/install/turtlesim/include/turtlesim/srv/detail/set_pen__traits.hpp
-- Installing: /home/spacecal/SpaceCal/install/turtlesim/include/turtlesim/srv/detail/teleport_absolute__builder.hpp
-- Installing: /home/spacecal/SpaceCal/install/turtlesim/include/turtlesim/srv/detail/spawn__struct.hpp
-- Installing: /home/spacecal/SpaceCal/install/turtlesim/include/turtlesim/srv/detail/teleport_relative__struct.hpp
-- Installing: /home/spacecal/SpaceCal/install/turtlesim/include/turtlesim/srv/teleport_absolute.hpp
-- Installing: /home/spacecal/SpaceCal/install/turtlesim/include/turtlesim/srv/spawn.hpp
-- Installing: /home/spacecal/SpaceCal/install/turtlesim/include/turtlesim/srv/set_pen.hpp
-- Installing: /home/spacecal/SpaceCal/install/turtlesim/include/turtlesim/srv/teleport_relative.hpp
-- Installing: /home/spacecal/SpaceCal/install/turtlesim/include/turtlesim/srv/kill.hpp
-- Up-to-date: /home/spacecal/SpaceCal/install/turtlesim/include/turtlesim/action
-- Up-to-date: /home/spacecal/SpaceCal/install/turtlesim/include/turtlesim/action/detail
-- Installing: /home/spacecal/SpaceCal/install/turtlesim/include/turtlesim/action/detail/rotate_absolute__builder.hpp
-- Installing: /home/spacecal/SpaceCal/install/turtlesim/include/turtlesim/action/detail/rotate_absolute__struct.hpp
-- Installing: /home/spacecal/SpaceCal/install/turtlesim/include/turtlesim/action/detail/rotate_absolute__traits.hpp
-- Installing: /home/spacecal/SpaceCal/install/turtlesim/include/turtlesim/action/rotate_absolute.hpp
-- Up-to-date: /home/spacecal/SpaceCal/install/turtlesim/include/turtlesim
-- Up-to-date: /home/spacecal/SpaceCal/install/turtlesim/include/turtlesim/msg
-- Up-to-date: /home/spacecal/SpaceCal/install/turtlesim/include/turtlesim/msg/detail
-- Installing: /home/spacecal/SpaceCal/install/turtlesim/include/turtlesim/msg/detail/pose__rosidl_typesupport_introspection_cpp.hpp
-- Installing: /home/spacecal/SpaceCal/install/turtlesim/include/turtlesim/msg/detail/color__type_support.cpp
-- Installing: /home/spacecal/SpaceCal/install/turtlesim/include/turtlesim/msg/detail/pose__type_support.cpp
-- Installing: /home/spacecal/SpaceCal/install/turtlesim/include/turtlesim/msg/detail/color__rosidl_typesupport_introspection_cpp.hpp
-- Up-to-date: /home/spacecal/SpaceCal/install/turtlesim/include/turtlesim/srv
-- Up-to-date: /home/spacecal/SpaceCal/install/turtlesim/include/turtlesim/srv/detail
-- Installing: /home/spacecal/SpaceCal/install/turtlesim/include/turtlesim/srv/detail/set_pen__type_support.cpp
-- Installing: /home/spacecal/SpaceCal/install/turtlesim/include/turtlesim/srv/detail/teleport_absolute__type_support.cpp
-- Installing: /home/spacecal/SpaceCal/install/turtlesim/include/turtlesim/srv/detail/teleport_absolute__rosidl_typesupport_introspection_cpp.hpp
-- Installing: /home/spacecal/SpaceCal/install/turtlesim/include/turtlesim/srv/detail/set_pen__rosidl_typesupport_introspection_cpp.hpp
-- Installing: /home/spacecal/SpaceCal/install/turtlesim/include/turtlesim/srv/detail/kill__type_support.cpp
-- Installing: /home/spacecal/SpaceCal/install/turtlesim/include/turtlesim/srv/detail/spawn__type_support.cpp
-- Installing: /home/spacecal/SpaceCal/install/turtlesim/include/turtlesim/srv/detail/teleport_relative__rosidl_typesupport_introspection_cpp.hpp
-- Installing: /home/spacecal/SpaceCal/install/turtlesim/include/turtlesim/srv/detail/teleport_relative__type_support.cpp
-- Installing: /home/spacecal/SpaceCal/install/turtlesim/include/turtlesim/srv/detail/spawn__rosidl_typesupport_introspection_cpp.hpp
-- Installing: /home/spacecal/SpaceCal/install/turtlesim/include/turtlesim/srv/detail/kill__rosidl_typesupport_introspection_cpp.hpp
-- Up-to-date: /home/spacecal/SpaceCal/install/turtlesim/include/turtlesim/action
-- Up-to-date: /home/spacecal/SpaceCal/install/turtlesim/include/turtlesim/action/detail
-- Installing: /home/spacecal/SpaceCal/install/turtlesim/include/turtlesim/action/detail/rotate_absolute__rosidl_typesupport_introspection_cpp.hpp
-- Installing: /home/spacecal/SpaceCal/install/turtlesim/include/turtlesim/action/detail/rotate_absolute__type_support.cpp
-- Installing: /home/spacecal/SpaceCal/install/turtlesim/lib/libturtlesim__rosidl_typesupport_introspection_cpp.so
-- Set runtime path of "/home/spacecal/SpaceCal/install/turtlesim/lib/libturtlesim__rosidl_typesupport_introspection_cpp.so" to ""
-- Installing: /home/spacecal/SpaceCal/install/turtlesim/lib/libturtlesim__rosidl_typesupport_cpp.so
-- Set runtime path of "/home/spacecal/SpaceCal/install/turtlesim/lib/libturtlesim__rosidl_typesupport_cpp.so" to ""
-- Installing: /home/spacecal/SpaceCal/install/turtlesim/share/turtlesim/environment/pythonpath.sh
-- Installing: /home/spacecal/SpaceCal/install/turtlesim/share/turtlesim/environment/pythonpath.dsv
-- Installing: /home/spacecal/SpaceCal/install/turtlesim/lib/python3.8/site-packages/turtlesim/__init__.py
-- Up-to-date: /home/spacecal/SpaceCal/install/turtlesim/lib/python3.8/site-packages/turtlesim/action
-- Installing: /home/spacecal/SpaceCal/install/turtlesim/lib/python3.8/site-packages/turtlesim/action/_rotate_absolute_s.c
-- Installing: /home/spacecal/SpaceCal/install/turtlesim/lib/python3.8/site-packages/turtlesim/action/__init__.py
-- Installing: /home/spacecal/SpaceCal/install/turtlesim/lib/python3.8/site-packages/turtlesim/action/_rotate_absolute.py
-- Up-to-date: /home/spacecal/SpaceCal/install/turtlesim/lib/python3.8/site-packages/turtlesim/msg
-- Installing: /home/spacecal/SpaceCal/install/turtlesim/lib/python3.8/site-packages/turtlesim/msg/_pose.py
-- Installing: /home/spacecal/SpaceCal/install/turtlesim/lib/python3.8/site-packages/turtlesim/msg/_pose_s.c
-- Installing: /home/spacecal/SpaceCal/install/turtlesim/lib/python3.8/site-packages/turtlesim/msg/__init__.py
-- Installing: /home/spacecal/SpaceCal/install/turtlesim/lib/python3.8/site-packages/turtlesim/msg/_color.py
-- Installing: /home/spacecal/SpaceCal/install/turtlesim/lib/python3.8/site-packages/turtlesim/msg/_color_s.c
-- Up-to-date: /home/spacecal/SpaceCal/install/turtlesim/lib/python3.8/site-packages/turtlesim/srv
-- Installing: /home/spacecal/SpaceCal/install/turtlesim/lib/python3.8/site-packages/turtlesim/srv/_set_pen_s.c
-- Installing: /home/spacecal/SpaceCal/install/turtlesim/lib/python3.8/site-packages/turtlesim/srv/_set_pen.py
-- Installing: /home/spacecal/SpaceCal/install/turtlesim/lib/python3.8/site-packages/turtlesim/srv/_kill_s.c
-- Installing: /home/spacecal/SpaceCal/install/turtlesim/lib/python3.8/site-packages/turtlesim/srv/_kill.py
-- Installing: /home/spacecal/SpaceCal/install/turtlesim/lib/python3.8/site-packages/turtlesim/srv/_spawn.py
-- Installing: /home/spacecal/SpaceCal/install/turtlesim/lib/python3.8/site-packages/turtlesim/srv/__init__.py
-- Installing: /home/spacecal/SpaceCal/install/turtlesim/lib/python3.8/site-packages/turtlesim/srv/_teleport_relative_s.c
-- Installing: /home/spacecal/SpaceCal/install/turtlesim/lib/python3.8/site-packages/turtlesim/srv/_teleport_absolute_s.c
-- Installing: /home/spacecal/SpaceCal/install/turtlesim/lib/python3.8/site-packages/turtlesim/srv/_teleport_absolute.py
-- Installing: /home/spacecal/SpaceCal/install/turtlesim/lib/python3.8/site-packages/turtlesim/srv/_teleport_relative.py
-- Installing: /home/spacecal/SpaceCal/install/turtlesim/lib/python3.8/site-packages/turtlesim/srv/_spawn_s.c
-- Installing: /home/spacecal/SpaceCal/install/turtlesim/lib/python3.8/site-packages/turtlesim/turtlesim_s__rosidl_typesupport_fastrtps_c.cpython-38-aarch64-linux-gnu.so
-- Set runtime path of "/home/spacecal/SpaceCal/install/turtlesim/lib/python3.8/site-packages/turtlesim/turtlesim_s__rosidl_typesupport_fastrtps_c.cpython-38-aarch64-linux-gnu.so" to ""
-- Installing: /home/spacecal/SpaceCal/install/turtlesim/lib/python3.8/site-packages/turtlesim/turtlesim_s__rosidl_typesupport_introspection_c.cpython-38-aarch64-linux-gnu.so
-- Set runtime path of "/home/spacecal/SpaceCal/install/turtlesim/lib/python3.8/site-packages/turtlesim/turtlesim_s__rosidl_typesupport_introspection_c.cpython-38-aarch64-linux-gnu.so" to ""
-- Installing: /home/spacecal/SpaceCal/install/turtlesim/lib/python3.8/site-packages/turtlesim/turtlesim_s__rosidl_typesupport_c.cpython-38-aarch64-linux-gnu.so
-- Set runtime path of "/home/spacecal/SpaceCal/install/turtlesim/lib/python3.8/site-packages/turtlesim/turtlesim_s__rosidl_typesupport_c.cpython-38-aarch64-linux-gnu.so" to ""
-- Installing: /home/spacecal/SpaceCal/install/turtlesim/lib/libturtlesim__python.so
-- Set runtime path of "/home/spacecal/SpaceCal/install/turtlesim/lib/libturtlesim__python.so" to ""
-- Installing: /home/spacecal/SpaceCal/install/turtlesim/share/turtlesim/action/RotateAbsolute.idl
-- Installing: /home/spacecal/SpaceCal/install/turtlesim/share/turtlesim/msg/Color.idl
-- Installing: /home/spacecal/SpaceCal/install/turtlesim/share/turtlesim/msg/Pose.idl
-- Installing: /home/spacecal/SpaceCal/install/turtlesim/share/turtlesim/srv/Kill.idl
-- Installing: /home/spacecal/SpaceCal/install/turtlesim/share/turtlesim/srv/SetPen.idl
-- Installing: /home/spacecal/SpaceCal/install/turtlesim/share/turtlesim/srv/Spawn.idl
-- Installing: /home/spacecal/SpaceCal/install/turtlesim/share/turtlesim/srv/TeleportAbsolute.idl
-- Installing: /home/spacecal/SpaceCal/install/turtlesim/share/turtlesim/srv/TeleportRelative.idl
-- Installing: /home/spacecal/SpaceCal/install/turtlesim/share/turtlesim/action/RotateAbsolute.action
-- Installing: /home/spacecal/SpaceCal/install/turtlesim/share/turtlesim/msg/Color.msg
-- Installing: /home/spacecal/SpaceCal/install/turtlesim/share/turtlesim/msg/Pose.msg
-- Installing: /home/spacecal/SpaceCal/install/turtlesim/share/turtlesim/srv/Kill.srv
-- Installing: /home/spacecal/SpaceCal/install/turtlesim/share/turtlesim/srv/Kill_Request.msg
-- Installing: /home/spacecal/SpaceCal/install/turtlesim/share/turtlesim/srv/Kill_Response.msg
-- Installing: /home/spacecal/SpaceCal/install/turtlesim/share/turtlesim/srv/SetPen.srv
-- Installing: /home/spacecal/SpaceCal/install/turtlesim/share/turtlesim/srv/SetPen_Request.msg
-- Installing: /home/spacecal/SpaceCal/install/turtlesim/share/turtlesim/srv/SetPen_Response.msg
-- Installing: /home/spacecal/SpaceCal/install/turtlesim/share/turtlesim/srv/Spawn.srv
-- Installing: /home/spacecal/SpaceCal/install/turtlesim/share/turtlesim/srv/Spawn_Request.msg
-- Installing: /home/spacecal/SpaceCal/install/turtlesim/share/turtlesim/srv/Spawn_Response.msg
-- Installing: /home/spacecal/SpaceCal/install/turtlesim/share/turtlesim/srv/TeleportAbsolute.srv
-- Installing: /home/spacecal/SpaceCal/install/turtlesim/share/turtlesim/srv/TeleportAbsolute_Request.msg
-- Installing: /home/spacecal/SpaceCal/install/turtlesim/share/turtlesim/srv/TeleportAbsolute_Response.msg
-- Installing: /home/spacecal/SpaceCal/install/turtlesim/share/turtlesim/srv/TeleportRelative.srv
-- Installing: /home/spacecal/SpaceCal/install/turtlesim/share/turtlesim/srv/TeleportRelative_Request.msg
-- Installing: /home/spacecal/SpaceCal/install/turtlesim/share/turtlesim/srv/TeleportRelative_Response.msg
-- Installing: /home/spacecal/SpaceCal/install/turtlesim/lib/turtlesim/turtlesim_node
-- Set runtime path of "/home/spacecal/SpaceCal/install/turtlesim/lib/turtlesim/turtlesim_node" to ""
-- Installing: /home/spacecal/SpaceCal/install/turtlesim/lib/turtlesim/turtle_teleop_key
-- Set runtime path of "/home/spacecal/SpaceCal/install/turtlesim/lib/turtlesim/turtle_teleop_key" to ""
-- Installing: /home/spacecal/SpaceCal/install/turtlesim/lib/turtlesim/draw_square
-- Set runtime path of "/home/spacecal/SpaceCal/install/turtlesim/lib/turtlesim/draw_square" to ""
-- Installing: /home/spacecal/SpaceCal/install/turtlesim/lib/turtlesim/mimic
-- Set runtime path of "/home/spacecal/SpaceCal/install/turtlesim/lib/turtlesim/mimic" to ""
-- Up-to-date: /home/spacecal/SpaceCal/install/turtlesim/share/turtlesim/images
-- Installing: /home/spacecal/SpaceCal/install/turtlesim/share/turtlesim/images/dashing.png
-- Installing: /home/spacecal/SpaceCal/install/turtlesim/share/turtlesim/images/eloquent.png
-- Installing: /home/spacecal/SpaceCal/install/turtlesim/share/turtlesim/images/foxy.png
-- Installing: /home/spacecal/SpaceCal/install/turtlesim/share/turtlesim/images/bouncy.png
-- Installing: /home/spacecal/SpaceCal/install/turtlesim/share/turtlesim/images/ardent.png
-- Installing: /home/spacecal/SpaceCal/install/turtlesim/share/turtlesim/images/crystal.png
-- Up-to-date: /home/spacecal/SpaceCal/install/turtlesim/share/turtlesim/launch
-- Installing: /home/spacecal/SpaceCal/install/turtlesim/share/turtlesim/launch/multisim.launch.py
-- Installing: /home/spacecal/SpaceCal/install/turtlesim/share/ament_index/resource_index/package_run_dependencies/turtlesim
-- Installing: /home/spacecal/SpaceCal/install/turtlesim/share/ament_index/resource_index/parent_prefix_path/turtlesim
-- Installing: /home/spacecal/SpaceCal/install/turtlesim/share/turtlesim/environment/ament_prefix_path.sh
-- Installing: /home/spacecal/SpaceCal/install/turtlesim/share/turtlesim/environment/ament_prefix_path.dsv
-- Installing: /home/spacecal/SpaceCal/install/turtlesim/share/turtlesim/environment/path.sh
-- Installing: /home/spacecal/SpaceCal/install/turtlesim/share/turtlesim/environment/path.dsv
-- Installing: /home/spacecal/SpaceCal/install/turtlesim/share/turtlesim/local_setup.bash
-- Installing: /home/spacecal/SpaceCal/install/turtlesim/share/turtlesim/local_setup.sh
-- Installing: /home/spacecal/SpaceCal/install/turtlesim/share/turtlesim/local_setup.zsh
-- Installing: /home/spacecal/SpaceCal/install/turtlesim/share/turtlesim/local_setup.dsv
-- Installing: /home/spacecal/SpaceCal/install/turtlesim/share/turtlesim/package.dsv
-- Installing: /home/spacecal/SpaceCal/install/turtlesim/share/ament_index/resource_index/packages/turtlesim
-- Installing: /home/spacecal/SpaceCal/install/turtlesim/share/turtlesim/cmake/turtlesim__rosidl_generator_cExport.cmake
-- Installing: /home/spacecal/SpaceCal/install/turtlesim/share/turtlesim/cmake/turtlesim__rosidl_generator_cExport-noconfig.cmake
-- Installing: /home/spacecal/SpaceCal/install/turtlesim/share/turtlesim/cmake/turtlesim__rosidl_typesupport_introspection_cExport.cmake
-- Installing: /home/spacecal/SpaceCal/install/turtlesim/share/turtlesim/cmake/turtlesim__rosidl_typesupport_introspection_cExport-noconfig.cmake
-- Installing: /home/spacecal/SpaceCal/install/turtlesim/share/turtlesim/cmake/turtlesim__rosidl_typesupport_cExport.cmake
-- Installing: /home/spacecal/SpaceCal/install/turtlesim/share/turtlesim/cmake/turtlesim__rosidl_typesupport_cExport-noconfig.cmake
-- Installing: /home/spacecal/SpaceCal/install/turtlesim/share/turtlesim/cmake/turtlesim__rosidl_generator_cppExport.cmake
-- Installing: /home/spacecal/SpaceCal/install/turtlesim/share/turtlesim/cmake/turtlesim__rosidl_typesupport_introspection_cppExport.cmake
-- Installing: /home/spacecal/SpaceCal/install/turtlesim/share/turtlesim/cmake/turtlesim__rosidl_typesupport_introspection_cppExport-noconfig.cmake
-- Installing: /home/spacecal/SpaceCal/install/turtlesim/share/turtlesim/cmake/turtlesim__rosidl_typesupport_cppExport.cmake
-- Installing: /home/spacecal/SpaceCal/install/turtlesim/share/turtlesim/cmake/turtlesim__rosidl_typesupport_cppExport-noconfig.cmake
-- Installing: /home/spacecal/SpaceCal/install/turtlesim/share/turtlesim/cmake/rosidl_cmake-extras.cmake
-- Installing: /home/spacecal/SpaceCal/install/turtlesim/share/turtlesim/cmake/ament_cmake_export_dependencies-extras.cmake
-- Installing: /home/spacecal/SpaceCal/install/turtlesim/share/turtlesim/cmake/ament_cmake_export_libraries-extras.cmake
-- Installing: /home/spacecal/SpaceCal/install/turtlesim/share/turtlesim/cmake/ament_cmake_export_targets-extras.cmake
-- Installing: /home/spacecal/SpaceCal/install/turtlesim/share/turtlesim/cmake/ament_cmake_export_include_directories-extras.cmake
-- Installing: /home/spacecal/SpaceCal/install/turtlesim/share/turtlesim/cmake/rosidl_cmake_export_typesupport_libraries-extras.cmake
-- Installing: /home/spacecal/SpaceCal/install/turtlesim/share/turtlesim/cmake/rosidl_cmake_export_typesupport_targets-extras.cmake
-- Installing: /home/spacecal/SpaceCal/install/turtlesim/share/turtlesim/cmake/turtlesimConfig.cmake
-- Installing: /home/spacecal/SpaceCal/install/turtlesim/share/turtlesim/cmake/turtlesimConfig-version.cmake
-- Installing: /home/spacecal/SpaceCal/install/turtlesim/share/turtlesim/package.xml
