[4.002s] Invoking command in '/home/spacecal/SpaceCal/src/JNode_KeyboardInput': PYTHONPATH=/home/spacecal/SpaceCal/install/JNode_KeyboardInput/lib/python3.8/site-packages:${PYTHONPATH} /usr/bin/python3 setup.py egg_info --egg-base ../../build/JNode_KeyboardInput build --build-base /home/spacecal/SpaceCal/build/JNode_KeyboardInput/build install --prefix /home/spacecal/SpaceCal/install/JNode_KeyboardInput --record /home/spacecal/SpaceCal/build/JNode_KeyboardInput/install.log --single-version-externally-managed
[6.477s] running egg_info
[6.487s] writing ../../build/JNode_KeyboardInput/JNode_KeyboardInput.egg-info/PKG-INFO
[6.495s] writing dependency_links to ../../build/JNode_KeyboardInput/JNode_KeyboardInput.egg-info/dependency_links.txt
[6.500s] writing entry points to ../../build/JNode_KeyboardInput/JNode_KeyboardInput.egg-info/entry_points.txt
[6.504s] writing requirements to ../../build/JNode_KeyboardInput/JNode_KeyboardInput.egg-info/requires.txt
[6.507s] writing top-level names to ../../build/JNode_KeyboardInput/JNode_KeyboardInput.egg-info/top_level.txt
[6.849s] reading manifest file '../../build/JNode_KeyboardInput/JNode_KeyboardInput.egg-info/SOURCES.txt'
[6.860s] writing manifest file '../../build/JNode_KeyboardInput/JNode_KeyboardInput.egg-info/SOURCES.txt'
[6.864s] running build
[6.866s] running build_py
[6.871s] copying JNode_KeyboardInput/keyInputNode.py -> /home/spacecal/SpaceCal/build/JNode_KeyboardInput/build/lib/JNode_KeyboardInput
[6.877s] running install
[6.895s] running install_lib
[6.915s] copying /home/spacecal/SpaceCal/build/JNode_KeyboardInput/build/lib/JNode_KeyboardInput/keyInputNode.py -> /home/spacecal/SpaceCal/install/JNode_KeyboardInput/lib/python3.8/site-packages/JNode_KeyboardInput
[6.925s] byte-compiling /home/spacecal/SpaceCal/install/JNode_KeyboardInput/lib/python3.8/site-packages/JNode_KeyboardInput/keyInputNode.py to keyInputNode.cpython-38.pyc
[6.948s] running install_data
[6.954s] running install_egg_info
[6.971s] removing '/home/spacecal/SpaceCal/install/JNode_KeyboardInput/lib/python3.8/site-packages/JNode_KeyboardInput-0.0.0-py3.8.egg-info' (and everything under it)
[6.974s] Copying ../../build/JNode_KeyboardInput/JNode_KeyboardInput.egg-info to /home/spacecal/SpaceCal/install/JNode_KeyboardInput/lib/python3.8/site-packages/JNode_KeyboardInput-0.0.0-py3.8.egg-info
[7.006s] running install_scripts
[7.194s] Installing JNodeInput script to /home/spacecal/SpaceCal/install/JNode_KeyboardInput/lib/JNode_KeyboardInput
[7.200s] writing list of installed files to '/home/spacecal/SpaceCal/build/JNode_KeyboardInput/install.log'
[7.712s] Invoked command in '/home/spacecal/SpaceCal/src/JNode_KeyboardInput' returned '0': PYTHONPATH=/home/spacecal/SpaceCal/install/JNode_KeyboardInput/lib/python3.8/site-packages:${PYTHONPATH} /usr/bin/python3 setup.py egg_info --egg-base ../../build/JNode_KeyboardInput build --build-base /home/spacecal/SpaceCal/build/JNode_KeyboardInput/build install --prefix /home/spacecal/SpaceCal/install/JNode_KeyboardInput --record /home/spacecal/SpaceCal/build/JNode_KeyboardInput/install.log --single-version-externally-managed
