[1.728s] DEBUG:colcon:Command line arguments: ['/usr/bin/colcon', 'build']
[1.729s] DEBUG:colcon:Parsed command line arguments: Namespace(ament_cmake_args=None, base_paths=['.'], build_base='build', catkin_cmake_args=None, catkin_skip_building_tests=False, cmake_args=None, cmake_clean_cache=False, cmake_clean_first=False, cmake_force_configure=False, cmake_target=None, cmake_target_skip_unavailable=False, continue_on_error=False, event_handlers=None, executor='parallel', ignore_user_meta=False, install_base='install', log_base=None, log_level=None, main=<bound method BuildVerb.main of <colcon_core.verb.build.BuildVerb object at 0x7f9adfd700>>, merge_install=False, metas=['./colcon.meta'], packages_above=None, packages_above_and_dependencies=None, packages_above_depth=None, packages_end=None, packages_ignore=None, packages_ignore_regex=None, packages_select=None, packages_select_build_failed=False, packages_select_by_dep=None, packages_select_regex=None, packages_select_test_failures=False, packages_skip=None, packages_skip_build_finished=False, packages_skip_by_dep=None, packages_skip_regex=None, packages_skip_test_passed=False, packages_skip_up_to=None, packages_start=None, packages_up_to=None, packages_up_to_regex=None, parallel_workers=4, paths=None, symlink_install=False, test_result_base=None, verb_extension=<colcon_core.verb.build.BuildVerb object at 0x7f9adfd700>, verb_name='build', verb_parser=<colcon_defaults.argument_parser.defaults.DefaultArgumentsDecorator object at 0x7f9adfdc40>)
[1.761s] Level 1:colcon.colcon_core.package_discovery:discover_packages(colcon_meta) check parameters
[1.762s] Level 1:colcon.colcon_core.package_discovery:discover_packages(recursive) check parameters
[1.763s] Level 1:colcon.colcon_core.package_discovery:discover_packages(ignore) check parameters
[1.763s] Level 1:colcon.colcon_core.package_discovery:discover_packages(path) check parameters
[1.763s] Level 1:colcon.colcon_core.package_discovery:discover_packages(colcon_meta) discover
[1.764s] Level 1:colcon.colcon_core.package_discovery:discover_packages(recursive) discover
[1.764s] INFO:colcon.colcon_core.package_discovery:Crawling recursively for packages in '/home/spacecal/SpaceCal'
[1.765s] Level 1:colcon.colcon_core.package_identification:_identify(.) by extensions ['ignore', 'ignore_ament_install']
[1.765s] Level 1:colcon.colcon_core.package_identification:_identify(.) by extension 'ignore'
[1.766s] Level 1:colcon.colcon_core.package_identification:_identify(.) by extension 'ignore_ament_install'
[1.766s] Level 1:colcon.colcon_core.package_identification:_identify(.) by extensions ['colcon_pkg']
[1.766s] Level 1:colcon.colcon_core.package_identification:_identify(.) by extension 'colcon_pkg'
[1.766s] Level 1:colcon.colcon_core.package_identification:_identify(.) by extensions ['colcon_meta']
[1.767s] Level 1:colcon.colcon_core.package_identification:_identify(.) by extension 'colcon_meta'
[1.767s] Level 1:colcon.colcon_core.package_identification:_identify(.) by extensions ['ros']
[1.767s] Level 1:colcon.colcon_core.package_identification:_identify(.) by extension 'ros'
[1.850s] Level 1:colcon.colcon_core.package_identification:_identify(.) by extensions ['cmake', 'python']
[1.851s] Level 1:colcon.colcon_core.package_identification:_identify(.) by extension 'cmake'
[1.851s] Level 1:colcon.colcon_core.package_identification:_identify(.) by extension 'python'
[1.851s] Level 1:colcon.colcon_core.package_identification:_identify(.) by extensions ['python_setup_py']
[1.851s] Level 1:colcon.colcon_core.package_identification:_identify(.) by extension 'python_setup_py'
[1.852s] Level 1:colcon.colcon_core.package_identification:_identify(build) by extensions ['ignore', 'ignore_ament_install']
[1.853s] Level 1:colcon.colcon_core.package_identification:_identify(build) by extension 'ignore'
[1.853s] Level 1:colcon.colcon_core.package_identification:_identify(build) ignored
[1.854s] Level 1:colcon.colcon_core.package_identification:_identify(install) by extensions ['ignore', 'ignore_ament_install']
[1.855s] Level 1:colcon.colcon_core.package_identification:_identify(install) by extension 'ignore'
[1.855s] Level 1:colcon.colcon_core.package_identification:_identify(install) ignored
[1.855s] Level 1:colcon.colcon_core.package_identification:_identify(launch) by extensions ['ignore', 'ignore_ament_install']
[1.856s] Level 1:colcon.colcon_core.package_identification:_identify(launch) by extension 'ignore'
[1.856s] Level 1:colcon.colcon_core.package_identification:_identify(launch) by extension 'ignore_ament_install'
[1.856s] Level 1:colcon.colcon_core.package_identification:_identify(launch) by extensions ['colcon_pkg']
[1.857s] Level 1:colcon.colcon_core.package_identification:_identify(launch) by extension 'colcon_pkg'
[1.857s] Level 1:colcon.colcon_core.package_identification:_identify(launch) by extensions ['colcon_meta']
[1.857s] Level 1:colcon.colcon_core.package_identification:_identify(launch) by extension 'colcon_meta'
[1.858s] Level 1:colcon.colcon_core.package_identification:_identify(launch) by extensions ['ros']
[1.858s] Level 1:colcon.colcon_core.package_identification:_identify(launch) by extension 'ros'
[1.858s] Level 1:colcon.colcon_core.package_identification:_identify(launch) by extensions ['cmake', 'python']
[1.858s] Level 1:colcon.colcon_core.package_identification:_identify(launch) by extension 'cmake'
[1.858s] Level 1:colcon.colcon_core.package_identification:_identify(launch) by extension 'python'
[1.859s] Level 1:colcon.colcon_core.package_identification:_identify(launch) by extensions ['python_setup_py']
[1.859s] Level 1:colcon.colcon_core.package_identification:_identify(launch) by extension 'python_setup_py'
[1.859s] Level 1:colcon.colcon_core.package_identification:_identify(launch/__pycache__) by extensions ['ignore', 'ignore_ament_install']
[1.860s] Level 1:colcon.colcon_core.package_identification:_identify(launch/__pycache__) by extension 'ignore'
[1.860s] Level 1:colcon.colcon_core.package_identification:_identify(launch/__pycache__) by extension 'ignore_ament_install'
[1.860s] Level 1:colcon.colcon_core.package_identification:_identify(launch/__pycache__) by extensions ['colcon_pkg']
[1.860s] Level 1:colcon.colcon_core.package_identification:_identify(launch/__pycache__) by extension 'colcon_pkg'
[1.861s] Level 1:colcon.colcon_core.package_identification:_identify(launch/__pycache__) by extensions ['colcon_meta']
[1.861s] Level 1:colcon.colcon_core.package_identification:_identify(launch/__pycache__) by extension 'colcon_meta'
[1.861s] Level 1:colcon.colcon_core.package_identification:_identify(launch/__pycache__) by extensions ['ros']
[1.861s] Level 1:colcon.colcon_core.package_identification:_identify(launch/__pycache__) by extension 'ros'
[1.862s] Level 1:colcon.colcon_core.package_identification:_identify(launch/__pycache__) by extensions ['cmake', 'python']
[1.862s] Level 1:colcon.colcon_core.package_identification:_identify(launch/__pycache__) by extension 'cmake'
[1.862s] Level 1:colcon.colcon_core.package_identification:_identify(launch/__pycache__) by extension 'python'
[1.862s] Level 1:colcon.colcon_core.package_identification:_identify(launch/__pycache__) by extensions ['python_setup_py']
[1.862s] Level 1:colcon.colcon_core.package_identification:_identify(launch/__pycache__) by extension 'python_setup_py'
[1.863s] Level 1:colcon.colcon_core.package_identification:_identify(log) by extensions ['ignore', 'ignore_ament_install']
[1.864s] Level 1:colcon.colcon_core.package_identification:_identify(log) by extension 'ignore'
[1.864s] Level 1:colcon.colcon_core.package_identification:_identify(log) ignored
[1.864s] Level 1:colcon.colcon_core.package_identification:_identify(src) by extensions ['ignore', 'ignore_ament_install']
[1.864s] Level 1:colcon.colcon_core.package_identification:_identify(src) by extension 'ignore'
[1.865s] Level 1:colcon.colcon_core.package_identification:_identify(src) by extension 'ignore_ament_install'
[1.865s] Level 1:colcon.colcon_core.package_identification:_identify(src) by extensions ['colcon_pkg']
[1.865s] Level 1:colcon.colcon_core.package_identification:_identify(src) by extension 'colcon_pkg'
[1.865s] Level 1:colcon.colcon_core.package_identification:_identify(src) by extensions ['colcon_meta']
[1.865s] Level 1:colcon.colcon_core.package_identification:_identify(src) by extension 'colcon_meta'
[1.866s] Level 1:colcon.colcon_core.package_identification:_identify(src) by extensions ['ros']
[1.866s] Level 1:colcon.colcon_core.package_identification:_identify(src) by extension 'ros'
[1.866s] Level 1:colcon.colcon_core.package_identification:_identify(src) by extensions ['cmake', 'python']
[1.866s] Level 1:colcon.colcon_core.package_identification:_identify(src) by extension 'cmake'
[1.867s] Level 1:colcon.colcon_core.package_identification:_identify(src) by extension 'python'
[1.867s] Level 1:colcon.colcon_core.package_identification:_identify(src) by extensions ['python_setup_py']
[1.867s] Level 1:colcon.colcon_core.package_identification:_identify(src) by extension 'python_setup_py'
[1.867s] Level 1:colcon.colcon_core.package_identification:_identify(src/JNode_KeyboardInput) by extensions ['ignore', 'ignore_ament_install']
[1.868s] Level 1:colcon.colcon_core.package_identification:_identify(src/JNode_KeyboardInput) by extension 'ignore'
[1.868s] Level 1:colcon.colcon_core.package_identification:_identify(src/JNode_KeyboardInput) by extension 'ignore_ament_install'
[1.868s] Level 1:colcon.colcon_core.package_identification:_identify(src/JNode_KeyboardInput) by extensions ['colcon_pkg']
[1.868s] Level 1:colcon.colcon_core.package_identification:_identify(src/JNode_KeyboardInput) by extension 'colcon_pkg'
[1.868s] Level 1:colcon.colcon_core.package_identification:_identify(src/JNode_KeyboardInput) by extensions ['colcon_meta']
[1.869s] Level 1:colcon.colcon_core.package_identification:_identify(src/JNode_KeyboardInput) by extension 'colcon_meta'
[1.869s] Level 1:colcon.colcon_core.package_identification:_identify(src/JNode_KeyboardInput) by extensions ['ros']
[1.869s] Level 1:colcon.colcon_core.package_identification:_identify(src/JNode_KeyboardInput) by extension 'ros'
[1.884s] DEBUG:colcon.colcon_core.package_identification:Package 'src/JNode_KeyboardInput' with type 'ros.ament_python' and name 'JNode_KeyboardInput'
[1.885s] Level 1:colcon.colcon_core.package_identification:_identify(src/JNode_MotorController) by extensions ['ignore', 'ignore_ament_install']
[1.886s] Level 1:colcon.colcon_core.package_identification:_identify(src/JNode_MotorController) by extension 'ignore'
[1.886s] Level 1:colcon.colcon_core.package_identification:_identify(src/JNode_MotorController) by extension 'ignore_ament_install'
[1.886s] Level 1:colcon.colcon_core.package_identification:_identify(src/JNode_MotorController) by extensions ['colcon_pkg']
[1.887s] Level 1:colcon.colcon_core.package_identification:_identify(src/JNode_MotorController) by extension 'colcon_pkg'
[1.887s] Level 1:colcon.colcon_core.package_identification:_identify(src/JNode_MotorController) by extensions ['colcon_meta']
[1.887s] Level 1:colcon.colcon_core.package_identification:_identify(src/JNode_MotorController) by extension 'colcon_meta'
[1.887s] Level 1:colcon.colcon_core.package_identification:_identify(src/JNode_MotorController) by extensions ['ros']
[1.887s] Level 1:colcon.colcon_core.package_identification:_identify(src/JNode_MotorController) by extension 'ros'
[1.892s] DEBUG:colcon.colcon_core.package_identification:Package 'src/JNode_MotorController' with type 'ros.ament_python' and name 'JNode_MotorController'
[1.893s] Level 1:colcon.colcon_core.package_identification:_identify(src/ros_tutorials) by extensions ['ignore', 'ignore_ament_install']
[1.894s] Level 1:colcon.colcon_core.package_identification:_identify(src/ros_tutorials) by extension 'ignore'
[1.895s] Level 1:colcon.colcon_core.package_identification:_identify(src/ros_tutorials) by extension 'ignore_ament_install'
[1.895s] Level 1:colcon.colcon_core.package_identification:_identify(src/ros_tutorials) by extensions ['colcon_pkg']
[1.896s] Level 1:colcon.colcon_core.package_identification:_identify(src/ros_tutorials) by extension 'colcon_pkg'
[1.896s] Level 1:colcon.colcon_core.package_identification:_identify(src/ros_tutorials) by extensions ['colcon_meta']
[1.896s] Level 1:colcon.colcon_core.package_identification:_identify(src/ros_tutorials) by extension 'colcon_meta'
[1.897s] Level 1:colcon.colcon_core.package_identification:_identify(src/ros_tutorials) by extensions ['ros']
[1.897s] Level 1:colcon.colcon_core.package_identification:_identify(src/ros_tutorials) by extension 'ros'
[1.898s] Level 1:colcon.colcon_core.package_identification:_identify(src/ros_tutorials) by extensions ['cmake', 'python']
[1.898s] Level 1:colcon.colcon_core.package_identification:_identify(src/ros_tutorials) by extension 'cmake'
[1.899s] Level 1:colcon.colcon_core.package_identification:_identify(src/ros_tutorials) by extension 'python'
[1.899s] Level 1:colcon.colcon_core.package_identification:_identify(src/ros_tutorials) by extensions ['python_setup_py']
[1.900s] Level 1:colcon.colcon_core.package_identification:_identify(src/ros_tutorials) by extension 'python_setup_py'
[1.901s] Level 1:colcon.colcon_core.package_identification:_identify(src/ros_tutorials/ros_tutorials) by extensions ['ignore', 'ignore_ament_install']
[1.902s] Level 1:colcon.colcon_core.package_identification:_identify(src/ros_tutorials/ros_tutorials) by extension 'ignore'
[1.902s] Level 1:colcon.colcon_core.package_identification:_identify(src/ros_tutorials/ros_tutorials) ignored
[1.903s] Level 1:colcon.colcon_core.package_identification:_identify(src/ros_tutorials/roscpp_tutorials) by extensions ['ignore', 'ignore_ament_install']
[1.903s] Level 1:colcon.colcon_core.package_identification:_identify(src/ros_tutorials/roscpp_tutorials) by extension 'ignore'
[1.904s] Level 1:colcon.colcon_core.package_identification:_identify(src/ros_tutorials/roscpp_tutorials) ignored
[1.904s] Level 1:colcon.colcon_core.package_identification:_identify(src/ros_tutorials/rospy_tutorials) by extensions ['ignore', 'ignore_ament_install']
[1.905s] Level 1:colcon.colcon_core.package_identification:_identify(src/ros_tutorials/rospy_tutorials) by extension 'ignore'
[1.905s] Level 1:colcon.colcon_core.package_identification:_identify(src/ros_tutorials/rospy_tutorials) ignored
[1.906s] Level 1:colcon.colcon_core.package_identification:_identify(src/ros_tutorials/turtlesim) by extensions ['ignore', 'ignore_ament_install']
[1.906s] Level 1:colcon.colcon_core.package_identification:_identify(src/ros_tutorials/turtlesim) by extension 'ignore'
[1.907s] Level 1:colcon.colcon_core.package_identification:_identify(src/ros_tutorials/turtlesim) by extension 'ignore_ament_install'
[1.907s] Level 1:colcon.colcon_core.package_identification:_identify(src/ros_tutorials/turtlesim) by extensions ['colcon_pkg']
[1.907s] Level 1:colcon.colcon_core.package_identification:_identify(src/ros_tutorials/turtlesim) by extension 'colcon_pkg'
[1.908s] Level 1:colcon.colcon_core.package_identification:_identify(src/ros_tutorials/turtlesim) by extensions ['colcon_meta']
[1.908s] Level 1:colcon.colcon_core.package_identification:_identify(src/ros_tutorials/turtlesim) by extension 'colcon_meta'
[1.908s] Level 1:colcon.colcon_core.package_identification:_identify(src/ros_tutorials/turtlesim) by extensions ['ros']
[1.908s] Level 1:colcon.colcon_core.package_identification:_identify(src/ros_tutorials/turtlesim) by extension 'ros'
[1.919s] DEBUG:colcon.colcon_core.package_identification:Package 'src/ros_tutorials/turtlesim' with type 'ros.ament_cmake' and name 'turtlesim'
[1.920s] Level 1:colcon.colcon_core.package_discovery:discover_packages(recursive) using defaults
[1.922s] Level 1:colcon.colcon_core.package_discovery:discover_packages(ignore) discover
[1.922s] Level 1:colcon.colcon_core.package_discovery:discover_packages(ignore) using defaults
[1.922s] Level 1:colcon.colcon_core.package_discovery:discover_packages(path) discover
[1.922s] Level 1:colcon.colcon_core.package_discovery:discover_packages(path) using defaults
[2.075s] Level 5:colcon.colcon_core.verb:set package 'JNode_KeyboardInput' build argument 'cmake_args' from command line to 'None'
[2.076s] Level 5:colcon.colcon_core.verb:set package 'JNode_KeyboardInput' build argument 'cmake_target' from command line to 'None'
[2.076s] Level 5:colcon.colcon_core.verb:set package 'JNode_KeyboardInput' build argument 'cmake_target_skip_unavailable' from command line to 'False'
[2.077s] Level 5:colcon.colcon_core.verb:set package 'JNode_KeyboardInput' build argument 'cmake_clean_cache' from command line to 'False'
[2.077s] Level 5:colcon.colcon_core.verb:set package 'JNode_KeyboardInput' build argument 'cmake_clean_first' from command line to 'False'
[2.077s] Level 5:colcon.colcon_core.verb:set package 'JNode_KeyboardInput' build argument 'cmake_force_configure' from command line to 'False'
[2.077s] Level 5:colcon.colcon_core.verb:set package 'JNode_KeyboardInput' build argument 'ament_cmake_args' from command line to 'None'
[2.077s] Level 5:colcon.colcon_core.verb:set package 'JNode_KeyboardInput' build argument 'catkin_cmake_args' from command line to 'None'
[2.077s] Level 5:colcon.colcon_core.verb:set package 'JNode_KeyboardInput' build argument 'catkin_skip_building_tests' from command line to 'False'
[2.078s] DEBUG:colcon.colcon_core.verb:Building package 'JNode_KeyboardInput' with the following arguments: {'ament_cmake_args': None, 'build_base': '/home/spacecal/SpaceCal/build/JNode_KeyboardInput', 'catkin_cmake_args': None, 'catkin_skip_building_tests': False, 'cmake_args': None, 'cmake_clean_cache': False, 'cmake_clean_first': False, 'cmake_force_configure': False, 'cmake_target': None, 'cmake_target_skip_unavailable': False, 'install_base': '/home/spacecal/SpaceCal/install/JNode_KeyboardInput', 'merge_install': False, 'path': '/home/spacecal/SpaceCal/src/JNode_KeyboardInput', 'symlink_install': False, 'test_result_base': None}
[2.091s] Level 5:colcon.colcon_core.verb:set package 'JNode_MotorController' build argument 'cmake_args' from command line to 'None'
[2.091s] Level 5:colcon.colcon_core.verb:set package 'JNode_MotorController' build argument 'cmake_target' from command line to 'None'
[2.091s] Level 5:colcon.colcon_core.verb:set package 'JNode_MotorController' build argument 'cmake_target_skip_unavailable' from command line to 'False'
[2.092s] Level 5:colcon.colcon_core.verb:set package 'JNode_MotorController' build argument 'cmake_clean_cache' from command line to 'False'
[2.092s] Level 5:colcon.colcon_core.verb:set package 'JNode_MotorController' build argument 'cmake_clean_first' from command line to 'False'
[2.092s] Level 5:colcon.colcon_core.verb:set package 'JNode_MotorController' build argument 'cmake_force_configure' from command line to 'False'
[2.092s] Level 5:colcon.colcon_core.verb:set package 'JNode_MotorController' build argument 'ament_cmake_args' from command line to 'None'
[2.092s] Level 5:colcon.colcon_core.verb:set package 'JNode_MotorController' build argument 'catkin_cmake_args' from command line to 'None'
[2.092s] Level 5:colcon.colcon_core.verb:set package 'JNode_MotorController' build argument 'catkin_skip_building_tests' from command line to 'False'
[2.093s] DEBUG:colcon.colcon_core.verb:Building package 'JNode_MotorController' with the following arguments: {'ament_cmake_args': None, 'build_base': '/home/spacecal/SpaceCal/build/JNode_MotorController', 'catkin_cmake_args': None, 'catkin_skip_building_tests': False, 'cmake_args': None, 'cmake_clean_cache': False, 'cmake_clean_first': False, 'cmake_force_configure': False, 'cmake_target': None, 'cmake_target_skip_unavailable': False, 'install_base': '/home/spacecal/SpaceCal/install/JNode_MotorController', 'merge_install': False, 'path': '/home/spacecal/SpaceCal/src/JNode_MotorController', 'symlink_install': False, 'test_result_base': None}
[2.105s] Level 5:colcon.colcon_core.verb:set package 'turtlesim' build argument 'cmake_args' from command line to 'None'
[2.105s] Level 5:colcon.colcon_core.verb:set package 'turtlesim' build argument 'cmake_target' from command line to 'None'
[2.106s] Level 5:colcon.colcon_core.verb:set package 'turtlesim' build argument 'cmake_target_skip_unavailable' from command line to 'False'
[2.106s] Level 5:colcon.colcon_core.verb:set package 'turtlesim' build argument 'cmake_clean_cache' from command line to 'False'
[2.106s] Level 5:colcon.colcon_core.verb:set package 'turtlesim' build argument 'cmake_clean_first' from command line to 'False'
[2.106s] Level 5:colcon.colcon_core.verb:set package 'turtlesim' build argument 'cmake_force_configure' from command line to 'False'
[2.106s] Level 5:colcon.colcon_core.verb:set package 'turtlesim' build argument 'ament_cmake_args' from command line to 'None'
[2.106s] Level 5:colcon.colcon_core.verb:set package 'turtlesim' build argument 'catkin_cmake_args' from command line to 'None'
[2.106s] Level 5:colcon.colcon_core.verb:set package 'turtlesim' build argument 'catkin_skip_building_tests' from command line to 'False'
[2.107s] DEBUG:colcon.colcon_core.verb:Building package 'turtlesim' with the following arguments: {'ament_cmake_args': None, 'build_base': '/home/spacecal/SpaceCal/build/turtlesim', 'catkin_cmake_args': None, 'catkin_skip_building_tests': False, 'cmake_args': None, 'cmake_clean_cache': False, 'cmake_clean_first': False, 'cmake_force_configure': False, 'cmake_target': None, 'cmake_target_skip_unavailable': False, 'install_base': '/home/spacecal/SpaceCal/install/turtlesim', 'merge_install': False, 'path': '/home/spacecal/SpaceCal/src/ros_tutorials/turtlesim', 'symlink_install': False, 'test_result_base': None}
[2.109s] INFO:colcon.colcon_core.executor:Executing jobs using 'parallel' executor
[2.119s] DEBUG:colcon.colcon_parallel_executor.executor.parallel:run_until_complete
[2.122s] INFO:colcon.colcon_ros.task.ament_python.build:Building ROS package in '/home/spacecal/SpaceCal/src/JNode_KeyboardInput' with build type 'ament_python'
[2.123s] Level 1:colcon.colcon_core.shell:create_environment_hook('JNode_KeyboardInput', 'ament_prefix_path')
[2.157s] INFO:colcon.colcon_core.plugin_system:Skipping extension 'colcon_core.shell.bat': Not used on non-Windows systems
[2.160s] INFO:colcon.colcon_core.shell:Creating environment hook '/home/spacecal/SpaceCal/install/JNode_KeyboardInput/share/JNode_KeyboardInput/hook/ament_prefix_path.ps1'
[2.174s] INFO:colcon.colcon_core.shell:Creating environment descriptor '/home/spacecal/SpaceCal/install/JNode_KeyboardInput/share/JNode_KeyboardInput/hook/ament_prefix_path.dsv'
[2.180s] INFO:colcon.colcon_core.shell:Creating environment hook '/home/spacecal/SpaceCal/install/JNode_KeyboardInput/share/JNode_KeyboardInput/hook/ament_prefix_path.sh'
[2.198s] INFO:colcon.colcon_core.shell:Skip shell extension 'powershell' for command environment: Not usable outside of PowerShell
[2.199s] DEBUG:colcon.colcon_core.shell:Skip shell extension 'dsv' for command environment
[2.245s] DEBUG:colcon.colcon_core.shell:Ignoring prefix path '/opt/ros/foxy'
[2.280s] INFO:colcon.colcon_ros.task.ament_python.build:Building ROS package in '/home/spacecal/SpaceCal/src/JNode_MotorController' with build type 'ament_python'
[2.284s] Level 1:colcon.colcon_core.shell:create_environment_hook('JNode_MotorController', 'ament_prefix_path')
[2.300s] INFO:colcon.colcon_core.shell:Creating environment hook '/home/spacecal/SpaceCal/install/JNode_MotorController/share/JNode_MotorController/hook/ament_prefix_path.ps1'
[2.313s] INFO:colcon.colcon_core.shell:Creating environment descriptor '/home/spacecal/SpaceCal/install/JNode_MotorController/share/JNode_MotorController/hook/ament_prefix_path.dsv'
[2.318s] INFO:colcon.colcon_core.shell:Creating environment hook '/home/spacecal/SpaceCal/install/JNode_MotorController/share/JNode_MotorController/hook/ament_prefix_path.sh'
[2.332s] INFO:colcon.colcon_core.shell:Skip shell extension 'powershell' for command environment: Not usable outside of PowerShell
[2.333s] DEBUG:colcon.colcon_core.shell:Skip shell extension 'dsv' for command environment
[2.378s] DEBUG:colcon.colcon_core.shell:Ignoring prefix path '/opt/ros/foxy'
[2.417s] INFO:colcon.colcon_ros.task.ament_cmake.build:Building ROS package in '/home/spacecal/SpaceCal/src/ros_tutorials/turtlesim' with build type 'ament_cmake'
[2.422s] INFO:colcon.colcon_cmake.task.cmake.build:Building CMake package in '/home/spacecal/SpaceCal/src/ros_tutorials/turtlesim'
[2.432s] INFO:colcon.colcon_core.shell:Skip shell extension 'powershell' for command environment: Not usable outside of PowerShell
[2.433s] DEBUG:colcon.colcon_core.shell:Skip shell extension 'dsv' for command environment
[2.479s] DEBUG:colcon.colcon_core.shell:Ignoring prefix path '/opt/ros/foxy'
[4.247s] INFO:colcon.colcon_core.task.python.build:Building Python package in '/home/spacecal/SpaceCal/src/JNode_KeyboardInput'
[4.258s] INFO:colcon.colcon_core.shell:Skip shell extension 'powershell' for command environment: Not usable outside of PowerShell
[4.259s] DEBUG:colcon.colcon_core.shell:Skip shell extension 'dsv' for command environment
[4.284s] DEBUG:colcon.colcon_core.shell:Ignoring prefix path '/opt/ros/foxy'
[5.949s] INFO:colcon.colcon_core.task.python.build:Building Python package in '/home/spacecal/SpaceCal/src/JNode_MotorController'
[5.956s] INFO:colcon.colcon_core.shell:Skip shell extension 'powershell' for command environment: Not usable outside of PowerShell
[5.957s] DEBUG:colcon.colcon_core.shell:Skip shell extension 'dsv' for command environment
[5.987s] DEBUG:colcon.colcon_core.shell:Ignoring prefix path '/opt/ros/foxy'
[6.033s] DEBUG:colcon.colcon_core.event_handler.log_command:Invoking command in '/home/spacecal/SpaceCal/build/turtlesim': CMAKE_PREFIX_PATH=${CMAKE_PREFIX_PATH}:/home/spacecal/SpaceCal/install/JNode_MotorController:/home/spacecal/SpaceCal/install/JNode_KeyboardInput:/opt/ros/foxy /usr/bin/cmake --build /home/spacecal/SpaceCal/build/turtlesim -- -j4 -l4
[6.118s] DEBUG:colcon.colcon_core.event_handler.log_command:Invoking command in '/home/spacecal/SpaceCal/src/JNode_KeyboardInput': PYTHONPATH=/home/spacecal/SpaceCal/install/JNode_KeyboardInput/lib/python3.8/site-packages:${PYTHONPATH} /usr/bin/python3 setup.py egg_info --egg-base ../../build/JNode_KeyboardInput build --build-base /home/spacecal/SpaceCal/build/JNode_KeyboardInput/build install --prefix /home/spacecal/SpaceCal/install/JNode_KeyboardInput --record /home/spacecal/SpaceCal/build/JNode_KeyboardInput/install.log --single-version-externally-managed
[6.152s] DEBUG:colcon.colcon_core.event_handler.log_command:Invoking command in '/home/spacecal/SpaceCal/src/JNode_MotorController': PYTHONPATH=/home/spacecal/SpaceCal/install/JNode_MotorController/lib/python3.8/site-packages:${PYTHONPATH} /usr/bin/python3 setup.py egg_info --egg-base ../../build/JNode_MotorController build --build-base /home/spacecal/SpaceCal/build/JNode_MotorController/build install --prefix /home/spacecal/SpaceCal/install/JNode_MotorController --record /home/spacecal/SpaceCal/build/JNode_MotorController/install.log --single-version-externally-managed
[9.027s] DEBUG:colcon.colcon_core.event_handler.log_command:Invoked command in '/home/spacecal/SpaceCal/build/turtlesim' returned '0': CMAKE_PREFIX_PATH=${CMAKE_PREFIX_PATH}:/home/spacecal/SpaceCal/install/JNode_MotorController:/home/spacecal/SpaceCal/install/JNode_KeyboardInput:/opt/ros/foxy /usr/bin/cmake --build /home/spacecal/SpaceCal/build/turtlesim -- -j4 -l4
[9.894s] DEBUG:colcon.colcon_core.event_handler.log_command:Invoked command in '/home/spacecal/SpaceCal/src/JNode_KeyboardInput' returned '0': PYTHONPATH=/home/spacecal/SpaceCal/install/JNode_KeyboardInput/lib/python3.8/site-packages:${PYTHONPATH} /usr/bin/python3 setup.py egg_info --egg-base ../../build/JNode_KeyboardInput build --build-base /home/spacecal/SpaceCal/build/JNode_KeyboardInput/build install --prefix /home/spacecal/SpaceCal/install/JNode_KeyboardInput --record /home/spacecal/SpaceCal/build/JNode_KeyboardInput/install.log --single-version-externally-managed
[9.919s] Level 1:colcon.colcon_core.environment:checking '/home/spacecal/SpaceCal/install/JNode_KeyboardInput' for CMake module files
[9.925s] Level 1:colcon.colcon_core.environment:checking '/home/spacecal/SpaceCal/install/JNode_KeyboardInput' for CMake config files
[9.932s] Level 1:colcon.colcon_core.environment:checking '/home/spacecal/SpaceCal/install/JNode_KeyboardInput/lib'
[9.933s] Level 1:colcon.colcon_core.environment:checking '/home/spacecal/SpaceCal/install/JNode_KeyboardInput/bin'
[9.934s] Level 1:colcon.colcon_core.environment:checking '/home/spacecal/SpaceCal/install/JNode_KeyboardInput/lib/pkgconfig/JNode_KeyboardInput.pc'
[9.935s] Level 1:colcon.colcon_core.environment:checking '/home/spacecal/SpaceCal/install/JNode_KeyboardInput/lib/python3.8/site-packages'
[9.936s] Level 1:colcon.colcon_core.shell:create_environment_hook('JNode_KeyboardInput', 'pythonpath')
[9.943s] INFO:colcon.colcon_core.shell:Creating environment hook '/home/spacecal/SpaceCal/install/JNode_KeyboardInput/share/JNode_KeyboardInput/hook/pythonpath.ps1'
[9.949s] INFO:colcon.colcon_core.shell:Creating environment descriptor '/home/spacecal/SpaceCal/install/JNode_KeyboardInput/share/JNode_KeyboardInput/hook/pythonpath.dsv'
[9.953s] INFO:colcon.colcon_core.shell:Creating environment hook '/home/spacecal/SpaceCal/install/JNode_KeyboardInput/share/JNode_KeyboardInput/hook/pythonpath.sh'
[9.960s] Level 1:colcon.colcon_core.environment:create_environment_scripts_only(JNode_KeyboardInput)
[9.972s] INFO:colcon.colcon_core.shell:Creating package script '/home/spacecal/SpaceCal/install/JNode_KeyboardInput/share/JNode_KeyboardInput/package.ps1'
[9.985s] INFO:colcon.colcon_core.shell:Creating package descriptor '/home/spacecal/SpaceCal/install/JNode_KeyboardInput/share/JNode_KeyboardInput/package.dsv'
[9.992s] INFO:colcon.colcon_core.shell:Creating package script '/home/spacecal/SpaceCal/install/JNode_KeyboardInput/share/JNode_KeyboardInput/package.sh'
[9.999s] INFO:colcon.colcon_core.shell:Creating package script '/home/spacecal/SpaceCal/install/JNode_KeyboardInput/share/JNode_KeyboardInput/package.bash'
[10.005s] INFO:colcon.colcon_core.shell:Creating package script '/home/spacecal/SpaceCal/install/JNode_KeyboardInput/share/JNode_KeyboardInput/package.zsh'
[10.013s] Level 1:colcon.colcon_core.environment:create_file_with_runtime_dependencies(/home/spacecal/SpaceCal/install/JNode_KeyboardInput/share/colcon-core/packages/JNode_KeyboardInput)
[10.027s] Level 1:colcon.colcon_core.environment:checking '/home/spacecal/SpaceCal/install/JNode_MotorController' for CMake module files
[10.037s] DEBUG:colcon.colcon_core.event_handler.log_command:Invoked command in '/home/spacecal/SpaceCal/src/JNode_MotorController' returned '0': PYTHONPATH=/home/spacecal/SpaceCal/install/JNode_MotorController/lib/python3.8/site-packages:${PYTHONPATH} /usr/bin/python3 setup.py egg_info --egg-base ../../build/JNode_MotorController build --build-base /home/spacecal/SpaceCal/build/JNode_MotorController/build install --prefix /home/spacecal/SpaceCal/install/JNode_MotorController --record /home/spacecal/SpaceCal/build/JNode_MotorController/install.log --single-version-externally-managed
[10.039s] Level 1:colcon.colcon_core.environment:checking '/home/spacecal/SpaceCal/install/JNode_MotorController' for CMake config files
[10.044s] Level 1:colcon.colcon_core.environment:checking '/home/spacecal/SpaceCal/install/JNode_MotorController/lib'
[10.046s] Level 1:colcon.colcon_core.environment:checking '/home/spacecal/SpaceCal/install/JNode_MotorController/bin'
[10.047s] Level 1:colcon.colcon_core.environment:checking '/home/spacecal/SpaceCal/install/JNode_MotorController/lib/pkgconfig/JNode_MotorController.pc'
[10.048s] Level 1:colcon.colcon_core.environment:checking '/home/spacecal/SpaceCal/install/JNode_MotorController/lib/python3.8/site-packages'
[10.051s] Level 1:colcon.colcon_core.shell:create_environment_hook('JNode_MotorController', 'pythonpath')
[10.059s] INFO:colcon.colcon_core.shell:Creating environment hook '/home/spacecal/SpaceCal/install/JNode_MotorController/share/JNode_MotorController/hook/pythonpath.ps1'
[10.068s] INFO:colcon.colcon_core.shell:Creating environment descriptor '/home/spacecal/SpaceCal/install/JNode_MotorController/share/JNode_MotorController/hook/pythonpath.dsv'
[10.074s] INFO:colcon.colcon_core.shell:Creating environment hook '/home/spacecal/SpaceCal/install/JNode_MotorController/share/JNode_MotorController/hook/pythonpath.sh'
[10.081s] Level 1:colcon.colcon_core.environment:create_environment_scripts_only(JNode_MotorController)
[10.092s] INFO:colcon.colcon_core.shell:Creating package script '/home/spacecal/SpaceCal/install/JNode_MotorController/share/JNode_MotorController/package.ps1'
[10.105s] INFO:colcon.colcon_core.shell:Creating package descriptor '/home/spacecal/SpaceCal/install/JNode_MotorController/share/JNode_MotorController/package.dsv'
[10.114s] INFO:colcon.colcon_core.shell:Creating package script '/home/spacecal/SpaceCal/install/JNode_MotorController/share/JNode_MotorController/package.sh'
[10.123s] INFO:colcon.colcon_core.shell:Creating package script '/home/spacecal/SpaceCal/install/JNode_MotorController/share/JNode_MotorController/package.bash'
[10.130s] INFO:colcon.colcon_core.shell:Creating package script '/home/spacecal/SpaceCal/install/JNode_MotorController/share/JNode_MotorController/package.zsh'
[10.142s] Level 1:colcon.colcon_core.environment:create_file_with_runtime_dependencies(/home/spacecal/SpaceCal/install/JNode_MotorController/share/colcon-core/packages/JNode_MotorController)
[10.570s] DEBUG:colcon.colcon_core.event_handler.log_command:Invoking command in '/home/spacecal/SpaceCal/build/turtlesim': CMAKE_PREFIX_PATH=${CMAKE_PREFIX_PATH}:/home/spacecal/SpaceCal/install/JNode_MotorController:/home/spacecal/SpaceCal/install/JNode_KeyboardInput:/opt/ros/foxy /usr/bin/cmake --install /home/spacecal/SpaceCal/build/turtlesim
[11.048s] Level 1:colcon.colcon_core.environment:create_environment_scripts_only(turtlesim)
[11.057s] Level 1:colcon.colcon_core.environment:checking '/home/spacecal/SpaceCal/install/turtlesim' for CMake module files
[11.066s] DEBUG:colcon.colcon_core.event_handler.log_command:Invoked command in '/home/spacecal/SpaceCal/build/turtlesim' returned '0': CMAKE_PREFIX_PATH=${CMAKE_PREFIX_PATH}:/home/spacecal/SpaceCal/install/JNode_MotorController:/home/spacecal/SpaceCal/install/JNode_KeyboardInput:/opt/ros/foxy /usr/bin/cmake --install /home/spacecal/SpaceCal/build/turtlesim
[11.068s] Level 1:colcon.colcon_core.environment:checking '/home/spacecal/SpaceCal/install/turtlesim' for CMake config files
[11.074s] Level 1:colcon.colcon_core.shell:create_environment_hook('turtlesim', 'cmake_prefix_path')
[11.080s] INFO:colcon.colcon_core.shell:Creating environment hook '/home/spacecal/SpaceCal/install/turtlesim/share/turtlesim/hook/cmake_prefix_path.ps1'
[11.086s] INFO:colcon.colcon_core.shell:Creating environment descriptor '/home/spacecal/SpaceCal/install/turtlesim/share/turtlesim/hook/cmake_prefix_path.dsv'
[11.095s] INFO:colcon.colcon_core.shell:Creating environment hook '/home/spacecal/SpaceCal/install/turtlesim/share/turtlesim/hook/cmake_prefix_path.sh'
[11.107s] Level 1:colcon.colcon_core.environment:checking '/home/spacecal/SpaceCal/install/turtlesim/lib'
[11.108s] Level 1:colcon.colcon_core.shell:create_environment_hook('turtlesim', 'ld_library_path_lib')
[11.113s] INFO:colcon.colcon_core.shell:Creating environment hook '/home/spacecal/SpaceCal/install/turtlesim/share/turtlesim/hook/ld_library_path_lib.ps1'
[11.117s] INFO:colcon.colcon_core.shell:Creating environment descriptor '/home/spacecal/SpaceCal/install/turtlesim/share/turtlesim/hook/ld_library_path_lib.dsv'
[11.120s] INFO:colcon.colcon_core.shell:Creating environment hook '/home/spacecal/SpaceCal/install/turtlesim/share/turtlesim/hook/ld_library_path_lib.sh'
[11.122s] Level 1:colcon.colcon_core.environment:checking '/home/spacecal/SpaceCal/install/turtlesim/bin'
[11.123s] Level 1:colcon.colcon_core.environment:checking '/home/spacecal/SpaceCal/install/turtlesim/lib/pkgconfig/turtlesim.pc'
[11.124s] Level 1:colcon.colcon_core.environment:checking '/home/spacecal/SpaceCal/install/turtlesim/lib/python3.8/site-packages'
[11.124s] Level 1:colcon.colcon_core.shell:create_environment_hook('turtlesim', 'pythonpath')
[11.128s] INFO:colcon.colcon_core.shell:Creating environment hook '/home/spacecal/SpaceCal/install/turtlesim/share/turtlesim/hook/pythonpath.ps1'
[11.131s] INFO:colcon.colcon_core.shell:Creating environment descriptor '/home/spacecal/SpaceCal/install/turtlesim/share/turtlesim/hook/pythonpath.dsv'
[11.133s] INFO:colcon.colcon_core.shell:Creating environment hook '/home/spacecal/SpaceCal/install/turtlesim/share/turtlesim/hook/pythonpath.sh'
[11.140s] INFO:colcon.colcon_core.shell:Creating package script '/home/spacecal/SpaceCal/install/turtlesim/share/turtlesim/package.ps1'
[11.143s] INFO:colcon.colcon_core.shell:Creating package descriptor '/home/spacecal/SpaceCal/install/turtlesim/share/turtlesim/package.dsv'
[11.146s] INFO:colcon.colcon_core.shell:Creating package script '/home/spacecal/SpaceCal/install/turtlesim/share/turtlesim/package.sh'
[11.149s] INFO:colcon.colcon_core.shell:Creating package script '/home/spacecal/SpaceCal/install/turtlesim/share/turtlesim/package.bash'
[11.152s] INFO:colcon.colcon_core.shell:Creating package script '/home/spacecal/SpaceCal/install/turtlesim/share/turtlesim/package.zsh'
[11.155s] Level 1:colcon.colcon_core.environment:create_file_with_runtime_dependencies(/home/spacecal/SpaceCal/install/turtlesim/share/colcon-core/packages/turtlesim)
[12.102s] Level 1:colcon.colcon_core.environment:create_environment_scripts_only(turtlesim)
[12.112s] Level 1:colcon.colcon_core.environment:checking '/home/spacecal/SpaceCal/install/turtlesim' for CMake module files
[12.118s] Level 1:colcon.colcon_core.environment:checking '/home/spacecal/SpaceCal/install/turtlesim' for CMake config files
[12.126s] Level 1:colcon.colcon_core.shell:create_environment_hook('turtlesim', 'cmake_prefix_path')
[12.130s] INFO:colcon.colcon_core.shell:Creating environment hook '/home/spacecal/SpaceCal/install/turtlesim/share/turtlesim/hook/cmake_prefix_path.ps1'
[12.135s] INFO:colcon.colcon_core.shell:Creating environment descriptor '/home/spacecal/SpaceCal/install/turtlesim/share/turtlesim/hook/cmake_prefix_path.dsv'
[12.138s] INFO:colcon.colcon_core.shell:Creating environment hook '/home/spacecal/SpaceCal/install/turtlesim/share/turtlesim/hook/cmake_prefix_path.sh'
[12.142s] Level 1:colcon.colcon_core.environment:checking '/home/spacecal/SpaceCal/install/turtlesim/lib'
[12.143s] Level 1:colcon.colcon_core.shell:create_environment_hook('turtlesim', 'ld_library_path_lib')
[12.147s] INFO:colcon.colcon_core.shell:Creating environment hook '/home/spacecal/SpaceCal/install/turtlesim/share/turtlesim/hook/ld_library_path_lib.ps1'
[12.150s] INFO:colcon.colcon_core.shell:Creating environment descriptor '/home/spacecal/SpaceCal/install/turtlesim/share/turtlesim/hook/ld_library_path_lib.dsv'
[12.152s] INFO:colcon.colcon_core.shell:Creating environment hook '/home/spacecal/SpaceCal/install/turtlesim/share/turtlesim/hook/ld_library_path_lib.sh'
[12.154s] Level 1:colcon.colcon_core.environment:checking '/home/spacecal/SpaceCal/install/turtlesim/bin'
[12.155s] Level 1:colcon.colcon_core.environment:checking '/home/spacecal/SpaceCal/install/turtlesim/lib/pkgconfig/turtlesim.pc'
[12.155s] Level 1:colcon.colcon_core.environment:checking '/home/spacecal/SpaceCal/install/turtlesim/lib/python3.8/site-packages'
[12.156s] Level 1:colcon.colcon_core.shell:create_environment_hook('turtlesim', 'pythonpath')
[12.160s] INFO:colcon.colcon_core.shell:Creating environment hook '/home/spacecal/SpaceCal/install/turtlesim/share/turtlesim/hook/pythonpath.ps1'
[12.162s] INFO:colcon.colcon_core.shell:Creating environment descriptor '/home/spacecal/SpaceCal/install/turtlesim/share/turtlesim/hook/pythonpath.dsv'
[12.164s] INFO:colcon.colcon_core.shell:Creating environment hook '/home/spacecal/SpaceCal/install/turtlesim/share/turtlesim/hook/pythonpath.sh'
[12.170s] INFO:colcon.colcon_core.shell:Creating package script '/home/spacecal/SpaceCal/install/turtlesim/share/turtlesim/package.ps1'
[12.175s] INFO:colcon.colcon_core.shell:Creating package descriptor '/home/spacecal/SpaceCal/install/turtlesim/share/turtlesim/package.dsv'
[12.180s] INFO:colcon.colcon_core.shell:Creating package script '/home/spacecal/SpaceCal/install/turtlesim/share/turtlesim/package.sh'
[12.183s] INFO:colcon.colcon_core.shell:Creating package script '/home/spacecal/SpaceCal/install/turtlesim/share/turtlesim/package.bash'
[12.186s] INFO:colcon.colcon_core.shell:Creating package script '/home/spacecal/SpaceCal/install/turtlesim/share/turtlesim/package.zsh'
[12.190s] Level 1:colcon.colcon_core.environment:create_file_with_runtime_dependencies(/home/spacecal/SpaceCal/install/turtlesim/share/colcon-core/packages/turtlesim)
[12.193s] DEBUG:colcon.colcon_parallel_executor.executor.parallel:closing loop
[12.195s] DEBUG:colcon.colcon_parallel_executor.executor.parallel:loop closed
[12.197s] DEBUG:colcon.colcon_parallel_executor.executor.parallel:run_until_complete finished with '0'
[12.198s] DEBUG:colcon.colcon_core.event_reactor:joining thread
[12.285s] INFO:colcon.colcon_core.plugin_system:Skipping extension 'colcon_notification.desktop_notification.terminal_notifier': Not used on non-Darwin systems
[12.287s] INFO:colcon.colcon_core.plugin_system:Skipping extension 'colcon_notification.desktop_notification.win32': Not used on non-Windows systems
[12.288s] INFO:colcon.colcon_notification.desktop_notification:Sending desktop notification using 'notify2'
[12.334s] DEBUG:colcon.colcon_core.event_reactor:joined thread
[12.340s] INFO:colcon.colcon_core.shell:Creating prefix script '/home/spacecal/SpaceCal/install/local_setup.ps1'
[12.350s] INFO:colcon.colcon_core.shell:Creating prefix util module '/home/spacecal/SpaceCal/install/_local_setup_util_ps1.py'
[12.363s] INFO:colcon.colcon_core.shell:Creating prefix chain script '/home/spacecal/SpaceCal/install/setup.ps1'
[12.384s] INFO:colcon.colcon_core.shell:Creating prefix script '/home/spacecal/SpaceCal/install/local_setup.sh'
[12.388s] INFO:colcon.colcon_core.shell:Creating prefix util module '/home/spacecal/SpaceCal/install/_local_setup_util_sh.py'
[12.391s] INFO:colcon.colcon_core.shell:Creating prefix chain script '/home/spacecal/SpaceCal/install/setup.sh'
[12.412s] INFO:colcon.colcon_core.shell:Creating prefix script '/home/spacecal/SpaceCal/install/local_setup.bash'
[12.417s] INFO:colcon.colcon_core.shell:Creating prefix chain script '/home/spacecal/SpaceCal/install/setup.bash'
[12.432s] INFO:colcon.colcon_core.shell:Creating prefix script '/home/spacecal/SpaceCal/install/local_setup.zsh'
[12.435s] INFO:colcon.colcon_core.shell:Creating prefix chain script '/home/spacecal/SpaceCal/install/setup.zsh'
