[3.866s] Invoking command in '/home/spacecal/SpaceCal/src/JNode_MotorController': PYTHONPATH=/home/spacecal/SpaceCal/install/JNode_MotorController/lib/python3.8/site-packages:${PYTHONPATH} /usr/bin/python3 setup.py egg_info --egg-base ../../build/JNode_MotorController build --build-base /home/spacecal/SpaceCal/build/JNode_MotorController/build install --prefix /home/spacecal/SpaceCal/install/JNode_MotorController --record /home/spacecal/SpaceCal/build/JNode_MotorController/install.log --single-version-externally-managed
[6.322s] running egg_info
[6.334s] writing ../../build/JNode_MotorController/JNode_MotorController.egg-info/PKG-INFO
[6.342s] writing dependency_links to ../../build/JNode_MotorController/JNode_MotorController.egg-info/dependency_links.txt
[6.370s] writing entry points to ../../build/JNode_MotorController/JNode_MotorController.egg-info/entry_points.txt
[6.379s] writing requirements to ../../build/JNode_MotorController/JNode_MotorController.egg-info/requires.txt
[6.390s] writing top-level names to ../../build/JNode_MotorController/JNode_MotorController.egg-info/top_level.txt
[6.795s] reading manifest file '../../build/JNode_MotorController/JNode_MotorController.egg-info/SOURCES.txt'
[6.804s] writing manifest file '../../build/JNode_MotorController/JNode_MotorController.egg-info/SOURCES.txt'
[6.807s] running build
[6.808s] running build_py
[6.809s] copying JNode_MotorController/motorController.py -> /home/spacecal/SpaceCal/build/JNode_MotorController/build/lib/JNode_MotorController
[6.811s] running install
[6.816s] running install_lib
[6.826s] copying /home/spacecal/SpaceCal/build/JNode_MotorController/build/lib/JNode_MotorController/motorController.py -> /home/spacecal/SpaceCal/install/JNode_MotorController/lib/python3.8/site-packages/JNode_MotorController
[6.837s] byte-compiling /home/spacecal/SpaceCal/install/JNode_MotorController/lib/python3.8/site-packages/JNode_MotorController/motorController.py to motorController.cpython-38.pyc
[6.845s]   File "/home/spacecal/SpaceCal/install/JNode_MotorController/lib/python3.8/site-packages/JNode_MotorController/motorController.py", line 104
[6.846s]     global tic = TicI2C(bus, address)
[6.848s]                ^
[6.868s] SyntaxError: invalid syntax
[6.880s] 
[6.886s] running install_data
[6.888s] running install_egg_info
[6.894s] removing '/home/spacecal/SpaceCal/install/JNode_MotorController/lib/python3.8/site-packages/JNode_MotorController-0.0.0-py3.8.egg-info' (and everything under it)
[6.897s] Copying ../../build/JNode_MotorController/JNode_MotorController.egg-info to /home/spacecal/SpaceCal/install/JNode_MotorController/lib/python3.8/site-packages/JNode_MotorController-0.0.0-py3.8.egg-info
[6.898s] running install_scripts
[7.104s] Installing keyboardRun script to /home/spacecal/SpaceCal/install/JNode_MotorController/lib/JNode_MotorController
[7.109s] writing list of installed files to '/home/spacecal/SpaceCal/build/JNode_MotorController/install.log'
[7.752s] Invoked command in '/home/spacecal/SpaceCal/src/JNode_MotorController' returned '0': PYTHONPATH=/home/spacecal/SpaceCal/install/JNode_MotorController/lib/python3.8/site-packages:${PYTHONPATH} /usr/bin/python3 setup.py egg_info --egg-base ../../build/JNode_MotorController build --build-base /home/spacecal/SpaceCal/build/JNode_MotorController/build install --prefix /home/spacecal/SpaceCal/install/JNode_MotorController --record /home/spacecal/SpaceCal/build/JNode_MotorController/install.log --single-version-externally-managed
