[5.283s] Invoking command in '/home/spacecal/SpaceCal/src/my_package': PYTHONPATH=/home/spacecal/SpaceCal/install/my_package/lib/python3.8/site-packages:${PYTHONPATH} /usr/bin/python3 setup.py egg_info --egg-base ../../build/my_package build --build-base /home/spacecal/SpaceCal/build/my_package/build install --prefix /home/spacecal/SpaceCal/install/my_package --record /home/spacecal/SpaceCal/build/my_package/install.log --single-version-externally-managed
[8.237s] running egg_info
[8.244s] writing ../../build/my_package/my_package.egg-info/PKG-INFO
[8.255s] writing dependency_links to ../../build/my_package/my_package.egg-info/dependency_links.txt
[8.268s] writing entry points to ../../build/my_package/my_package.egg-info/entry_points.txt
[8.276s] writing requirements to ../../build/my_package/my_package.egg-info/requires.txt
[8.282s] writing top-level names to ../../build/my_package/my_package.egg-info/top_level.txt
[8.839s] package init file 'my_package/__init__.py' not found (or not a regular file)
[8.850s] reading manifest file '../../build/my_package/my_package.egg-info/SOURCES.txt'
[8.866s] writing manifest file '../../build/my_package/my_package.egg-info/SOURCES.txt'
[8.877s] running build
[8.881s] running build_py
[8.892s] running install
[8.909s] running install_lib
[8.930s] running install_data
[8.938s] copying package.xml -> /home/spacecal/SpaceCal/install/my_package/share/my_package
[8.943s] running install_egg_info
[8.971s] removing '/home/spacecal/SpaceCal/install/my_package/lib/python3.8/site-packages/my_package-0.0.0-py3.8.egg-info' (and everything under it)
[8.982s] Copying ../../build/my_package/my_package.egg-info to /home/spacecal/SpaceCal/install/my_package/lib/python3.8/site-packages/my_package-0.0.0-py3.8.egg-info
[8.996s] running install_scripts
[9.349s] Installing my_node script to /home/spacecal/SpaceCal/install/my_package/lib/my_package
[9.357s] writing list of installed files to '/home/spacecal/SpaceCal/build/my_package/install.log'
[10.183s] Invoked command in '/home/spacecal/SpaceCal/src/my_package' returned '0': PYTHONPATH=/home/spacecal/SpaceCal/install/my_package/lib/python3.8/site-packages:${PYTHONPATH} /usr/bin/python3 setup.py egg_info --egg-base ../../build/my_package build --build-base /home/spacecal/SpaceCal/build/my_package/build install --prefix /home/spacecal/SpaceCal/install/my_package --record /home/spacecal/SpaceCal/build/my_package/install.log --single-version-externally-managed
