[2.003s] DEBUG:colcon:Command line arguments: ['/usr/bin/colcon', 'build']
[2.004s] DEBUG:colcon:Parsed command line arguments: Namespace(ament_cmake_args=None, base_paths=['.'], build_base='build', catkin_cmake_args=None, catkin_skip_building_tests=False, cmake_args=None, cmake_clean_cache=False, cmake_clean_first=False, cmake_force_configure=False, cmake_target=None, cmake_target_skip_unavailable=False, continue_on_error=False, event_handlers=None, executor='parallel', ignore_user_meta=False, install_base='install', log_base=None, log_level=None, main=<bound method BuildVerb.main of <colcon_core.verb.build.BuildVerb object at 0x7fa5ac9730>>, merge_install=False, metas=['./colcon.meta'], packages_above=None, packages_above_and_dependencies=None, packages_above_depth=None, packages_end=None, packages_ignore=None, packages_ignore_regex=None, packages_select=None, packages_select_build_failed=False, packages_select_by_dep=None, packages_select_regex=None, packages_select_test_failures=False, packages_skip=None, packages_skip_build_finished=False, packages_skip_by_dep=None, packages_skip_regex=None, packages_skip_test_passed=False, packages_skip_up_to=None, packages_start=None, packages_up_to=None, packages_up_to_regex=None, parallel_workers=4, paths=None, symlink_install=False, test_result_base=None, verb_extension=<colcon_core.verb.build.BuildVerb object at 0x7fa5ac9730>, verb_name='build', verb_parser=<colcon_defaults.argument_parser.defaults.DefaultArgumentsDecorator object at 0x7fa5ac9c70>)
[2.053s] Level 1:colcon.colcon_core.package_discovery:discover_packages(colcon_meta) check parameters
[2.054s] Level 1:colcon.colcon_core.package_discovery:discover_packages(recursive) check parameters
[2.054s] Level 1:colcon.colcon_core.package_discovery:discover_packages(ignore) check parameters
[2.054s] Level 1:colcon.colcon_core.package_discovery:discover_packages(path) check parameters
[2.055s] Level 1:colcon.colcon_core.package_discovery:discover_packages(colcon_meta) discover
[2.055s] Level 1:colcon.colcon_core.package_discovery:discover_packages(recursive) discover
[2.056s] INFO:colcon.colcon_core.package_discovery:Crawling recursively for packages in '/home/spacecal/SpaceCal'
[2.056s] Level 1:colcon.colcon_core.package_identification:_identify(.) by extensions ['ignore', 'ignore_ament_install']
[2.057s] Level 1:colcon.colcon_core.package_identification:_identify(.) by extension 'ignore'
[2.057s] Level 1:colcon.colcon_core.package_identification:_identify(.) by extension 'ignore_ament_install'
[2.058s] Level 1:colcon.colcon_core.package_identification:_identify(.) by extensions ['colcon_pkg']
[2.058s] Level 1:colcon.colcon_core.package_identification:_identify(.) by extension 'colcon_pkg'
[2.058s] Level 1:colcon.colcon_core.package_identification:_identify(.) by extensions ['colcon_meta']
[2.058s] Level 1:colcon.colcon_core.package_identification:_identify(.) by extension 'colcon_meta'
[2.059s] Level 1:colcon.colcon_core.package_identification:_identify(.) by extensions ['ros']
[2.059s] Level 1:colcon.colcon_core.package_identification:_identify(.) by extension 'ros'
[2.153s] Level 1:colcon.colcon_core.package_identification:_identify(.) by extensions ['cmake', 'python']
[2.154s] Level 1:colcon.colcon_core.package_identification:_identify(.) by extension 'cmake'
[2.155s] Level 1:colcon.colcon_core.package_identification:_identify(.) by extension 'python'
[2.155s] Level 1:colcon.colcon_core.package_identification:_identify(.) by extensions ['python_setup_py']
[2.155s] Level 1:colcon.colcon_core.package_identification:_identify(.) by extension 'python_setup_py'
[2.156s] Level 1:colcon.colcon_core.package_identification:_identify(build) by extensions ['ignore', 'ignore_ament_install']
[2.157s] Level 1:colcon.colcon_core.package_identification:_identify(build) by extension 'ignore'
[2.157s] Level 1:colcon.colcon_core.package_identification:_identify(build) ignored
[2.158s] Level 1:colcon.colcon_core.package_identification:_identify(install) by extensions ['ignore', 'ignore_ament_install']
[2.158s] Level 1:colcon.colcon_core.package_identification:_identify(install) by extension 'ignore'
[2.159s] Level 1:colcon.colcon_core.package_identification:_identify(install) ignored
[2.159s] Level 1:colcon.colcon_core.package_identification:_identify(launch) by extensions ['ignore', 'ignore_ament_install']
[2.159s] Level 1:colcon.colcon_core.package_identification:_identify(launch) by extension 'ignore'
[2.160s] Level 1:colcon.colcon_core.package_identification:_identify(launch) by extension 'ignore_ament_install'
[2.160s] Level 1:colcon.colcon_core.package_identification:_identify(launch) by extensions ['colcon_pkg']
[2.160s] Level 1:colcon.colcon_core.package_identification:_identify(launch) by extension 'colcon_pkg'
[2.160s] Level 1:colcon.colcon_core.package_identification:_identify(launch) by extensions ['colcon_meta']
[2.161s] Level 1:colcon.colcon_core.package_identification:_identify(launch) by extension 'colcon_meta'
[2.161s] Level 1:colcon.colcon_core.package_identification:_identify(launch) by extensions ['ros']
[2.161s] Level 1:colcon.colcon_core.package_identification:_identify(launch) by extension 'ros'
[2.161s] Level 1:colcon.colcon_core.package_identification:_identify(launch) by extensions ['cmake', 'python']
[2.162s] Level 1:colcon.colcon_core.package_identification:_identify(launch) by extension 'cmake'
[2.162s] Level 1:colcon.colcon_core.package_identification:_identify(launch) by extension 'python'
[2.162s] Level 1:colcon.colcon_core.package_identification:_identify(launch) by extensions ['python_setup_py']
[2.162s] Level 1:colcon.colcon_core.package_identification:_identify(launch) by extension 'python_setup_py'
[2.163s] Level 1:colcon.colcon_core.package_identification:_identify(launch/__pycache__) by extensions ['ignore', 'ignore_ament_install']
[2.163s] Level 1:colcon.colcon_core.package_identification:_identify(launch/__pycache__) by extension 'ignore'
[2.163s] Level 1:colcon.colcon_core.package_identification:_identify(launch/__pycache__) by extension 'ignore_ament_install'
[2.164s] Level 1:colcon.colcon_core.package_identification:_identify(launch/__pycache__) by extensions ['colcon_pkg']
[2.164s] Level 1:colcon.colcon_core.package_identification:_identify(launch/__pycache__) by extension 'colcon_pkg'
[2.164s] Level 1:colcon.colcon_core.package_identification:_identify(launch/__pycache__) by extensions ['colcon_meta']
[2.164s] Level 1:colcon.colcon_core.package_identification:_identify(launch/__pycache__) by extension 'colcon_meta'
[2.164s] Level 1:colcon.colcon_core.package_identification:_identify(launch/__pycache__) by extensions ['ros']
[2.165s] Level 1:colcon.colcon_core.package_identification:_identify(launch/__pycache__) by extension 'ros'
[2.165s] Level 1:colcon.colcon_core.package_identification:_identify(launch/__pycache__) by extensions ['cmake', 'python']
[2.165s] Level 1:colcon.colcon_core.package_identification:_identify(launch/__pycache__) by extension 'cmake'
[2.165s] Level 1:colcon.colcon_core.package_identification:_identify(launch/__pycache__) by extension 'python'
[2.166s] Level 1:colcon.colcon_core.package_identification:_identify(launch/__pycache__) by extensions ['python_setup_py']
[2.166s] Level 1:colcon.colcon_core.package_identification:_identify(launch/__pycache__) by extension 'python_setup_py'
[2.167s] Level 1:colcon.colcon_core.package_identification:_identify(log) by extensions ['ignore', 'ignore_ament_install']
[2.167s] Level 1:colcon.colcon_core.package_identification:_identify(log) by extension 'ignore'
[2.167s] Level 1:colcon.colcon_core.package_identification:_identify(log) ignored
[2.168s] Level 1:colcon.colcon_core.package_identification:_identify(src) by extensions ['ignore', 'ignore_ament_install']
[2.168s] Level 1:colcon.colcon_core.package_identification:_identify(src) by extension 'ignore'
[2.168s] Level 1:colcon.colcon_core.package_identification:_identify(src) by extension 'ignore_ament_install'
[2.169s] Level 1:colcon.colcon_core.package_identification:_identify(src) by extensions ['colcon_pkg']
[2.169s] Level 1:colcon.colcon_core.package_identification:_identify(src) by extension 'colcon_pkg'
[2.169s] Level 1:colcon.colcon_core.package_identification:_identify(src) by extensions ['colcon_meta']
[2.169s] Level 1:colcon.colcon_core.package_identification:_identify(src) by extension 'colcon_meta'
[2.170s] Level 1:colcon.colcon_core.package_identification:_identify(src) by extensions ['ros']
[2.170s] Level 1:colcon.colcon_core.package_identification:_identify(src) by extension 'ros'
[2.170s] Level 1:colcon.colcon_core.package_identification:_identify(src) by extensions ['cmake', 'python']
[2.170s] Level 1:colcon.colcon_core.package_identification:_identify(src) by extension 'cmake'
[2.170s] Level 1:colcon.colcon_core.package_identification:_identify(src) by extension 'python'
[2.171s] Level 1:colcon.colcon_core.package_identification:_identify(src) by extensions ['python_setup_py']
[2.171s] Level 1:colcon.colcon_core.package_identification:_identify(src) by extension 'python_setup_py'
[2.171s] Level 1:colcon.colcon_core.package_identification:_identify(src/JNode_KeyboardInput) by extensions ['ignore', 'ignore_ament_install']
[2.172s] Level 1:colcon.colcon_core.package_identification:_identify(src/JNode_KeyboardInput) by extension 'ignore'
[2.172s] Level 1:colcon.colcon_core.package_identification:_identify(src/JNode_KeyboardInput) by extension 'ignore_ament_install'
[2.172s] Level 1:colcon.colcon_core.package_identification:_identify(src/JNode_KeyboardInput) by extensions ['colcon_pkg']
[2.172s] Level 1:colcon.colcon_core.package_identification:_identify(src/JNode_KeyboardInput) by extension 'colcon_pkg'
[2.172s] Level 1:colcon.colcon_core.package_identification:_identify(src/JNode_KeyboardInput) by extensions ['colcon_meta']
[2.173s] Level 1:colcon.colcon_core.package_identification:_identify(src/JNode_KeyboardInput) by extension 'colcon_meta'
[2.173s] Level 1:colcon.colcon_core.package_identification:_identify(src/JNode_KeyboardInput) by extensions ['ros']
[2.173s] Level 1:colcon.colcon_core.package_identification:_identify(src/JNode_KeyboardInput) by extension 'ros'
[2.195s] DEBUG:colcon.colcon_core.package_identification:Package 'src/JNode_KeyboardInput' with type 'ros.ament_python' and name 'JNode_KeyboardInput'
[2.196s] Level 1:colcon.colcon_core.package_identification:_identify(src/JNode_MotorController) by extensions ['ignore', 'ignore_ament_install']
[2.197s] Level 1:colcon.colcon_core.package_identification:_identify(src/JNode_MotorController) by extension 'ignore'
[2.197s] Level 1:colcon.colcon_core.package_identification:_identify(src/JNode_MotorController) by extension 'ignore_ament_install'
[2.198s] Level 1:colcon.colcon_core.package_identification:_identify(src/JNode_MotorController) by extensions ['colcon_pkg']
[2.198s] Level 1:colcon.colcon_core.package_identification:_identify(src/JNode_MotorController) by extension 'colcon_pkg'
[2.198s] Level 1:colcon.colcon_core.package_identification:_identify(src/JNode_MotorController) by extensions ['colcon_meta']
[2.198s] Level 1:colcon.colcon_core.package_identification:_identify(src/JNode_MotorController) by extension 'colcon_meta'
[2.198s] Level 1:colcon.colcon_core.package_identification:_identify(src/JNode_MotorController) by extensions ['ros']
[2.199s] Level 1:colcon.colcon_core.package_identification:_identify(src/JNode_MotorController) by extension 'ros'
[2.206s] DEBUG:colcon.colcon_core.package_identification:Package 'src/JNode_MotorController' with type 'ros.ament_python' and name 'JNode_MotorController'
[2.208s] Level 1:colcon.colcon_core.package_identification:_identify(src/ros_tutorials) by extensions ['ignore', 'ignore_ament_install']
[2.208s] Level 1:colcon.colcon_core.package_identification:_identify(src/ros_tutorials) by extension 'ignore'
[2.209s] Level 1:colcon.colcon_core.package_identification:_identify(src/ros_tutorials) by extension 'ignore_ament_install'
[2.210s] Level 1:colcon.colcon_core.package_identification:_identify(src/ros_tutorials) by extensions ['colcon_pkg']
[2.210s] Level 1:colcon.colcon_core.package_identification:_identify(src/ros_tutorials) by extension 'colcon_pkg'
[2.211s] Level 1:colcon.colcon_core.package_identification:_identify(src/ros_tutorials) by extensions ['colcon_meta']
[2.212s] Level 1:colcon.colcon_core.package_identification:_identify(src/ros_tutorials) by extension 'colcon_meta'
[2.212s] Level 1:colcon.colcon_core.package_identification:_identify(src/ros_tutorials) by extensions ['ros']
[2.212s] Level 1:colcon.colcon_core.package_identification:_identify(src/ros_tutorials) by extension 'ros'
[2.213s] Level 1:colcon.colcon_core.package_identification:_identify(src/ros_tutorials) by extensions ['cmake', 'python']
[2.213s] Level 1:colcon.colcon_core.package_identification:_identify(src/ros_tutorials) by extension 'cmake'
[2.213s] Level 1:colcon.colcon_core.package_identification:_identify(src/ros_tutorials) by extension 'python'
[2.214s] Level 1:colcon.colcon_core.package_identification:_identify(src/ros_tutorials) by extensions ['python_setup_py']
[2.214s] Level 1:colcon.colcon_core.package_identification:_identify(src/ros_tutorials) by extension 'python_setup_py'
[2.216s] Level 1:colcon.colcon_core.package_identification:_identify(src/ros_tutorials/ros_tutorials) by extensions ['ignore', 'ignore_ament_install']
[2.217s] Level 1:colcon.colcon_core.package_identification:_identify(src/ros_tutorials/ros_tutorials) by extension 'ignore'
[2.217s] Level 1:colcon.colcon_core.package_identification:_identify(src/ros_tutorials/ros_tutorials) ignored
[2.218s] Level 1:colcon.colcon_core.package_identification:_identify(src/ros_tutorials/roscpp_tutorials) by extensions ['ignore', 'ignore_ament_install']
[2.219s] Level 1:colcon.colcon_core.package_identification:_identify(src/ros_tutorials/roscpp_tutorials) by extension 'ignore'
[2.219s] Level 1:colcon.colcon_core.package_identification:_identify(src/ros_tutorials/roscpp_tutorials) ignored
[2.220s] Level 1:colcon.colcon_core.package_identification:_identify(src/ros_tutorials/rospy_tutorials) by extensions ['ignore', 'ignore_ament_install']
[2.221s] Level 1:colcon.colcon_core.package_identification:_identify(src/ros_tutorials/rospy_tutorials) by extension 'ignore'
[2.222s] Level 1:colcon.colcon_core.package_identification:_identify(src/ros_tutorials/rospy_tutorials) ignored
[2.224s] Level 1:colcon.colcon_core.package_identification:_identify(src/ros_tutorials/turtlesim) by extensions ['ignore', 'ignore_ament_install']
[2.225s] Level 1:colcon.colcon_core.package_identification:_identify(src/ros_tutorials/turtlesim) by extension 'ignore'
[2.226s] Level 1:colcon.colcon_core.package_identification:_identify(src/ros_tutorials/turtlesim) by extension 'ignore_ament_install'
[2.228s] Level 1:colcon.colcon_core.package_identification:_identify(src/ros_tutorials/turtlesim) by extensions ['colcon_pkg']
[2.229s] Level 1:colcon.colcon_core.package_identification:_identify(src/ros_tutorials/turtlesim) by extension 'colcon_pkg'
[2.230s] Level 1:colcon.colcon_core.package_identification:_identify(src/ros_tutorials/turtlesim) by extensions ['colcon_meta']
[2.230s] Level 1:colcon.colcon_core.package_identification:_identify(src/ros_tutorials/turtlesim) by extension 'colcon_meta'
[2.231s] Level 1:colcon.colcon_core.package_identification:_identify(src/ros_tutorials/turtlesim) by extensions ['ros']
[2.231s] Level 1:colcon.colcon_core.package_identification:_identify(src/ros_tutorials/turtlesim) by extension 'ros'
[2.247s] DEBUG:colcon.colcon_core.package_identification:Package 'src/ros_tutorials/turtlesim' with type 'ros.ament_cmake' and name 'turtlesim'
[2.249s] Level 1:colcon.colcon_core.package_discovery:discover_packages(recursive) using defaults
[2.250s] Level 1:colcon.colcon_core.package_discovery:discover_packages(ignore) discover
[2.250s] Level 1:colcon.colcon_core.package_discovery:discover_packages(ignore) using defaults
[2.250s] Level 1:colcon.colcon_core.package_discovery:discover_packages(path) discover
[2.250s] Level 1:colcon.colcon_core.package_discovery:discover_packages(path) using defaults
[2.419s] Level 5:colcon.colcon_core.verb:set package 'JNode_KeyboardInput' build argument 'cmake_args' from command line to 'None'
[2.419s] Level 5:colcon.colcon_core.verb:set package 'JNode_KeyboardInput' build argument 'cmake_target' from command line to 'None'
[2.420s] Level 5:colcon.colcon_core.verb:set package 'JNode_KeyboardInput' build argument 'cmake_target_skip_unavailable' from command line to 'False'
[2.420s] Level 5:colcon.colcon_core.verb:set package 'JNode_KeyboardInput' build argument 'cmake_clean_cache' from command line to 'False'
[2.420s] Level 5:colcon.colcon_core.verb:set package 'JNode_KeyboardInput' build argument 'cmake_clean_first' from command line to 'False'
[2.420s] Level 5:colcon.colcon_core.verb:set package 'JNode_KeyboardInput' build argument 'cmake_force_configure' from command line to 'False'
[2.420s] Level 5:colcon.colcon_core.verb:set package 'JNode_KeyboardInput' build argument 'ament_cmake_args' from command line to 'None'
[2.421s] Level 5:colcon.colcon_core.verb:set package 'JNode_KeyboardInput' build argument 'catkin_cmake_args' from command line to 'None'
[2.421s] Level 5:colcon.colcon_core.verb:set package 'JNode_KeyboardInput' build argument 'catkin_skip_building_tests' from command line to 'False'
[2.421s] DEBUG:colcon.colcon_core.verb:Building package 'JNode_KeyboardInput' with the following arguments: {'ament_cmake_args': None, 'build_base': '/home/spacecal/SpaceCal/build/JNode_KeyboardInput', 'catkin_cmake_args': None, 'catkin_skip_building_tests': False, 'cmake_args': None, 'cmake_clean_cache': False, 'cmake_clean_first': False, 'cmake_force_configure': False, 'cmake_target': None, 'cmake_target_skip_unavailable': False, 'install_base': '/home/spacecal/SpaceCal/install/JNode_KeyboardInput', 'merge_install': False, 'path': '/home/spacecal/SpaceCal/src/JNode_KeyboardInput', 'symlink_install': False, 'test_result_base': None}
[2.435s] Level 5:colcon.colcon_core.verb:set package 'JNode_MotorController' build argument 'cmake_args' from command line to 'None'
[2.435s] Level 5:colcon.colcon_core.verb:set package 'JNode_MotorController' build argument 'cmake_target' from command line to 'None'
[2.435s] Level 5:colcon.colcon_core.verb:set package 'JNode_MotorController' build argument 'cmake_target_skip_unavailable' from command line to 'False'
[2.435s] Level 5:colcon.colcon_core.verb:set package 'JNode_MotorController' build argument 'cmake_clean_cache' from command line to 'False'
[2.436s] Level 5:colcon.colcon_core.verb:set package 'JNode_MotorController' build argument 'cmake_clean_first' from command line to 'False'
[2.436s] Level 5:colcon.colcon_core.verb:set package 'JNode_MotorController' build argument 'cmake_force_configure' from command line to 'False'
[2.436s] Level 5:colcon.colcon_core.verb:set package 'JNode_MotorController' build argument 'ament_cmake_args' from command line to 'None'
[2.436s] Level 5:colcon.colcon_core.verb:set package 'JNode_MotorController' build argument 'catkin_cmake_args' from command line to 'None'
[2.436s] Level 5:colcon.colcon_core.verb:set package 'JNode_MotorController' build argument 'catkin_skip_building_tests' from command line to 'False'
[2.436s] DEBUG:colcon.colcon_core.verb:Building package 'JNode_MotorController' with the following arguments: {'ament_cmake_args': None, 'build_base': '/home/spacecal/SpaceCal/build/JNode_MotorController', 'catkin_cmake_args': None, 'catkin_skip_building_tests': False, 'cmake_args': None, 'cmake_clean_cache': False, 'cmake_clean_first': False, 'cmake_force_configure': False, 'cmake_target': None, 'cmake_target_skip_unavailable': False, 'install_base': '/home/spacecal/SpaceCal/install/JNode_MotorController', 'merge_install': False, 'path': '/home/spacecal/SpaceCal/src/JNode_MotorController', 'symlink_install': False, 'test_result_base': None}
[2.449s] Level 5:colcon.colcon_core.verb:set package 'turtlesim' build argument 'cmake_args' from command line to 'None'
[2.449s] Level 5:colcon.colcon_core.verb:set package 'turtlesim' build argument 'cmake_target' from command line to 'None'
[2.450s] Level 5:colcon.colcon_core.verb:set package 'turtlesim' build argument 'cmake_target_skip_unavailable' from command line to 'False'
[2.450s] Level 5:colcon.colcon_core.verb:set package 'turtlesim' build argument 'cmake_clean_cache' from command line to 'False'
[2.450s] Level 5:colcon.colcon_core.verb:set package 'turtlesim' build argument 'cmake_clean_first' from command line to 'False'
[2.450s] Level 5:colcon.colcon_core.verb:set package 'turtlesim' build argument 'cmake_force_configure' from command line to 'False'
[2.450s] Level 5:colcon.colcon_core.verb:set package 'turtlesim' build argument 'ament_cmake_args' from command line to 'None'
[2.450s] Level 5:colcon.colcon_core.verb:set package 'turtlesim' build argument 'catkin_cmake_args' from command line to 'None'
[2.450s] Level 5:colcon.colcon_core.verb:set package 'turtlesim' build argument 'catkin_skip_building_tests' from command line to 'False'
[2.451s] DEBUG:colcon.colcon_core.verb:Building package 'turtlesim' with the following arguments: {'ament_cmake_args': None, 'build_base': '/home/spacecal/SpaceCal/build/turtlesim', 'catkin_cmake_args': None, 'catkin_skip_building_tests': False, 'cmake_args': None, 'cmake_clean_cache': False, 'cmake_clean_first': False, 'cmake_force_configure': False, 'cmake_target': None, 'cmake_target_skip_unavailable': False, 'install_base': '/home/spacecal/SpaceCal/install/turtlesim', 'merge_install': False, 'path': '/home/spacecal/SpaceCal/src/ros_tutorials/turtlesim', 'symlink_install': False, 'test_result_base': None}
[2.452s] INFO:colcon.colcon_core.executor:Executing jobs using 'parallel' executor
[2.463s] DEBUG:colcon.colcon_parallel_executor.executor.parallel:run_until_complete
[2.466s] INFO:colcon.colcon_ros.task.ament_python.build:Building ROS package in '/home/spacecal/SpaceCal/src/JNode_KeyboardInput' with build type 'ament_python'
[2.467s] Level 1:colcon.colcon_core.shell:create_environment_hook('JNode_KeyboardInput', 'ament_prefix_path')
[2.527s] INFO:colcon.colcon_core.plugin_system:Skipping extension 'colcon_core.shell.bat': Not used on non-Windows systems
[2.532s] INFO:colcon.colcon_core.shell:Creating environment hook '/home/spacecal/SpaceCal/install/JNode_KeyboardInput/share/JNode_KeyboardInput/hook/ament_prefix_path.ps1'
[2.545s] INFO:colcon.colcon_core.shell:Creating environment descriptor '/home/spacecal/SpaceCal/install/JNode_KeyboardInput/share/JNode_KeyboardInput/hook/ament_prefix_path.dsv'
[2.553s] INFO:colcon.colcon_core.shell:Creating environment hook '/home/spacecal/SpaceCal/install/JNode_KeyboardInput/share/JNode_KeyboardInput/hook/ament_prefix_path.sh'
[2.570s] INFO:colcon.colcon_core.shell:Skip shell extension 'powershell' for command environment: Not usable outside of PowerShell
[2.571s] DEBUG:colcon.colcon_core.shell:Skip shell extension 'dsv' for command environment
[2.627s] DEBUG:colcon.colcon_core.shell:Ignoring prefix path '/opt/ros/foxy'
[2.656s] INFO:colcon.colcon_ros.task.ament_python.build:Building ROS package in '/home/spacecal/SpaceCal/src/JNode_MotorController' with build type 'ament_python'
[2.659s] Level 1:colcon.colcon_core.shell:create_environment_hook('JNode_MotorController', 'ament_prefix_path')
[2.666s] INFO:colcon.colcon_core.shell:Creating environment hook '/home/spacecal/SpaceCal/install/JNode_MotorController/share/JNode_MotorController/hook/ament_prefix_path.ps1'
[2.673s] INFO:colcon.colcon_core.shell:Creating environment descriptor '/home/spacecal/SpaceCal/install/JNode_MotorController/share/JNode_MotorController/hook/ament_prefix_path.dsv'
[2.676s] INFO:colcon.colcon_core.shell:Creating environment hook '/home/spacecal/SpaceCal/install/JNode_MotorController/share/JNode_MotorController/hook/ament_prefix_path.sh'
[2.687s] INFO:colcon.colcon_core.shell:Skip shell extension 'powershell' for command environment: Not usable outside of PowerShell
[2.688s] DEBUG:colcon.colcon_core.shell:Skip shell extension 'dsv' for command environment
[2.728s] DEBUG:colcon.colcon_core.shell:Ignoring prefix path '/opt/ros/foxy'
[2.763s] INFO:colcon.colcon_ros.task.ament_cmake.build:Building ROS package in '/home/spacecal/SpaceCal/src/ros_tutorials/turtlesim' with build type 'ament_cmake'
[2.768s] INFO:colcon.colcon_cmake.task.cmake.build:Building CMake package in '/home/spacecal/SpaceCal/src/ros_tutorials/turtlesim'
[2.784s] INFO:colcon.colcon_core.shell:Skip shell extension 'powershell' for command environment: Not usable outside of PowerShell
[2.790s] DEBUG:colcon.colcon_core.shell:Skip shell extension 'dsv' for command environment
[2.835s] DEBUG:colcon.colcon_core.shell:Ignoring prefix path '/opt/ros/foxy'
[4.617s] INFO:colcon.colcon_core.task.python.build:Building Python package in '/home/spacecal/SpaceCal/src/JNode_KeyboardInput'
[4.624s] INFO:colcon.colcon_core.shell:Skip shell extension 'powershell' for command environment: Not usable outside of PowerShell
[4.625s] DEBUG:colcon.colcon_core.shell:Skip shell extension 'dsv' for command environment
[4.650s] DEBUG:colcon.colcon_core.shell:Ignoring prefix path '/opt/ros/foxy'
[6.356s] INFO:colcon.colcon_core.task.python.build:Building Python package in '/home/spacecal/SpaceCal/src/JNode_MotorController'
[6.363s] INFO:colcon.colcon_core.shell:Skip shell extension 'powershell' for command environment: Not usable outside of PowerShell
[6.363s] DEBUG:colcon.colcon_core.shell:Skip shell extension 'dsv' for command environment
[6.389s] DEBUG:colcon.colcon_core.shell:Ignoring prefix path '/opt/ros/foxy'
[6.435s] DEBUG:colcon.colcon_core.event_handler.log_command:Invoking command in '/home/spacecal/SpaceCal/build/turtlesim': CMAKE_PREFIX_PATH=${CMAKE_PREFIX_PATH}:/home/spacecal/SpaceCal/install/JNode_MotorController:/home/spacecal/SpaceCal/install/JNode_KeyboardInput:/opt/ros/foxy /usr/bin/cmake --build /home/spacecal/SpaceCal/build/turtlesim -- -j4 -l4
[6.530s] DEBUG:colcon.colcon_core.event_handler.log_command:Invoking command in '/home/spacecal/SpaceCal/src/JNode_KeyboardInput': PYTHONPATH=/home/spacecal/SpaceCal/install/JNode_KeyboardInput/lib/python3.8/site-packages:${PYTHONPATH} /usr/bin/python3 setup.py egg_info --egg-base ../../build/JNode_KeyboardInput build --build-base /home/spacecal/SpaceCal/build/JNode_KeyboardInput/build install --prefix /home/spacecal/SpaceCal/install/JNode_KeyboardInput --record /home/spacecal/SpaceCal/build/JNode_KeyboardInput/install.log --single-version-externally-managed
[6.585s] DEBUG:colcon.colcon_core.event_handler.log_command:Invoking command in '/home/spacecal/SpaceCal/src/JNode_MotorController': PYTHONPATH=/home/spacecal/SpaceCal/install/JNode_MotorController/lib/python3.8/site-packages:${PYTHONPATH} /usr/bin/python3 setup.py egg_info --egg-base ../../build/JNode_MotorController build --build-base /home/spacecal/SpaceCal/build/JNode_MotorController/build install --prefix /home/spacecal/SpaceCal/install/JNode_MotorController --record /home/spacecal/SpaceCal/build/JNode_MotorController/install.log --single-version-externally-managed
[9.739s] DEBUG:colcon.colcon_core.event_handler.log_command:Invoked command in '/home/spacecal/SpaceCal/build/turtlesim' returned '0': CMAKE_PREFIX_PATH=${CMAKE_PREFIX_PATH}:/home/spacecal/SpaceCal/install/JNode_MotorController:/home/spacecal/SpaceCal/install/JNode_KeyboardInput:/opt/ros/foxy /usr/bin/cmake --build /home/spacecal/SpaceCal/build/turtlesim -- -j4 -l4
[10.510s] DEBUG:colcon.colcon_core.event_handler.log_command:Invoked command in '/home/spacecal/SpaceCal/src/JNode_KeyboardInput' returned '0': PYTHONPATH=/home/spacecal/SpaceCal/install/JNode_KeyboardInput/lib/python3.8/site-packages:${PYTHONPATH} /usr/bin/python3 setup.py egg_info --egg-base ../../build/JNode_KeyboardInput build --build-base /home/spacecal/SpaceCal/build/JNode_KeyboardInput/build install --prefix /home/spacecal/SpaceCal/install/JNode_KeyboardInput --record /home/spacecal/SpaceCal/build/JNode_KeyboardInput/install.log --single-version-externally-managed
[10.579s] Level 1:colcon.colcon_core.environment:checking '/home/spacecal/SpaceCal/install/JNode_KeyboardInput' for CMake module files
[10.585s] Level 1:colcon.colcon_core.environment:checking '/home/spacecal/SpaceCal/install/JNode_KeyboardInput' for CMake config files
[10.593s] Level 1:colcon.colcon_core.environment:checking '/home/spacecal/SpaceCal/install/JNode_KeyboardInput/lib'
[10.596s] Level 1:colcon.colcon_core.environment:checking '/home/spacecal/SpaceCal/install/JNode_KeyboardInput/bin'
[10.597s] Level 1:colcon.colcon_core.environment:checking '/home/spacecal/SpaceCal/install/JNode_KeyboardInput/lib/pkgconfig/JNode_KeyboardInput.pc'
[10.598s] Level 1:colcon.colcon_core.environment:checking '/home/spacecal/SpaceCal/install/JNode_KeyboardInput/lib/python3.8/site-packages'
[10.600s] Level 1:colcon.colcon_core.shell:create_environment_hook('JNode_KeyboardInput', 'pythonpath')
[10.610s] INFO:colcon.colcon_core.shell:Creating environment hook '/home/spacecal/SpaceCal/install/JNode_KeyboardInput/share/JNode_KeyboardInput/hook/pythonpath.ps1'
[10.624s] INFO:colcon.colcon_core.shell:Creating environment descriptor '/home/spacecal/SpaceCal/install/JNode_KeyboardInput/share/JNode_KeyboardInput/hook/pythonpath.dsv'
[10.632s] INFO:colcon.colcon_core.shell:Creating environment hook '/home/spacecal/SpaceCal/install/JNode_KeyboardInput/share/JNode_KeyboardInput/hook/pythonpath.sh'
[10.637s] Level 1:colcon.colcon_core.environment:create_environment_scripts_only(JNode_KeyboardInput)
[10.644s] INFO:colcon.colcon_core.shell:Creating package script '/home/spacecal/SpaceCal/install/JNode_KeyboardInput/share/JNode_KeyboardInput/package.ps1'
[10.652s] INFO:colcon.colcon_core.shell:Creating package descriptor '/home/spacecal/SpaceCal/install/JNode_KeyboardInput/share/JNode_KeyboardInput/package.dsv'
[10.659s] INFO:colcon.colcon_core.shell:Creating package script '/home/spacecal/SpaceCal/install/JNode_KeyboardInput/share/JNode_KeyboardInput/package.sh'
[10.666s] INFO:colcon.colcon_core.shell:Creating package script '/home/spacecal/SpaceCal/install/JNode_KeyboardInput/share/JNode_KeyboardInput/package.bash'
[10.677s] INFO:colcon.colcon_core.shell:Creating package script '/home/spacecal/SpaceCal/install/JNode_KeyboardInput/share/JNode_KeyboardInput/package.zsh'
[10.685s] Level 1:colcon.colcon_core.environment:create_file_with_runtime_dependencies(/home/spacecal/SpaceCal/install/JNode_KeyboardInput/share/colcon-core/packages/JNode_KeyboardInput)
[10.709s] Level 1:colcon.colcon_core.environment:checking '/home/spacecal/SpaceCal/install/JNode_MotorController' for CMake module files
[10.715s] DEBUG:colcon.colcon_core.event_handler.log_command:Invoked command in '/home/spacecal/SpaceCal/src/JNode_MotorController' returned '0': PYTHONPATH=/home/spacecal/SpaceCal/install/JNode_MotorController/lib/python3.8/site-packages:${PYTHONPATH} /usr/bin/python3 setup.py egg_info --egg-base ../../build/JNode_MotorController build --build-base /home/spacecal/SpaceCal/build/JNode_MotorController/build install --prefix /home/spacecal/SpaceCal/install/JNode_MotorController --record /home/spacecal/SpaceCal/build/JNode_MotorController/install.log --single-version-externally-managed
[10.718s] Level 1:colcon.colcon_core.environment:checking '/home/spacecal/SpaceCal/install/JNode_MotorController' for CMake config files
[10.726s] Level 1:colcon.colcon_core.environment:checking '/home/spacecal/SpaceCal/install/JNode_MotorController/lib'
[10.728s] Level 1:colcon.colcon_core.environment:checking '/home/spacecal/SpaceCal/install/JNode_MotorController/bin'
[10.729s] Level 1:colcon.colcon_core.environment:checking '/home/spacecal/SpaceCal/install/JNode_MotorController/lib/pkgconfig/JNode_MotorController.pc'
[10.731s] Level 1:colcon.colcon_core.environment:checking '/home/spacecal/SpaceCal/install/JNode_MotorController/lib/python3.8/site-packages'
[10.732s] Level 1:colcon.colcon_core.shell:create_environment_hook('JNode_MotorController', 'pythonpath')
[10.742s] INFO:colcon.colcon_core.shell:Creating environment hook '/home/spacecal/SpaceCal/install/JNode_MotorController/share/JNode_MotorController/hook/pythonpath.ps1'
[10.752s] INFO:colcon.colcon_core.shell:Creating environment descriptor '/home/spacecal/SpaceCal/install/JNode_MotorController/share/JNode_MotorController/hook/pythonpath.dsv'
[10.761s] INFO:colcon.colcon_core.shell:Creating environment hook '/home/spacecal/SpaceCal/install/JNode_MotorController/share/JNode_MotorController/hook/pythonpath.sh'
[10.772s] Level 1:colcon.colcon_core.environment:create_environment_scripts_only(JNode_MotorController)
[10.780s] INFO:colcon.colcon_core.shell:Creating package script '/home/spacecal/SpaceCal/install/JNode_MotorController/share/JNode_MotorController/package.ps1'
[10.787s] INFO:colcon.colcon_core.shell:Creating package descriptor '/home/spacecal/SpaceCal/install/JNode_MotorController/share/JNode_MotorController/package.dsv'
[10.791s] INFO:colcon.colcon_core.shell:Creating package script '/home/spacecal/SpaceCal/install/JNode_MotorController/share/JNode_MotorController/package.sh'
[10.797s] INFO:colcon.colcon_core.shell:Creating package script '/home/spacecal/SpaceCal/install/JNode_MotorController/share/JNode_MotorController/package.bash'
[10.802s] INFO:colcon.colcon_core.shell:Creating package script '/home/spacecal/SpaceCal/install/JNode_MotorController/share/JNode_MotorController/package.zsh'
[10.809s] Level 1:colcon.colcon_core.environment:create_file_with_runtime_dependencies(/home/spacecal/SpaceCal/install/JNode_MotorController/share/colcon-core/packages/JNode_MotorController)
[11.261s] DEBUG:colcon.colcon_core.event_handler.log_command:Invoking command in '/home/spacecal/SpaceCal/build/turtlesim': CMAKE_PREFIX_PATH=${CMAKE_PREFIX_PATH}:/home/spacecal/SpaceCal/install/JNode_MotorController:/home/spacecal/SpaceCal/install/JNode_KeyboardInput:/opt/ros/foxy /usr/bin/cmake --install /home/spacecal/SpaceCal/build/turtlesim
[11.763s] Level 1:colcon.colcon_core.environment:create_environment_scripts_only(turtlesim)
[11.772s] Level 1:colcon.colcon_core.environment:checking '/home/spacecal/SpaceCal/install/turtlesim' for CMake module files
[11.776s] DEBUG:colcon.colcon_core.event_handler.log_command:Invoked command in '/home/spacecal/SpaceCal/build/turtlesim' returned '0': CMAKE_PREFIX_PATH=${CMAKE_PREFIX_PATH}:/home/spacecal/SpaceCal/install/JNode_MotorController:/home/spacecal/SpaceCal/install/JNode_KeyboardInput:/opt/ros/foxy /usr/bin/cmake --install /home/spacecal/SpaceCal/build/turtlesim
[11.779s] Level 1:colcon.colcon_core.environment:checking '/home/spacecal/SpaceCal/install/turtlesim' for CMake config files
[11.784s] Level 1:colcon.colcon_core.shell:create_environment_hook('turtlesim', 'cmake_prefix_path')
[11.789s] INFO:colcon.colcon_core.shell:Creating environment hook '/home/spacecal/SpaceCal/install/turtlesim/share/turtlesim/hook/cmake_prefix_path.ps1'
[11.794s] INFO:colcon.colcon_core.shell:Creating environment descriptor '/home/spacecal/SpaceCal/install/turtlesim/share/turtlesim/hook/cmake_prefix_path.dsv'
[11.797s] INFO:colcon.colcon_core.shell:Creating environment hook '/home/spacecal/SpaceCal/install/turtlesim/share/turtlesim/hook/cmake_prefix_path.sh'
[11.801s] Level 1:colcon.colcon_core.environment:checking '/home/spacecal/SpaceCal/install/turtlesim/lib'
[11.801s] Level 1:colcon.colcon_core.shell:create_environment_hook('turtlesim', 'ld_library_path_lib')
[11.806s] INFO:colcon.colcon_core.shell:Creating environment hook '/home/spacecal/SpaceCal/install/turtlesim/share/turtlesim/hook/ld_library_path_lib.ps1'
[11.811s] INFO:colcon.colcon_core.shell:Creating environment descriptor '/home/spacecal/SpaceCal/install/turtlesim/share/turtlesim/hook/ld_library_path_lib.dsv'
[11.813s] INFO:colcon.colcon_core.shell:Creating environment hook '/home/spacecal/SpaceCal/install/turtlesim/share/turtlesim/hook/ld_library_path_lib.sh'
[11.816s] Level 1:colcon.colcon_core.environment:checking '/home/spacecal/SpaceCal/install/turtlesim/bin'
[11.816s] Level 1:colcon.colcon_core.environment:checking '/home/spacecal/SpaceCal/install/turtlesim/lib/pkgconfig/turtlesim.pc'
[11.817s] Level 1:colcon.colcon_core.environment:checking '/home/spacecal/SpaceCal/install/turtlesim/lib/python3.8/site-packages'
[11.817s] Level 1:colcon.colcon_core.shell:create_environment_hook('turtlesim', 'pythonpath')
[11.822s] INFO:colcon.colcon_core.shell:Creating environment hook '/home/spacecal/SpaceCal/install/turtlesim/share/turtlesim/hook/pythonpath.ps1'
[11.825s] INFO:colcon.colcon_core.shell:Creating environment descriptor '/home/spacecal/SpaceCal/install/turtlesim/share/turtlesim/hook/pythonpath.dsv'
[11.829s] INFO:colcon.colcon_core.shell:Creating environment hook '/home/spacecal/SpaceCal/install/turtlesim/share/turtlesim/hook/pythonpath.sh'
[11.847s] INFO:colcon.colcon_core.shell:Creating package script '/home/spacecal/SpaceCal/install/turtlesim/share/turtlesim/package.ps1'
[11.853s] INFO:colcon.colcon_core.shell:Creating package descriptor '/home/spacecal/SpaceCal/install/turtlesim/share/turtlesim/package.dsv'
[11.857s] INFO:colcon.colcon_core.shell:Creating package script '/home/spacecal/SpaceCal/install/turtlesim/share/turtlesim/package.sh'
[11.860s] INFO:colcon.colcon_core.shell:Creating package script '/home/spacecal/SpaceCal/install/turtlesim/share/turtlesim/package.bash'
[11.862s] INFO:colcon.colcon_core.shell:Creating package script '/home/spacecal/SpaceCal/install/turtlesim/share/turtlesim/package.zsh'
[11.863s] Level 1:colcon.colcon_core.environment:create_file_with_runtime_dependencies(/home/spacecal/SpaceCal/install/turtlesim/share/colcon-core/packages/turtlesim)
[12.809s] Level 1:colcon.colcon_core.environment:create_environment_scripts_only(turtlesim)
[12.814s] Level 1:colcon.colcon_core.environment:checking '/home/spacecal/SpaceCal/install/turtlesim' for CMake module files
[12.821s] Level 1:colcon.colcon_core.environment:checking '/home/spacecal/SpaceCal/install/turtlesim' for CMake config files
[12.826s] Level 1:colcon.colcon_core.shell:create_environment_hook('turtlesim', 'cmake_prefix_path')
[12.832s] INFO:colcon.colcon_core.shell:Creating environment hook '/home/spacecal/SpaceCal/install/turtlesim/share/turtlesim/hook/cmake_prefix_path.ps1'
[12.837s] INFO:colcon.colcon_core.shell:Creating environment descriptor '/home/spacecal/SpaceCal/install/turtlesim/share/turtlesim/hook/cmake_prefix_path.dsv'
[12.840s] INFO:colcon.colcon_core.shell:Creating environment hook '/home/spacecal/SpaceCal/install/turtlesim/share/turtlesim/hook/cmake_prefix_path.sh'
[12.844s] Level 1:colcon.colcon_core.environment:checking '/home/spacecal/SpaceCal/install/turtlesim/lib'
[12.845s] Level 1:colcon.colcon_core.shell:create_environment_hook('turtlesim', 'ld_library_path_lib')
[12.850s] INFO:colcon.colcon_core.shell:Creating environment hook '/home/spacecal/SpaceCal/install/turtlesim/share/turtlesim/hook/ld_library_path_lib.ps1'
[12.856s] INFO:colcon.colcon_core.shell:Creating environment descriptor '/home/spacecal/SpaceCal/install/turtlesim/share/turtlesim/hook/ld_library_path_lib.dsv'
[12.862s] INFO:colcon.colcon_core.shell:Creating environment hook '/home/spacecal/SpaceCal/install/turtlesim/share/turtlesim/hook/ld_library_path_lib.sh'
[12.868s] Level 1:colcon.colcon_core.environment:checking '/home/spacecal/SpaceCal/install/turtlesim/bin'
[12.869s] Level 1:colcon.colcon_core.environment:checking '/home/spacecal/SpaceCal/install/turtlesim/lib/pkgconfig/turtlesim.pc'
[12.870s] Level 1:colcon.colcon_core.environment:checking '/home/spacecal/SpaceCal/install/turtlesim/lib/python3.8/site-packages'
[12.871s] Level 1:colcon.colcon_core.shell:create_environment_hook('turtlesim', 'pythonpath')
[12.876s] INFO:colcon.colcon_core.shell:Creating environment hook '/home/spacecal/SpaceCal/install/turtlesim/share/turtlesim/hook/pythonpath.ps1'
[12.879s] INFO:colcon.colcon_core.shell:Creating environment descriptor '/home/spacecal/SpaceCal/install/turtlesim/share/turtlesim/hook/pythonpath.dsv'
[12.882s] INFO:colcon.colcon_core.shell:Creating environment hook '/home/spacecal/SpaceCal/install/turtlesim/share/turtlesim/hook/pythonpath.sh'
[12.890s] INFO:colcon.colcon_core.shell:Creating package script '/home/spacecal/SpaceCal/install/turtlesim/share/turtlesim/package.ps1'
[12.894s] INFO:colcon.colcon_core.shell:Creating package descriptor '/home/spacecal/SpaceCal/install/turtlesim/share/turtlesim/package.dsv'
[12.897s] INFO:colcon.colcon_core.shell:Creating package script '/home/spacecal/SpaceCal/install/turtlesim/share/turtlesim/package.sh'
[12.900s] INFO:colcon.colcon_core.shell:Creating package script '/home/spacecal/SpaceCal/install/turtlesim/share/turtlesim/package.bash'
[12.902s] INFO:colcon.colcon_core.shell:Creating package script '/home/spacecal/SpaceCal/install/turtlesim/share/turtlesim/package.zsh'
[12.904s] Level 1:colcon.colcon_core.environment:create_file_with_runtime_dependencies(/home/spacecal/SpaceCal/install/turtlesim/share/colcon-core/packages/turtlesim)
[12.907s] DEBUG:colcon.colcon_parallel_executor.executor.parallel:closing loop
[12.911s] DEBUG:colcon.colcon_parallel_executor.executor.parallel:loop closed
[12.912s] DEBUG:colcon.colcon_parallel_executor.executor.parallel:run_until_complete finished with '0'
[12.913s] DEBUG:colcon.colcon_core.event_reactor:joining thread
[12.995s] INFO:colcon.colcon_core.plugin_system:Skipping extension 'colcon_notification.desktop_notification.terminal_notifier': Not used on non-Darwin systems
[12.999s] INFO:colcon.colcon_core.plugin_system:Skipping extension 'colcon_notification.desktop_notification.win32': Not used on non-Windows systems
[13.000s] INFO:colcon.colcon_notification.desktop_notification:Sending desktop notification using 'notify2'
[13.251s] DEBUG:colcon.colcon_core.event_reactor:joined thread
[13.258s] INFO:colcon.colcon_core.shell:Creating prefix script '/home/spacecal/SpaceCal/install/local_setup.ps1'
[13.271s] INFO:colcon.colcon_core.shell:Creating prefix util module '/home/spacecal/SpaceCal/install/_local_setup_util_ps1.py'
[13.285s] INFO:colcon.colcon_core.shell:Creating prefix chain script '/home/spacecal/SpaceCal/install/setup.ps1'
[13.313s] INFO:colcon.colcon_core.shell:Creating prefix script '/home/spacecal/SpaceCal/install/local_setup.sh'
[13.321s] INFO:colcon.colcon_core.shell:Creating prefix util module '/home/spacecal/SpaceCal/install/_local_setup_util_sh.py'
[13.326s] INFO:colcon.colcon_core.shell:Creating prefix chain script '/home/spacecal/SpaceCal/install/setup.sh'
[13.343s] INFO:colcon.colcon_core.shell:Creating prefix script '/home/spacecal/SpaceCal/install/local_setup.bash'
[13.348s] INFO:colcon.colcon_core.shell:Creating prefix chain script '/home/spacecal/SpaceCal/install/setup.bash'
[13.363s] INFO:colcon.colcon_core.shell:Creating prefix script '/home/spacecal/SpaceCal/install/local_setup.zsh'
[13.368s] INFO:colcon.colcon_core.shell:Creating prefix chain script '/home/spacecal/SpaceCal/install/setup.zsh'
