-- The C compiler identification is GNU 9.3.0
-- The CXX compiler identification is GNU 9.3.0
-- Check for working C compiler: /usr/bin/cc
-- Check for working C compiler: /usr/bin/cc -- works
-- Detecting C compiler ABI info
-- Detecting C compiler ABI info - done
-- Detecting C compile features
-- Detecting C compile features - done
-- Check for working CXX compiler: /usr/bin/c++
-- Check for working CXX compiler: /usr/bin/c++ -- works
-- Detecting CXX compiler ABI info
-- Detecting CXX compiler ABI info - done
-- Detecting CXX compile features
-- Detecting CXX compile features - done
-- Found ament_cmake: 0.9.9 (/home/spacecal/ros2_foxy/ros2-linux/share/ament_cmake/cmake)
-- Found PythonInterp: /usr/bin/python3 (found suitable version "3.8.10", minimum required is "3") 
-- Using PYTHON_EXECUTABLE: /usr/bin/python3
-- Found ament_index_cpp: 1.1.0 (/home/spacecal/ros2_foxy/ros2-linux/share/ament_index_cpp/cmake)
-- Found geometry_msgs: 2.0.4 (/home/spacecal/ros2_foxy/ros2-linux/share/geometry_msgs/cmake)
-- Using all available rosidl_typesupport_c: rosidl_typesupport_fastrtps_c;rosidl_typesupport_introspection_c
-- Found rosidl_adapter: 1.2.1 (/home/spacecal/ros2_foxy/ros2-linux/share/rosidl_adapter/cmake)
-- Configuring incomplete, errors occurred!
See also "/home/spacecal/SpaceCal/build/turtlesim/CMakeFiles/CMakeOutput.log".
