[1.844s] DEBUG:colcon:Command line arguments: ['/usr/bin/colcon', 'build']
[1.844s] DEBUG:colcon:Parsed command line arguments: Namespace(ament_cmake_args=None, base_paths=['.'], build_base='build', catkin_cmake_args=None, catkin_skip_building_tests=False, cmake_args=None, cmake_clean_cache=False, cmake_clean_first=False, cmake_force_configure=False, cmake_target=None, cmake_target_skip_unavailable=False, continue_on_error=False, event_handlers=None, executor='parallel', ignore_user_meta=False, install_base='install', log_base=None, log_level=None, main=<bound method BuildVerb.main of <colcon_core.verb.build.BuildVerb object at 0x7fa8d8d340>>, merge_install=False, metas=['./colcon.meta'], packages_above=None, packages_above_and_dependencies=None, packages_above_depth=None, packages_end=None, packages_ignore=None, packages_ignore_regex=None, packages_select=None, packages_select_build_failed=False, packages_select_by_dep=None, packages_select_regex=None, packages_select_test_failures=False, packages_skip=None, packages_skip_build_finished=False, packages_skip_by_dep=None, packages_skip_regex=None, packages_skip_test_passed=False, packages_skip_up_to=None, packages_start=None, packages_up_to=None, packages_up_to_regex=None, parallel_workers=4, paths=None, symlink_install=False, test_result_base=None, verb_extension=<colcon_core.verb.build.BuildVerb object at 0x7fa8d8d340>, verb_name='build', verb_parser=<colcon_defaults.argument_parser.defaults.DefaultArgumentsDecorator object at 0x7fa8d8d880>)
[1.877s] Level 1:colcon.colcon_core.package_discovery:discover_packages(colcon_meta) check parameters
[1.878s] Level 1:colcon.colcon_core.package_discovery:discover_packages(recursive) check parameters
[1.879s] Level 1:colcon.colcon_core.package_discovery:discover_packages(ignore) check parameters
[1.879s] Level 1:colcon.colcon_core.package_discovery:discover_packages(path) check parameters
[1.880s] Level 1:colcon.colcon_core.package_discovery:discover_packages(colcon_meta) discover
[1.880s] Level 1:colcon.colcon_core.package_discovery:discover_packages(recursive) discover
[1.881s] INFO:colcon.colcon_core.package_discovery:Crawling recursively for packages in '/home/spacecal/SpaceCal'
[1.882s] Level 1:colcon.colcon_core.package_identification:_identify(.) by extensions ['ignore', 'ignore_ament_install']
[1.883s] Level 1:colcon.colcon_core.package_identification:_identify(.) by extension 'ignore'
[1.884s] Level 1:colcon.colcon_core.package_identification:_identify(.) by extension 'ignore_ament_install'
[1.884s] Level 1:colcon.colcon_core.package_identification:_identify(.) by extensions ['colcon_pkg']
[1.884s] Level 1:colcon.colcon_core.package_identification:_identify(.) by extension 'colcon_pkg'
[1.884s] Level 1:colcon.colcon_core.package_identification:_identify(.) by extensions ['colcon_meta']
[1.884s] Level 1:colcon.colcon_core.package_identification:_identify(.) by extension 'colcon_meta'
[1.885s] Level 1:colcon.colcon_core.package_identification:_identify(.) by extensions ['ros']
[1.885s] Level 1:colcon.colcon_core.package_identification:_identify(.) by extension 'ros'
[1.970s] Level 1:colcon.colcon_core.package_identification:_identify(.) by extensions ['cmake', 'python']
[1.971s] Level 1:colcon.colcon_core.package_identification:_identify(.) by extension 'cmake'
[1.971s] Level 1:colcon.colcon_core.package_identification:_identify(.) by extension 'python'
[1.972s] Level 1:colcon.colcon_core.package_identification:_identify(.) by extensions ['python_setup_py']
[1.972s] Level 1:colcon.colcon_core.package_identification:_identify(.) by extension 'python_setup_py'
[1.973s] Level 1:colcon.colcon_core.package_identification:_identify(build) by extensions ['ignore', 'ignore_ament_install']
[1.974s] Level 1:colcon.colcon_core.package_identification:_identify(build) by extension 'ignore'
[1.974s] Level 1:colcon.colcon_core.package_identification:_identify(build) ignored
[1.975s] Level 1:colcon.colcon_core.package_identification:_identify(install) by extensions ['ignore', 'ignore_ament_install']
[1.976s] Level 1:colcon.colcon_core.package_identification:_identify(install) by extension 'ignore'
[1.976s] Level 1:colcon.colcon_core.package_identification:_identify(install) ignored
[1.976s] Level 1:colcon.colcon_core.package_identification:_identify(launch) by extensions ['ignore', 'ignore_ament_install']
[1.977s] Level 1:colcon.colcon_core.package_identification:_identify(launch) by extension 'ignore'
[1.977s] Level 1:colcon.colcon_core.package_identification:_identify(launch) by extension 'ignore_ament_install'
[1.977s] Level 1:colcon.colcon_core.package_identification:_identify(launch) by extensions ['colcon_pkg']
[1.978s] Level 1:colcon.colcon_core.package_identification:_identify(launch) by extension 'colcon_pkg'
[1.978s] Level 1:colcon.colcon_core.package_identification:_identify(launch) by extensions ['colcon_meta']
[1.978s] Level 1:colcon.colcon_core.package_identification:_identify(launch) by extension 'colcon_meta'
[1.978s] Level 1:colcon.colcon_core.package_identification:_identify(launch) by extensions ['ros']
[1.979s] Level 1:colcon.colcon_core.package_identification:_identify(launch) by extension 'ros'
[1.979s] Level 1:colcon.colcon_core.package_identification:_identify(launch) by extensions ['cmake', 'python']
[1.979s] Level 1:colcon.colcon_core.package_identification:_identify(launch) by extension 'cmake'
[1.980s] Level 1:colcon.colcon_core.package_identification:_identify(launch) by extension 'python'
[1.980s] Level 1:colcon.colcon_core.package_identification:_identify(launch) by extensions ['python_setup_py']
[1.980s] Level 1:colcon.colcon_core.package_identification:_identify(launch) by extension 'python_setup_py'
[1.980s] Level 1:colcon.colcon_core.package_identification:_identify(launch/__pycache__) by extensions ['ignore', 'ignore_ament_install']
[1.981s] Level 1:colcon.colcon_core.package_identification:_identify(launch/__pycache__) by extension 'ignore'
[1.981s] Level 1:colcon.colcon_core.package_identification:_identify(launch/__pycache__) by extension 'ignore_ament_install'
[1.982s] Level 1:colcon.colcon_core.package_identification:_identify(launch/__pycache__) by extensions ['colcon_pkg']
[1.982s] Level 1:colcon.colcon_core.package_identification:_identify(launch/__pycache__) by extension 'colcon_pkg'
[1.982s] Level 1:colcon.colcon_core.package_identification:_identify(launch/__pycache__) by extensions ['colcon_meta']
[1.982s] Level 1:colcon.colcon_core.package_identification:_identify(launch/__pycache__) by extension 'colcon_meta'
[1.982s] Level 1:colcon.colcon_core.package_identification:_identify(launch/__pycache__) by extensions ['ros']
[1.982s] Level 1:colcon.colcon_core.package_identification:_identify(launch/__pycache__) by extension 'ros'
[1.983s] Level 1:colcon.colcon_core.package_identification:_identify(launch/__pycache__) by extensions ['cmake', 'python']
[1.983s] Level 1:colcon.colcon_core.package_identification:_identify(launch/__pycache__) by extension 'cmake'
[1.983s] Level 1:colcon.colcon_core.package_identification:_identify(launch/__pycache__) by extension 'python'
[1.984s] Level 1:colcon.colcon_core.package_identification:_identify(launch/__pycache__) by extensions ['python_setup_py']
[1.984s] Level 1:colcon.colcon_core.package_identification:_identify(launch/__pycache__) by extension 'python_setup_py'
[1.985s] Level 1:colcon.colcon_core.package_identification:_identify(log) by extensions ['ignore', 'ignore_ament_install']
[1.985s] Level 1:colcon.colcon_core.package_identification:_identify(log) by extension 'ignore'
[1.985s] Level 1:colcon.colcon_core.package_identification:_identify(log) ignored
[1.986s] Level 1:colcon.colcon_core.package_identification:_identify(src) by extensions ['ignore', 'ignore_ament_install']
[1.986s] Level 1:colcon.colcon_core.package_identification:_identify(src) by extension 'ignore'
[1.986s] Level 1:colcon.colcon_core.package_identification:_identify(src) by extension 'ignore_ament_install'
[1.987s] Level 1:colcon.colcon_core.package_identification:_identify(src) by extensions ['colcon_pkg']
[1.987s] Level 1:colcon.colcon_core.package_identification:_identify(src) by extension 'colcon_pkg'
[1.987s] Level 1:colcon.colcon_core.package_identification:_identify(src) by extensions ['colcon_meta']
[1.987s] Level 1:colcon.colcon_core.package_identification:_identify(src) by extension 'colcon_meta'
[1.987s] Level 1:colcon.colcon_core.package_identification:_identify(src) by extensions ['ros']
[1.988s] Level 1:colcon.colcon_core.package_identification:_identify(src) by extension 'ros'
[1.988s] Level 1:colcon.colcon_core.package_identification:_identify(src) by extensions ['cmake', 'python']
[1.988s] Level 1:colcon.colcon_core.package_identification:_identify(src) by extension 'cmake'
[1.988s] Level 1:colcon.colcon_core.package_identification:_identify(src) by extension 'python'
[1.988s] Level 1:colcon.colcon_core.package_identification:_identify(src) by extensions ['python_setup_py']
[1.989s] Level 1:colcon.colcon_core.package_identification:_identify(src) by extension 'python_setup_py'
[1.989s] Level 1:colcon.colcon_core.package_identification:_identify(src/JNode_KeyboardInput) by extensions ['ignore', 'ignore_ament_install']
[1.989s] Level 1:colcon.colcon_core.package_identification:_identify(src/JNode_KeyboardInput) by extension 'ignore'
[1.990s] Level 1:colcon.colcon_core.package_identification:_identify(src/JNode_KeyboardInput) by extension 'ignore_ament_install'
[1.990s] Level 1:colcon.colcon_core.package_identification:_identify(src/JNode_KeyboardInput) by extensions ['colcon_pkg']
[1.990s] Level 1:colcon.colcon_core.package_identification:_identify(src/JNode_KeyboardInput) by extension 'colcon_pkg'
[1.990s] Level 1:colcon.colcon_core.package_identification:_identify(src/JNode_KeyboardInput) by extensions ['colcon_meta']
[1.990s] Level 1:colcon.colcon_core.package_identification:_identify(src/JNode_KeyboardInput) by extension 'colcon_meta'
[1.991s] Level 1:colcon.colcon_core.package_identification:_identify(src/JNode_KeyboardInput) by extensions ['ros']
[1.991s] Level 1:colcon.colcon_core.package_identification:_identify(src/JNode_KeyboardInput) by extension 'ros'
[2.006s] DEBUG:colcon.colcon_core.package_identification:Package 'src/JNode_KeyboardInput' with type 'ros.ament_python' and name 'JNode_KeyboardInput'
[2.008s] Level 1:colcon.colcon_core.package_identification:_identify(src/JNode_MotorController) by extensions ['ignore', 'ignore_ament_install']
[2.008s] Level 1:colcon.colcon_core.package_identification:_identify(src/JNode_MotorController) by extension 'ignore'
[2.009s] Level 1:colcon.colcon_core.package_identification:_identify(src/JNode_MotorController) by extension 'ignore_ament_install'
[2.009s] Level 1:colcon.colcon_core.package_identification:_identify(src/JNode_MotorController) by extensions ['colcon_pkg']
[2.009s] Level 1:colcon.colcon_core.package_identification:_identify(src/JNode_MotorController) by extension 'colcon_pkg'
[2.009s] Level 1:colcon.colcon_core.package_identification:_identify(src/JNode_MotorController) by extensions ['colcon_meta']
[2.010s] Level 1:colcon.colcon_core.package_identification:_identify(src/JNode_MotorController) by extension 'colcon_meta'
[2.010s] Level 1:colcon.colcon_core.package_identification:_identify(src/JNode_MotorController) by extensions ['ros']
[2.010s] Level 1:colcon.colcon_core.package_identification:_identify(src/JNode_MotorController) by extension 'ros'
[2.014s] DEBUG:colcon.colcon_core.package_identification:Package 'src/JNode_MotorController' with type 'ros.ament_python' and name 'JNode_MotorController'
[2.016s] Level 1:colcon.colcon_core.package_identification:_identify(src/ros_tutorials) by extensions ['ignore', 'ignore_ament_install']
[2.017s] Level 1:colcon.colcon_core.package_identification:_identify(src/ros_tutorials) by extension 'ignore'
[2.018s] Level 1:colcon.colcon_core.package_identification:_identify(src/ros_tutorials) by extension 'ignore_ament_install'
[2.019s] Level 1:colcon.colcon_core.package_identification:_identify(src/ros_tutorials) by extensions ['colcon_pkg']
[2.019s] Level 1:colcon.colcon_core.package_identification:_identify(src/ros_tutorials) by extension 'colcon_pkg'
[2.020s] Level 1:colcon.colcon_core.package_identification:_identify(src/ros_tutorials) by extensions ['colcon_meta']
[2.020s] Level 1:colcon.colcon_core.package_identification:_identify(src/ros_tutorials) by extension 'colcon_meta'
[2.021s] Level 1:colcon.colcon_core.package_identification:_identify(src/ros_tutorials) by extensions ['ros']
[2.021s] Level 1:colcon.colcon_core.package_identification:_identify(src/ros_tutorials) by extension 'ros'
[2.022s] Level 1:colcon.colcon_core.package_identification:_identify(src/ros_tutorials) by extensions ['cmake', 'python']
[2.023s] Level 1:colcon.colcon_core.package_identification:_identify(src/ros_tutorials) by extension 'cmake'
[2.023s] Level 1:colcon.colcon_core.package_identification:_identify(src/ros_tutorials) by extension 'python'
[2.024s] Level 1:colcon.colcon_core.package_identification:_identify(src/ros_tutorials) by extensions ['python_setup_py']
[2.024s] Level 1:colcon.colcon_core.package_identification:_identify(src/ros_tutorials) by extension 'python_setup_py'
[2.025s] Level 1:colcon.colcon_core.package_identification:_identify(src/ros_tutorials/ros_tutorials) by extensions ['ignore', 'ignore_ament_install']
[2.026s] Level 1:colcon.colcon_core.package_identification:_identify(src/ros_tutorials/ros_tutorials) by extension 'ignore'
[2.026s] Level 1:colcon.colcon_core.package_identification:_identify(src/ros_tutorials/ros_tutorials) ignored
[2.028s] Level 1:colcon.colcon_core.package_identification:_identify(src/ros_tutorials/roscpp_tutorials) by extensions ['ignore', 'ignore_ament_install']
[2.029s] Level 1:colcon.colcon_core.package_identification:_identify(src/ros_tutorials/roscpp_tutorials) by extension 'ignore'
[2.030s] Level 1:colcon.colcon_core.package_identification:_identify(src/ros_tutorials/roscpp_tutorials) ignored
[2.031s] Level 1:colcon.colcon_core.package_identification:_identify(src/ros_tutorials/rospy_tutorials) by extensions ['ignore', 'ignore_ament_install']
[2.032s] Level 1:colcon.colcon_core.package_identification:_identify(src/ros_tutorials/rospy_tutorials) by extension 'ignore'
[2.032s] Level 1:colcon.colcon_core.package_identification:_identify(src/ros_tutorials/rospy_tutorials) ignored
[2.033s] Level 1:colcon.colcon_core.package_identification:_identify(src/ros_tutorials/turtlesim) by extensions ['ignore', 'ignore_ament_install']
[2.034s] Level 1:colcon.colcon_core.package_identification:_identify(src/ros_tutorials/turtlesim) by extension 'ignore'
[2.035s] Level 1:colcon.colcon_core.package_identification:_identify(src/ros_tutorials/turtlesim) by extension 'ignore_ament_install'
[2.035s] Level 1:colcon.colcon_core.package_identification:_identify(src/ros_tutorials/turtlesim) by extensions ['colcon_pkg']
[2.035s] Level 1:colcon.colcon_core.package_identification:_identify(src/ros_tutorials/turtlesim) by extension 'colcon_pkg'
[2.036s] Level 1:colcon.colcon_core.package_identification:_identify(src/ros_tutorials/turtlesim) by extensions ['colcon_meta']
[2.036s] Level 1:colcon.colcon_core.package_identification:_identify(src/ros_tutorials/turtlesim) by extension 'colcon_meta'
[2.037s] Level 1:colcon.colcon_core.package_identification:_identify(src/ros_tutorials/turtlesim) by extensions ['ros']
[2.038s] Level 1:colcon.colcon_core.package_identification:_identify(src/ros_tutorials/turtlesim) by extension 'ros'
[2.053s] DEBUG:colcon.colcon_core.package_identification:Package 'src/ros_tutorials/turtlesim' with type 'ros.ament_cmake' and name 'turtlesim'
[2.054s] Level 1:colcon.colcon_core.package_discovery:discover_packages(recursive) using defaults
[2.056s] Level 1:colcon.colcon_core.package_discovery:discover_packages(ignore) discover
[2.056s] Level 1:colcon.colcon_core.package_discovery:discover_packages(ignore) using defaults
[2.056s] Level 1:colcon.colcon_core.package_discovery:discover_packages(path) discover
[2.057s] Level 1:colcon.colcon_core.package_discovery:discover_packages(path) using defaults
[2.190s] Level 5:colcon.colcon_core.verb:set package 'JNode_KeyboardInput' build argument 'cmake_args' from command line to 'None'
[2.191s] Level 5:colcon.colcon_core.verb:set package 'JNode_KeyboardInput' build argument 'cmake_target' from command line to 'None'
[2.192s] Level 5:colcon.colcon_core.verb:set package 'JNode_KeyboardInput' build argument 'cmake_target_skip_unavailable' from command line to 'False'
[2.192s] Level 5:colcon.colcon_core.verb:set package 'JNode_KeyboardInput' build argument 'cmake_clean_cache' from command line to 'False'
[2.192s] Level 5:colcon.colcon_core.verb:set package 'JNode_KeyboardInput' build argument 'cmake_clean_first' from command line to 'False'
[2.192s] Level 5:colcon.colcon_core.verb:set package 'JNode_KeyboardInput' build argument 'cmake_force_configure' from command line to 'False'
[2.192s] Level 5:colcon.colcon_core.verb:set package 'JNode_KeyboardInput' build argument 'ament_cmake_args' from command line to 'None'
[2.192s] Level 5:colcon.colcon_core.verb:set package 'JNode_KeyboardInput' build argument 'catkin_cmake_args' from command line to 'None'
[2.193s] Level 5:colcon.colcon_core.verb:set package 'JNode_KeyboardInput' build argument 'catkin_skip_building_tests' from command line to 'False'
[2.193s] DEBUG:colcon.colcon_core.verb:Building package 'JNode_KeyboardInput' with the following arguments: {'ament_cmake_args': None, 'build_base': '/home/spacecal/SpaceCal/build/JNode_KeyboardInput', 'catkin_cmake_args': None, 'catkin_skip_building_tests': False, 'cmake_args': None, 'cmake_clean_cache': False, 'cmake_clean_first': False, 'cmake_force_configure': False, 'cmake_target': None, 'cmake_target_skip_unavailable': False, 'install_base': '/home/spacecal/SpaceCal/install/JNode_KeyboardInput', 'merge_install': False, 'path': '/home/spacecal/SpaceCal/src/JNode_KeyboardInput', 'symlink_install': False, 'test_result_base': None}
[2.208s] Level 5:colcon.colcon_core.verb:set package 'JNode_MotorController' build argument 'cmake_args' from command line to 'None'
[2.208s] Level 5:colcon.colcon_core.verb:set package 'JNode_MotorController' build argument 'cmake_target' from command line to 'None'
[2.208s] Level 5:colcon.colcon_core.verb:set package 'JNode_MotorController' build argument 'cmake_target_skip_unavailable' from command line to 'False'
[2.209s] Level 5:colcon.colcon_core.verb:set package 'JNode_MotorController' build argument 'cmake_clean_cache' from command line to 'False'
[2.209s] Level 5:colcon.colcon_core.verb:set package 'JNode_MotorController' build argument 'cmake_clean_first' from command line to 'False'
[2.209s] Level 5:colcon.colcon_core.verb:set package 'JNode_MotorController' build argument 'cmake_force_configure' from command line to 'False'
[2.209s] Level 5:colcon.colcon_core.verb:set package 'JNode_MotorController' build argument 'ament_cmake_args' from command line to 'None'
[2.209s] Level 5:colcon.colcon_core.verb:set package 'JNode_MotorController' build argument 'catkin_cmake_args' from command line to 'None'
[2.209s] Level 5:colcon.colcon_core.verb:set package 'JNode_MotorController' build argument 'catkin_skip_building_tests' from command line to 'False'
[2.210s] DEBUG:colcon.colcon_core.verb:Building package 'JNode_MotorController' with the following arguments: {'ament_cmake_args': None, 'build_base': '/home/spacecal/SpaceCal/build/JNode_MotorController', 'catkin_cmake_args': None, 'catkin_skip_building_tests': False, 'cmake_args': None, 'cmake_clean_cache': False, 'cmake_clean_first': False, 'cmake_force_configure': False, 'cmake_target': None, 'cmake_target_skip_unavailable': False, 'install_base': '/home/spacecal/SpaceCal/install/JNode_MotorController', 'merge_install': False, 'path': '/home/spacecal/SpaceCal/src/JNode_MotorController', 'symlink_install': False, 'test_result_base': None}
[2.223s] Level 5:colcon.colcon_core.verb:set package 'turtlesim' build argument 'cmake_args' from command line to 'None'
[2.224s] Level 5:colcon.colcon_core.verb:set package 'turtlesim' build argument 'cmake_target' from command line to 'None'
[2.224s] Level 5:colcon.colcon_core.verb:set package 'turtlesim' build argument 'cmake_target_skip_unavailable' from command line to 'False'
[2.224s] Level 5:colcon.colcon_core.verb:set package 'turtlesim' build argument 'cmake_clean_cache' from command line to 'False'
[2.224s] Level 5:colcon.colcon_core.verb:set package 'turtlesim' build argument 'cmake_clean_first' from command line to 'False'
[2.224s] Level 5:colcon.colcon_core.verb:set package 'turtlesim' build argument 'cmake_force_configure' from command line to 'False'
[2.225s] Level 5:colcon.colcon_core.verb:set package 'turtlesim' build argument 'ament_cmake_args' from command line to 'None'
[2.225s] Level 5:colcon.colcon_core.verb:set package 'turtlesim' build argument 'catkin_cmake_args' from command line to 'None'
[2.225s] Level 5:colcon.colcon_core.verb:set package 'turtlesim' build argument 'catkin_skip_building_tests' from command line to 'False'
[2.225s] DEBUG:colcon.colcon_core.verb:Building package 'turtlesim' with the following arguments: {'ament_cmake_args': None, 'build_base': '/home/spacecal/SpaceCal/build/turtlesim', 'catkin_cmake_args': None, 'catkin_skip_building_tests': False, 'cmake_args': None, 'cmake_clean_cache': False, 'cmake_clean_first': False, 'cmake_force_configure': False, 'cmake_target': None, 'cmake_target_skip_unavailable': False, 'install_base': '/home/spacecal/SpaceCal/install/turtlesim', 'merge_install': False, 'path': '/home/spacecal/SpaceCal/src/ros_tutorials/turtlesim', 'symlink_install': False, 'test_result_base': None}
[2.227s] INFO:colcon.colcon_core.executor:Executing jobs using 'parallel' executor
[2.239s] DEBUG:colcon.colcon_parallel_executor.executor.parallel:run_until_complete
[2.241s] INFO:colcon.colcon_ros.task.ament_python.build:Building ROS package in '/home/spacecal/SpaceCal/src/JNode_KeyboardInput' with build type 'ament_python'
[2.242s] Level 1:colcon.colcon_core.shell:create_environment_hook('JNode_KeyboardInput', 'ament_prefix_path')
[2.281s] INFO:colcon.colcon_core.plugin_system:Skipping extension 'colcon_core.shell.bat': Not used on non-Windows systems
[2.286s] INFO:colcon.colcon_core.shell:Creating environment hook '/home/spacecal/SpaceCal/install/JNode_KeyboardInput/share/JNode_KeyboardInput/hook/ament_prefix_path.ps1'
[2.298s] INFO:colcon.colcon_core.shell:Creating environment descriptor '/home/spacecal/SpaceCal/install/JNode_KeyboardInput/share/JNode_KeyboardInput/hook/ament_prefix_path.dsv'
[2.303s] INFO:colcon.colcon_core.shell:Creating environment hook '/home/spacecal/SpaceCal/install/JNode_KeyboardInput/share/JNode_KeyboardInput/hook/ament_prefix_path.sh'
[2.321s] INFO:colcon.colcon_core.shell:Skip shell extension 'powershell' for command environment: Not usable outside of PowerShell
[2.323s] DEBUG:colcon.colcon_core.shell:Skip shell extension 'dsv' for command environment
[2.361s] DEBUG:colcon.colcon_core.shell:Ignoring prefix path '/opt/ros/foxy'
[2.399s] INFO:colcon.colcon_ros.task.ament_python.build:Building ROS package in '/home/spacecal/SpaceCal/src/JNode_MotorController' with build type 'ament_python'
[2.402s] Level 1:colcon.colcon_core.shell:create_environment_hook('JNode_MotorController', 'ament_prefix_path')
[2.414s] INFO:colcon.colcon_core.shell:Creating environment hook '/home/spacecal/SpaceCal/install/JNode_MotorController/share/JNode_MotorController/hook/ament_prefix_path.ps1'
[2.428s] INFO:colcon.colcon_core.shell:Creating environment descriptor '/home/spacecal/SpaceCal/install/JNode_MotorController/share/JNode_MotorController/hook/ament_prefix_path.dsv'
[2.434s] INFO:colcon.colcon_core.shell:Creating environment hook '/home/spacecal/SpaceCal/install/JNode_MotorController/share/JNode_MotorController/hook/ament_prefix_path.sh'
[2.453s] INFO:colcon.colcon_core.shell:Skip shell extension 'powershell' for command environment: Not usable outside of PowerShell
[2.455s] DEBUG:colcon.colcon_core.shell:Skip shell extension 'dsv' for command environment
[2.501s] DEBUG:colcon.colcon_core.shell:Ignoring prefix path '/opt/ros/foxy'
[2.534s] INFO:colcon.colcon_ros.task.ament_cmake.build:Building ROS package in '/home/spacecal/SpaceCal/src/ros_tutorials/turtlesim' with build type 'ament_cmake'
[2.541s] INFO:colcon.colcon_cmake.task.cmake.build:Building CMake package in '/home/spacecal/SpaceCal/src/ros_tutorials/turtlesim'
[2.551s] INFO:colcon.colcon_core.shell:Skip shell extension 'powershell' for command environment: Not usable outside of PowerShell
[2.552s] DEBUG:colcon.colcon_core.shell:Skip shell extension 'dsv' for command environment
[2.602s] DEBUG:colcon.colcon_core.shell:Ignoring prefix path '/opt/ros/foxy'
[4.344s] INFO:colcon.colcon_core.task.python.build:Building Python package in '/home/spacecal/SpaceCal/src/JNode_KeyboardInput'
[4.356s] INFO:colcon.colcon_core.shell:Skip shell extension 'powershell' for command environment: Not usable outside of PowerShell
[4.357s] DEBUG:colcon.colcon_core.shell:Skip shell extension 'dsv' for command environment
[4.384s] DEBUG:colcon.colcon_core.shell:Ignoring prefix path '/opt/ros/foxy'
[6.072s] INFO:colcon.colcon_core.task.python.build:Building Python package in '/home/spacecal/SpaceCal/src/JNode_MotorController'
[6.083s] INFO:colcon.colcon_core.shell:Skip shell extension 'powershell' for command environment: Not usable outside of PowerShell
[6.085s] DEBUG:colcon.colcon_core.shell:Skip shell extension 'dsv' for command environment
[6.115s] DEBUG:colcon.colcon_core.shell:Ignoring prefix path '/opt/ros/foxy'
[6.169s] DEBUG:colcon.colcon_core.event_handler.log_command:Invoking command in '/home/spacecal/SpaceCal/build/turtlesim': CMAKE_PREFIX_PATH=${CMAKE_PREFIX_PATH}:/home/spacecal/SpaceCal/install/JNode_MotorController:/home/spacecal/SpaceCal/install/JNode_KeyboardInput:/opt/ros/foxy /usr/bin/cmake --build /home/spacecal/SpaceCal/build/turtlesim -- -j4 -l4
[6.249s] DEBUG:colcon.colcon_core.event_handler.log_command:Invoking command in '/home/spacecal/SpaceCal/src/JNode_KeyboardInput': PYTHONPATH=/home/spacecal/SpaceCal/install/JNode_KeyboardInput/lib/python3.8/site-packages:${PYTHONPATH} /usr/bin/python3 setup.py egg_info --egg-base ../../build/JNode_KeyboardInput build --build-base /home/spacecal/SpaceCal/build/JNode_KeyboardInput/build install --prefix /home/spacecal/SpaceCal/install/JNode_KeyboardInput --record /home/spacecal/SpaceCal/build/JNode_KeyboardInput/install.log --single-version-externally-managed
[6.286s] DEBUG:colcon.colcon_core.event_handler.log_command:Invoking command in '/home/spacecal/SpaceCal/src/JNode_MotorController': PYTHONPATH=/home/spacecal/SpaceCal/install/JNode_MotorController/lib/python3.8/site-packages:${PYTHONPATH} /usr/bin/python3 setup.py egg_info --egg-base ../../build/JNode_MotorController build --build-base /home/spacecal/SpaceCal/build/JNode_MotorController/build install --prefix /home/spacecal/SpaceCal/install/JNode_MotorController --record /home/spacecal/SpaceCal/build/JNode_MotorController/install.log --single-version-externally-managed
[9.378s] DEBUG:colcon.colcon_core.event_handler.log_command:Invoked command in '/home/spacecal/SpaceCal/build/turtlesim' returned '0': CMAKE_PREFIX_PATH=${CMAKE_PREFIX_PATH}:/home/spacecal/SpaceCal/install/JNode_MotorController:/home/spacecal/SpaceCal/install/JNode_KeyboardInput:/opt/ros/foxy /usr/bin/cmake --build /home/spacecal/SpaceCal/build/turtlesim -- -j4 -l4
[9.960s] DEBUG:colcon.colcon_core.event_handler.log_command:Invoked command in '/home/spacecal/SpaceCal/src/JNode_KeyboardInput' returned '0': PYTHONPATH=/home/spacecal/SpaceCal/install/JNode_KeyboardInput/lib/python3.8/site-packages:${PYTHONPATH} /usr/bin/python3 setup.py egg_info --egg-base ../../build/JNode_KeyboardInput build --build-base /home/spacecal/SpaceCal/build/JNode_KeyboardInput/build install --prefix /home/spacecal/SpaceCal/install/JNode_KeyboardInput --record /home/spacecal/SpaceCal/build/JNode_KeyboardInput/install.log --single-version-externally-managed
[10.005s] Level 1:colcon.colcon_core.environment:checking '/home/spacecal/SpaceCal/install/JNode_KeyboardInput' for CMake module files
[10.012s] Level 1:colcon.colcon_core.environment:checking '/home/spacecal/SpaceCal/install/JNode_KeyboardInput' for CMake config files
[10.021s] Level 1:colcon.colcon_core.environment:checking '/home/spacecal/SpaceCal/install/JNode_KeyboardInput/lib'
[10.024s] Level 1:colcon.colcon_core.environment:checking '/home/spacecal/SpaceCal/install/JNode_KeyboardInput/bin'
[10.025s] Level 1:colcon.colcon_core.environment:checking '/home/spacecal/SpaceCal/install/JNode_KeyboardInput/lib/pkgconfig/JNode_KeyboardInput.pc'
[10.026s] Level 1:colcon.colcon_core.environment:checking '/home/spacecal/SpaceCal/install/JNode_KeyboardInput/lib/python3.8/site-packages'
[10.027s] Level 1:colcon.colcon_core.shell:create_environment_hook('JNode_KeyboardInput', 'pythonpath')
[10.035s] INFO:colcon.colcon_core.shell:Creating environment hook '/home/spacecal/SpaceCal/install/JNode_KeyboardInput/share/JNode_KeyboardInput/hook/pythonpath.ps1'
[10.042s] INFO:colcon.colcon_core.shell:Creating environment descriptor '/home/spacecal/SpaceCal/install/JNode_KeyboardInput/share/JNode_KeyboardInput/hook/pythonpath.dsv'
[10.049s] INFO:colcon.colcon_core.shell:Creating environment hook '/home/spacecal/SpaceCal/install/JNode_KeyboardInput/share/JNode_KeyboardInput/hook/pythonpath.sh'
[10.058s] Level 1:colcon.colcon_core.environment:create_environment_scripts_only(JNode_KeyboardInput)
[10.072s] INFO:colcon.colcon_core.shell:Creating package script '/home/spacecal/SpaceCal/install/JNode_KeyboardInput/share/JNode_KeyboardInput/package.ps1'
[10.080s] INFO:colcon.colcon_core.shell:Creating package descriptor '/home/spacecal/SpaceCal/install/JNode_KeyboardInput/share/JNode_KeyboardInput/package.dsv'
[10.086s] INFO:colcon.colcon_core.shell:Creating package script '/home/spacecal/SpaceCal/install/JNode_KeyboardInput/share/JNode_KeyboardInput/package.sh'
[10.093s] INFO:colcon.colcon_core.shell:Creating package script '/home/spacecal/SpaceCal/install/JNode_KeyboardInput/share/JNode_KeyboardInput/package.bash'
[10.099s] INFO:colcon.colcon_core.shell:Creating package script '/home/spacecal/SpaceCal/install/JNode_KeyboardInput/share/JNode_KeyboardInput/package.zsh'
[10.107s] Level 1:colcon.colcon_core.environment:create_file_with_runtime_dependencies(/home/spacecal/SpaceCal/install/JNode_KeyboardInput/share/colcon-core/packages/JNode_KeyboardInput)
[10.135s] DEBUG:colcon.colcon_core.event_handler.log_command:Invoked command in '/home/spacecal/SpaceCal/src/JNode_MotorController' returned '0': PYTHONPATH=/home/spacecal/SpaceCal/install/JNode_MotorController/lib/python3.8/site-packages:${PYTHONPATH} /usr/bin/python3 setup.py egg_info --egg-base ../../build/JNode_MotorController build --build-base /home/spacecal/SpaceCal/build/JNode_MotorController/build install --prefix /home/spacecal/SpaceCal/install/JNode_MotorController --record /home/spacecal/SpaceCal/build/JNode_MotorController/install.log --single-version-externally-managed
[10.139s] Level 1:colcon.colcon_core.environment:checking '/home/spacecal/SpaceCal/install/JNode_MotorController' for CMake module files
[10.144s] Level 1:colcon.colcon_core.environment:checking '/home/spacecal/SpaceCal/install/JNode_MotorController' for CMake config files
[10.150s] Level 1:colcon.colcon_core.environment:checking '/home/spacecal/SpaceCal/install/JNode_MotorController/lib'
[10.152s] Level 1:colcon.colcon_core.environment:checking '/home/spacecal/SpaceCal/install/JNode_MotorController/bin'
[10.153s] Level 1:colcon.colcon_core.environment:checking '/home/spacecal/SpaceCal/install/JNode_MotorController/lib/pkgconfig/JNode_MotorController.pc'
[10.154s] Level 1:colcon.colcon_core.environment:checking '/home/spacecal/SpaceCal/install/JNode_MotorController/lib/python3.8/site-packages'
[10.154s] Level 1:colcon.colcon_core.shell:create_environment_hook('JNode_MotorController', 'pythonpath')
[10.162s] INFO:colcon.colcon_core.shell:Creating environment hook '/home/spacecal/SpaceCal/install/JNode_MotorController/share/JNode_MotorController/hook/pythonpath.ps1'
[10.172s] INFO:colcon.colcon_core.shell:Creating environment descriptor '/home/spacecal/SpaceCal/install/JNode_MotorController/share/JNode_MotorController/hook/pythonpath.dsv'
[10.179s] INFO:colcon.colcon_core.shell:Creating environment hook '/home/spacecal/SpaceCal/install/JNode_MotorController/share/JNode_MotorController/hook/pythonpath.sh'
[10.189s] Level 1:colcon.colcon_core.environment:create_environment_scripts_only(JNode_MotorController)
[10.200s] INFO:colcon.colcon_core.shell:Creating package script '/home/spacecal/SpaceCal/install/JNode_MotorController/share/JNode_MotorController/package.ps1'
[10.210s] INFO:colcon.colcon_core.shell:Creating package descriptor '/home/spacecal/SpaceCal/install/JNode_MotorController/share/JNode_MotorController/package.dsv'
[10.218s] INFO:colcon.colcon_core.shell:Creating package script '/home/spacecal/SpaceCal/install/JNode_MotorController/share/JNode_MotorController/package.sh'
[10.230s] INFO:colcon.colcon_core.shell:Creating package script '/home/spacecal/SpaceCal/install/JNode_MotorController/share/JNode_MotorController/package.bash'
[10.241s] INFO:colcon.colcon_core.shell:Creating package script '/home/spacecal/SpaceCal/install/JNode_MotorController/share/JNode_MotorController/package.zsh'
[10.246s] Level 1:colcon.colcon_core.environment:create_file_with_runtime_dependencies(/home/spacecal/SpaceCal/install/JNode_MotorController/share/colcon-core/packages/JNode_MotorController)
[10.859s] DEBUG:colcon.colcon_core.event_handler.log_command:Invoking command in '/home/spacecal/SpaceCal/build/turtlesim': CMAKE_PREFIX_PATH=${CMAKE_PREFIX_PATH}:/home/spacecal/SpaceCal/install/JNode_MotorController:/home/spacecal/SpaceCal/install/JNode_KeyboardInput:/opt/ros/foxy /usr/bin/cmake --install /home/spacecal/SpaceCal/build/turtlesim
[11.344s] Level 1:colcon.colcon_core.environment:create_environment_scripts_only(turtlesim)
[11.353s] Level 1:colcon.colcon_core.environment:checking '/home/spacecal/SpaceCal/install/turtlesim' for CMake module files
[11.365s] DEBUG:colcon.colcon_core.event_handler.log_command:Invoked command in '/home/spacecal/SpaceCal/build/turtlesim' returned '0': CMAKE_PREFIX_PATH=${CMAKE_PREFIX_PATH}:/home/spacecal/SpaceCal/install/JNode_MotorController:/home/spacecal/SpaceCal/install/JNode_KeyboardInput:/opt/ros/foxy /usr/bin/cmake --install /home/spacecal/SpaceCal/build/turtlesim
[11.367s] Level 1:colcon.colcon_core.environment:checking '/home/spacecal/SpaceCal/install/turtlesim' for CMake config files
[11.374s] Level 1:colcon.colcon_core.shell:create_environment_hook('turtlesim', 'cmake_prefix_path')
[11.387s] INFO:colcon.colcon_core.shell:Creating environment hook '/home/spacecal/SpaceCal/install/turtlesim/share/turtlesim/hook/cmake_prefix_path.ps1'
[11.393s] INFO:colcon.colcon_core.shell:Creating environment descriptor '/home/spacecal/SpaceCal/install/turtlesim/share/turtlesim/hook/cmake_prefix_path.dsv'
[11.396s] INFO:colcon.colcon_core.shell:Creating environment hook '/home/spacecal/SpaceCal/install/turtlesim/share/turtlesim/hook/cmake_prefix_path.sh'
[11.401s] Level 1:colcon.colcon_core.environment:checking '/home/spacecal/SpaceCal/install/turtlesim/lib'
[11.402s] Level 1:colcon.colcon_core.shell:create_environment_hook('turtlesim', 'ld_library_path_lib')
[11.407s] INFO:colcon.colcon_core.shell:Creating environment hook '/home/spacecal/SpaceCal/install/turtlesim/share/turtlesim/hook/ld_library_path_lib.ps1'
[11.411s] INFO:colcon.colcon_core.shell:Creating environment descriptor '/home/spacecal/SpaceCal/install/turtlesim/share/turtlesim/hook/ld_library_path_lib.dsv'
[11.413s] INFO:colcon.colcon_core.shell:Creating environment hook '/home/spacecal/SpaceCal/install/turtlesim/share/turtlesim/hook/ld_library_path_lib.sh'
[11.417s] Level 1:colcon.colcon_core.environment:checking '/home/spacecal/SpaceCal/install/turtlesim/bin'
[11.417s] Level 1:colcon.colcon_core.environment:checking '/home/spacecal/SpaceCal/install/turtlesim/lib/pkgconfig/turtlesim.pc'
[11.418s] Level 1:colcon.colcon_core.environment:checking '/home/spacecal/SpaceCal/install/turtlesim/lib/python3.8/site-packages'
[11.418s] Level 1:colcon.colcon_core.shell:create_environment_hook('turtlesim', 'pythonpath')
[11.422s] INFO:colcon.colcon_core.shell:Creating environment hook '/home/spacecal/SpaceCal/install/turtlesim/share/turtlesim/hook/pythonpath.ps1'
[11.425s] INFO:colcon.colcon_core.shell:Creating environment descriptor '/home/spacecal/SpaceCal/install/turtlesim/share/turtlesim/hook/pythonpath.dsv'
[11.429s] INFO:colcon.colcon_core.shell:Creating environment hook '/home/spacecal/SpaceCal/install/turtlesim/share/turtlesim/hook/pythonpath.sh'
[11.437s] INFO:colcon.colcon_core.shell:Creating package script '/home/spacecal/SpaceCal/install/turtlesim/share/turtlesim/package.ps1'
[11.443s] INFO:colcon.colcon_core.shell:Creating package descriptor '/home/spacecal/SpaceCal/install/turtlesim/share/turtlesim/package.dsv'
[11.447s] INFO:colcon.colcon_core.shell:Creating package script '/home/spacecal/SpaceCal/install/turtlesim/share/turtlesim/package.sh'
[11.451s] INFO:colcon.colcon_core.shell:Creating package script '/home/spacecal/SpaceCal/install/turtlesim/share/turtlesim/package.bash'
[11.454s] INFO:colcon.colcon_core.shell:Creating package script '/home/spacecal/SpaceCal/install/turtlesim/share/turtlesim/package.zsh'
[11.458s] Level 1:colcon.colcon_core.environment:create_file_with_runtime_dependencies(/home/spacecal/SpaceCal/install/turtlesim/share/colcon-core/packages/turtlesim)
[12.461s] Level 1:colcon.colcon_core.environment:create_environment_scripts_only(turtlesim)
[12.467s] Level 1:colcon.colcon_core.environment:checking '/home/spacecal/SpaceCal/install/turtlesim' for CMake module files
[12.473s] Level 1:colcon.colcon_core.environment:checking '/home/spacecal/SpaceCal/install/turtlesim' for CMake config files
[12.478s] Level 1:colcon.colcon_core.shell:create_environment_hook('turtlesim', 'cmake_prefix_path')
[12.482s] INFO:colcon.colcon_core.shell:Creating environment hook '/home/spacecal/SpaceCal/install/turtlesim/share/turtlesim/hook/cmake_prefix_path.ps1'
[12.487s] INFO:colcon.colcon_core.shell:Creating environment descriptor '/home/spacecal/SpaceCal/install/turtlesim/share/turtlesim/hook/cmake_prefix_path.dsv'
[12.490s] INFO:colcon.colcon_core.shell:Creating environment hook '/home/spacecal/SpaceCal/install/turtlesim/share/turtlesim/hook/cmake_prefix_path.sh'
[12.494s] Level 1:colcon.colcon_core.environment:checking '/home/spacecal/SpaceCal/install/turtlesim/lib'
[12.495s] Level 1:colcon.colcon_core.shell:create_environment_hook('turtlesim', 'ld_library_path_lib')
[12.500s] INFO:colcon.colcon_core.shell:Creating environment hook '/home/spacecal/SpaceCal/install/turtlesim/share/turtlesim/hook/ld_library_path_lib.ps1'
[12.505s] INFO:colcon.colcon_core.shell:Creating environment descriptor '/home/spacecal/SpaceCal/install/turtlesim/share/turtlesim/hook/ld_library_path_lib.dsv'
[12.510s] INFO:colcon.colcon_core.shell:Creating environment hook '/home/spacecal/SpaceCal/install/turtlesim/share/turtlesim/hook/ld_library_path_lib.sh'
[12.516s] Level 1:colcon.colcon_core.environment:checking '/home/spacecal/SpaceCal/install/turtlesim/bin'
[12.517s] Level 1:colcon.colcon_core.environment:checking '/home/spacecal/SpaceCal/install/turtlesim/lib/pkgconfig/turtlesim.pc'
[12.519s] Level 1:colcon.colcon_core.environment:checking '/home/spacecal/SpaceCal/install/turtlesim/lib/python3.8/site-packages'
[12.520s] Level 1:colcon.colcon_core.shell:create_environment_hook('turtlesim', 'pythonpath')
[12.526s] INFO:colcon.colcon_core.shell:Creating environment hook '/home/spacecal/SpaceCal/install/turtlesim/share/turtlesim/hook/pythonpath.ps1'
[12.530s] INFO:colcon.colcon_core.shell:Creating environment descriptor '/home/spacecal/SpaceCal/install/turtlesim/share/turtlesim/hook/pythonpath.dsv'
[12.533s] INFO:colcon.colcon_core.shell:Creating environment hook '/home/spacecal/SpaceCal/install/turtlesim/share/turtlesim/hook/pythonpath.sh'
[12.542s] INFO:colcon.colcon_core.shell:Creating package script '/home/spacecal/SpaceCal/install/turtlesim/share/turtlesim/package.ps1'
[12.547s] INFO:colcon.colcon_core.shell:Creating package descriptor '/home/spacecal/SpaceCal/install/turtlesim/share/turtlesim/package.dsv'
[12.552s] INFO:colcon.colcon_core.shell:Creating package script '/home/spacecal/SpaceCal/install/turtlesim/share/turtlesim/package.sh'
[12.555s] INFO:colcon.colcon_core.shell:Creating package script '/home/spacecal/SpaceCal/install/turtlesim/share/turtlesim/package.bash'
[12.557s] INFO:colcon.colcon_core.shell:Creating package script '/home/spacecal/SpaceCal/install/turtlesim/share/turtlesim/package.zsh'
[12.560s] Level 1:colcon.colcon_core.environment:create_file_with_runtime_dependencies(/home/spacecal/SpaceCal/install/turtlesim/share/colcon-core/packages/turtlesim)
[12.562s] DEBUG:colcon.colcon_parallel_executor.executor.parallel:closing loop
[12.564s] DEBUG:colcon.colcon_parallel_executor.executor.parallel:loop closed
[12.565s] DEBUG:colcon.colcon_parallel_executor.executor.parallel:run_until_complete finished with '0'
[12.565s] DEBUG:colcon.colcon_core.event_reactor:joining thread
[12.641s] INFO:colcon.colcon_core.plugin_system:Skipping extension 'colcon_notification.desktop_notification.terminal_notifier': Not used on non-Darwin systems
[12.643s] INFO:colcon.colcon_core.plugin_system:Skipping extension 'colcon_notification.desktop_notification.win32': Not used on non-Windows systems
[12.644s] INFO:colcon.colcon_notification.desktop_notification:Sending desktop notification using 'notify2'
[12.706s] DEBUG:colcon.colcon_core.event_reactor:joined thread
[12.718s] INFO:colcon.colcon_core.shell:Creating prefix script '/home/spacecal/SpaceCal/install/local_setup.ps1'
[12.729s] INFO:colcon.colcon_core.shell:Creating prefix util module '/home/spacecal/SpaceCal/install/_local_setup_util_ps1.py'
[12.742s] INFO:colcon.colcon_core.shell:Creating prefix chain script '/home/spacecal/SpaceCal/install/setup.ps1'
[12.765s] INFO:colcon.colcon_core.shell:Creating prefix script '/home/spacecal/SpaceCal/install/local_setup.sh'
[12.769s] INFO:colcon.colcon_core.shell:Creating prefix util module '/home/spacecal/SpaceCal/install/_local_setup_util_sh.py'
[12.773s] INFO:colcon.colcon_core.shell:Creating prefix chain script '/home/spacecal/SpaceCal/install/setup.sh'
[12.788s] INFO:colcon.colcon_core.shell:Creating prefix script '/home/spacecal/SpaceCal/install/local_setup.bash'
[12.792s] INFO:colcon.colcon_core.shell:Creating prefix chain script '/home/spacecal/SpaceCal/install/setup.bash'
[12.806s] INFO:colcon.colcon_core.shell:Creating prefix script '/home/spacecal/SpaceCal/install/local_setup.zsh'
[12.810s] INFO:colcon.colcon_core.shell:Creating prefix chain script '/home/spacecal/SpaceCal/install/setup.zsh'
