[3.537s] Invoking command in '/home/spacecal/SpaceCal/src/JNode_MotorController': PYTHONPATH=/home/spacecal/SpaceCal/install/JNode_MotorController/lib/python3.8/site-packages:${PYTHONPATH} /usr/bin/python3 setup.py egg_info --egg-base ../../build/JNode_MotorController build --build-base /home/spacecal/SpaceCal/build/JNode_MotorController/build install --prefix /home/spacecal/SpaceCal/install/JNode_MotorController --record /home/spacecal/SpaceCal/build/JNode_MotorController/install.log --single-version-externally-managed
[5.094s] running egg_info
[5.099s] creating ../../build/JNode_MotorController/JNode_MotorController.egg-info
[5.102s] writing ../../build/JNode_MotorController/JNode_MotorController.egg-info/PKG-INFO
[5.106s] writing dependency_links to ../../build/JNode_MotorController/JNode_MotorController.egg-info/dependency_links.txt
[5.112s] writing entry points to ../../build/JNode_MotorController/JNode_MotorController.egg-info/entry_points.txt
[5.114s] writing requirements to ../../build/JNode_MotorController/JNode_MotorController.egg-info/requires.txt
[5.116s] writing top-level names to ../../build/JNode_MotorController/JNode_MotorController.egg-info/top_level.txt
[5.122s] writing manifest file '../../build/JNode_MotorController/JNode_MotorController.egg-info/SOURCES.txt'
[5.356s] reading manifest file '../../build/JNode_MotorController/JNode_MotorController.egg-info/SOURCES.txt'
[5.362s] writing manifest file '../../build/JNode_MotorController/JNode_MotorController.egg-info/SOURCES.txt'
[5.365s] running build
[5.367s] running build_py
[5.369s] creating /home/spacecal/SpaceCal/build/JNode_MotorController/build
[5.373s] creating /home/spacecal/SpaceCal/build/JNode_MotorController/build/lib
[5.375s] creating /home/spacecal/SpaceCal/build/JNode_MotorController/build/lib/JNode_MotorController
[5.376s] copying JNode_MotorController/motorController.py -> /home/spacecal/SpaceCal/build/JNode_MotorController/build/lib/JNode_MotorController
[5.376s] copying JNode_MotorController/__init__.py -> /home/spacecal/SpaceCal/build/JNode_MotorController/build/lib/JNode_MotorController
[5.378s] running install
[5.379s] running install_lib
[5.385s] creating /home/spacecal/SpaceCal/install/JNode_MotorController/lib/python3.8/site-packages/JNode_MotorController
[5.387s] copying /home/spacecal/SpaceCal/build/JNode_MotorController/build/lib/JNode_MotorController/motorController.py -> /home/spacecal/SpaceCal/install/JNode_MotorController/lib/python3.8/site-packages/JNode_MotorController
[5.388s] copying /home/spacecal/SpaceCal/build/JNode_MotorController/build/lib/JNode_MotorController/__init__.py -> /home/spacecal/SpaceCal/install/JNode_MotorController/lib/python3.8/site-packages/JNode_MotorController
[5.391s] byte-compiling /home/spacecal/SpaceCal/install/JNode_MotorController/lib/python3.8/site-packages/JNode_MotorController/motorController.py to motorController.cpython-38.pyc
[5.403s] byte-compiling /home/spacecal/SpaceCal/install/JNode_MotorController/lib/python3.8/site-packages/JNode_MotorController/__init__.py to __init__.cpython-38.pyc
[5.404s] running install_data
[5.409s] creating /home/spacecal/SpaceCal/install/JNode_MotorController/share/ament_index
[5.410s] creating /home/spacecal/SpaceCal/install/JNode_MotorController/share/ament_index/resource_index
[5.415s] creating /home/spacecal/SpaceCal/install/JNode_MotorController/share/ament_index/resource_index/packages
[5.416s] copying resource/JNode_MotorController -> /home/spacecal/SpaceCal/install/JNode_MotorController/share/ament_index/resource_index/packages
[5.418s] copying package.xml -> /home/spacecal/SpaceCal/install/JNode_MotorController/share/JNode_MotorController
[5.423s] running install_egg_info
[5.434s] Copying ../../build/JNode_MotorController/JNode_MotorController.egg-info to /home/spacecal/SpaceCal/install/JNode_MotorController/lib/python3.8/site-packages/JNode_MotorController-0.0.0-py3.8.egg-info
[5.442s] running install_scripts
[5.588s] Installing keyboardRun script to /home/spacecal/SpaceCal/install/JNode_MotorController/lib/JNode_MotorController
[5.590s] writing list of installed files to '/home/spacecal/SpaceCal/build/JNode_MotorController/install.log'
[6.021s] Invoked command in '/home/spacecal/SpaceCal/src/JNode_MotorController' returned '0': PYTHONPATH=/home/spacecal/SpaceCal/install/JNode_MotorController/lib/python3.8/site-packages:${PYTHONPATH} /usr/bin/python3 setup.py egg_info --egg-base ../../build/JNode_MotorController build --build-base /home/spacecal/SpaceCal/build/JNode_MotorController/build install --prefix /home/spacecal/SpaceCal/install/JNode_MotorController --record /home/spacecal/SpaceCal/build/JNode_MotorController/install.log --single-version-externally-managed
