[3.644s] Invoking command in '/home/spacecal/SpaceCal/build/turtlesim': CMAKE_PREFIX_PATH=${CMAKE_PREFIX_PATH}:/home/spacecal/SpaceCal/install/JNode_MotorController:/home/spacecal/SpaceCal/install/JNode_KeyboardInput:/opt/ros/foxy /usr/bin/cmake --build /home/spacecal/SpaceCal/build/turtlesim -- -j4 -l4
[4.194s] [  1%] Built target turtlesim__cpp
[4.289s] [ 11%] Built target turtlesim__rosidl_generator_c
[4.703s] [ 21%] Built target turtlesim__rosidl_typesupport_cpp
[4.750s] [ 41%] Built target turtlesim__rosidl_typesupport_introspection_cpp
[4.752s] [ 41%] Built target turtlesim__rosidl_typesupport_c
[4.786s] [ 51%] Built target turtlesim__rosidl_typesupport_fastrtps_cpp
[5.015s] [ 61%] Built target turtlesim__rosidl_typesupport_introspection_c
[5.078s] [ 71%] Built target turtlesim__rosidl_typesupport_fastrtps_c
[5.263s] [ 71%] Built target turtlesim
[5.636s] [ 72%] Built target turtlesim__py
[5.778s] [ 74%] Built target mimic
[5.783s] [ 76%] Built target draw_square
[5.867s] [ 78%] Built target turtle_teleop_key
[6.174s] [ 87%] Built target turtlesim__python
[6.179s] [ 93%] Built target turtlesim_node
[6.557s] [ 95%] Built target turtlesim__rosidl_typesupport_introspection_c__pyext
[6.573s] [ 97%] Built target turtlesim__rosidl_typesupport_c__pyext
[6.583s] [100%] Built target turtlesim__rosidl_typesupport_fastrtps_c__pyext
[6.700s] Invoked command in '/home/spacecal/SpaceCal/build/turtlesim' returned '0': CMAKE_PREFIX_PATH=${CMAKE_PREFIX_PATH}:/home/spacecal/SpaceCal/install/JNode_MotorController:/home/spacecal/SpaceCal/install/JNode_KeyboardInput:/opt/ros/foxy /usr/bin/cmake --build /home/spacecal/SpaceCal/build/turtlesim -- -j4 -l4
[8.270s] Invoking command in '/home/spacecal/SpaceCal/build/turtlesim': CMAKE_PREFIX_PATH=${CMAKE_PREFIX_PATH}:/home/spacecal/SpaceCal/install/JNode_MotorController:/home/spacecal/SpaceCal/install/JNode_KeyboardInput:/opt/ros/foxy /usr/bin/cmake --install /home/spacecal/SpaceCal/build/turtlesim
[8.358s] -- Install configuration: ""
[8.359s] -- Up-to-date: /home/spacecal/SpaceCal/install/turtlesim/share/ament_index/resource_index/rosidl_interfaces/turtlesim
[8.359s] -- Up-to-date: /home/spacecal/SpaceCal/install/turtlesim/include/turtlesim
[8.360s] -- Up-to-date: /home/spacecal/SpaceCal/install/turtlesim/include/turtlesim/msg
[8.361s] -- Up-to-date: /home/spacecal/SpaceCal/install/turtlesim/include/turtlesim/msg/rosidl_generator_c__visibility_control.h
[8.361s] -- Up-to-date: /home/spacecal/SpaceCal/install/turtlesim/include/turtlesim/msg/detail
[8.362s] -- Up-to-date: /home/spacecal/SpaceCal/install/turtlesim/include/turtlesim/msg/detail/pose__functions.c
[8.362s] -- Up-to-date: /home/spacecal/SpaceCal/install/turtlesim/include/turtlesim/msg/detail/pose__type_support.h
[8.363s] -- Up-to-date: /home/spacecal/SpaceCal/install/turtlesim/include/turtlesim/msg/detail/pose__functions.h
[8.363s] -- Up-to-date: /home/spacecal/SpaceCal/install/turtlesim/include/turtlesim/msg/detail/color__functions.c
[8.364s] -- Up-to-date: /home/spacecal/SpaceCal/install/turtlesim/include/turtlesim/msg/detail/color__functions.h
[8.364s] -- Up-to-date: /home/spacecal/SpaceCal/install/turtlesim/include/turtlesim/msg/detail/color__type_support.h
[8.364s] -- Up-to-date: /home/spacecal/SpaceCal/install/turtlesim/include/turtlesim/msg/detail/pose__struct.h
[8.365s] -- Up-to-date: /home/spacecal/SpaceCal/install/turtlesim/include/turtlesim/msg/detail/color__struct.h
[8.365s] -- Up-to-date: /home/spacecal/SpaceCal/install/turtlesim/include/turtlesim/msg/color.h
[8.366s] -- Up-to-date: /home/spacecal/SpaceCal/install/turtlesim/include/turtlesim/msg/pose.h
[8.366s] -- Up-to-date: /home/spacecal/SpaceCal/install/turtlesim/include/turtlesim/srv
[8.366s] -- Up-to-date: /home/spacecal/SpaceCal/install/turtlesim/include/turtlesim/srv/set_pen.h
[8.367s] -- Up-to-date: /home/spacecal/SpaceCal/install/turtlesim/include/turtlesim/srv/detail
[8.367s] -- Up-to-date: /home/spacecal/SpaceCal/install/turtlesim/include/turtlesim/srv/detail/set_pen__functions.c
[8.369s] -- Up-to-date: /home/spacecal/SpaceCal/install/turtlesim/include/turtlesim/srv/detail/set_pen__functions.h
[8.369s] -- Up-to-date: /home/spacecal/SpaceCal/install/turtlesim/include/turtlesim/srv/detail/teleport_relative__functions.h
[8.370s] -- Up-to-date: /home/spacecal/SpaceCal/install/turtlesim/include/turtlesim/srv/detail/spawn__functions.c
[8.371s] -- Up-to-date: /home/spacecal/SpaceCal/install/turtlesim/include/turtlesim/srv/detail/teleport_relative__struct.h
[8.371s] -- Up-to-date: /home/spacecal/SpaceCal/install/turtlesim/include/turtlesim/srv/detail/teleport_absolute__functions.c
[8.371s] -- Up-to-date: /home/spacecal/SpaceCal/install/turtlesim/include/turtlesim/srv/detail/set_pen__type_support.h
[8.372s] -- Up-to-date: /home/spacecal/SpaceCal/install/turtlesim/include/turtlesim/srv/detail/spawn__type_support.h
[8.373s] -- Up-to-date: /home/spacecal/SpaceCal/install/turtlesim/include/turtlesim/srv/detail/kill__functions.h
[8.373s] -- Up-to-date: /home/spacecal/SpaceCal/install/turtlesim/include/turtlesim/srv/detail/set_pen__struct.h
[8.374s] -- Up-to-date: /home/spacecal/SpaceCal/install/turtlesim/include/turtlesim/srv/detail/kill__struct.h
[8.374s] -- Up-to-date: /home/spacecal/SpaceCal/install/turtlesim/include/turtlesim/srv/detail/teleport_absolute__functions.h
[8.375s] -- Up-to-date: /home/spacecal/SpaceCal/install/turtlesim/include/turtlesim/srv/detail/teleport_relative__functions.c
[8.375s] -- Up-to-date: /home/spacecal/SpaceCal/install/turtlesim/include/turtlesim/srv/detail/teleport_absolute__struct.h
[8.376s] -- Up-to-date: /home/spacecal/SpaceCal/install/turtlesim/include/turtlesim/srv/detail/spawn__functions.h
[8.376s] -- Up-to-date: /home/spacecal/SpaceCal/install/turtlesim/include/turtlesim/srv/detail/teleport_relative__type_support.h
[8.377s] -- Up-to-date: /home/spacecal/SpaceCal/install/turtlesim/include/turtlesim/srv/detail/kill__type_support.h
[8.377s] -- Up-to-date: /home/spacecal/SpaceCal/install/turtlesim/include/turtlesim/srv/detail/teleport_absolute__type_support.h
[8.378s] -- Up-to-date: /home/spacecal/SpaceCal/install/turtlesim/include/turtlesim/srv/detail/kill__functions.c
[8.379s] -- Up-to-date: /home/spacecal/SpaceCal/install/turtlesim/include/turtlesim/srv/detail/spawn__struct.h
[8.379s] -- Up-to-date: /home/spacecal/SpaceCal/install/turtlesim/include/turtlesim/srv/kill.h
[8.379s] -- Up-to-date: /home/spacecal/SpaceCal/install/turtlesim/include/turtlesim/srv/teleport_absolute.h
[8.380s] -- Up-to-date: /home/spacecal/SpaceCal/install/turtlesim/include/turtlesim/srv/teleport_relative.h
[8.380s] -- Up-to-date: /home/spacecal/SpaceCal/install/turtlesim/include/turtlesim/srv/spawn.h
[8.381s] -- Up-to-date: /home/spacecal/SpaceCal/install/turtlesim/include/turtlesim/action
[8.381s] -- Up-to-date: /home/spacecal/SpaceCal/install/turtlesim/include/turtlesim/action/detail
[8.381s] -- Up-to-date: /home/spacecal/SpaceCal/install/turtlesim/include/turtlesim/action/detail/rotate_absolute__functions.c
[8.382s] -- Up-to-date: /home/spacecal/SpaceCal/install/turtlesim/include/turtlesim/action/detail/rotate_absolute__type_support.h
[8.382s] -- Up-to-date: /home/spacecal/SpaceCal/install/turtlesim/include/turtlesim/action/detail/rotate_absolute__struct.h
[8.383s] -- Up-to-date: /home/spacecal/SpaceCal/install/turtlesim/include/turtlesim/action/detail/rotate_absolute__functions.h
[8.383s] -- Up-to-date: /home/spacecal/SpaceCal/install/turtlesim/include/turtlesim/action/rotate_absolute.h
[8.384s] -- Up-to-date: /home/spacecal/SpaceCal/install/turtlesim/share/turtlesim/environment/library_path.sh
[8.385s] -- Up-to-date: /home/spacecal/SpaceCal/install/turtlesim/share/turtlesim/environment/library_path.dsv
[8.385s] -- Up-to-date: /home/spacecal/SpaceCal/install/turtlesim/lib/libturtlesim__rosidl_generator_c.so
[8.386s] -- Up-to-date: /home/spacecal/SpaceCal/install/turtlesim/include/turtlesim
[8.387s] -- Up-to-date: /home/spacecal/SpaceCal/install/turtlesim/include/turtlesim/msg
[8.389s] -- Up-to-date: /home/spacecal/SpaceCal/install/turtlesim/include/turtlesim/msg/detail
[8.389s] -- Up-to-date: /home/spacecal/SpaceCal/install/turtlesim/include/turtlesim/msg/detail/pose__rosidl_typesupport_fastrtps_c.h
[8.390s] -- Up-to-date: /home/spacecal/SpaceCal/install/turtlesim/include/turtlesim/msg/detail/color__rosidl_typesupport_fastrtps_c.h
[8.391s] -- Up-to-date: /home/spacecal/SpaceCal/install/turtlesim/include/turtlesim/msg/rosidl_typesupport_fastrtps_c__visibility_control.h
[8.391s] -- Up-to-date: /home/spacecal/SpaceCal/install/turtlesim/include/turtlesim/srv
[8.392s] -- Up-to-date: /home/spacecal/SpaceCal/install/turtlesim/include/turtlesim/srv/detail
[8.392s] -- Up-to-date: /home/spacecal/SpaceCal/install/turtlesim/include/turtlesim/srv/detail/teleport_relative__rosidl_typesupport_fastrtps_c.h
[8.393s] -- Up-to-date: /home/spacecal/SpaceCal/install/turtlesim/include/turtlesim/srv/detail/teleport_absolute__rosidl_typesupport_fastrtps_c.h
[8.393s] -- Up-to-date: /home/spacecal/SpaceCal/install/turtlesim/include/turtlesim/srv/detail/spawn__rosidl_typesupport_fastrtps_c.h
[8.393s] -- Up-to-date: /home/spacecal/SpaceCal/install/turtlesim/include/turtlesim/srv/detail/kill__rosidl_typesupport_fastrtps_c.h
[8.394s] -- Up-to-date: /home/spacecal/SpaceCal/install/turtlesim/include/turtlesim/srv/detail/set_pen__rosidl_typesupport_fastrtps_c.h
[8.394s] -- Up-to-date: /home/spacecal/SpaceCal/install/turtlesim/include/turtlesim/action
[8.395s] -- Up-to-date: /home/spacecal/SpaceCal/install/turtlesim/include/turtlesim/action/detail
[8.395s] -- Up-to-date: /home/spacecal/SpaceCal/install/turtlesim/include/turtlesim/action/detail/rotate_absolute__rosidl_typesupport_fastrtps_c.h
[8.396s] -- Up-to-date: /home/spacecal/SpaceCal/install/turtlesim/lib/libturtlesim__rosidl_typesupport_fastrtps_c.so
[8.396s] -- Up-to-date: /home/spacecal/SpaceCal/install/turtlesim/include/turtlesim
[8.397s] -- Up-to-date: /home/spacecal/SpaceCal/install/turtlesim/include/turtlesim/msg
[8.397s] -- Up-to-date: /home/spacecal/SpaceCal/install/turtlesim/include/turtlesim/msg/detail
[8.398s] -- Up-to-date: /home/spacecal/SpaceCal/install/turtlesim/include/turtlesim/msg/detail/pose__rosidl_typesupport_fastrtps_cpp.hpp
[8.398s] -- Up-to-date: /home/spacecal/SpaceCal/install/turtlesim/include/turtlesim/msg/detail/dds_fastrtps
[8.400s] -- Up-to-date: /home/spacecal/SpaceCal/install/turtlesim/include/turtlesim/msg/detail/color__rosidl_typesupport_fastrtps_cpp.hpp
[8.400s] -- Up-to-date: /home/spacecal/SpaceCal/install/turtlesim/include/turtlesim/msg/rosidl_typesupport_fastrtps_cpp__visibility_control.h
[8.402s] -- Up-to-date: /home/spacecal/SpaceCal/install/turtlesim/include/turtlesim/srv
[8.403s] -- Up-to-date: /home/spacecal/SpaceCal/install/turtlesim/include/turtlesim/srv/detail
[8.404s] -- Up-to-date: /home/spacecal/SpaceCal/install/turtlesim/include/turtlesim/srv/detail/teleport_absolute__rosidl_typesupport_fastrtps_cpp.hpp
[8.404s] -- Up-to-date: /home/spacecal/SpaceCal/install/turtlesim/include/turtlesim/srv/detail/kill__rosidl_typesupport_fastrtps_cpp.hpp
[8.405s] -- Up-to-date: /home/spacecal/SpaceCal/install/turtlesim/include/turtlesim/srv/detail/dds_fastrtps
[8.406s] -- Up-to-date: /home/spacecal/SpaceCal/install/turtlesim/include/turtlesim/srv/detail/teleport_relative__rosidl_typesupport_fastrtps_cpp.hpp
[8.407s] -- Up-to-date: /home/spacecal/SpaceCal/install/turtlesim/include/turtlesim/srv/detail/spawn__rosidl_typesupport_fastrtps_cpp.hpp
[8.407s] -- Up-to-date: /home/spacecal/SpaceCal/install/turtlesim/include/turtlesim/srv/detail/set_pen__rosidl_typesupport_fastrtps_cpp.hpp
[8.408s] -- Up-to-date: /home/spacecal/SpaceCal/install/turtlesim/include/turtlesim/action
[8.408s] -- Up-to-date: /home/spacecal/SpaceCal/install/turtlesim/include/turtlesim/action/detail
[8.409s] -- Up-to-date: /home/spacecal/SpaceCal/install/turtlesim/include/turtlesim/action/detail/rotate_absolute__rosidl_typesupport_fastrtps_cpp.hpp
[8.409s] -- Up-to-date: /home/spacecal/SpaceCal/install/turtlesim/include/turtlesim/action/detail/dds_fastrtps
[8.410s] -- Up-to-date: /home/spacecal/SpaceCal/install/turtlesim/lib/libturtlesim__rosidl_typesupport_fastrtps_cpp.so
[8.411s] -- Up-to-date: /home/spacecal/SpaceCal/install/turtlesim/include/turtlesim
[8.411s] -- Up-to-date: /home/spacecal/SpaceCal/install/turtlesim/include/turtlesim/msg
[8.412s] -- Up-to-date: /home/spacecal/SpaceCal/install/turtlesim/include/turtlesim/msg/detail
[8.412s] -- Up-to-date: /home/spacecal/SpaceCal/install/turtlesim/include/turtlesim/msg/detail/color__type_support.c
[8.413s] -- Up-to-date: /home/spacecal/SpaceCal/install/turtlesim/include/turtlesim/msg/detail/pose__type_support.c
[8.413s] -- Up-to-date: /home/spacecal/SpaceCal/install/turtlesim/include/turtlesim/msg/detail/pose__rosidl_typesupport_introspection_c.h
[8.414s] -- Up-to-date: /home/spacecal/SpaceCal/install/turtlesim/include/turtlesim/msg/detail/color__rosidl_typesupport_introspection_c.h
[8.414s] -- Up-to-date: /home/spacecal/SpaceCal/install/turtlesim/include/turtlesim/msg/rosidl_typesupport_introspection_c__visibility_control.h
[8.415s] -- Up-to-date: /home/spacecal/SpaceCal/install/turtlesim/include/turtlesim/srv
[8.415s] -- Up-to-date: /home/spacecal/SpaceCal/install/turtlesim/include/turtlesim/srv/detail
[8.416s] -- Up-to-date: /home/spacecal/SpaceCal/install/turtlesim/include/turtlesim/srv/detail/spawn__type_support.c
[8.416s] -- Up-to-date: /home/spacecal/SpaceCal/install/turtlesim/include/turtlesim/srv/detail/set_pen__type_support.c
[8.417s] -- Up-to-date: /home/spacecal/SpaceCal/install/turtlesim/include/turtlesim/srv/detail/teleport_relative__rosidl_typesupport_introspection_c.h
[8.418s] -- Up-to-date: /home/spacecal/SpaceCal/install/turtlesim/include/turtlesim/srv/detail/kill__rosidl_typesupport_introspection_c.h
[8.419s] -- Up-to-date: /home/spacecal/SpaceCal/install/turtlesim/include/turtlesim/srv/detail/teleport_absolute__rosidl_typesupport_introspection_c.h
[8.420s] -- Up-to-date: /home/spacecal/SpaceCal/install/turtlesim/include/turtlesim/srv/detail/kill__type_support.c
[8.421s] -- Up-to-date: /home/spacecal/SpaceCal/install/turtlesim/include/turtlesim/srv/detail/spawn__rosidl_typesupport_introspection_c.h
[8.423s] -- Up-to-date: /home/spacecal/SpaceCal/install/turtlesim/include/turtlesim/srv/detail/teleport_relative__type_support.c
[8.424s] -- Up-to-date: /home/spacecal/SpaceCal/install/turtlesim/include/turtlesim/srv/detail/teleport_absolute__type_support.c
[8.424s] -- Up-to-date: /home/spacecal/SpaceCal/install/turtlesim/include/turtlesim/srv/detail/set_pen__rosidl_typesupport_introspection_c.h
[8.425s] -- Up-to-date: /home/spacecal/SpaceCal/install/turtlesim/include/turtlesim/action
[8.426s] -- Up-to-date: /home/spacecal/SpaceCal/install/turtlesim/include/turtlesim/action/detail
[8.427s] -- Up-to-date: /home/spacecal/SpaceCal/install/turtlesim/include/turtlesim/action/detail/rotate_absolute__rosidl_typesupport_introspection_c.h
[8.428s] -- Up-to-date: /home/spacecal/SpaceCal/install/turtlesim/include/turtlesim/action/detail/rotate_absolute__type_support.c
[8.428s] -- Up-to-date: /home/spacecal/SpaceCal/install/turtlesim/lib/libturtlesim__rosidl_typesupport_introspection_c.so
[8.429s] -- Up-to-date: /home/spacecal/SpaceCal/install/turtlesim/lib/libturtlesim__rosidl_typesupport_c.so
[8.429s] -- Up-to-date: /home/spacecal/SpaceCal/install/turtlesim/include/turtlesim
[8.430s] -- Up-to-date: /home/spacecal/SpaceCal/install/turtlesim/include/turtlesim/msg
[8.430s] -- Up-to-date: /home/spacecal/SpaceCal/install/turtlesim/include/turtlesim/msg/detail
[8.431s] -- Up-to-date: /home/spacecal/SpaceCal/install/turtlesim/include/turtlesim/msg/detail/pose__traits.hpp
[8.431s] -- Up-to-date: /home/spacecal/SpaceCal/install/turtlesim/include/turtlesim/msg/detail/color__traits.hpp
[8.432s] -- Up-to-date: /home/spacecal/SpaceCal/install/turtlesim/include/turtlesim/msg/detail/color__builder.hpp
[8.433s] -- Up-to-date: /home/spacecal/SpaceCal/install/turtlesim/include/turtlesim/msg/detail/pose__struct.hpp
[8.433s] -- Up-to-date: /home/spacecal/SpaceCal/install/turtlesim/include/turtlesim/msg/detail/pose__builder.hpp
[8.434s] -- Up-to-date: /home/spacecal/SpaceCal/install/turtlesim/include/turtlesim/msg/detail/color__struct.hpp
[8.435s] -- Up-to-date: /home/spacecal/SpaceCal/install/turtlesim/include/turtlesim/msg/pose.hpp
[8.436s] -- Up-to-date: /home/spacecal/SpaceCal/install/turtlesim/include/turtlesim/msg/color.hpp
[8.437s] -- Up-to-date: /home/spacecal/SpaceCal/install/turtlesim/include/turtlesim/srv
[8.438s] -- Up-to-date: /home/spacecal/SpaceCal/install/turtlesim/include/turtlesim/srv/detail
[8.438s] -- Up-to-date: /home/spacecal/SpaceCal/install/turtlesim/include/turtlesim/srv/detail/teleport_absolute__struct.hpp
[8.439s] -- Up-to-date: /home/spacecal/SpaceCal/install/turtlesim/include/turtlesim/srv/detail/spawn__builder.hpp
[8.440s] -- Up-to-date: /home/spacecal/SpaceCal/install/turtlesim/include/turtlesim/srv/detail/spawn__traits.hpp
[8.441s] -- Up-to-date: /home/spacecal/SpaceCal/install/turtlesim/include/turtlesim/srv/detail/teleport_relative__builder.hpp
[8.443s] -- Up-to-date: /home/spacecal/SpaceCal/install/turtlesim/include/turtlesim/srv/detail/set_pen__builder.hpp
[8.444s] -- Up-to-date: /home/spacecal/SpaceCal/install/turtlesim/include/turtlesim/srv/detail/kill__struct.hpp
[8.446s] -- Up-to-date: /home/spacecal/SpaceCal/install/turtlesim/include/turtlesim/srv/detail/teleport_relative__traits.hpp
[8.447s] -- Up-to-date: /home/spacecal/SpaceCal/install/turtlesim/include/turtlesim/srv/detail/kill__traits.hpp
[8.448s] -- Up-to-date: /home/spacecal/SpaceCal/install/turtlesim/include/turtlesim/srv/detail/teleport_absolute__traits.hpp
[8.448s] -- Up-to-date: /home/spacecal/SpaceCal/install/turtlesim/include/turtlesim/srv/detail/set_pen__struct.hpp
[8.449s] -- Up-to-date: /home/spacecal/SpaceCal/install/turtlesim/include/turtlesim/srv/detail/kill__builder.hpp
[8.449s] -- Up-to-date: /home/spacecal/SpaceCal/install/turtlesim/include/turtlesim/srv/detail/set_pen__traits.hpp
[8.450s] -- Up-to-date: /home/spacecal/SpaceCal/install/turtlesim/include/turtlesim/srv/detail/teleport_absolute__builder.hpp
[8.450s] -- Up-to-date: /home/spacecal/SpaceCal/install/turtlesim/include/turtlesim/srv/detail/spawn__struct.hpp
[8.451s] -- Up-to-date: /home/spacecal/SpaceCal/install/turtlesim/include/turtlesim/srv/detail/teleport_relative__struct.hpp
[8.452s] -- Up-to-date: /home/spacecal/SpaceCal/install/turtlesim/include/turtlesim/srv/teleport_absolute.hpp
[8.452s] -- Up-to-date: /home/spacecal/SpaceCal/install/turtlesim/include/turtlesim/srv/spawn.hpp
[8.453s] -- Up-to-date: /home/spacecal/SpaceCal/install/turtlesim/include/turtlesim/srv/set_pen.hpp
[8.453s] -- Up-to-date: /home/spacecal/SpaceCal/install/turtlesim/include/turtlesim/srv/teleport_relative.hpp
[8.454s] -- Up-to-date: /home/spacecal/SpaceCal/install/turtlesim/include/turtlesim/srv/kill.hpp
[8.454s] -- Up-to-date: /home/spacecal/SpaceCal/install/turtlesim/include/turtlesim/action
[8.455s] -- Up-to-date: /home/spacecal/SpaceCal/install/turtlesim/include/turtlesim/action/detail
[8.455s] -- Up-to-date: /home/spacecal/SpaceCal/install/turtlesim/include/turtlesim/action/detail/rotate_absolute__builder.hpp
[8.456s] -- Up-to-date: /home/spacecal/SpaceCal/install/turtlesim/include/turtlesim/action/detail/rotate_absolute__struct.hpp
[8.457s] -- Up-to-date: /home/spacecal/SpaceCal/install/turtlesim/include/turtlesim/action/detail/rotate_absolute__traits.hpp
[8.457s] -- Up-to-date: /home/spacecal/SpaceCal/install/turtlesim/include/turtlesim/action/rotate_absolute.hpp
[8.458s] -- Up-to-date: /home/spacecal/SpaceCal/install/turtlesim/include/turtlesim
[8.458s] -- Up-to-date: /home/spacecal/SpaceCal/install/turtlesim/include/turtlesim/msg
[8.459s] -- Up-to-date: /home/spacecal/SpaceCal/install/turtlesim/include/turtlesim/msg/detail
[8.459s] -- Up-to-date: /home/spacecal/SpaceCal/install/turtlesim/include/turtlesim/msg/detail/pose__rosidl_typesupport_introspection_cpp.hpp
[8.460s] -- Up-to-date: /home/spacecal/SpaceCal/install/turtlesim/include/turtlesim/msg/detail/color__type_support.cpp
[8.460s] -- Up-to-date: /home/spacecal/SpaceCal/install/turtlesim/include/turtlesim/msg/detail/pose__type_support.cpp
[8.461s] -- Up-to-date: /home/spacecal/SpaceCal/install/turtlesim/include/turtlesim/msg/detail/color__rosidl_typesupport_introspection_cpp.hpp
[8.461s] -- Up-to-date: /home/spacecal/SpaceCal/install/turtlesim/include/turtlesim/srv
[8.462s] -- Up-to-date: /home/spacecal/SpaceCal/install/turtlesim/include/turtlesim/srv/detail
[8.463s] -- Up-to-date: /home/spacecal/SpaceCal/install/turtlesim/include/turtlesim/srv/detail/set_pen__type_support.cpp
[8.463s] -- Up-to-date: /home/spacecal/SpaceCal/install/turtlesim/include/turtlesim/srv/detail/teleport_absolute__type_support.cpp
[8.464s] -- Up-to-date: /home/spacecal/SpaceCal/install/turtlesim/include/turtlesim/srv/detail/teleport_absolute__rosidl_typesupport_introspection_cpp.hpp
[8.464s] -- Up-to-date: /home/spacecal/SpaceCal/install/turtlesim/include/turtlesim/srv/detail/set_pen__rosidl_typesupport_introspection_cpp.hpp
[8.464s] -- Up-to-date: /home/spacecal/SpaceCal/install/turtlesim/include/turtlesim/srv/detail/kill__type_support.cpp
[8.465s] -- Up-to-date: /home/spacecal/SpaceCal/install/turtlesim/include/turtlesim/srv/detail/spawn__type_support.cpp
[8.465s] -- Up-to-date: /home/spacecal/SpaceCal/install/turtlesim/include/turtlesim/srv/detail/teleport_relative__rosidl_typesupport_introspection_cpp.hpp
[8.465s] -- Up-to-date: /home/spacecal/SpaceCal/install/turtlesim/include/turtlesim/srv/detail/teleport_relative__type_support.cpp
[8.466s] -- Up-to-date: /home/spacecal/SpaceCal/install/turtlesim/include/turtlesim/srv/detail/spawn__rosidl_typesupport_introspection_cpp.hpp
[8.467s] -- Up-to-date: /home/spacecal/SpaceCal/install/turtlesim/include/turtlesim/srv/detail/kill__rosidl_typesupport_introspection_cpp.hpp
[8.467s] -- Up-to-date: /home/spacecal/SpaceCal/install/turtlesim/include/turtlesim/action
[8.468s] -- Up-to-date: /home/spacecal/SpaceCal/install/turtlesim/include/turtlesim/action/detail
[8.469s] -- Up-to-date: /home/spacecal/SpaceCal/install/turtlesim/include/turtlesim/action/detail/rotate_absolute__rosidl_typesupport_introspection_cpp.hpp
[8.469s] -- Up-to-date: /home/spacecal/SpaceCal/install/turtlesim/include/turtlesim/action/detail/rotate_absolute__type_support.cpp
[8.470s] -- Up-to-date: /home/spacecal/SpaceCal/install/turtlesim/lib/libturtlesim__rosidl_typesupport_introspection_cpp.so
[8.470s] -- Up-to-date: /home/spacecal/SpaceCal/install/turtlesim/lib/libturtlesim__rosidl_typesupport_cpp.so
[8.471s] -- Up-to-date: /home/spacecal/SpaceCal/install/turtlesim/share/turtlesim/environment/pythonpath.sh
[8.471s] -- Up-to-date: /home/spacecal/SpaceCal/install/turtlesim/share/turtlesim/environment/pythonpath.dsv
[8.471s] -- Up-to-date: /home/spacecal/SpaceCal/install/turtlesim/lib/python3.8/site-packages/turtlesim/__init__.py
[8.698s] -- Up-to-date: /home/spacecal/SpaceCal/install/turtlesim/lib/python3.8/site-packages/turtlesim/action
[8.700s] -- Up-to-date: /home/spacecal/SpaceCal/install/turtlesim/lib/python3.8/site-packages/turtlesim/action/_rotate_absolute_s.c
[8.700s] -- Up-to-date: /home/spacecal/SpaceCal/install/turtlesim/lib/python3.8/site-packages/turtlesim/action/__init__.py
[8.701s] -- Up-to-date: /home/spacecal/SpaceCal/install/turtlesim/lib/python3.8/site-packages/turtlesim/action/_rotate_absolute.py
[8.702s] -- Up-to-date: /home/spacecal/SpaceCal/install/turtlesim/lib/python3.8/site-packages/turtlesim/msg
[8.703s] -- Up-to-date: /home/spacecal/SpaceCal/install/turtlesim/lib/python3.8/site-packages/turtlesim/msg/_pose.py
[8.703s] -- Up-to-date: /home/spacecal/SpaceCal/install/turtlesim/lib/python3.8/site-packages/turtlesim/msg/_pose_s.c
[8.705s] -- Up-to-date: /home/spacecal/SpaceCal/install/turtlesim/lib/python3.8/site-packages/turtlesim/msg/__init__.py
[8.706s] -- Up-to-date: /home/spacecal/SpaceCal/install/turtlesim/lib/python3.8/site-packages/turtlesim/msg/_color.py
[8.707s] -- Up-to-date: /home/spacecal/SpaceCal/install/turtlesim/lib/python3.8/site-packages/turtlesim/msg/_color_s.c
[8.708s] -- Up-to-date: /home/spacecal/SpaceCal/install/turtlesim/lib/python3.8/site-packages/turtlesim/srv
[8.709s] -- Up-to-date: /home/spacecal/SpaceCal/install/turtlesim/lib/python3.8/site-packages/turtlesim/srv/_set_pen_s.c
[8.709s] -- Up-to-date: /home/spacecal/SpaceCal/install/turtlesim/lib/python3.8/site-packages/turtlesim/srv/_set_pen.py
[8.710s] -- Up-to-date: /home/spacecal/SpaceCal/install/turtlesim/lib/python3.8/site-packages/turtlesim/srv/_kill_s.c
[8.711s] -- Up-to-date: /home/spacecal/SpaceCal/install/turtlesim/lib/python3.8/site-packages/turtlesim/srv/_kill.py
[8.712s] -- Up-to-date: /home/spacecal/SpaceCal/install/turtlesim/lib/python3.8/site-packages/turtlesim/srv/_spawn.py
[8.712s] -- Up-to-date: /home/spacecal/SpaceCal/install/turtlesim/lib/python3.8/site-packages/turtlesim/srv/__init__.py
[8.713s] -- Up-to-date: /home/spacecal/SpaceCal/install/turtlesim/lib/python3.8/site-packages/turtlesim/srv/_teleport_relative_s.c
[8.713s] -- Up-to-date: /home/spacecal/SpaceCal/install/turtlesim/lib/python3.8/site-packages/turtlesim/srv/_teleport_absolute_s.c
[8.714s] -- Up-to-date: /home/spacecal/SpaceCal/install/turtlesim/lib/python3.8/site-packages/turtlesim/srv/_teleport_absolute.py
[8.714s] -- Up-to-date: /home/spacecal/SpaceCal/install/turtlesim/lib/python3.8/site-packages/turtlesim/srv/_teleport_relative.py
[8.715s] -- Up-to-date: /home/spacecal/SpaceCal/install/turtlesim/lib/python3.8/site-packages/turtlesim/srv/_spawn_s.c
[8.715s] -- Up-to-date: /home/spacecal/SpaceCal/install/turtlesim/lib/python3.8/site-packages/turtlesim/turtlesim_s__rosidl_typesupport_fastrtps_c.cpython-38-aarch64-linux-gnu.so
[8.716s] -- Up-to-date: /home/spacecal/SpaceCal/install/turtlesim/lib/python3.8/site-packages/turtlesim/turtlesim_s__rosidl_typesupport_introspection_c.cpython-38-aarch64-linux-gnu.so
[8.716s] -- Up-to-date: /home/spacecal/SpaceCal/install/turtlesim/lib/python3.8/site-packages/turtlesim/turtlesim_s__rosidl_typesupport_c.cpython-38-aarch64-linux-gnu.so
[8.716s] -- Up-to-date: /home/spacecal/SpaceCal/install/turtlesim/lib/libturtlesim__python.so
[8.717s] -- Up-to-date: /home/spacecal/SpaceCal/install/turtlesim/share/turtlesim/action/RotateAbsolute.idl
[8.718s] -- Up-to-date: /home/spacecal/SpaceCal/install/turtlesim/share/turtlesim/msg/Color.idl
[8.718s] -- Up-to-date: /home/spacecal/SpaceCal/install/turtlesim/share/turtlesim/msg/Pose.idl
[8.719s] -- Up-to-date: /home/spacecal/SpaceCal/install/turtlesim/share/turtlesim/srv/Kill.idl
[8.719s] -- Up-to-date: /home/spacecal/SpaceCal/install/turtlesim/share/turtlesim/srv/SetPen.idl
[8.720s] -- Up-to-date: /home/spacecal/SpaceCal/install/turtlesim/share/turtlesim/srv/Spawn.idl
[8.720s] -- Up-to-date: /home/spacecal/SpaceCal/install/turtlesim/share/turtlesim/srv/TeleportAbsolute.idl
[8.720s] -- Up-to-date: /home/spacecal/SpaceCal/install/turtlesim/share/turtlesim/srv/TeleportRelative.idl
[8.721s] -- Up-to-date: /home/spacecal/SpaceCal/install/turtlesim/share/turtlesim/action/RotateAbsolute.action
[8.721s] -- Up-to-date: /home/spacecal/SpaceCal/install/turtlesim/share/turtlesim/msg/Color.msg
[8.721s] -- Up-to-date: /home/spacecal/SpaceCal/install/turtlesim/share/turtlesim/msg/Pose.msg
[8.722s] -- Up-to-date: /home/spacecal/SpaceCal/install/turtlesim/share/turtlesim/srv/Kill.srv
[8.723s] -- Up-to-date: /home/spacecal/SpaceCal/install/turtlesim/share/turtlesim/srv/Kill_Request.msg
[8.724s] -- Up-to-date: /home/spacecal/SpaceCal/install/turtlesim/share/turtlesim/srv/Kill_Response.msg
[8.725s] -- Up-to-date: /home/spacecal/SpaceCal/install/turtlesim/share/turtlesim/srv/SetPen.srv
[8.727s] -- Up-to-date: /home/spacecal/SpaceCal/install/turtlesim/share/turtlesim/srv/SetPen_Request.msg
[8.728s] -- Up-to-date: /home/spacecal/SpaceCal/install/turtlesim/share/turtlesim/srv/SetPen_Response.msg
[8.730s] -- Up-to-date: /home/spacecal/SpaceCal/install/turtlesim/share/turtlesim/srv/Spawn.srv
[8.731s] -- Up-to-date: /home/spacecal/SpaceCal/install/turtlesim/share/turtlesim/srv/Spawn_Request.msg
[8.732s] -- Up-to-date: /home/spacecal/SpaceCal/install/turtlesim/share/turtlesim/srv/Spawn_Response.msg
[8.733s] -- Up-to-date: /home/spacecal/SpaceCal/install/turtlesim/share/turtlesim/srv/TeleportAbsolute.srv
[8.734s] -- Up-to-date: /home/spacecal/SpaceCal/install/turtlesim/share/turtlesim/srv/TeleportAbsolute_Request.msg
[8.735s] -- Up-to-date: /home/spacecal/SpaceCal/install/turtlesim/share/turtlesim/srv/TeleportAbsolute_Response.msg
[8.736s] -- Up-to-date: /home/spacecal/SpaceCal/install/turtlesim/share/turtlesim/srv/TeleportRelative.srv
[8.737s] -- Up-to-date: /home/spacecal/SpaceCal/install/turtlesim/share/turtlesim/srv/TeleportRelative_Request.msg
[8.738s] -- Up-to-date: /home/spacecal/SpaceCal/install/turtlesim/share/turtlesim/srv/TeleportRelative_Response.msg
[8.739s] -- Up-to-date: /home/spacecal/SpaceCal/install/turtlesim/lib/turtlesim/turtlesim_node
[8.741s] -- Up-to-date: /home/spacecal/SpaceCal/install/turtlesim/lib/turtlesim/turtle_teleop_key
[8.743s] -- Up-to-date: /home/spacecal/SpaceCal/install/turtlesim/lib/turtlesim/draw_square
[8.745s] -- Up-to-date: /home/spacecal/SpaceCal/install/turtlesim/lib/turtlesim/mimic
[8.746s] -- Up-to-date: /home/spacecal/SpaceCal/install/turtlesim/share/turtlesim/images
[8.747s] -- Up-to-date: /home/spacecal/SpaceCal/install/turtlesim/share/turtlesim/images/dashing.png
[8.748s] -- Up-to-date: /home/spacecal/SpaceCal/install/turtlesim/share/turtlesim/images/eloquent.png
[8.749s] -- Up-to-date: /home/spacecal/SpaceCal/install/turtlesim/share/turtlesim/images/foxy.png
[8.749s] -- Up-to-date: /home/spacecal/SpaceCal/install/turtlesim/share/turtlesim/images/bouncy.png
[8.750s] -- Up-to-date: /home/spacecal/SpaceCal/install/turtlesim/share/turtlesim/images/ardent.png
[8.750s] -- Up-to-date: /home/spacecal/SpaceCal/install/turtlesim/share/turtlesim/images/crystal.png
[8.751s] -- Up-to-date: /home/spacecal/SpaceCal/install/turtlesim/share/turtlesim/launch
[8.752s] -- Up-to-date: /home/spacecal/SpaceCal/install/turtlesim/share/turtlesim/launch/multisim.launch.py
[8.752s] -- Up-to-date: /home/spacecal/SpaceCal/install/turtlesim/share/ament_index/resource_index/package_run_dependencies/turtlesim
[8.753s] -- Up-to-date: /home/spacecal/SpaceCal/install/turtlesim/share/ament_index/resource_index/parent_prefix_path/turtlesim
[8.753s] -- Up-to-date: /home/spacecal/SpaceCal/install/turtlesim/share/turtlesim/environment/ament_prefix_path.sh
[8.754s] -- Up-to-date: /home/spacecal/SpaceCal/install/turtlesim/share/turtlesim/environment/ament_prefix_path.dsv
[8.755s] -- Up-to-date: /home/spacecal/SpaceCal/install/turtlesim/share/turtlesim/environment/path.sh
[8.756s] -- Up-to-date: /home/spacecal/SpaceCal/install/turtlesim/share/turtlesim/environment/path.dsv
[8.756s] -- Up-to-date: /home/spacecal/SpaceCal/install/turtlesim/share/turtlesim/local_setup.bash
[8.757s] -- Up-to-date: /home/spacecal/SpaceCal/install/turtlesim/share/turtlesim/local_setup.sh
[8.758s] -- Up-to-date: /home/spacecal/SpaceCal/install/turtlesim/share/turtlesim/local_setup.zsh
[8.758s] -- Up-to-date: /home/spacecal/SpaceCal/install/turtlesim/share/turtlesim/local_setup.dsv
[8.759s] -- Installing: /home/spacecal/SpaceCal/install/turtlesim/share/turtlesim/package.dsv
[8.760s] -- Up-to-date: /home/spacecal/SpaceCal/install/turtlesim/share/ament_index/resource_index/packages/turtlesim
[8.760s] -- Up-to-date: /home/spacecal/SpaceCal/install/turtlesim/share/turtlesim/cmake/turtlesim__rosidl_generator_cExport.cmake
[8.761s] -- Up-to-date: /home/spacecal/SpaceCal/install/turtlesim/share/turtlesim/cmake/turtlesim__rosidl_generator_cExport-noconfig.cmake
[8.762s] -- Up-to-date: /home/spacecal/SpaceCal/install/turtlesim/share/turtlesim/cmake/turtlesim__rosidl_typesupport_introspection_cExport.cmake
[8.763s] -- Up-to-date: /home/spacecal/SpaceCal/install/turtlesim/share/turtlesim/cmake/turtlesim__rosidl_typesupport_introspection_cExport-noconfig.cmake
[8.765s] -- Up-to-date: /home/spacecal/SpaceCal/install/turtlesim/share/turtlesim/cmake/turtlesim__rosidl_typesupport_cExport.cmake
[8.767s] -- Up-to-date: /home/spacecal/SpaceCal/install/turtlesim/share/turtlesim/cmake/turtlesim__rosidl_typesupport_cExport-noconfig.cmake
[8.777s] -- Up-to-date: /home/spacecal/SpaceCal/install/turtlesim/share/turtlesim/cmake/turtlesim__rosidl_generator_cppExport.cmake
[8.779s] -- Up-to-date: /home/spacecal/SpaceCal/install/turtlesim/share/turtlesim/cmake/turtlesim__rosidl_typesupport_introspection_cppExport.cmake
[8.780s] -- Up-to-date: /home/spacecal/SpaceCal/install/turtlesim/share/turtlesim/cmake/turtlesim__rosidl_typesupport_introspection_cppExport-noconfig.cmake
[8.781s] -- Up-to-date: /home/spacecal/SpaceCal/install/turtlesim/share/turtlesim/cmake/turtlesim__rosidl_typesupport_cppExport.cmake
[8.781s] -- Up-to-date: /home/spacecal/SpaceCal/install/turtlesim/share/turtlesim/cmake/turtlesim__rosidl_typesupport_cppExport-noconfig.cmake
[8.781s] -- Up-to-date: /home/spacecal/SpaceCal/install/turtlesim/share/turtlesim/cmake/rosidl_cmake-extras.cmake
[8.782s] -- Up-to-date: /home/spacecal/SpaceCal/install/turtlesim/share/turtlesim/cmake/ament_cmake_export_dependencies-extras.cmake
[8.782s] -- Up-to-date: /home/spacecal/SpaceCal/install/turtlesim/share/turtlesim/cmake/ament_cmake_export_libraries-extras.cmake
[8.783s] -- Up-to-date: /home/spacecal/SpaceCal/install/turtlesim/share/turtlesim/cmake/ament_cmake_export_targets-extras.cmake
[8.783s] -- Up-to-date: /home/spacecal/SpaceCal/install/turtlesim/share/turtlesim/cmake/ament_cmake_export_include_directories-extras.cmake
[8.784s] -- Up-to-date: /home/spacecal/SpaceCal/install/turtlesim/share/turtlesim/cmake/rosidl_cmake_export_typesupport_libraries-extras.cmake
[8.784s] -- Up-to-date: /home/spacecal/SpaceCal/install/turtlesim/share/turtlesim/cmake/rosidl_cmake_export_typesupport_targets-extras.cmake
[8.785s] -- Up-to-date: /home/spacecal/SpaceCal/install/turtlesim/share/turtlesim/cmake/turtlesimConfig.cmake
[8.785s] -- Up-to-date: /home/spacecal/SpaceCal/install/turtlesim/share/turtlesim/cmake/turtlesimConfig-version.cmake
[8.786s] -- Up-to-date: /home/spacecal/SpaceCal/install/turtlesim/share/turtlesim/package.xml
[8.787s] Invoked command in '/home/spacecal/SpaceCal/build/turtlesim' returned '0': CMAKE_PREFIX_PATH=${CMAKE_PREFIX_PATH}:/home/spacecal/SpaceCal/install/JNode_MotorController:/home/spacecal/SpaceCal/install/JNode_KeyboardInput:/opt/ros/foxy /usr/bin/cmake --install /home/spacecal/SpaceCal/build/turtlesim
