[3.914s] Invoking command in '/home/spacecal/SpaceCal/src/JNode_MotorController': PYTHONPATH=/home/spacecal/SpaceCal/install/JNode_MotorController/lib/python3.8/site-packages:${PYTHONPATH} /usr/bin/python3 setup.py egg_info --egg-base ../../build/JNode_MotorController build --build-base /home/spacecal/SpaceCal/build/JNode_MotorController/build install --prefix /home/spacecal/SpaceCal/install/JNode_MotorController --record /home/spacecal/SpaceCal/build/JNode_MotorController/install.log --single-version-externally-managed
[6.281s] running egg_info
[6.288s] writing ../../build/JNode_MotorController/JNode_MotorController.egg-info/PKG-INFO
[6.295s] writing dependency_links to ../../build/JNode_MotorController/JNode_MotorController.egg-info/dependency_links.txt
[6.303s] writing entry points to ../../build/JNode_MotorController/JNode_MotorController.egg-info/entry_points.txt
[6.311s] writing requirements to ../../build/JNode_MotorController/JNode_MotorController.egg-info/requires.txt
[6.315s] writing top-level names to ../../build/JNode_MotorController/JNode_MotorController.egg-info/top_level.txt
[6.658s] reading manifest file '../../build/JNode_MotorController/JNode_MotorController.egg-info/SOURCES.txt'
[6.671s] writing manifest file '../../build/JNode_MotorController/JNode_MotorController.egg-info/SOURCES.txt'
[6.677s] running build
[6.679s] running build_py
[6.684s] running install
[6.704s] running install_lib
[6.730s] running install_data
[6.735s] running install_egg_info
[6.759s] removing '/home/spacecal/SpaceCal/install/JNode_MotorController/lib/python3.8/site-packages/JNode_MotorController-0.0.0-py3.8.egg-info' (and everything under it)
[6.760s] Copying ../../build/JNode_MotorController/JNode_MotorController.egg-info to /home/spacecal/SpaceCal/install/JNode_MotorController/lib/python3.8/site-packages/JNode_MotorController-0.0.0-py3.8.egg-info
[6.773s] running install_scripts
[7.002s] writing list of installed files to '/home/spacecal/SpaceCal/build/JNode_MotorController/install.log'
[7.465s] Invoked command in '/home/spacecal/SpaceCal/src/JNode_MotorController' returned '0': PYTHONPATH=/home/spacecal/SpaceCal/install/JNode_MotorController/lib/python3.8/site-packages:${PYTHONPATH} /usr/bin/python3 setup.py egg_info --egg-base ../../build/JNode_MotorController build --build-base /home/spacecal/SpaceCal/build/JNode_MotorController/build install --prefix /home/spacecal/SpaceCal/install/JNode_MotorController --record /home/spacecal/SpaceCal/build/JNode_MotorController/install.log --single-version-externally-managed
