[3.759s] Invoking command in '/home/spacecal/SpaceCal/build/turtlesim': CMAKE_PREFIX_PATH=${CMAKE_PREFIX_PATH}:/home/spacecal/SpaceCal/install/JNode_MotorController:/home/spacecal/SpaceCal/install/JNode_KeyboardInput:/opt/ros/foxy /usr/bin/cmake --build /home/spacecal/SpaceCal/build/turtlesim -- -j4 -l4
[4.369s] [ 10%] Built target turtlesim__rosidl_generator_c
[4.406s] [ 11%] Built target turtlesim__cpp
[4.861s] [ 21%] Built target turtlesim__rosidl_typesupport_introspection_c
[4.902s] [ 31%] Built target turtlesim__rosidl_typesupport_cpp
[4.948s] [ 41%] Built target turtlesim__rosidl_typesupport_c
[4.990s] [ 51%] Built target turtlesim__rosidl_typesupport_introspection_cpp
[5.209s] [ 61%] Built target turtlesim__rosidl_typesupport_fastrtps_cpp
[5.451s] [ 71%] Built target turtlesim__rosidl_typesupport_fastrtps_c
[5.639s] [ 71%] Built target turtlesim
[6.136s] [ 72%] Built target turtlesim__py
[6.152s] [ 74%] Built target mimic
[6.174s] [ 76%] Built target draw_square
[6.357s] [ 78%] Built target turtle_teleop_key
[6.530s] [ 87%] Built target turtlesim__python
[6.766s] [ 93%] Built target turtlesim_node
[6.924s] [ 95%] Built target turtlesim__rosidl_typesupport_fastrtps_c__pyext
[7.020s] [ 97%] Built target turtlesim__rosidl_typesupport_introspection_c__pyext
[7.048s] [100%] Built target turtlesim__rosidl_typesupport_c__pyext
[7.183s] Invoked command in '/home/spacecal/SpaceCal/build/turtlesim' returned '0': CMAKE_PREFIX_PATH=${CMAKE_PREFIX_PATH}:/home/spacecal/SpaceCal/install/JNode_MotorController:/home/spacecal/SpaceCal/install/JNode_KeyboardInput:/opt/ros/foxy /usr/bin/cmake --build /home/spacecal/SpaceCal/build/turtlesim -- -j4 -l4
[8.716s] Invoking command in '/home/spacecal/SpaceCal/build/turtlesim': CMAKE_PREFIX_PATH=${CMAKE_PREFIX_PATH}:/home/spacecal/SpaceCal/install/JNode_MotorController:/home/spacecal/SpaceCal/install/JNode_KeyboardInput:/opt/ros/foxy /usr/bin/cmake --install /home/spacecal/SpaceCal/build/turtlesim
[8.788s] -- Install configuration: ""
[8.790s] -- Up-to-date: /home/spacecal/SpaceCal/install/turtlesim/share/ament_index/resource_index/rosidl_interfaces/turtlesim
[8.791s] -- Up-to-date: /home/spacecal/SpaceCal/install/turtlesim/include/turtlesim
[8.792s] -- Up-to-date: /home/spacecal/SpaceCal/install/turtlesim/include/turtlesim/msg
[8.793s] -- Up-to-date: /home/spacecal/SpaceCal/install/turtlesim/include/turtlesim/msg/rosidl_generator_c__visibility_control.h
[8.794s] -- Up-to-date: /home/spacecal/SpaceCal/install/turtlesim/include/turtlesim/msg/detail
[8.794s] -- Up-to-date: /home/spacecal/SpaceCal/install/turtlesim/include/turtlesim/msg/detail/pose__functions.c
[8.795s] -- Up-to-date: /home/spacecal/SpaceCal/install/turtlesim/include/turtlesim/msg/detail/pose__type_support.h
[8.797s] -- Up-to-date: /home/spacecal/SpaceCal/install/turtlesim/include/turtlesim/msg/detail/pose__functions.h
[8.797s] -- Up-to-date: /home/spacecal/SpaceCal/install/turtlesim/include/turtlesim/msg/detail/color__functions.c
[8.798s] -- Up-to-date: /home/spacecal/SpaceCal/install/turtlesim/include/turtlesim/msg/detail/color__functions.h
[8.799s] -- Up-to-date: /home/spacecal/SpaceCal/install/turtlesim/include/turtlesim/msg/detail/color__type_support.h
[8.799s] -- Up-to-date: /home/spacecal/SpaceCal/install/turtlesim/include/turtlesim/msg/detail/pose__struct.h
[8.800s] -- Up-to-date: /home/spacecal/SpaceCal/install/turtlesim/include/turtlesim/msg/detail/color__struct.h
[8.801s] -- Up-to-date: /home/spacecal/SpaceCal/install/turtlesim/include/turtlesim/msg/color.h
[8.802s] -- Up-to-date: /home/spacecal/SpaceCal/install/turtlesim/include/turtlesim/msg/pose.h
[8.803s] -- Up-to-date: /home/spacecal/SpaceCal/install/turtlesim/include/turtlesim/srv
[8.803s] -- Up-to-date: /home/spacecal/SpaceCal/install/turtlesim/include/turtlesim/srv/set_pen.h
[8.804s] -- Up-to-date: /home/spacecal/SpaceCal/install/turtlesim/include/turtlesim/srv/detail
[8.805s] -- Up-to-date: /home/spacecal/SpaceCal/install/turtlesim/include/turtlesim/srv/detail/set_pen__functions.c
[8.805s] -- Up-to-date: /home/spacecal/SpaceCal/install/turtlesim/include/turtlesim/srv/detail/set_pen__functions.h
[8.806s] -- Up-to-date: /home/spacecal/SpaceCal/install/turtlesim/include/turtlesim/srv/detail/teleport_relative__functions.h
[8.807s] -- Up-to-date: /home/spacecal/SpaceCal/install/turtlesim/include/turtlesim/srv/detail/spawn__functions.c
[8.807s] -- Up-to-date: /home/spacecal/SpaceCal/install/turtlesim/include/turtlesim/srv/detail/teleport_relative__struct.h
[8.808s] -- Up-to-date: /home/spacecal/SpaceCal/install/turtlesim/include/turtlesim/srv/detail/teleport_absolute__functions.c
[8.809s] -- Up-to-date: /home/spacecal/SpaceCal/install/turtlesim/include/turtlesim/srv/detail/set_pen__type_support.h
[8.811s] -- Up-to-date: /home/spacecal/SpaceCal/install/turtlesim/include/turtlesim/srv/detail/spawn__type_support.h
[8.811s] -- Up-to-date: /home/spacecal/SpaceCal/install/turtlesim/include/turtlesim/srv/detail/kill__functions.h
[8.812s] -- Up-to-date: /home/spacecal/SpaceCal/install/turtlesim/include/turtlesim/srv/detail/set_pen__struct.h
[8.812s] -- Up-to-date: /home/spacecal/SpaceCal/install/turtlesim/include/turtlesim/srv/detail/kill__struct.h
[8.813s] -- Up-to-date: /home/spacecal/SpaceCal/install/turtlesim/include/turtlesim/srv/detail/teleport_absolute__functions.h
[8.814s] -- Up-to-date: /home/spacecal/SpaceCal/install/turtlesim/include/turtlesim/srv/detail/teleport_relative__functions.c
[8.814s] -- Up-to-date: /home/spacecal/SpaceCal/install/turtlesim/include/turtlesim/srv/detail/teleport_absolute__struct.h
[8.815s] -- Up-to-date: /home/spacecal/SpaceCal/install/turtlesim/include/turtlesim/srv/detail/spawn__functions.h
[8.815s] -- Up-to-date: /home/spacecal/SpaceCal/install/turtlesim/include/turtlesim/srv/detail/teleport_relative__type_support.h
[8.815s] -- Up-to-date: /home/spacecal/SpaceCal/install/turtlesim/include/turtlesim/srv/detail/kill__type_support.h
[8.816s] -- Up-to-date: /home/spacecal/SpaceCal/install/turtlesim/include/turtlesim/srv/detail/teleport_absolute__type_support.h
[8.816s] -- Up-to-date: /home/spacecal/SpaceCal/install/turtlesim/include/turtlesim/srv/detail/kill__functions.c
[8.817s] -- Up-to-date: /home/spacecal/SpaceCal/install/turtlesim/include/turtlesim/srv/detail/spawn__struct.h
[8.817s] -- Up-to-date: /home/spacecal/SpaceCal/install/turtlesim/include/turtlesim/srv/kill.h
[8.818s] -- Up-to-date: /home/spacecal/SpaceCal/install/turtlesim/include/turtlesim/srv/teleport_absolute.h
[8.819s] -- Up-to-date: /home/spacecal/SpaceCal/install/turtlesim/include/turtlesim/srv/teleport_relative.h
[8.820s] -- Up-to-date: /home/spacecal/SpaceCal/install/turtlesim/include/turtlesim/srv/spawn.h
[8.820s] -- Up-to-date: /home/spacecal/SpaceCal/install/turtlesim/include/turtlesim/action
[8.821s] -- Up-to-date: /home/spacecal/SpaceCal/install/turtlesim/include/turtlesim/action/detail
[8.822s] -- Up-to-date: /home/spacecal/SpaceCal/install/turtlesim/include/turtlesim/action/detail/rotate_absolute__functions.c
[8.822s] -- Up-to-date: /home/spacecal/SpaceCal/install/turtlesim/include/turtlesim/action/detail/rotate_absolute__type_support.h
[8.823s] -- Up-to-date: /home/spacecal/SpaceCal/install/turtlesim/include/turtlesim/action/detail/rotate_absolute__struct.h
[8.823s] -- Up-to-date: /home/spacecal/SpaceCal/install/turtlesim/include/turtlesim/action/detail/rotate_absolute__functions.h
[8.824s] -- Up-to-date: /home/spacecal/SpaceCal/install/turtlesim/include/turtlesim/action/rotate_absolute.h
[8.825s] -- Up-to-date: /home/spacecal/SpaceCal/install/turtlesim/share/turtlesim/environment/library_path.sh
[8.826s] -- Up-to-date: /home/spacecal/SpaceCal/install/turtlesim/share/turtlesim/environment/library_path.dsv
[8.827s] -- Up-to-date: /home/spacecal/SpaceCal/install/turtlesim/lib/libturtlesim__rosidl_generator_c.so
[8.828s] -- Up-to-date: /home/spacecal/SpaceCal/install/turtlesim/include/turtlesim
[8.830s] -- Up-to-date: /home/spacecal/SpaceCal/install/turtlesim/include/turtlesim/msg
[8.830s] -- Up-to-date: /home/spacecal/SpaceCal/install/turtlesim/include/turtlesim/msg/detail
[8.831s] -- Up-to-date: /home/spacecal/SpaceCal/install/turtlesim/include/turtlesim/msg/detail/pose__rosidl_typesupport_fastrtps_c.h
[8.832s] -- Up-to-date: /home/spacecal/SpaceCal/install/turtlesim/include/turtlesim/msg/detail/color__rosidl_typesupport_fastrtps_c.h
[8.833s] -- Up-to-date: /home/spacecal/SpaceCal/install/turtlesim/include/turtlesim/msg/rosidl_typesupport_fastrtps_c__visibility_control.h
[8.835s] -- Up-to-date: /home/spacecal/SpaceCal/install/turtlesim/include/turtlesim/srv
[8.837s] -- Up-to-date: /home/spacecal/SpaceCal/install/turtlesim/include/turtlesim/srv/detail
[8.839s] -- Up-to-date: /home/spacecal/SpaceCal/install/turtlesim/include/turtlesim/srv/detail/teleport_relative__rosidl_typesupport_fastrtps_c.h
[8.840s] -- Up-to-date: /home/spacecal/SpaceCal/install/turtlesim/include/turtlesim/srv/detail/teleport_absolute__rosidl_typesupport_fastrtps_c.h
[8.841s] -- Up-to-date: /home/spacecal/SpaceCal/install/turtlesim/include/turtlesim/srv/detail/spawn__rosidl_typesupport_fastrtps_c.h
[8.842s] -- Up-to-date: /home/spacecal/SpaceCal/install/turtlesim/include/turtlesim/srv/detail/kill__rosidl_typesupport_fastrtps_c.h
[8.842s] -- Up-to-date: /home/spacecal/SpaceCal/install/turtlesim/include/turtlesim/srv/detail/set_pen__rosidl_typesupport_fastrtps_c.h
[8.843s] -- Up-to-date: /home/spacecal/SpaceCal/install/turtlesim/include/turtlesim/action
[8.844s] -- Up-to-date: /home/spacecal/SpaceCal/install/turtlesim/include/turtlesim/action/detail
[8.845s] -- Up-to-date: /home/spacecal/SpaceCal/install/turtlesim/include/turtlesim/action/detail/rotate_absolute__rosidl_typesupport_fastrtps_c.h
[8.845s] -- Up-to-date: /home/spacecal/SpaceCal/install/turtlesim/lib/libturtlesim__rosidl_typesupport_fastrtps_c.so
[8.846s] -- Up-to-date: /home/spacecal/SpaceCal/install/turtlesim/include/turtlesim
[8.847s] -- Up-to-date: /home/spacecal/SpaceCal/install/turtlesim/include/turtlesim/msg
[8.849s] -- Up-to-date: /home/spacecal/SpaceCal/install/turtlesim/include/turtlesim/msg/detail
[8.852s] -- Up-to-date: /home/spacecal/SpaceCal/install/turtlesim/include/turtlesim/msg/detail/pose__rosidl_typesupport_fastrtps_cpp.hpp
[8.853s] -- Up-to-date: /home/spacecal/SpaceCal/install/turtlesim/include/turtlesim/msg/detail/dds_fastrtps
[8.854s] -- Up-to-date: /home/spacecal/SpaceCal/install/turtlesim/include/turtlesim/msg/detail/color__rosidl_typesupport_fastrtps_cpp.hpp
[8.855s] -- Up-to-date: /home/spacecal/SpaceCal/install/turtlesim/include/turtlesim/msg/rosidl_typesupport_fastrtps_cpp__visibility_control.h
[8.856s] -- Up-to-date: /home/spacecal/SpaceCal/install/turtlesim/include/turtlesim/srv
[8.856s] -- Up-to-date: /home/spacecal/SpaceCal/install/turtlesim/include/turtlesim/srv/detail
[8.857s] -- Up-to-date: /home/spacecal/SpaceCal/install/turtlesim/include/turtlesim/srv/detail/teleport_absolute__rosidl_typesupport_fastrtps_cpp.hpp
[8.857s] -- Up-to-date: /home/spacecal/SpaceCal/install/turtlesim/include/turtlesim/srv/detail/kill__rosidl_typesupport_fastrtps_cpp.hpp
[8.858s] -- Up-to-date: /home/spacecal/SpaceCal/install/turtlesim/include/turtlesim/srv/detail/dds_fastrtps
[8.859s] -- Up-to-date: /home/spacecal/SpaceCal/install/turtlesim/include/turtlesim/srv/detail/teleport_relative__rosidl_typesupport_fastrtps_cpp.hpp
[8.859s] -- Up-to-date: /home/spacecal/SpaceCal/install/turtlesim/include/turtlesim/srv/detail/spawn__rosidl_typesupport_fastrtps_cpp.hpp
[8.860s] -- Up-to-date: /home/spacecal/SpaceCal/install/turtlesim/include/turtlesim/srv/detail/set_pen__rosidl_typesupport_fastrtps_cpp.hpp
[8.860s] -- Up-to-date: /home/spacecal/SpaceCal/install/turtlesim/include/turtlesim/action
[8.861s] -- Up-to-date: /home/spacecal/SpaceCal/install/turtlesim/include/turtlesim/action/detail
[8.861s] -- Up-to-date: /home/spacecal/SpaceCal/install/turtlesim/include/turtlesim/action/detail/rotate_absolute__rosidl_typesupport_fastrtps_cpp.hpp
[8.862s] -- Up-to-date: /home/spacecal/SpaceCal/install/turtlesim/include/turtlesim/action/detail/dds_fastrtps
[8.862s] -- Up-to-date: /home/spacecal/SpaceCal/install/turtlesim/lib/libturtlesim__rosidl_typesupport_fastrtps_cpp.so
[8.863s] -- Up-to-date: /home/spacecal/SpaceCal/install/turtlesim/include/turtlesim
[8.863s] -- Up-to-date: /home/spacecal/SpaceCal/install/turtlesim/include/turtlesim/msg
[8.864s] -- Up-to-date: /home/spacecal/SpaceCal/install/turtlesim/include/turtlesim/msg/detail
[8.865s] -- Up-to-date: /home/spacecal/SpaceCal/install/turtlesim/include/turtlesim/msg/detail/color__type_support.c
[8.866s] -- Up-to-date: /home/spacecal/SpaceCal/install/turtlesim/include/turtlesim/msg/detail/pose__type_support.c
[8.866s] -- Up-to-date: /home/spacecal/SpaceCal/install/turtlesim/include/turtlesim/msg/detail/pose__rosidl_typesupport_introspection_c.h
[8.867s] -- Up-to-date: /home/spacecal/SpaceCal/install/turtlesim/include/turtlesim/msg/detail/color__rosidl_typesupport_introspection_c.h
[8.868s] -- Up-to-date: /home/spacecal/SpaceCal/install/turtlesim/include/turtlesim/msg/rosidl_typesupport_introspection_c__visibility_control.h
[8.869s] -- Up-to-date: /home/spacecal/SpaceCal/install/turtlesim/include/turtlesim/srv
[8.869s] -- Up-to-date: /home/spacecal/SpaceCal/install/turtlesim/include/turtlesim/srv/detail
[8.870s] -- Up-to-date: /home/spacecal/SpaceCal/install/turtlesim/include/turtlesim/srv/detail/spawn__type_support.c
[8.871s] -- Up-to-date: /home/spacecal/SpaceCal/install/turtlesim/include/turtlesim/srv/detail/set_pen__type_support.c
[8.871s] -- Up-to-date: /home/spacecal/SpaceCal/install/turtlesim/include/turtlesim/srv/detail/teleport_relative__rosidl_typesupport_introspection_c.h
[8.872s] -- Up-to-date: /home/spacecal/SpaceCal/install/turtlesim/include/turtlesim/srv/detail/kill__rosidl_typesupport_introspection_c.h
[8.872s] -- Up-to-date: /home/spacecal/SpaceCal/install/turtlesim/include/turtlesim/srv/detail/teleport_absolute__rosidl_typesupport_introspection_c.h
[8.872s] -- Up-to-date: /home/spacecal/SpaceCal/install/turtlesim/include/turtlesim/srv/detail/kill__type_support.c
[8.873s] -- Up-to-date: /home/spacecal/SpaceCal/install/turtlesim/include/turtlesim/srv/detail/spawn__rosidl_typesupport_introspection_c.h
[8.873s] -- Up-to-date: /home/spacecal/SpaceCal/install/turtlesim/include/turtlesim/srv/detail/teleport_relative__type_support.c
[8.874s] -- Up-to-date: /home/spacecal/SpaceCal/install/turtlesim/include/turtlesim/srv/detail/teleport_absolute__type_support.c
[8.874s] -- Up-to-date: /home/spacecal/SpaceCal/install/turtlesim/include/turtlesim/srv/detail/set_pen__rosidl_typesupport_introspection_c.h
[8.874s] -- Up-to-date: /home/spacecal/SpaceCal/install/turtlesim/include/turtlesim/action
[8.875s] -- Up-to-date: /home/spacecal/SpaceCal/install/turtlesim/include/turtlesim/action/detail
[8.875s] -- Up-to-date: /home/spacecal/SpaceCal/install/turtlesim/include/turtlesim/action/detail/rotate_absolute__rosidl_typesupport_introspection_c.h
[8.876s] -- Up-to-date: /home/spacecal/SpaceCal/install/turtlesim/include/turtlesim/action/detail/rotate_absolute__type_support.c
[8.876s] -- Up-to-date: /home/spacecal/SpaceCal/install/turtlesim/lib/libturtlesim__rosidl_typesupport_introspection_c.so
[8.877s] -- Up-to-date: /home/spacecal/SpaceCal/install/turtlesim/lib/libturtlesim__rosidl_typesupport_c.so
[8.877s] -- Up-to-date: /home/spacecal/SpaceCal/install/turtlesim/include/turtlesim
[8.877s] -- Up-to-date: /home/spacecal/SpaceCal/install/turtlesim/include/turtlesim/msg
[8.878s] -- Up-to-date: /home/spacecal/SpaceCal/install/turtlesim/include/turtlesim/msg/detail
[8.879s] -- Up-to-date: /home/spacecal/SpaceCal/install/turtlesim/include/turtlesim/msg/detail/pose__traits.hpp
[8.879s] -- Up-to-date: /home/spacecal/SpaceCal/install/turtlesim/include/turtlesim/msg/detail/color__traits.hpp
[8.879s] -- Up-to-date: /home/spacecal/SpaceCal/install/turtlesim/include/turtlesim/msg/detail/color__builder.hpp
[8.880s] -- Up-to-date: /home/spacecal/SpaceCal/install/turtlesim/include/turtlesim/msg/detail/pose__struct.hpp
[8.880s] -- Up-to-date: /home/spacecal/SpaceCal/install/turtlesim/include/turtlesim/msg/detail/pose__builder.hpp
[8.881s] -- Up-to-date: /home/spacecal/SpaceCal/install/turtlesim/include/turtlesim/msg/detail/color__struct.hpp
[8.881s] -- Up-to-date: /home/spacecal/SpaceCal/install/turtlesim/include/turtlesim/msg/pose.hpp
[8.882s] -- Up-to-date: /home/spacecal/SpaceCal/install/turtlesim/include/turtlesim/msg/color.hpp
[8.882s] -- Up-to-date: /home/spacecal/SpaceCal/install/turtlesim/include/turtlesim/srv
[8.883s] -- Up-to-date: /home/spacecal/SpaceCal/install/turtlesim/include/turtlesim/srv/detail
[8.883s] -- Up-to-date: /home/spacecal/SpaceCal/install/turtlesim/include/turtlesim/srv/detail/teleport_absolute__struct.hpp
[8.884s] -- Up-to-date: /home/spacecal/SpaceCal/install/turtlesim/include/turtlesim/srv/detail/spawn__builder.hpp
[8.885s] -- Up-to-date: /home/spacecal/SpaceCal/install/turtlesim/include/turtlesim/srv/detail/spawn__traits.hpp
[8.886s] -- Up-to-date: /home/spacecal/SpaceCal/install/turtlesim/include/turtlesim/srv/detail/teleport_relative__builder.hpp
[8.886s] -- Up-to-date: /home/spacecal/SpaceCal/install/turtlesim/include/turtlesim/srv/detail/set_pen__builder.hpp
[8.887s] -- Up-to-date: /home/spacecal/SpaceCal/install/turtlesim/include/turtlesim/srv/detail/kill__struct.hpp
[8.887s] -- Up-to-date: /home/spacecal/SpaceCal/install/turtlesim/include/turtlesim/srv/detail/teleport_relative__traits.hpp
[8.888s] -- Up-to-date: /home/spacecal/SpaceCal/install/turtlesim/include/turtlesim/srv/detail/kill__traits.hpp
[8.888s] -- Up-to-date: /home/spacecal/SpaceCal/install/turtlesim/include/turtlesim/srv/detail/teleport_absolute__traits.hpp
[8.888s] -- Up-to-date: /home/spacecal/SpaceCal/install/turtlesim/include/turtlesim/srv/detail/set_pen__struct.hpp
[8.889s] -- Up-to-date: /home/spacecal/SpaceCal/install/turtlesim/include/turtlesim/srv/detail/kill__builder.hpp
[8.890s] -- Up-to-date: /home/spacecal/SpaceCal/install/turtlesim/include/turtlesim/srv/detail/set_pen__traits.hpp
[8.890s] -- Up-to-date: /home/spacecal/SpaceCal/install/turtlesim/include/turtlesim/srv/detail/teleport_absolute__builder.hpp
[8.891s] -- Up-to-date: /home/spacecal/SpaceCal/install/turtlesim/include/turtlesim/srv/detail/spawn__struct.hpp
[8.891s] -- Up-to-date: /home/spacecal/SpaceCal/install/turtlesim/include/turtlesim/srv/detail/teleport_relative__struct.hpp
[8.891s] -- Up-to-date: /home/spacecal/SpaceCal/install/turtlesim/include/turtlesim/srv/teleport_absolute.hpp
[8.892s] -- Up-to-date: /home/spacecal/SpaceCal/install/turtlesim/include/turtlesim/srv/spawn.hpp
[8.892s] -- Up-to-date: /home/spacecal/SpaceCal/install/turtlesim/include/turtlesim/srv/set_pen.hpp
[8.893s] -- Up-to-date: /home/spacecal/SpaceCal/install/turtlesim/include/turtlesim/srv/teleport_relative.hpp
[8.893s] -- Up-to-date: /home/spacecal/SpaceCal/install/turtlesim/include/turtlesim/srv/kill.hpp
[8.894s] -- Up-to-date: /home/spacecal/SpaceCal/install/turtlesim/include/turtlesim/action
[8.894s] -- Up-to-date: /home/spacecal/SpaceCal/install/turtlesim/include/turtlesim/action/detail
[8.895s] -- Up-to-date: /home/spacecal/SpaceCal/install/turtlesim/include/turtlesim/action/detail/rotate_absolute__builder.hpp
[8.895s] -- Up-to-date: /home/spacecal/SpaceCal/install/turtlesim/include/turtlesim/action/detail/rotate_absolute__struct.hpp
[8.897s] -- Up-to-date: /home/spacecal/SpaceCal/install/turtlesim/include/turtlesim/action/detail/rotate_absolute__traits.hpp
[8.897s] -- Up-to-date: /home/spacecal/SpaceCal/install/turtlesim/include/turtlesim/action/rotate_absolute.hpp
[8.898s] -- Up-to-date: /home/spacecal/SpaceCal/install/turtlesim/include/turtlesim
[8.898s] -- Up-to-date: /home/spacecal/SpaceCal/install/turtlesim/include/turtlesim/msg
[8.899s] -- Up-to-date: /home/spacecal/SpaceCal/install/turtlesim/include/turtlesim/msg/detail
[8.900s] -- Up-to-date: /home/spacecal/SpaceCal/install/turtlesim/include/turtlesim/msg/detail/pose__rosidl_typesupport_introspection_cpp.hpp
[8.900s] -- Up-to-date: /home/spacecal/SpaceCal/install/turtlesim/include/turtlesim/msg/detail/color__type_support.cpp
[8.901s] -- Up-to-date: /home/spacecal/SpaceCal/install/turtlesim/include/turtlesim/msg/detail/pose__type_support.cpp
[8.902s] -- Up-to-date: /home/spacecal/SpaceCal/install/turtlesim/include/turtlesim/msg/detail/color__rosidl_typesupport_introspection_cpp.hpp
[8.903s] -- Up-to-date: /home/spacecal/SpaceCal/install/turtlesim/include/turtlesim/srv
[8.903s] -- Up-to-date: /home/spacecal/SpaceCal/install/turtlesim/include/turtlesim/srv/detail
[8.904s] -- Up-to-date: /home/spacecal/SpaceCal/install/turtlesim/include/turtlesim/srv/detail/set_pen__type_support.cpp
[8.904s] -- Up-to-date: /home/spacecal/SpaceCal/install/turtlesim/include/turtlesim/srv/detail/teleport_absolute__type_support.cpp
[8.905s] -- Up-to-date: /home/spacecal/SpaceCal/install/turtlesim/include/turtlesim/srv/detail/teleport_absolute__rosidl_typesupport_introspection_cpp.hpp
[8.905s] -- Up-to-date: /home/spacecal/SpaceCal/install/turtlesim/include/turtlesim/srv/detail/set_pen__rosidl_typesupport_introspection_cpp.hpp
[8.906s] -- Up-to-date: /home/spacecal/SpaceCal/install/turtlesim/include/turtlesim/srv/detail/kill__type_support.cpp
[8.906s] -- Up-to-date: /home/spacecal/SpaceCal/install/turtlesim/include/turtlesim/srv/detail/spawn__type_support.cpp
[8.907s] -- Up-to-date: /home/spacecal/SpaceCal/install/turtlesim/include/turtlesim/srv/detail/teleport_relative__rosidl_typesupport_introspection_cpp.hpp
[8.907s] -- Up-to-date: /home/spacecal/SpaceCal/install/turtlesim/include/turtlesim/srv/detail/teleport_relative__type_support.cpp
[8.908s] -- Up-to-date: /home/spacecal/SpaceCal/install/turtlesim/include/turtlesim/srv/detail/spawn__rosidl_typesupport_introspection_cpp.hpp
[8.909s] -- Up-to-date: /home/spacecal/SpaceCal/install/turtlesim/include/turtlesim/srv/detail/kill__rosidl_typesupport_introspection_cpp.hpp
[8.909s] -- Up-to-date: /home/spacecal/SpaceCal/install/turtlesim/include/turtlesim/action
[8.910s] -- Up-to-date: /home/spacecal/SpaceCal/install/turtlesim/include/turtlesim/action/detail
[8.911s] -- Up-to-date: /home/spacecal/SpaceCal/install/turtlesim/include/turtlesim/action/detail/rotate_absolute__rosidl_typesupport_introspection_cpp.hpp
[8.912s] -- Up-to-date: /home/spacecal/SpaceCal/install/turtlesim/include/turtlesim/action/detail/rotate_absolute__type_support.cpp
[8.912s] -- Up-to-date: /home/spacecal/SpaceCal/install/turtlesim/lib/libturtlesim__rosidl_typesupport_introspection_cpp.so
[8.912s] -- Up-to-date: /home/spacecal/SpaceCal/install/turtlesim/lib/libturtlesim__rosidl_typesupport_cpp.so
[8.913s] -- Up-to-date: /home/spacecal/SpaceCal/install/turtlesim/share/turtlesim/environment/pythonpath.sh
[8.913s] -- Up-to-date: /home/spacecal/SpaceCal/install/turtlesim/share/turtlesim/environment/pythonpath.dsv
[8.914s] -- Up-to-date: /home/spacecal/SpaceCal/install/turtlesim/lib/python3.8/site-packages/turtlesim/__init__.py
[9.161s] -- Up-to-date: /home/spacecal/SpaceCal/install/turtlesim/lib/python3.8/site-packages/turtlesim/action
[9.162s] -- Up-to-date: /home/spacecal/SpaceCal/install/turtlesim/lib/python3.8/site-packages/turtlesim/action/_rotate_absolute_s.c
[9.163s] -- Up-to-date: /home/spacecal/SpaceCal/install/turtlesim/lib/python3.8/site-packages/turtlesim/action/__init__.py
[9.163s] -- Up-to-date: /home/spacecal/SpaceCal/install/turtlesim/lib/python3.8/site-packages/turtlesim/action/_rotate_absolute.py
[9.164s] -- Up-to-date: /home/spacecal/SpaceCal/install/turtlesim/lib/python3.8/site-packages/turtlesim/msg
[9.165s] -- Up-to-date: /home/spacecal/SpaceCal/install/turtlesim/lib/python3.8/site-packages/turtlesim/msg/_pose.py
[9.166s] -- Up-to-date: /home/spacecal/SpaceCal/install/turtlesim/lib/python3.8/site-packages/turtlesim/msg/_pose_s.c
[9.166s] -- Up-to-date: /home/spacecal/SpaceCal/install/turtlesim/lib/python3.8/site-packages/turtlesim/msg/__init__.py
[9.167s] -- Up-to-date: /home/spacecal/SpaceCal/install/turtlesim/lib/python3.8/site-packages/turtlesim/msg/_color.py
[9.168s] -- Up-to-date: /home/spacecal/SpaceCal/install/turtlesim/lib/python3.8/site-packages/turtlesim/msg/_color_s.c
[9.168s] -- Up-to-date: /home/spacecal/SpaceCal/install/turtlesim/lib/python3.8/site-packages/turtlesim/srv
[9.169s] -- Up-to-date: /home/spacecal/SpaceCal/install/turtlesim/lib/python3.8/site-packages/turtlesim/srv/_set_pen_s.c
[9.169s] -- Up-to-date: /home/spacecal/SpaceCal/install/turtlesim/lib/python3.8/site-packages/turtlesim/srv/_set_pen.py
[9.170s] -- Up-to-date: /home/spacecal/SpaceCal/install/turtlesim/lib/python3.8/site-packages/turtlesim/srv/_kill_s.c
[9.171s] -- Up-to-date: /home/spacecal/SpaceCal/install/turtlesim/lib/python3.8/site-packages/turtlesim/srv/_kill.py
[9.171s] -- Up-to-date: /home/spacecal/SpaceCal/install/turtlesim/lib/python3.8/site-packages/turtlesim/srv/_spawn.py
[9.172s] -- Up-to-date: /home/spacecal/SpaceCal/install/turtlesim/lib/python3.8/site-packages/turtlesim/srv/__init__.py
[9.172s] -- Up-to-date: /home/spacecal/SpaceCal/install/turtlesim/lib/python3.8/site-packages/turtlesim/srv/_teleport_relative_s.c
[9.173s] -- Up-to-date: /home/spacecal/SpaceCal/install/turtlesim/lib/python3.8/site-packages/turtlesim/srv/_teleport_absolute_s.c
[9.173s] -- Up-to-date: /home/spacecal/SpaceCal/install/turtlesim/lib/python3.8/site-packages/turtlesim/srv/_teleport_absolute.py
[9.174s] -- Up-to-date: /home/spacecal/SpaceCal/install/turtlesim/lib/python3.8/site-packages/turtlesim/srv/_teleport_relative.py
[9.174s] -- Up-to-date: /home/spacecal/SpaceCal/install/turtlesim/lib/python3.8/site-packages/turtlesim/srv/_spawn_s.c
[9.175s] -- Up-to-date: /home/spacecal/SpaceCal/install/turtlesim/lib/python3.8/site-packages/turtlesim/turtlesim_s__rosidl_typesupport_fastrtps_c.cpython-38-aarch64-linux-gnu.so
[9.175s] -- Up-to-date: /home/spacecal/SpaceCal/install/turtlesim/lib/python3.8/site-packages/turtlesim/turtlesim_s__rosidl_typesupport_introspection_c.cpython-38-aarch64-linux-gnu.so
[9.176s] -- Up-to-date: /home/spacecal/SpaceCal/install/turtlesim/lib/python3.8/site-packages/turtlesim/turtlesim_s__rosidl_typesupport_c.cpython-38-aarch64-linux-gnu.so
[9.176s] -- Up-to-date: /home/spacecal/SpaceCal/install/turtlesim/lib/libturtlesim__python.so
[9.177s] -- Up-to-date: /home/spacecal/SpaceCal/install/turtlesim/share/turtlesim/action/RotateAbsolute.idl
[9.177s] -- Up-to-date: /home/spacecal/SpaceCal/install/turtlesim/share/turtlesim/msg/Color.idl
[9.178s] -- Up-to-date: /home/spacecal/SpaceCal/install/turtlesim/share/turtlesim/msg/Pose.idl
[9.178s] -- Up-to-date: /home/spacecal/SpaceCal/install/turtlesim/share/turtlesim/srv/Kill.idl
[9.179s] -- Up-to-date: /home/spacecal/SpaceCal/install/turtlesim/share/turtlesim/srv/SetPen.idl
[9.179s] -- Up-to-date: /home/spacecal/SpaceCal/install/turtlesim/share/turtlesim/srv/Spawn.idl
[9.179s] -- Up-to-date: /home/spacecal/SpaceCal/install/turtlesim/share/turtlesim/srv/TeleportAbsolute.idl
[9.180s] -- Up-to-date: /home/spacecal/SpaceCal/install/turtlesim/share/turtlesim/srv/TeleportRelative.idl
[9.180s] -- Up-to-date: /home/spacecal/SpaceCal/install/turtlesim/share/turtlesim/action/RotateAbsolute.action
[9.181s] -- Up-to-date: /home/spacecal/SpaceCal/install/turtlesim/share/turtlesim/msg/Color.msg
[9.181s] -- Up-to-date: /home/spacecal/SpaceCal/install/turtlesim/share/turtlesim/msg/Pose.msg
[9.182s] -- Up-to-date: /home/spacecal/SpaceCal/install/turtlesim/share/turtlesim/srv/Kill.srv
[9.183s] -- Up-to-date: /home/spacecal/SpaceCal/install/turtlesim/share/turtlesim/srv/Kill_Request.msg
[9.184s] -- Up-to-date: /home/spacecal/SpaceCal/install/turtlesim/share/turtlesim/srv/Kill_Response.msg
[9.185s] -- Up-to-date: /home/spacecal/SpaceCal/install/turtlesim/share/turtlesim/srv/SetPen.srv
[9.185s] -- Up-to-date: /home/spacecal/SpaceCal/install/turtlesim/share/turtlesim/srv/SetPen_Request.msg
[9.186s] -- Up-to-date: /home/spacecal/SpaceCal/install/turtlesim/share/turtlesim/srv/SetPen_Response.msg
[9.186s] -- Up-to-date: /home/spacecal/SpaceCal/install/turtlesim/share/turtlesim/srv/Spawn.srv
[9.187s] -- Up-to-date: /home/spacecal/SpaceCal/install/turtlesim/share/turtlesim/srv/Spawn_Request.msg
[9.187s] -- Up-to-date: /home/spacecal/SpaceCal/install/turtlesim/share/turtlesim/srv/Spawn_Response.msg
[9.187s] -- Up-to-date: /home/spacecal/SpaceCal/install/turtlesim/share/turtlesim/srv/TeleportAbsolute.srv
[9.188s] -- Up-to-date: /home/spacecal/SpaceCal/install/turtlesim/share/turtlesim/srv/TeleportAbsolute_Request.msg
[9.188s] -- Up-to-date: /home/spacecal/SpaceCal/install/turtlesim/share/turtlesim/srv/TeleportAbsolute_Response.msg
[9.189s] -- Up-to-date: /home/spacecal/SpaceCal/install/turtlesim/share/turtlesim/srv/TeleportRelative.srv
[9.190s] -- Up-to-date: /home/spacecal/SpaceCal/install/turtlesim/share/turtlesim/srv/TeleportRelative_Request.msg
[9.190s] -- Up-to-date: /home/spacecal/SpaceCal/install/turtlesim/share/turtlesim/srv/TeleportRelative_Response.msg
[9.191s] -- Up-to-date: /home/spacecal/SpaceCal/install/turtlesim/lib/turtlesim/turtlesim_node
[9.191s] -- Up-to-date: /home/spacecal/SpaceCal/install/turtlesim/lib/turtlesim/turtle_teleop_key
[9.191s] -- Up-to-date: /home/spacecal/SpaceCal/install/turtlesim/lib/turtlesim/draw_square
[9.192s] -- Up-to-date: /home/spacecal/SpaceCal/install/turtlesim/lib/turtlesim/mimic
[9.192s] -- Up-to-date: /home/spacecal/SpaceCal/install/turtlesim/share/turtlesim/images
[9.193s] -- Up-to-date: /home/spacecal/SpaceCal/install/turtlesim/share/turtlesim/images/dashing.png
[9.193s] -- Up-to-date: /home/spacecal/SpaceCal/install/turtlesim/share/turtlesim/images/eloquent.png
[9.194s] -- Up-to-date: /home/spacecal/SpaceCal/install/turtlesim/share/turtlesim/images/foxy.png
[9.194s] -- Up-to-date: /home/spacecal/SpaceCal/install/turtlesim/share/turtlesim/images/bouncy.png
[9.195s] -- Up-to-date: /home/spacecal/SpaceCal/install/turtlesim/share/turtlesim/images/ardent.png
[9.195s] -- Up-to-date: /home/spacecal/SpaceCal/install/turtlesim/share/turtlesim/images/crystal.png
[9.196s] -- Up-to-date: /home/spacecal/SpaceCal/install/turtlesim/share/turtlesim/launch
[9.196s] -- Up-to-date: /home/spacecal/SpaceCal/install/turtlesim/share/turtlesim/launch/multisim.launch.py
[9.197s] -- Up-to-date: /home/spacecal/SpaceCal/install/turtlesim/share/ament_index/resource_index/package_run_dependencies/turtlesim
[9.197s] -- Up-to-date: /home/spacecal/SpaceCal/install/turtlesim/share/ament_index/resource_index/parent_prefix_path/turtlesim
[9.198s] -- Up-to-date: /home/spacecal/SpaceCal/install/turtlesim/share/turtlesim/environment/ament_prefix_path.sh
[9.200s] -- Up-to-date: /home/spacecal/SpaceCal/install/turtlesim/share/turtlesim/environment/ament_prefix_path.dsv
[9.201s] -- Up-to-date: /home/spacecal/SpaceCal/install/turtlesim/share/turtlesim/environment/path.sh
[9.202s] -- Up-to-date: /home/spacecal/SpaceCal/install/turtlesim/share/turtlesim/environment/path.dsv
[9.202s] -- Up-to-date: /home/spacecal/SpaceCal/install/turtlesim/share/turtlesim/local_setup.bash
[9.203s] -- Up-to-date: /home/spacecal/SpaceCal/install/turtlesim/share/turtlesim/local_setup.sh
[9.203s] -- Up-to-date: /home/spacecal/SpaceCal/install/turtlesim/share/turtlesim/local_setup.zsh
[9.204s] -- Up-to-date: /home/spacecal/SpaceCal/install/turtlesim/share/turtlesim/local_setup.dsv
[9.204s] -- Installing: /home/spacecal/SpaceCal/install/turtlesim/share/turtlesim/package.dsv
[9.205s] -- Up-to-date: /home/spacecal/SpaceCal/install/turtlesim/share/ament_index/resource_index/packages/turtlesim
[9.205s] -- Up-to-date: /home/spacecal/SpaceCal/install/turtlesim/share/turtlesim/cmake/turtlesim__rosidl_generator_cExport.cmake
[9.206s] -- Up-to-date: /home/spacecal/SpaceCal/install/turtlesim/share/turtlesim/cmake/turtlesim__rosidl_generator_cExport-noconfig.cmake
[9.206s] -- Up-to-date: /home/spacecal/SpaceCal/install/turtlesim/share/turtlesim/cmake/turtlesim__rosidl_typesupport_introspection_cExport.cmake
[9.207s] -- Up-to-date: /home/spacecal/SpaceCal/install/turtlesim/share/turtlesim/cmake/turtlesim__rosidl_typesupport_introspection_cExport-noconfig.cmake
[9.207s] -- Up-to-date: /home/spacecal/SpaceCal/install/turtlesim/share/turtlesim/cmake/turtlesim__rosidl_typesupport_cExport.cmake
[9.208s] -- Up-to-date: /home/spacecal/SpaceCal/install/turtlesim/share/turtlesim/cmake/turtlesim__rosidl_typesupport_cExport-noconfig.cmake
[9.208s] -- Up-to-date: /home/spacecal/SpaceCal/install/turtlesim/share/turtlesim/cmake/turtlesim__rosidl_generator_cppExport.cmake
[9.209s] -- Up-to-date: /home/spacecal/SpaceCal/install/turtlesim/share/turtlesim/cmake/turtlesim__rosidl_typesupport_introspection_cppExport.cmake
[9.209s] -- Up-to-date: /home/spacecal/SpaceCal/install/turtlesim/share/turtlesim/cmake/turtlesim__rosidl_typesupport_introspection_cppExport-noconfig.cmake
[9.209s] -- Up-to-date: /home/spacecal/SpaceCal/install/turtlesim/share/turtlesim/cmake/turtlesim__rosidl_typesupport_cppExport.cmake
[9.210s] -- Up-to-date: /home/spacecal/SpaceCal/install/turtlesim/share/turtlesim/cmake/turtlesim__rosidl_typesupport_cppExport-noconfig.cmake
[9.211s] -- Up-to-date: /home/spacecal/SpaceCal/install/turtlesim/share/turtlesim/cmake/rosidl_cmake-extras.cmake
[9.212s] -- Up-to-date: /home/spacecal/SpaceCal/install/turtlesim/share/turtlesim/cmake/ament_cmake_export_dependencies-extras.cmake
[9.213s] -- Up-to-date: /home/spacecal/SpaceCal/install/turtlesim/share/turtlesim/cmake/ament_cmake_export_libraries-extras.cmake
[9.214s] -- Up-to-date: /home/spacecal/SpaceCal/install/turtlesim/share/turtlesim/cmake/ament_cmake_export_targets-extras.cmake
[9.215s] -- Up-to-date: /home/spacecal/SpaceCal/install/turtlesim/share/turtlesim/cmake/ament_cmake_export_include_directories-extras.cmake
[9.216s] -- Up-to-date: /home/spacecal/SpaceCal/install/turtlesim/share/turtlesim/cmake/rosidl_cmake_export_typesupport_libraries-extras.cmake
[9.217s] -- Up-to-date: /home/spacecal/SpaceCal/install/turtlesim/share/turtlesim/cmake/rosidl_cmake_export_typesupport_targets-extras.cmake
[9.217s] -- Up-to-date: /home/spacecal/SpaceCal/install/turtlesim/share/turtlesim/cmake/turtlesimConfig.cmake
[9.218s] -- Up-to-date: /home/spacecal/SpaceCal/install/turtlesim/share/turtlesim/cmake/turtlesimConfig-version.cmake
[9.220s] -- Up-to-date: /home/spacecal/SpaceCal/install/turtlesim/share/turtlesim/package.xml
[9.238s] Invoked command in '/home/spacecal/SpaceCal/build/turtlesim' returned '0': CMAKE_PREFIX_PATH=${CMAKE_PREFIX_PATH}:/home/spacecal/SpaceCal/install/JNode_MotorController:/home/spacecal/SpaceCal/install/JNode_KeyboardInput:/opt/ros/foxy /usr/bin/cmake --install /home/spacecal/SpaceCal/build/turtlesim
