[3.612s] Invoking command in '/home/spacecal/SpaceCal/src/JNode_MotorController': PYTHONPATH=/home/spacecal/SpaceCal/install/JNode_MotorController/lib/python3.8/site-packages:${PYTHONPATH} /usr/bin/python3 setup.py egg_info --egg-base ../../build/JNode_MotorController build --build-base /home/spacecal/SpaceCal/build/JNode_MotorController/build install --prefix /home/spacecal/SpaceCal/install/JNode_MotorController --record /home/spacecal/SpaceCal/build/JNode_MotorController/install.log --single-version-externally-managed
[5.266s] running egg_info
[5.272s] writing ../../build/JNode_MotorController/JNode_MotorController.egg-info/PKG-INFO
[5.277s] writing dependency_links to ../../build/JNode_MotorController/JNode_MotorController.egg-info/dependency_links.txt
[5.278s] writing entry points to ../../build/JNode_MotorController/JNode_MotorController.egg-info/entry_points.txt
[5.279s] writing requirements to ../../build/JNode_MotorController/JNode_MotorController.egg-info/requires.txt
[5.279s] writing top-level names to ../../build/JNode_MotorController/JNode_MotorController.egg-info/top_level.txt
[5.556s] reading manifest file '../../build/JNode_MotorController/JNode_MotorController.egg-info/SOURCES.txt'
[5.563s] writing manifest file '../../build/JNode_MotorController/JNode_MotorController.egg-info/SOURCES.txt'
[5.565s] running build
[5.567s] running build_py
[5.569s] copying JNode_MotorController/motorController.py -> /home/spacecal/SpaceCal/build/JNode_MotorController/build/lib/JNode_MotorController
[5.570s] running install
[5.577s] running install_lib
[5.586s] copying /home/spacecal/SpaceCal/build/JNode_MotorController/build/lib/JNode_MotorController/motorController.py -> /home/spacecal/SpaceCal/install/JNode_MotorController/lib/python3.8/site-packages/JNode_MotorController
[5.591s] byte-compiling /home/spacecal/SpaceCal/install/JNode_MotorController/lib/python3.8/site-packages/JNode_MotorController/motorController.py to motorController.cpython-38.pyc
[5.605s] running install_data
[5.610s] running install_egg_info
[5.635s] removing '/home/spacecal/SpaceCal/install/JNode_MotorController/lib/python3.8/site-packages/JNode_MotorController-0.0.0-py3.8.egg-info' (and everything under it)
[5.637s] Copying ../../build/JNode_MotorController/JNode_MotorController.egg-info to /home/spacecal/SpaceCal/install/JNode_MotorController/lib/python3.8/site-packages/JNode_MotorController-0.0.0-py3.8.egg-info
[5.643s] running install_scripts
[5.842s] Installing keyboardRun script to /home/spacecal/SpaceCal/install/JNode_MotorController/lib/JNode_MotorController
[5.846s] writing list of installed files to '/home/spacecal/SpaceCal/build/JNode_MotorController/install.log'
[6.293s] Invoked command in '/home/spacecal/SpaceCal/src/JNode_MotorController' returned '0': PYTHONPATH=/home/spacecal/SpaceCal/install/JNode_MotorController/lib/python3.8/site-packages:${PYTHONPATH} /usr/bin/python3 setup.py egg_info --egg-base ../../build/JNode_MotorController build --build-base /home/spacecal/SpaceCal/build/JNode_MotorController/build install --prefix /home/spacecal/SpaceCal/install/JNode_MotorController --record /home/spacecal/SpaceCal/build/JNode_MotorController/install.log --single-version-externally-managed
