[0.495s] Invoking command in '/home/spacecal/SpaceCAL/src/JNode_MotorController': PYTHONPATH=/home/spacecal/SpaceCAL/install/JNode_MotorController/lib/python3.8/site-packages:${PYTHONPATH} /usr/bin/python3 setup.py egg_info --egg-base ../../build/JNode_MotorController build --build-base /home/spacecal/SpaceCAL/build/JNode_MotorController/build install --prefix /home/spacecal/SpaceCAL/install/JNode_MotorController --record /home/spacecal/SpaceCAL/build/JNode_MotorController/install.log --single-version-externally-managed
[0.711s] running egg_info
[0.712s] writing ../../build/JNode_MotorController/JNode_MotorController.egg-info/PKG-INFO
[0.712s] writing dependency_links to ../../build/JNode_MotorController/JNode_MotorController.egg-info/dependency_links.txt
[0.712s] writing entry points to ../../build/JNode_MotorController/JNode_MotorController.egg-info/entry_points.txt
[0.712s] writing requirements to ../../build/JNode_MotorController/JNode_MotorController.egg-info/requires.txt
[0.713s] writing top-level names to ../../build/JNode_MotorController/JNode_MotorController.egg-info/top_level.txt
[0.748s] reading manifest file '../../build/JNode_MotorController/JNode_MotorController.egg-info/SOURCES.txt'
[0.749s] writing manifest file '../../build/JNode_MotorController/JNode_MotorController.egg-info/SOURCES.txt'
[0.749s] running build
[0.749s] running build_py
[0.749s] running install
[0.750s] running install_lib
[0.752s] running install_data
[0.752s] running install_egg_info
[0.755s] removing '/home/spacecal/SpaceCAL/install/JNode_MotorController/lib/python3.8/site-packages/JNode_MotorController-0.0.0-py3.8.egg-info' (and everything under it)
[0.755s] Copying ../../build/JNode_MotorController/JNode_MotorController.egg-info to /home/spacecal/SpaceCAL/install/JNode_MotorController/lib/python3.8/site-packages/JNode_MotorController-0.0.0-py3.8.egg-info
[0.755s] running install_scripts
[0.775s] Installing keyboardRun script to /home/spacecal/SpaceCAL/install/JNode_MotorController/lib/JNode_MotorController
[0.776s] writing list of installed files to '/home/spacecal/SpaceCAL/build/JNode_MotorController/install.log'
[0.848s] Invoked command in '/home/spacecal/SpaceCAL/src/JNode_MotorController' returned '0': PYTHONPATH=/home/spacecal/SpaceCAL/install/JNode_MotorController/lib/python3.8/site-packages:${PYTHONPATH} /usr/bin/python3 setup.py egg_info --egg-base ../../build/JNode_MotorController build --build-base /home/spacecal/SpaceCAL/build/JNode_MotorController/build install --prefix /home/spacecal/SpaceCAL/install/JNode_MotorController --record /home/spacecal/SpaceCAL/build/JNode_MotorController/install.log --single-version-externally-managed
